[2020-06-12 01:05:30] local.INFO: array (
  'action_type' => NULL,
  'city' => NULL,
  'contest_id' => '4057',
  'created_team_id' => 
  array (
    0 => 524,
  ),
  'current_password' => NULL,
  'dateOfBirth' => NULL,
  'deposit_amount' => NULL,
  'device_id' => NULL,
  'discountOnBonusAmount' => '5.1',
  'documents_type' => NULL,
  'email' => NULL,
  'entryFees' => '51.0',
  'gender' => NULL,
  'image_bytes' => NULL,
  'image_url' => NULL,
  'match_id' => '44539',
  'mobile_number' => NULL,
  'name' => NULL,
  'new_password' => NULL,
  'otp' => NULL,
  'password' => NULL,
  'payment_mode' => NULL,
  'payment_status' => NULL,
  'pinCode' => NULL,
  'referral_code' => NULL,
  'role_type' => 0,
  'state' => NULL,
  'team_id' => 0,
  'team_name' => NULL,
  'token' => NULL,
  'totalPaidAmount' => '45.9',
  'transaction_id' => NULL,
  'user_id' => '379',
  'user_type' => NULL,
  'username' => NULL,
  'version_code' => 0,
)  
[2020-06-12 01:06:23] local.INFO: array (
  'action_type' => NULL,
  'city' => NULL,
  'contest_id' => '4057',
  'created_team_id' => 
  array (
    0 => 525,
  ),
  'current_password' => NULL,
  'dateOfBirth' => NULL,
  'deposit_amount' => NULL,
  'device_id' => NULL,
  'discountOnBonusAmount' => '5.1',
  'documents_type' => NULL,
  'email' => NULL,
  'entryFees' => '51.0',
  'gender' => NULL,
  'image_bytes' => NULL,
  'image_url' => NULL,
  'match_id' => '44539',
  'mobile_number' => NULL,
  'name' => NULL,
  'new_password' => NULL,
  'otp' => NULL,
  'password' => NULL,
  'payment_mode' => NULL,
  'payment_status' => NULL,
  'pinCode' => NULL,
  'referral_code' => NULL,
  'role_type' => 0,
  'state' => NULL,
  'team_id' => 0,
  'team_name' => NULL,
  'token' => NULL,
  'totalPaidAmount' => '45.9',
  'transaction_id' => NULL,
  'user_id' => '379',
  'user_type' => NULL,
  'username' => NULL,
  'version_code' => 0,
)  
[2020-06-12 02:56:18] local.INFO: array (
  'action_type' => NULL,
  'city' => NULL,
  'contest_id' => '4172',
  'created_team_id' => 
  array (
    0 => 524,
    1 => 525,
  ),
  'current_password' => NULL,
  'dateOfBirth' => NULL,
  'deposit_amount' => NULL,
  'device_id' => NULL,
  'discountOnBonusAmount' => '39.9',
  'documents_type' => NULL,
  'email' => NULL,
  'entryFees' => '798.0',
  'gender' => NULL,
  'image_bytes' => NULL,
  'image_url' => NULL,
  'match_id' => '44539',
  'mobile_number' => NULL,
  'name' => NULL,
  'new_password' => NULL,
  'otp' => NULL,
  'password' => NULL,
  'payment_mode' => NULL,
  'payment_status' => NULL,
  'pinCode' => NULL,
  'referral_code' => NULL,
  'role_type' => 0,
  'state' => NULL,
  'team_id' => 0,
  'team_name' => NULL,
  'token' => NULL,
  'totalPaidAmount' => '758.1',
  'transaction_id' => NULL,
  'user_id' => '379',
  'user_type' => NULL,
  'username' => NULL,
  'version_code' => 0,
)  
[2020-06-12 03:00:12] local.INFO: array (
  'action_type' => NULL,
  'city' => NULL,
  'contest_id' => '4172',
  'created_team_id' => 
  array (
    0 => 524,
    1 => 525,
  ),
  'current_password' => NULL,
  'dateOfBirth' => NULL,
  'deposit_amount' => NULL,
  'device_id' => NULL,
  'discountOnBonusAmount' => '39.9',
  'documents_type' => NULL,
  'email' => NULL,
  'entryFees' => '798.0',
  'gender' => NULL,
  'image_bytes' => NULL,
  'image_url' => NULL,
  'match_id' => '44539',
  'mobile_number' => NULL,
  'name' => NULL,
  'new_password' => NULL,
  'otp' => NULL,
  'password' => NULL,
  'payment_mode' => NULL,
  'payment_status' => NULL,
  'pinCode' => NULL,
  'referral_code' => NULL,
  'role_type' => 0,
  'state' => NULL,
  'team_id' => 0,
  'team_name' => NULL,
  'token' => NULL,
  'totalPaidAmount' => '758.1',
  'transaction_id' => NULL,
  'user_id' => '379',
  'user_type' => NULL,
  'username' => NULL,
  'version_code' => 0,
)  
[2020-06-12 03:22:24] local.INFO: array (
  'action_type' => NULL,
  'city' => NULL,
  'contest_id' => '3619',
  'created_team_id' => 
  array (
    0 => 526,
  ),
  'current_password' => NULL,
  'dateOfBirth' => NULL,
  'deposit_amount' => NULL,
  'device_id' => NULL,
  'discountOnBonusAmount' => '0.0',
  'documents_type' => NULL,
  'email' => NULL,
  'entryFees' => '0.0',
  'gender' => NULL,
  'image_bytes' => NULL,
  'image_url' => NULL,
  'match_id' => '44539',
  'mobile_number' => NULL,
  'name' => NULL,
  'new_password' => NULL,
  'otp' => NULL,
  'password' => NULL,
  'payment_mode' => NULL,
  'payment_status' => NULL,
  'pinCode' => NULL,
  'referral_code' => NULL,
  'role_type' => 0,
  'state' => NULL,
  'team_id' => 0,
  'team_name' => NULL,
  'token' => NULL,
  'totalPaidAmount' => '0.0',
  'transaction_id' => NULL,
  'user_id' => '285',
  'user_type' => NULL,
  'username' => NULL,
  'version_code' => 0,
)  
[2020-06-12 03:23:25] local.INFO: array (
  'action_type' => NULL,
  'city' => NULL,
  'contest_id' => '4557',
  'created_team_id' => 
  array (
    0 => 521,
    1 => 522,
    2 => 526,
  ),
  'current_password' => NULL,
  'dateOfBirth' => NULL,
  'deposit_amount' => NULL,
  'device_id' => NULL,
  'discountOnBonusAmount' => '5.1',
  'documents_type' => NULL,
  'email' => NULL,
  'entryFees' => '153.0',
  'gender' => NULL,
  'image_bytes' => NULL,
  'image_url' => NULL,
  'match_id' => '44539',
  'mobile_number' => NULL,
  'name' => NULL,
  'new_password' => NULL,
  'otp' => NULL,
  'password' => NULL,
  'payment_mode' => NULL,
  'payment_status' => NULL,
  'pinCode' => NULL,
  'referral_code' => NULL,
  'role_type' => 0,
  'state' => NULL,
  'team_id' => 0,
  'team_name' => NULL,
  'token' => NULL,
  'totalPaidAmount' => '147.9',
  'transaction_id' => NULL,
  'user_id' => '285',
  'user_type' => NULL,
  'username' => NULL,
  'version_code' => 0,
)  
[2020-06-12 03:34:15] local.INFO: array (
  'action_type' => NULL,
  'city' => NULL,
  'contest_id' => '3619',
  'created_team_id' => 
  array (
    0 => 526,
  ),
  'current_password' => NULL,
  'dateOfBirth' => NULL,
  'deposit_amount' => NULL,
  'device_id' => NULL,
  'discountOnBonusAmount' => '0.0',
  'documents_type' => NULL,
  'email' => NULL,
  'entryFees' => '0.0',
  'gender' => NULL,
  'image_bytes' => NULL,
  'image_url' => NULL,
  'match_id' => '44539',
  'mobile_number' => NULL,
  'name' => NULL,
  'new_password' => NULL,
  'otp' => NULL,
  'password' => NULL,
  'payment_mode' => NULL,
  'payment_status' => NULL,
  'pinCode' => NULL,
  'referral_code' => NULL,
  'role_type' => 0,
  'state' => NULL,
  'team_id' => 0,
  'team_name' => NULL,
  'token' => NULL,
  'totalPaidAmount' => '642.9',
  'transaction_id' => NULL,
  'user_id' => '285',
  'user_type' => NULL,
  'username' => NULL,
  'version_code' => 0,
)  
[2020-06-12 03:36:48] local.INFO: array (
  'action_type' => NULL,
  'city' => NULL,
  'contest_id' => '3619',
  'created_team_id' => 
  array (
    0 => 526,
  ),
  'current_password' => NULL,
  'dateOfBirth' => NULL,
  'deposit_amount' => NULL,
  'device_id' => NULL,
  'discountOnBonusAmount' => '0.0',
  'documents_type' => NULL,
  'email' => NULL,
  'entryFees' => '0.0',
  'gender' => NULL,
  'image_bytes' => NULL,
  'image_url' => NULL,
  'match_id' => '44539',
  'mobile_number' => NULL,
  'name' => NULL,
  'new_password' => NULL,
  'otp' => NULL,
  'password' => NULL,
  'payment_mode' => NULL,
  'payment_status' => NULL,
  'pinCode' => NULL,
  'referral_code' => NULL,
  'role_type' => 0,
  'state' => NULL,
  'team_id' => 0,
  'team_name' => NULL,
  'token' => NULL,
  'totalPaidAmount' => '642.9',
  'transaction_id' => NULL,
  'user_id' => '285',
  'user_type' => NULL,
  'username' => NULL,
  'version_code' => 0,
)  
[2020-06-12 03:39:43] local.INFO: array (
  'action_type' => NULL,
  'city' => NULL,
  'contest_id' => '3619',
  'created_team_id' => 
  array (
    0 => 526,
  ),
  'current_password' => NULL,
  'dateOfBirth' => NULL,
  'deposit_amount' => NULL,
  'device_id' => NULL,
  'discountOnBonusAmount' => '0.0',
  'documents_type' => NULL,
  'email' => NULL,
  'entryFees' => '0.0',
  'gender' => NULL,
  'image_bytes' => NULL,
  'image_url' => NULL,
  'match_id' => '44539',
  'mobile_number' => NULL,
  'name' => NULL,
  'new_password' => NULL,
  'otp' => NULL,
  'password' => NULL,
  'payment_mode' => NULL,
  'payment_status' => NULL,
  'pinCode' => NULL,
  'referral_code' => NULL,
  'role_type' => 0,
  'state' => NULL,
  'team_id' => 0,
  'team_name' => NULL,
  'token' => NULL,
  'totalPaidAmount' => '642.9',
  'transaction_id' => NULL,
  'user_id' => '285',
  'user_type' => NULL,
  'username' => NULL,
  'version_code' => 0,
)  
[2020-06-12 03:41:41] local.INFO: array (
  'action_type' => NULL,
  'city' => NULL,
  'contest_id' => '4557',
  'created_team_id' => 
  array (
    0 => 521,
    1 => 522,
    2 => 526,
  ),
  'current_password' => NULL,
  'dateOfBirth' => NULL,
  'deposit_amount' => NULL,
  'device_id' => NULL,
  'discountOnBonusAmount' => '5.1',
  'documents_type' => NULL,
  'email' => NULL,
  'entryFees' => '153.0',
  'gender' => NULL,
  'image_bytes' => NULL,
  'image_url' => NULL,
  'match_id' => '44539',
  'mobile_number' => NULL,
  'name' => NULL,
  'new_password' => NULL,
  'otp' => NULL,
  'password' => NULL,
  'payment_mode' => NULL,
  'payment_status' => NULL,
  'pinCode' => NULL,
  'referral_code' => NULL,
  'role_type' => 0,
  'state' => NULL,
  'team_id' => 0,
  'team_name' => NULL,
  'token' => NULL,
  'totalPaidAmount' => '495.0',
  'transaction_id' => NULL,
  'user_id' => '285',
  'user_type' => NULL,
  'username' => NULL,
  'version_code' => 0,
)  
[2020-06-12 03:42:47] local.INFO: array (
  'action_type' => NULL,
  'city' => NULL,
  'contest_id' => '4557',
  'created_team_id' => 
  array (
    0 => 521,
  ),
  'current_password' => NULL,
  'dateOfBirth' => NULL,
  'deposit_amount' => NULL,
  'device_id' => NULL,
  'discountOnBonusAmount' => '5.1',
  'documents_type' => NULL,
  'email' => NULL,
  'entryFees' => '51.0',
  'gender' => NULL,
  'image_bytes' => NULL,
  'image_url' => NULL,
  'match_id' => '44539',
  'mobile_number' => NULL,
  'name' => NULL,
  'new_password' => NULL,
  'otp' => NULL,
  'password' => NULL,
  'payment_mode' => NULL,
  'payment_status' => NULL,
  'pinCode' => NULL,
  'referral_code' => NULL,
  'role_type' => 0,
  'state' => NULL,
  'team_id' => 0,
  'team_name' => NULL,
  'token' => NULL,
  'totalPaidAmount' => '597.0',
  'transaction_id' => NULL,
  'user_id' => '285',
  'user_type' => NULL,
  'username' => NULL,
  'version_code' => 0,
)  
[2020-06-12 03:43:27] local.INFO: array (
  'action_type' => NULL,
  'city' => NULL,
  'contest_id' => '4557',
  'created_team_id' => 
  array (
    0 => 524,
    1 => 525,
  ),
  'current_password' => NULL,
  'dateOfBirth' => NULL,
  'deposit_amount' => NULL,
  'device_id' => NULL,
  'discountOnBonusAmount' => '5.1',
  'documents_type' => NULL,
  'email' => NULL,
  'entryFees' => '102.0',
  'gender' => NULL,
  'image_bytes' => NULL,
  'image_url' => NULL,
  'match_id' => '44539',
  'mobile_number' => NULL,
  'name' => NULL,
  'new_password' => NULL,
  'otp' => NULL,
  'password' => NULL,
  'payment_mode' => NULL,
  'payment_status' => NULL,
  'pinCode' => NULL,
  'referral_code' => NULL,
  'role_type' => 0,
  'state' => NULL,
  'team_id' => 0,
  'team_name' => NULL,
  'token' => NULL,
  'totalPaidAmount' => '21.299999999999997',
  'transaction_id' => NULL,
  'user_id' => '379',
  'user_type' => NULL,
  'username' => NULL,
  'version_code' => 0,
)  
[2020-06-12 03:43:32] local.INFO: array (
  'action_type' => NULL,
  'city' => NULL,
  'contest_id' => '4557',
  'created_team_id' => 
  array (
    0 => 524,
    1 => 525,
  ),
  'current_password' => NULL,
  'dateOfBirth' => NULL,
  'deposit_amount' => NULL,
  'device_id' => NULL,
  'discountOnBonusAmount' => '5.1',
  'documents_type' => NULL,
  'email' => NULL,
  'entryFees' => '102.0',
  'gender' => NULL,
  'image_bytes' => NULL,
  'image_url' => NULL,
  'match_id' => '44539',
  'mobile_number' => NULL,
  'name' => NULL,
  'new_password' => NULL,
  'otp' => NULL,
  'password' => NULL,
  'payment_mode' => NULL,
  'payment_status' => NULL,
  'pinCode' => NULL,
  'referral_code' => NULL,
  'role_type' => 0,
  'state' => NULL,
  'team_id' => 0,
  'team_name' => NULL,
  'token' => NULL,
  'totalPaidAmount' => '21.299999999999997',
  'transaction_id' => NULL,
  'user_id' => '379',
  'user_type' => NULL,
  'username' => NULL,
  'version_code' => 0,
)  
[2020-06-12 03:44:41] local.INFO: array (
  'action_type' => NULL,
  'city' => NULL,
  'contest_id' => '4557',
  'created_team_id' => 
  array (
    0 => 521,
  ),
  'current_password' => NULL,
  'dateOfBirth' => NULL,
  'deposit_amount' => NULL,
  'device_id' => NULL,
  'discountOnBonusAmount' => '5.1',
  'documents_type' => NULL,
  'email' => NULL,
  'entryFees' => '51.0',
  'gender' => NULL,
  'image_bytes' => NULL,
  'image_url' => NULL,
  'match_id' => '44539',
  'mobile_number' => NULL,
  'name' => NULL,
  'new_password' => NULL,
  'otp' => NULL,
  'password' => NULL,
  'payment_mode' => NULL,
  'payment_status' => NULL,
  'pinCode' => NULL,
  'referral_code' => NULL,
  'role_type' => 0,
  'state' => NULL,
  'team_id' => 0,
  'team_name' => NULL,
  'token' => NULL,
  'totalPaidAmount' => '597.0',
  'transaction_id' => NULL,
  'user_id' => '285',
  'user_type' => NULL,
  'username' => NULL,
  'version_code' => 0,
)  
[2020-06-12 03:50:10] local.INFO: array (
  'action_type' => NULL,
  'city' => NULL,
  'contest_id' => '4057',
  'created_team_id' => 
  array (
    0 => 521,
    1 => 522,
    2 => 526,
  ),
  'current_password' => NULL,
  'dateOfBirth' => NULL,
  'deposit_amount' => NULL,
  'device_id' => NULL,
  'discountOnBonusAmount' => '5.1',
  'documents_type' => NULL,
  'email' => NULL,
  'entryFees' => '153.0',
  'gender' => NULL,
  'image_bytes' => NULL,
  'image_url' => NULL,
  'match_id' => '44539',
  'mobile_number' => NULL,
  'name' => NULL,
  'new_password' => NULL,
  'otp' => NULL,
  'password' => NULL,
  'payment_mode' => NULL,
  'payment_status' => NULL,
  'pinCode' => NULL,
  'referral_code' => NULL,
  'role_type' => 0,
  'state' => NULL,
  'team_id' => 0,
  'team_name' => NULL,
  'token' => NULL,
  'totalPaidAmount' => '495.0',
  'transaction_id' => NULL,
  'user_id' => '285',
  'user_type' => NULL,
  'username' => NULL,
  'version_code' => 0,
)  
[2020-06-12 03:50:26] local.INFO: array (
  'action_type' => NULL,
  'city' => NULL,
  'contest_id' => '4057',
  'created_team_id' => 
  array (
    0 => 521,
    1 => 522,
  ),
  'current_password' => NULL,
  'dateOfBirth' => NULL,
  'deposit_amount' => NULL,
  'device_id' => NULL,
  'discountOnBonusAmount' => '5.1',
  'documents_type' => NULL,
  'email' => NULL,
  'entryFees' => '102.0',
  'gender' => NULL,
  'image_bytes' => NULL,
  'image_url' => NULL,
  'match_id' => '44539',
  'mobile_number' => NULL,
  'name' => NULL,
  'new_password' => NULL,
  'otp' => NULL,
  'password' => NULL,
  'payment_mode' => NULL,
  'payment_status' => NULL,
  'pinCode' => NULL,
  'referral_code' => NULL,
  'role_type' => 0,
  'state' => NULL,
  'team_id' => 0,
  'team_name' => NULL,
  'token' => NULL,
  'totalPaidAmount' => '500.1',
  'transaction_id' => NULL,
  'user_id' => '285',
  'user_type' => NULL,
  'username' => NULL,
  'version_code' => 0,
)  
[2020-06-12 03:53:36] local.INFO: array (
  'action_type' => NULL,
  'city' => NULL,
  'contest_id' => '4057',
  'created_team_id' => 
  array (
    0 => 521,
  ),
  'current_password' => NULL,
  'dateOfBirth' => NULL,
  'deposit_amount' => NULL,
  'device_id' => NULL,
  'discountOnBonusAmount' => '5.1',
  'documents_type' => NULL,
  'email' => NULL,
  'entryFees' => '51.0',
  'gender' => NULL,
  'image_bytes' => NULL,
  'image_url' => NULL,
  'match_id' => '44539',
  'mobile_number' => NULL,
  'name' => NULL,
  'new_password' => NULL,
  'otp' => NULL,
  'password' => NULL,
  'payment_mode' => NULL,
  'payment_status' => NULL,
  'pinCode' => NULL,
  'referral_code' => NULL,
  'role_type' => 0,
  'state' => NULL,
  'team_id' => 0,
  'team_name' => NULL,
  'token' => NULL,
  'totalPaidAmount' => '551.1',
  'transaction_id' => NULL,
  'user_id' => '285',
  'user_type' => NULL,
  'username' => NULL,
  'version_code' => 0,
)  
[2020-06-12 03:53:43] local.INFO: array (
  'action_type' => NULL,
  'city' => NULL,
  'contest_id' => '4057',
  'created_team_id' => 
  array (
    0 => 522,
  ),
  'current_password' => NULL,
  'dateOfBirth' => NULL,
  'deposit_amount' => NULL,
  'device_id' => NULL,
  'discountOnBonusAmount' => '5.1',
  'documents_type' => NULL,
  'email' => NULL,
  'entryFees' => '51.0',
  'gender' => NULL,
  'image_bytes' => NULL,
  'image_url' => NULL,
  'match_id' => '44539',
  'mobile_number' => NULL,
  'name' => NULL,
  'new_password' => NULL,
  'otp' => NULL,
  'password' => NULL,
  'payment_mode' => NULL,
  'payment_status' => NULL,
  'pinCode' => NULL,
  'referral_code' => NULL,
  'role_type' => 0,
  'state' => NULL,
  'team_id' => 0,
  'team_name' => NULL,
  'token' => NULL,
  'totalPaidAmount' => '551.1',
  'transaction_id' => NULL,
  'user_id' => '285',
  'user_type' => NULL,
  'username' => NULL,
  'version_code' => 0,
)  
[2020-06-12 03:53:53] local.INFO: array (
  'action_type' => NULL,
  'city' => NULL,
  'contest_id' => '3619',
  'created_team_id' => 
  array (
    0 => 526,
  ),
  'current_password' => NULL,
  'dateOfBirth' => NULL,
  'deposit_amount' => NULL,
  'device_id' => NULL,
  'discountOnBonusAmount' => '0.0',
  'documents_type' => NULL,
  'email' => NULL,
  'entryFees' => '0.0',
  'gender' => NULL,
  'image_bytes' => NULL,
  'image_url' => NULL,
  'match_id' => '44539',
  'mobile_number' => NULL,
  'name' => NULL,
  'new_password' => NULL,
  'otp' => NULL,
  'password' => NULL,
  'payment_mode' => NULL,
  'payment_status' => NULL,
  'pinCode' => NULL,
  'referral_code' => NULL,
  'role_type' => 0,
  'state' => NULL,
  'team_id' => 0,
  'team_name' => NULL,
  'token' => NULL,
  'totalPaidAmount' => '551.1',
  'transaction_id' => NULL,
  'user_id' => '285',
  'user_type' => NULL,
  'username' => NULL,
  'version_code' => 0,
)  
[2020-06-12 03:57:03] local.INFO: array (
  'action_type' => NULL,
  'city' => NULL,
  'contest_id' => '2840',
  'created_team_id' => 
  array (
    0 => 522,
  ),
  'current_password' => NULL,
  'dateOfBirth' => NULL,
  'deposit_amount' => NULL,
  'device_id' => NULL,
  'discountOnBonusAmount' => '2.7',
  'documents_type' => NULL,
  'email' => NULL,
  'entryFees' => '27.0',
  'gender' => NULL,
  'image_bytes' => NULL,
  'image_url' => NULL,
  'match_id' => '44539',
  'mobile_number' => NULL,
  'name' => NULL,
  'new_password' => NULL,
  'otp' => NULL,
  'password' => NULL,
  'payment_mode' => NULL,
  'payment_status' => NULL,
  'pinCode' => NULL,
  'referral_code' => NULL,
  'role_type' => 0,
  'state' => NULL,
  'team_id' => 0,
  'team_name' => NULL,
  'token' => NULL,
  'totalPaidAmount' => '526.8000000000001',
  'transaction_id' => NULL,
  'user_id' => '285',
  'user_type' => NULL,
  'username' => NULL,
  'version_code' => 0,
)  
[2020-06-12 03:58:54] local.INFO: array (
  'action_type' => NULL,
  'city' => NULL,
  'contest_id' => '2841',
  'created_team_id' => 
  array (
    0 => 524,
  ),
  'current_password' => NULL,
  'dateOfBirth' => NULL,
  'deposit_amount' => NULL,
  'device_id' => NULL,
  'discountOnBonusAmount' => '2.0',
  'documents_type' => NULL,
  'email' => NULL,
  'entryFees' => '20.0',
  'gender' => NULL,
  'image_bytes' => NULL,
  'image_url' => NULL,
  'match_id' => '44539',
  'mobile_number' => NULL,
  'name' => NULL,
  'new_password' => NULL,
  'otp' => NULL,
  'password' => NULL,
  'payment_mode' => NULL,
  'payment_status' => NULL,
  'pinCode' => NULL,
  'referral_code' => NULL,
  'role_type' => 0,
  'state' => NULL,
  'team_id' => 0,
  'team_name' => NULL,
  'token' => NULL,
  'totalPaidAmount' => '100.2',
  'transaction_id' => NULL,
  'user_id' => '379',
  'user_type' => NULL,
  'username' => NULL,
  'version_code' => 0,
)  
[2020-06-12 04:15:03] local.INFO: array (
  'action_type' => NULL,
  'city' => NULL,
  'contest_id' => '4057',
  'created_team_id' => 
  array (
    0 => 524,
    1 => 525,
  ),
  'current_password' => NULL,
  'dateOfBirth' => NULL,
  'deposit_amount' => NULL,
  'device_id' => NULL,
  'discountOnBonusAmount' => '5.1',
  'documents_type' => NULL,
  'email' => NULL,
  'entryFees' => '102.0',
  'gender' => NULL,
  'image_bytes' => NULL,
  'image_url' => NULL,
  'match_id' => '44539',
  'mobile_number' => NULL,
  'name' => NULL,
  'new_password' => NULL,
  'otp' => NULL,
  'password' => NULL,
  'payment_mode' => NULL,
  'payment_status' => NULL,
  'pinCode' => NULL,
  'referral_code' => NULL,
  'role_type' => 0,
  'state' => NULL,
  'team_id' => 0,
  'team_name' => NULL,
  'token' => NULL,
  'totalPaidAmount' => '3.299999999999997',
  'transaction_id' => NULL,
  'user_id' => '379',
  'user_type' => NULL,
  'username' => NULL,
  'version_code' => 0,
)  
[2020-06-12 04:15:29] local.INFO: array (
  'action_type' => NULL,
  'city' => NULL,
  'contest_id' => '4057',
  'created_team_id' => 
  array (
    0 => 524,
  ),
  'current_password' => NULL,
  'dateOfBirth' => NULL,
  'deposit_amount' => NULL,
  'device_id' => NULL,
  'discountOnBonusAmount' => '5.1',
  'documents_type' => NULL,
  'email' => NULL,
  'entryFees' => '51.0',
  'gender' => NULL,
  'image_bytes' => NULL,
  'image_url' => NULL,
  'match_id' => '44539',
  'mobile_number' => NULL,
  'name' => NULL,
  'new_password' => NULL,
  'otp' => NULL,
  'password' => NULL,
  'payment_mode' => NULL,
  'payment_status' => NULL,
  'pinCode' => NULL,
  'referral_code' => NULL,
  'role_type' => 0,
  'state' => NULL,
  'team_id' => 0,
  'team_name' => NULL,
  'token' => NULL,
  'totalPaidAmount' => '54.300000000000004',
  'transaction_id' => NULL,
  'user_id' => '379',
  'user_type' => NULL,
  'username' => NULL,
  'version_code' => 0,
)  
[2020-06-12 04:19:19] local.INFO: array (
  'action_type' => NULL,
  'city' => NULL,
  'contest_id' => '3619',
  'created_team_id' => 
  array (
    0 => 524,
    1 => 525,
  ),
  'current_password' => NULL,
  'dateOfBirth' => NULL,
  'deposit_amount' => NULL,
  'device_id' => NULL,
  'discountOnBonusAmount' => '0.0',
  'documents_type' => NULL,
  'email' => NULL,
  'entryFees' => '0.0',
  'gender' => NULL,
  'image_bytes' => NULL,
  'image_url' => NULL,
  'match_id' => '44539',
  'mobile_number' => NULL,
  'name' => NULL,
  'new_password' => NULL,
  'otp' => NULL,
  'password' => NULL,
  'payment_mode' => NULL,
  'payment_status' => NULL,
  'pinCode' => NULL,
  'referral_code' => NULL,
  'role_type' => 0,
  'state' => NULL,
  'team_id' => 0,
  'team_name' => NULL,
  'token' => NULL,
  'totalPaidAmount' => '54.3',
  'transaction_id' => NULL,
  'user_id' => '379',
  'user_type' => NULL,
  'username' => NULL,
  'version_code' => 0,
)  
[2020-06-12 04:22:38] local.INFO: array (
  'action_type' => NULL,
  'city' => NULL,
  'contest_id' => '4178',
  'created_team_id' => 
  array (
    0 => 524,
  ),
  'current_password' => NULL,
  'dateOfBirth' => NULL,
  'deposit_amount' => NULL,
  'device_id' => NULL,
  'discountOnBonusAmount' => '0.7',
  'documents_type' => NULL,
  'email' => NULL,
  'entryFees' => '7.0',
  'gender' => NULL,
  'image_bytes' => NULL,
  'image_url' => NULL,
  'match_id' => '44539',
  'mobile_number' => NULL,
  'name' => NULL,
  'new_password' => NULL,
  'otp' => NULL,
  'password' => NULL,
  'payment_mode' => NULL,
  'payment_status' => NULL,
  'pinCode' => NULL,
  'referral_code' => NULL,
  'role_type' => 0,
  'state' => NULL,
  'team_id' => 0,
  'team_name' => NULL,
  'token' => NULL,
  'totalPaidAmount' => '48.0',
  'transaction_id' => NULL,
  'user_id' => '379',
  'user_type' => NULL,
  'username' => NULL,
  'version_code' => 0,
)  
[2020-06-12 09:46:02] local.INFO: array (
  'action_type' => NULL,
  'city' => NULL,
  'contest_id' => '4576',
  'created_team_id' => 
  array (
    0 => 527,
  ),
  'current_password' => NULL,
  'dateOfBirth' => NULL,
  'deposit_amount' => NULL,
  'device_id' => NULL,
  'discountOnBonusAmount' => '0.0',
  'documents_type' => NULL,
  'email' => NULL,
  'entryFees' => '0.0',
  'gender' => NULL,
  'image_bytes' => NULL,
  'image_url' => NULL,
  'match_id' => '44596',
  'mobile_number' => NULL,
  'name' => NULL,
  'new_password' => NULL,
  'otp' => NULL,
  'password' => NULL,
  'payment_mode' => NULL,
  'payment_status' => NULL,
  'pinCode' => NULL,
  'referral_code' => NULL,
  'role_type' => 0,
  'state' => NULL,
  'team_id' => 0,
  'team_name' => NULL,
  'token' => NULL,
  'totalPaidAmount' => '0.0',
  'transaction_id' => NULL,
  'user_id' => '357',
  'user_type' => NULL,
  'username' => NULL,
  'version_code' => 0,
)  
[2020-06-12 09:46:12] local.INFO: array (
  'action_type' => NULL,
  'city' => NULL,
  'contest_id' => '4600',
  'created_team_id' => 
  array (
    0 => 527,
  ),
  'current_password' => NULL,
  'dateOfBirth' => NULL,
  'deposit_amount' => NULL,
  'device_id' => NULL,
  'discountOnBonusAmount' => '0.0',
  'documents_type' => NULL,
  'email' => NULL,
  'entryFees' => '0.0',
  'gender' => NULL,
  'image_bytes' => NULL,
  'image_url' => NULL,
  'match_id' => '44596',
  'mobile_number' => NULL,
  'name' => NULL,
  'new_password' => NULL,
  'otp' => NULL,
  'password' => NULL,
  'payment_mode' => NULL,
  'payment_status' => NULL,
  'pinCode' => NULL,
  'referral_code' => NULL,
  'role_type' => 0,
  'state' => NULL,
  'team_id' => 0,
  'team_name' => NULL,
  'token' => NULL,
  'totalPaidAmount' => '0.0',
  'transaction_id' => NULL,
  'user_id' => '357',
  'user_type' => NULL,
  'username' => NULL,
  'version_code' => 0,
)  
[2020-06-12 09:46:22] local.INFO: array (
  'action_type' => NULL,
  'city' => NULL,
  'contest_id' => '3884',
  'created_team_id' => 
  array (
    0 => 527,
  ),
  'current_password' => NULL,
  'dateOfBirth' => NULL,
  'deposit_amount' => NULL,
  'device_id' => NULL,
  'discountOnBonusAmount' => '0.0',
  'documents_type' => NULL,
  'email' => NULL,
  'entryFees' => '0.0',
  'gender' => NULL,
  'image_bytes' => NULL,
  'image_url' => NULL,
  'match_id' => '44596',
  'mobile_number' => NULL,
  'name' => NULL,
  'new_password' => NULL,
  'otp' => NULL,
  'password' => NULL,
  'payment_mode' => NULL,
  'payment_status' => NULL,
  'pinCode' => NULL,
  'referral_code' => NULL,
  'role_type' => 0,
  'state' => NULL,
  'team_id' => 0,
  'team_name' => NULL,
  'token' => NULL,
  'totalPaidAmount' => '0.0',
  'transaction_id' => NULL,
  'user_id' => '357',
  'user_type' => NULL,
  'username' => NULL,
  'version_code' => 0,
)  
[2020-06-12 11:46:10] local.INFO: array (
  'action_type' => NULL,
  'city' => NULL,
  'contest_id' => '3619',
  'created_team_id' => 
  array (
    0 => 528,
  ),
  'current_password' => NULL,
  'dateOfBirth' => NULL,
  'deposit_amount' => NULL,
  'device_id' => NULL,
  'discountOnBonusAmount' => '0.0',
  'documents_type' => NULL,
  'email' => NULL,
  'entryFees' => '0.0',
  'gender' => NULL,
  'image_bytes' => NULL,
  'image_url' => NULL,
  'match_id' => '44539',
  'mobile_number' => NULL,
  'name' => NULL,
  'new_password' => NULL,
  'otp' => NULL,
  'password' => NULL,
  'payment_mode' => NULL,
  'payment_status' => NULL,
  'pinCode' => NULL,
  'referral_code' => NULL,
  'role_type' => 0,
  'state' => NULL,
  'team_id' => 0,
  'token' => NULL,
  'totalPaidAmount' => '0.0',
  'transaction_id' => NULL,
  'user_id' => '392',
  'user_type' => NULL,
  'username' => NULL,
  'version_code' => 0,
)  
[2020-06-12 17:11:56] local.INFO: array (
  'action_type' => NULL,
  'city' => NULL,
  'contest_id' => '3619',
  'created_team_id' => 
  array (
    0 => 529,
    1 => 530,
  ),
  'current_password' => NULL,
  'dateOfBirth' => NULL,
  'deposit_amount' => NULL,
  'device_id' => NULL,
  'discountOnBonusAmount' => '0.0',
  'documents_type' => NULL,
  'email' => NULL,
  'entryFees' => '0.0',
  'gender' => NULL,
  'image_bytes' => NULL,
  'image_url' => NULL,
  'match_id' => '44539',
  'mobile_number' => NULL,
  'name' => NULL,
  'new_password' => NULL,
  'otp' => NULL,
  'password' => NULL,
  'payment_mode' => NULL,
  'payment_status' => NULL,
  'pinCode' => NULL,
  'referral_code' => NULL,
  'role_type' => 0,
  'state' => NULL,
  'team_id' => 0,
  'token' => NULL,
  'totalPaidAmount' => '0.0',
  'transaction_id' => NULL,
  'user_id' => '377',
  'user_type' => NULL,
  'username' => NULL,
  'version_code' => 0,
)  
[2020-06-12 17:12:37] local.INFO: array (
  'action_type' => NULL,
  'city' => NULL,
  'contest_id' => '3619',
  'created_team_id' => 
  array (
    0 => 531,
  ),
  'current_password' => NULL,
  'dateOfBirth' => NULL,
  'deposit_amount' => NULL,
  'device_id' => NULL,
  'discountOnBonusAmount' => '0.0',
  'documents_type' => NULL,
  'email' => NULL,
  'entryFees' => '0.0',
  'gender' => NULL,
  'image_bytes' => NULL,
  'image_url' => NULL,
  'match_id' => '44539',
  'mobile_number' => NULL,
  'name' => NULL,
  'new_password' => NULL,
  'otp' => NULL,
  'password' => NULL,
  'payment_mode' => NULL,
  'payment_status' => NULL,
  'pinCode' => NULL,
  'referral_code' => NULL,
  'role_type' => 0,
  'state' => NULL,
  'team_id' => 0,
  'token' => NULL,
  'totalPaidAmount' => '0.0',
  'transaction_id' => NULL,
  'user_id' => '377',
  'user_type' => NULL,
  'username' => NULL,
  'version_code' => 0,
)  
[2020-06-12 17:14:51] local.INFO: array (
  'action_type' => NULL,
  'city' => NULL,
  'contest_id' => '3884',
  'created_team_id' => 
  array (
    0 => 532,
    1 => 533,
  ),
  'current_password' => NULL,
  'dateOfBirth' => NULL,
  'deposit_amount' => NULL,
  'device_id' => NULL,
  'discountOnBonusAmount' => '0.0',
  'documents_type' => NULL,
  'email' => NULL,
  'entryFees' => '0.0',
  'gender' => NULL,
  'image_bytes' => NULL,
  'image_url' => NULL,
  'match_id' => '44596',
  'mobile_number' => NULL,
  'name' => NULL,
  'new_password' => NULL,
  'otp' => NULL,
  'password' => NULL,
  'payment_mode' => NULL,
  'payment_status' => NULL,
  'pinCode' => NULL,
  'referral_code' => NULL,
  'role_type' => 0,
  'state' => NULL,
  'team_id' => 0,
  'token' => NULL,
  'totalPaidAmount' => '0.0',
  'transaction_id' => NULL,
  'user_id' => '377',
  'user_type' => NULL,
  'username' => NULL,
  'version_code' => 0,
)  
[2020-06-12 17:37:38] local.INFO: array (
  'action_type' => NULL,
  'city' => NULL,
  'contest_id' => '3884',
  'created_team_id' => 
  array (
    0 => 520,
    1 => 534,
  ),
  'current_password' => NULL,
  'dateOfBirth' => NULL,
  'deposit_amount' => NULL,
  'device_id' => NULL,
  'discountOnBonusAmount' => '0.0',
  'documents_type' => NULL,
  'email' => NULL,
  'entryFees' => '0.0',
  'gender' => NULL,
  'image_bytes' => NULL,
  'image_url' => NULL,
  'match_id' => '44596',
  'mobile_number' => NULL,
  'name' => NULL,
  'new_password' => NULL,
  'otp' => NULL,
  'password' => NULL,
  'payment_mode' => NULL,
  'payment_status' => NULL,
  'pinCode' => NULL,
  'referral_code' => NULL,
  'role_type' => 0,
  'state' => NULL,
  'team_id' => 0,
  'team_name' => NULL,
  'token' => NULL,
  'totalPaidAmount' => '0.0',
  'transaction_id' => NULL,
  'user_id' => '262',
  'user_type' => NULL,
  'username' => NULL,
  'version_code' => 0,
)  
[2020-06-12 17:39:03] local.INFO: array (
  'action_type' => NULL,
  'city' => NULL,
  'contest_id' => '4199',
  'created_team_id' => 
  array (
    0 => 535,
  ),
  'current_password' => NULL,
  'dateOfBirth' => NULL,
  'deposit_amount' => NULL,
  'device_id' => NULL,
  'discountOnBonusAmount' => '5.1',
  'documents_type' => NULL,
  'email' => NULL,
  'entryFees' => '51.0',
  'gender' => NULL,
  'image_bytes' => NULL,
  'image_url' => NULL,
  'match_id' => '44596',
  'mobile_number' => NULL,
  'name' => NULL,
  'new_password' => NULL,
  'otp' => NULL,
  'password' => NULL,
  'payment_mode' => NULL,
  'payment_status' => NULL,
  'pinCode' => NULL,
  'referral_code' => NULL,
  'role_type' => 0,
  'state' => NULL,
  'team_id' => 0,
  'team_name' => NULL,
  'token' => NULL,
  'totalPaidAmount' => '0.0',
  'transaction_id' => NULL,
  'user_id' => '262',
  'user_type' => NULL,
  'username' => NULL,
  'version_code' => 0,
)  
[2020-06-12 17:40:05] local.INFO: array (
  'action_type' => NULL,
  'city' => NULL,
  'contest_id' => '4220',
  'created_team_id' => 
  array (
    0 => 536,
  ),
  'current_password' => NULL,
  'dateOfBirth' => NULL,
  'deposit_amount' => NULL,
  'device_id' => NULL,
  'discountOnBonusAmount' => '5.1',
  'documents_type' => NULL,
  'email' => NULL,
  'entryFees' => '51.0',
  'gender' => NULL,
  'image_bytes' => NULL,
  'image_url' => NULL,
  'match_id' => '44597',
  'mobile_number' => NULL,
  'name' => NULL,
  'new_password' => NULL,
  'otp' => NULL,
  'password' => NULL,
  'payment_mode' => NULL,
  'payment_status' => NULL,
  'pinCode' => NULL,
  'referral_code' => NULL,
  'role_type' => 0,
  'state' => NULL,
  'team_id' => 0,
  'team_name' => NULL,
  'token' => NULL,
  'totalPaidAmount' => '0.0',
  'transaction_id' => NULL,
  'user_id' => '262',
  'user_type' => NULL,
  'username' => NULL,
  'version_code' => 0,
)  
