[2020-06-11 00:09:15] local.INFO: array (
  'action_type' => NULL,
  'city' => NULL,
  'contest_id' => '3619',
  'created_team_id' => 
  array (
    0 => 513,
    1 => 514,
  ),
  'current_password' => NULL,
  'dateOfBirth' => NULL,
  'deposit_amount' => NULL,
  'device_id' => NULL,
  'discountOnBonusAmount' => '0.0',
  'documents_type' => NULL,
  'email' => NULL,
  'entryFees' => '0.0',
  'gender' => NULL,
  'image_bytes' => NULL,
  'image_url' => NULL,
  'match_id' => '44539',
  'mobile_number' => NULL,
  'name' => NULL,
  'new_password' => NULL,
  'otp' => NULL,
  'password' => NULL,
  'payment_mode' => NULL,
  'payment_status' => NULL,
  'pinCode' => NULL,
  'referral_code' => NULL,
  'role_type' => 0,
  'state' => NULL,
  'team_id' => 0,
  'team_name' => NULL,
  'token' => NULL,
  'totalPaidAmount' => '0.0',
  'transaction_id' => NULL,
  'user_id' => '262',
  'user_type' => NULL,
  'username' => NULL,
  'version_code' => 0,
)  
[2020-06-11 00:11:33] local.INFO: array (
  'action_type' => NULL,
  'city' => NULL,
  'contest_id' => '3619',
  'created_team_id' => 
  array (
    0 => 515,
  ),
  'current_password' => NULL,
  'dateOfBirth' => NULL,
  'deposit_amount' => NULL,
  'device_id' => NULL,
  'discountOnBonusAmount' => '0.0',
  'documents_type' => NULL,
  'email' => NULL,
  'entryFees' => '0.0',
  'gender' => NULL,
  'image_bytes' => NULL,
  'image_url' => NULL,
  'match_id' => '44539',
  'mobile_number' => NULL,
  'name' => NULL,
  'new_password' => NULL,
  'otp' => NULL,
  'password' => NULL,
  'payment_mode' => NULL,
  'payment_status' => NULL,
  'pinCode' => NULL,
  'referral_code' => NULL,
  'role_type' => 0,
  'state' => NULL,
  'team_id' => 0,
  'team_name' => NULL,
  'token' => NULL,
  'totalPaidAmount' => '0.0',
  'transaction_id' => NULL,
  'user_id' => '262',
  'user_type' => NULL,
  'username' => NULL,
  'version_code' => 0,
)  
[2020-06-11 18:56:20] local.INFO: array (
  'action_type' => NULL,
  'city' => NULL,
  'contest_id' => '3619',
  'created_team_id' => 
  array (
    0 => 517,
  ),
  'current_password' => NULL,
  'dateOfBirth' => NULL,
  'deposit_amount' => NULL,
  'device_id' => NULL,
  'discountOnBonusAmount' => '0.0',
  'documents_type' => NULL,
  'email' => NULL,
  'entryFees' => '0.0',
  'gender' => NULL,
  'image_bytes' => NULL,
  'image_url' => NULL,
  'match_id' => '44539',
  'mobile_number' => NULL,
  'name' => NULL,
  'new_password' => NULL,
  'otp' => NULL,
  'password' => NULL,
  'payment_mode' => NULL,
  'payment_status' => NULL,
  'pinCode' => NULL,
  'referral_code' => NULL,
  'role_type' => 0,
  'state' => NULL,
  'team_id' => 0,
  'team_name' => NULL,
  'token' => NULL,
  'totalPaidAmount' => '0.0',
  'transaction_id' => NULL,
  'user_id' => '358',
  'user_type' => NULL,
  'username' => NULL,
  'version_code' => 0,
)  
[2020-06-11 18:56:45] local.INFO: array (
  'action_type' => NULL,
  'city' => NULL,
  'contest_id' => '3619',
  'created_team_id' => 
  array (
    0 => 518,
  ),
  'current_password' => NULL,
  'dateOfBirth' => NULL,
  'deposit_amount' => NULL,
  'device_id' => NULL,
  'discountOnBonusAmount' => '0.0',
  'documents_type' => NULL,
  'email' => NULL,
  'entryFees' => '0.0',
  'gender' => NULL,
  'image_bytes' => NULL,
  'image_url' => NULL,
  'match_id' => '44539',
  'mobile_number' => NULL,
  'name' => NULL,
  'new_password' => NULL,
  'otp' => NULL,
  'password' => NULL,
  'payment_mode' => NULL,
  'payment_status' => NULL,
  'pinCode' => NULL,
  'referral_code' => NULL,
  'role_type' => 0,
  'state' => NULL,
  'team_id' => 0,
  'team_name' => NULL,
  'token' => NULL,
  'totalPaidAmount' => '0.0',
  'transaction_id' => NULL,
  'user_id' => '358',
  'user_type' => NULL,
  'username' => NULL,
  'version_code' => 0,
)  
[2020-06-11 19:39:06] local.INFO: array (
  'action_type' => NULL,
  'city' => NULL,
  'contest_id' => '2840',
  'created_team_id' => 
  array (
    0 => 519,
  ),
  'current_password' => NULL,
  'dateOfBirth' => NULL,
  'deposit_amount' => NULL,
  'device_id' => NULL,
  'discountOnBonusAmount' => '2.7',
  'documents_type' => NULL,
  'email' => NULL,
  'entryFees' => '27.0',
  'gender' => NULL,
  'image_bytes' => NULL,
  'image_url' => NULL,
  'match_id' => '44539',
  'mobile_number' => NULL,
  'name' => NULL,
  'new_password' => NULL,
  'otp' => NULL,
  'password' => NULL,
  'payment_mode' => NULL,
  'payment_status' => NULL,
  'pinCode' => NULL,
  'referral_code' => NULL,
  'role_type' => 0,
  'state' => NULL,
  'team_id' => 0,
  'team_name' => NULL,
  'token' => NULL,
  'totalPaidAmount' => '24.3',
  'transaction_id' => NULL,
  'user_id' => '262',
  'user_type' => NULL,
  'username' => NULL,
  'version_code' => 0,
)  
[2020-06-11 19:42:17] local.INFO: array (
  'action_type' => NULL,
  'city' => NULL,
  'contest_id' => '2841',
  'created_team_id' => 
  array (
    0 => 515,
  ),
  'current_password' => NULL,
  'dateOfBirth' => NULL,
  'deposit_amount' => NULL,
  'device_id' => NULL,
  'discountOnBonusAmount' => '2.0',
  'documents_type' => NULL,
  'email' => NULL,
  'entryFees' => '20.0',
  'gender' => NULL,
  'image_bytes' => NULL,
  'image_url' => NULL,
  'match_id' => '44539',
  'mobile_number' => NULL,
  'name' => NULL,
  'new_password' => NULL,
  'otp' => NULL,
  'password' => NULL,
  'payment_mode' => NULL,
  'payment_status' => NULL,
  'pinCode' => NULL,
  'referral_code' => NULL,
  'role_type' => 0,
  'state' => NULL,
  'team_id' => 0,
  'team_name' => NULL,
  'token' => NULL,
  'totalPaidAmount' => '18.0',
  'transaction_id' => NULL,
  'user_id' => '262',
  'user_type' => NULL,
  'username' => NULL,
  'version_code' => 0,
)  
[2020-06-11 20:23:00] local.INFO: array (
  'action_type' => NULL,
  'city' => NULL,
  'contest_id' => '3619',
  'created_team_id' => 
  array (
    0 => 521,
  ),
  'current_password' => NULL,
  'dateOfBirth' => NULL,
  'deposit_amount' => NULL,
  'device_id' => NULL,
  'discountOnBonusAmount' => '0.0',
  'documents_type' => NULL,
  'email' => NULL,
  'entryFees' => '0.0',
  'gender' => NULL,
  'image_bytes' => NULL,
  'image_url' => NULL,
  'match_id' => '44539',
  'mobile_number' => NULL,
  'name' => NULL,
  'new_password' => NULL,
  'otp' => NULL,
  'password' => NULL,
  'payment_mode' => NULL,
  'payment_status' => NULL,
  'pinCode' => NULL,
  'referral_code' => NULL,
  'role_type' => 0,
  'state' => NULL,
  'team_id' => 0,
  'team_name' => NULL,
  'token' => NULL,
  'totalPaidAmount' => '0.0',
  'transaction_id' => NULL,
  'user_id' => '285',
  'user_type' => NULL,
  'username' => NULL,
  'version_code' => 0,
)  
[2020-06-11 20:25:45] local.INFO: array (
  'action_type' => NULL,
  'city' => NULL,
  'contest_id' => '3619',
  'created_team_id' => 
  array (
    0 => 522,
  ),
  'current_password' => NULL,
  'dateOfBirth' => NULL,
  'deposit_amount' => NULL,
  'device_id' => NULL,
  'discountOnBonusAmount' => '0.0',
  'documents_type' => NULL,
  'email' => NULL,
  'entryFees' => '0.0',
  'gender' => NULL,
  'image_bytes' => NULL,
  'image_url' => NULL,
  'match_id' => '44539',
  'mobile_number' => NULL,
  'name' => NULL,
  'new_password' => NULL,
  'otp' => NULL,
  'password' => NULL,
  'payment_mode' => NULL,
  'payment_status' => NULL,
  'pinCode' => NULL,
  'referral_code' => NULL,
  'role_type' => 0,
  'state' => NULL,
  'team_id' => 0,
  'team_name' => NULL,
  'token' => NULL,
  'totalPaidAmount' => '0.0',
  'transaction_id' => NULL,
  'user_id' => '285',
  'user_type' => NULL,
  'username' => NULL,
  'version_code' => 0,
)  
[2020-06-11 20:30:25] local.INFO: array (
  'action_type' => NULL,
  'city' => NULL,
  'contest_id' => '3619',
  'created_team_id' => 
  array (
    0 => 516,
  ),
  'current_password' => NULL,
  'dateOfBirth' => NULL,
  'deposit_amount' => NULL,
  'device_id' => NULL,
  'discountOnBonusAmount' => '0.0',
  'documents_type' => NULL,
  'email' => NULL,
  'entryFees' => '0.0',
  'gender' => NULL,
  'image_bytes' => NULL,
  'image_url' => NULL,
  'match_id' => '44539',
  'mobile_number' => NULL,
  'name' => NULL,
  'new_password' => NULL,
  'otp' => NULL,
  'password' => NULL,
  'payment_mode' => NULL,
  'payment_status' => NULL,
  'pinCode' => NULL,
  'referral_code' => NULL,
  'role_type' => 0,
  'state' => NULL,
  'team_id' => 0,
  'team_name' => NULL,
  'token' => NULL,
  'totalPaidAmount' => '0.0',
  'transaction_id' => NULL,
  'user_id' => '394',
  'user_type' => NULL,
  'username' => NULL,
  'version_code' => 0,
)  
[2020-06-11 23:14:20] local.INFO: array (
  'action_type' => NULL,
  'city' => NULL,
  'contest_id' => '4057',
  'created_team_id' => 
  array (
    0 => 524,
  ),
  'current_password' => NULL,
  'dateOfBirth' => NULL,
  'deposit_amount' => NULL,
  'device_id' => NULL,
  'discountOnBonusAmount' => '5.1',
  'documents_type' => NULL,
  'email' => NULL,
  'entryFees' => '51.0',
  'gender' => NULL,
  'image_bytes' => NULL,
  'image_url' => NULL,
  'match_id' => '44539',
  'mobile_number' => NULL,
  'name' => NULL,
  'new_password' => NULL,
  'otp' => NULL,
  'password' => NULL,
  'payment_mode' => NULL,
  'payment_status' => NULL,
  'pinCode' => NULL,
  'referral_code' => NULL,
  'role_type' => 0,
  'state' => NULL,
  'team_id' => 0,
  'team_name' => NULL,
  'token' => NULL,
  'totalPaidAmount' => '45.9',
  'transaction_id' => NULL,
  'user_id' => '379',
  'user_type' => NULL,
  'username' => NULL,
  'version_code' => 0,
)  
[2020-06-11 23:14:40] local.INFO: array (
  'action_type' => NULL,
  'city' => NULL,
  'contest_id' => '4057',
  'created_team_id' => 
  array (
    0 => 523,
  ),
  'current_password' => NULL,
  'dateOfBirth' => NULL,
  'deposit_amount' => NULL,
  'device_id' => NULL,
  'discountOnBonusAmount' => '5.1',
  'documents_type' => NULL,
  'email' => NULL,
  'entryFees' => '51.0',
  'gender' => NULL,
  'image_bytes' => NULL,
  'image_url' => NULL,
  'match_id' => '44539',
  'mobile_number' => NULL,
  'name' => NULL,
  'new_password' => NULL,
  'otp' => NULL,
  'password' => NULL,
  'payment_mode' => NULL,
  'payment_status' => NULL,
  'pinCode' => NULL,
  'referral_code' => NULL,
  'role_type' => 0,
  'state' => NULL,
  'team_id' => 0,
  'team_name' => NULL,
  'token' => NULL,
  'totalPaidAmount' => '45.9',
  'transaction_id' => NULL,
  'user_id' => '262',
  'user_type' => NULL,
  'username' => NULL,
  'version_code' => 0,
)  
