[2020-06-13 05:11:02] local.INFO: array (
  'action_type' => NULL,
  'city' => NULL,
  'contest_id' => '3619',
  'created_team_id' => 
  array (
    0 => 537,
  ),
  'current_password' => NULL,
  'dateOfBirth' => NULL,
  'deposit_amount' => NULL,
  'device_id' => NULL,
  'discountOnBonusAmount' => '0.0',
  'documents_type' => NULL,
  'email' => NULL,
  'entryFees' => '0.0',
  'gender' => NULL,
  'image_bytes' => NULL,
  'image_url' => NULL,
  'match_id' => '44539',
  'mobile_number' => NULL,
  'name' => NULL,
  'new_password' => NULL,
  'otp' => NULL,
  'password' => NULL,
  'payment_mode' => NULL,
  'payment_status' => NULL,
  'pinCode' => NULL,
  'referral_code' => NULL,
  'role_type' => 0,
  'state' => NULL,
  'team_id' => 0,
  'token' => NULL,
  'totalPaidAmount' => '0.0',
  'transaction_id' => NULL,
  'user_id' => '391',
  'user_type' => NULL,
  'username' => NULL,
  'version_code' => 0,
)  
[2020-06-13 06:02:01] local.INFO: array (
  'action_type' => NULL,
  'city' => NULL,
  'contest_id' => '3619',
  'created_team_id' => 
  array (
    0 => 538,
  ),
  'current_password' => NULL,
  'dateOfBirth' => NULL,
  'deposit_amount' => NULL,
  'device_id' => NULL,
  'discountOnBonusAmount' => '0.0',
  'documents_type' => NULL,
  'email' => NULL,
  'entryFees' => '0.0',
  'gender' => NULL,
  'image_bytes' => NULL,
  'image_url' => NULL,
  'match_id' => '44539',
  'mobile_number' => NULL,
  'name' => NULL,
  'new_password' => NULL,
  'otp' => NULL,
  'password' => NULL,
  'payment_mode' => NULL,
  'payment_status' => NULL,
  'pinCode' => NULL,
  'referral_code' => NULL,
  'role_type' => 0,
  'state' => NULL,
  'team_id' => 0,
  'token' => NULL,
  'totalPaidAmount' => '0.0',
  'transaction_id' => NULL,
  'user_id' => '367',
  'user_type' => NULL,
  'username' => NULL,
  'version_code' => 0,
)  
[2020-06-13 06:40:19] local.INFO: array (
  'action_type' => NULL,
  'city' => NULL,
  'contest_id' => '4178',
  'created_team_id' => 
  array (
    0 => 538,
  ),
  'current_password' => NULL,
  'dateOfBirth' => NULL,
  'deposit_amount' => NULL,
  'device_id' => NULL,
  'discountOnBonusAmount' => '0.7',
  'documents_type' => NULL,
  'email' => NULL,
  'entryFees' => '7.0',
  'gender' => NULL,
  'image_bytes' => NULL,
  'image_url' => NULL,
  'match_id' => '44539',
  'mobile_number' => NULL,
  'name' => NULL,
  'new_password' => NULL,
  'otp' => NULL,
  'password' => NULL,
  'payment_mode' => NULL,
  'payment_status' => NULL,
  'pinCode' => NULL,
  'referral_code' => NULL,
  'role_type' => 0,
  'state' => NULL,
  'team_id' => 0,
  'token' => NULL,
  'totalPaidAmount' => '6.3',
  'transaction_id' => NULL,
  'user_id' => '367',
  'user_type' => NULL,
  'username' => NULL,
  'version_code' => 0,
)  
[2020-06-13 07:53:44] local.INFO: array (
  'action_type' => NULL,
  'city' => NULL,
  'contest_id' => '3884',
  'created_team_id' => 
  array (
    0 => 540,
  ),
  'current_password' => NULL,
  'dateOfBirth' => NULL,
  'deposit_amount' => NULL,
  'device_id' => NULL,
  'discountOnBonusAmount' => '0.0',
  'documents_type' => NULL,
  'email' => NULL,
  'entryFees' => '0.0',
  'gender' => NULL,
  'image_bytes' => NULL,
  'image_url' => NULL,
  'match_id' => '44596',
  'mobile_number' => NULL,
  'name' => NULL,
  'new_password' => NULL,
  'otp' => NULL,
  'password' => NULL,
  'payment_mode' => NULL,
  'payment_status' => NULL,
  'pinCode' => NULL,
  'referral_code' => NULL,
  'role_type' => 0,
  'state' => NULL,
  'team_id' => 0,
  'team_name' => NULL,
  'token' => NULL,
  'totalPaidAmount' => '0.0',
  'transaction_id' => NULL,
  'user_id' => '358',
  'user_type' => NULL,
  'username' => NULL,
  'version_code' => 0,
)  
[2020-06-13 07:54:20] local.INFO: array (
  'action_type' => NULL,
  'city' => NULL,
  'contest_id' => '3884',
  'created_team_id' => 
  array (
    0 => 541,
  ),
  'current_password' => NULL,
  'dateOfBirth' => NULL,
  'deposit_amount' => NULL,
  'device_id' => NULL,
  'discountOnBonusAmount' => '0.0',
  'documents_type' => NULL,
  'email' => NULL,
  'entryFees' => '0.0',
  'gender' => NULL,
  'image_bytes' => NULL,
  'image_url' => NULL,
  'match_id' => '44596',
  'mobile_number' => NULL,
  'name' => NULL,
  'new_password' => NULL,
  'otp' => NULL,
  'password' => NULL,
  'payment_mode' => NULL,
  'payment_status' => NULL,
  'pinCode' => NULL,
  'referral_code' => NULL,
  'role_type' => 0,
  'state' => NULL,
  'team_id' => 0,
  'team_name' => NULL,
  'token' => NULL,
  'totalPaidAmount' => '0.0',
  'transaction_id' => NULL,
  'user_id' => '358',
  'user_type' => NULL,
  'username' => NULL,
  'version_code' => 0,
)  
[2020-06-13 10:08:23] local.INFO: array (
  'action_type' => NULL,
  'city' => NULL,
  'contest_id' => '3884',
  'created_team_id' => 
  array (
    0 => 542,
  ),
  'current_password' => NULL,
  'dateOfBirth' => NULL,
  'deposit_amount' => NULL,
  'device_id' => NULL,
  'discountOnBonusAmount' => '0.0',
  'documents_type' => NULL,
  'email' => NULL,
  'entryFees' => '0.0',
  'gender' => NULL,
  'image_bytes' => NULL,
  'image_url' => NULL,
  'match_id' => '44596',
  'mobile_number' => NULL,
  'name' => NULL,
  'new_password' => NULL,
  'otp' => NULL,
  'password' => NULL,
  'payment_mode' => NULL,
  'payment_status' => NULL,
  'pinCode' => NULL,
  'referral_code' => NULL,
  'role_type' => 0,
  'state' => NULL,
  'team_id' => 0,
  'team_name' => NULL,
  'token' => NULL,
  'totalPaidAmount' => '0.0',
  'transaction_id' => NULL,
  'user_id' => '392',
  'user_type' => NULL,
  'username' => NULL,
  'version_code' => 0,
)  
[2020-06-13 10:50:05] local.INFO: array (
  'action_type' => NULL,
  'city' => NULL,
  'contest_id' => '4199',
  'created_team_id' => 
  array (
    0 => 544,
  ),
  'current_password' => NULL,
  'dateOfBirth' => NULL,
  'deposit_amount' => NULL,
  'device_id' => NULL,
  'discountOnBonusAmount' => '5.1',
  'documents_type' => NULL,
  'email' => NULL,
  'entryFees' => '51.0',
  'gender' => NULL,
  'image_bytes' => NULL,
  'image_url' => NULL,
  'match_id' => '44596',
  'mobile_number' => NULL,
  'name' => NULL,
  'new_password' => NULL,
  'otp' => NULL,
  'password' => NULL,
  'payment_mode' => NULL,
  'payment_status' => NULL,
  'pinCode' => NULL,
  'referral_code' => NULL,
  'role_type' => 0,
  'state' => NULL,
  'team_id' => 0,
  'team_name' => NULL,
  'token' => NULL,
  'totalPaidAmount' => '0.0',
  'transaction_id' => NULL,
  'user_id' => '379',
  'user_type' => NULL,
  'username' => NULL,
  'version_code' => 0,
)  
[2020-06-13 10:50:13] local.INFO: array (
  'action_type' => NULL,
  'city' => NULL,
  'contest_id' => '4199',
  'created_team_id' => 
  array (
    0 => 544,
  ),
  'current_password' => NULL,
  'dateOfBirth' => NULL,
  'deposit_amount' => NULL,
  'device_id' => NULL,
  'discountOnBonusAmount' => '5.1',
  'documents_type' => NULL,
  'email' => NULL,
  'entryFees' => '51.0',
  'gender' => NULL,
  'image_bytes' => NULL,
  'image_url' => NULL,
  'match_id' => '44596',
  'mobile_number' => NULL,
  'name' => NULL,
  'new_password' => NULL,
  'otp' => NULL,
  'password' => NULL,
  'payment_mode' => NULL,
  'payment_status' => NULL,
  'pinCode' => NULL,
  'referral_code' => NULL,
  'role_type' => 0,
  'state' => NULL,
  'team_id' => 0,
  'team_name' => NULL,
  'token' => NULL,
  'totalPaidAmount' => '0.0',
  'transaction_id' => NULL,
  'user_id' => '379',
  'user_type' => NULL,
  'username' => NULL,
  'version_code' => 0,
)  
[2020-06-13 10:50:22] local.INFO: array (
  'action_type' => NULL,
  'city' => NULL,
  'contest_id' => '4199',
  'created_team_id' => 
  array (
    0 => 544,
  ),
  'current_password' => NULL,
  'dateOfBirth' => NULL,
  'deposit_amount' => NULL,
  'device_id' => NULL,
  'discountOnBonusAmount' => '5.1',
  'documents_type' => NULL,
  'email' => NULL,
  'entryFees' => '51.0',
  'gender' => NULL,
  'image_bytes' => NULL,
  'image_url' => NULL,
  'match_id' => '44596',
  'mobile_number' => NULL,
  'name' => NULL,
  'new_password' => NULL,
  'otp' => NULL,
  'password' => NULL,
  'payment_mode' => NULL,
  'payment_status' => NULL,
  'pinCode' => NULL,
  'referral_code' => NULL,
  'role_type' => 0,
  'state' => NULL,
  'team_id' => 0,
  'team_name' => NULL,
  'token' => NULL,
  'totalPaidAmount' => '0.0',
  'transaction_id' => NULL,
  'user_id' => '379',
  'user_type' => NULL,
  'username' => NULL,
  'version_code' => 0,
)  
[2020-06-13 11:04:30] local.INFO: array (
  'action_type' => NULL,
  'city' => NULL,
  'contest_id' => '4199',
  'created_team_id' => 
  array (
    0 => 501,
  ),
  'current_password' => NULL,
  'dateOfBirth' => NULL,
  'deposit_amount' => NULL,
  'device_id' => NULL,
  'discountOnBonusAmount' => '5.1',
  'documents_type' => NULL,
  'email' => NULL,
  'entryFees' => '51.0',
  'gender' => NULL,
  'image_bytes' => NULL,
  'image_url' => NULL,
  'match_id' => '44596',
  'mobile_number' => NULL,
  'name' => NULL,
  'new_password' => NULL,
  'otp' => NULL,
  'password' => NULL,
  'payment_mode' => NULL,
  'payment_status' => NULL,
  'pinCode' => NULL,
  'referral_code' => NULL,
  'role_type' => 0,
  'state' => NULL,
  'team_id' => 0,
  'team_name' => NULL,
  'token' => NULL,
  'totalPaidAmount' => '45.9',
  'transaction_id' => NULL,
  'user_id' => '351',
  'user_type' => NULL,
  'username' => NULL,
  'version_code' => 0,
)  
[2020-06-13 12:19:44] local.INFO: array (
  'action_type' => NULL,
  'city' => NULL,
  'contest_id' => '3884',
  'created_team_id' => 
  array (
    0 => 543,
  ),
  'current_password' => NULL,
  'dateOfBirth' => NULL,
  'deposit_amount' => NULL,
  'device_id' => NULL,
  'discountOnBonusAmount' => '0.0',
  'documents_type' => NULL,
  'email' => NULL,
  'entryFees' => '0.0',
  'gender' => NULL,
  'image_bytes' => NULL,
  'image_url' => NULL,
  'match_id' => '44596',
  'mobile_number' => NULL,
  'name' => NULL,
  'new_password' => NULL,
  'otp' => NULL,
  'password' => NULL,
  'payment_mode' => NULL,
  'payment_status' => NULL,
  'pinCode' => NULL,
  'referral_code' => NULL,
  'role_type' => 0,
  'state' => NULL,
  'team_id' => 0,
  'team_name' => NULL,
  'token' => NULL,
  'totalPaidAmount' => '0.0',
  'transaction_id' => NULL,
  'user_id' => '398',
  'user_type' => NULL,
  'username' => NULL,
  'version_code' => 0,
)  
[2020-06-13 12:35:47] local.INFO: array (
  'action_type' => NULL,
  'city' => NULL,
  'contest_id' => '4199',
  'created_team_id' => 
  array (
    0 => 544,
  ),
  'current_password' => NULL,
  'dateOfBirth' => NULL,
  'deposit_amount' => NULL,
  'device_id' => NULL,
  'discountOnBonusAmount' => '5.1',
  'documents_type' => NULL,
  'email' => NULL,
  'entryFees' => '51.0',
  'gender' => NULL,
  'image_bytes' => NULL,
  'image_url' => NULL,
  'match_id' => '44596',
  'mobile_number' => NULL,
  'name' => NULL,
  'new_password' => NULL,
  'otp' => NULL,
  'password' => NULL,
  'payment_mode' => NULL,
  'payment_status' => NULL,
  'pinCode' => NULL,
  'referral_code' => NULL,
  'role_type' => 0,
  'state' => NULL,
  'team_id' => 0,
  'team_name' => NULL,
  'token' => NULL,
  'totalPaidAmount' => '0.0',
  'transaction_id' => NULL,
  'user_id' => '379',
  'user_type' => NULL,
  'username' => NULL,
  'version_code' => 0,
)  
[2020-06-13 12:42:39] local.INFO: array (
  'action_type' => NULL,
  'city' => NULL,
  'contest_id' => '4199',
  'created_team_id' => 
  array (
    0 => 546,
  ),
  'current_password' => NULL,
  'dateOfBirth' => NULL,
  'deposit_amount' => NULL,
  'device_id' => NULL,
  'discountOnBonusAmount' => '5.1',
  'documents_type' => NULL,
  'email' => NULL,
  'entryFees' => '51.0',
  'gender' => NULL,
  'image_bytes' => NULL,
  'image_url' => NULL,
  'match_id' => '44596',
  'mobile_number' => NULL,
  'name' => NULL,
  'new_password' => NULL,
  'otp' => NULL,
  'password' => NULL,
  'payment_mode' => NULL,
  'payment_status' => NULL,
  'pinCode' => NULL,
  'referral_code' => NULL,
  'role_type' => 0,
  'state' => NULL,
  'team_id' => 0,
  'token' => NULL,
  'totalPaidAmount' => '45.9',
  'transaction_id' => NULL,
  'user_id' => '362',
  'user_type' => NULL,
  'username' => NULL,
  'version_code' => 0,
)  
[2020-06-13 12:42:43] local.INFO: array (
  'action_type' => NULL,
  'city' => NULL,
  'contest_id' => '8614',
  'created_team_id' => 
  array (
    0 => 542,
  ),
  'current_password' => NULL,
  'dateOfBirth' => NULL,
  'deposit_amount' => NULL,
  'device_id' => NULL,
  'discountOnBonusAmount' => '3.9',
  'documents_type' => NULL,
  'email' => NULL,
  'entryFees' => '39.0',
  'gender' => NULL,
  'image_bytes' => NULL,
  'image_url' => NULL,
  'match_id' => '44596',
  'mobile_number' => NULL,
  'name' => NULL,
  'new_password' => NULL,
  'otp' => NULL,
  'password' => NULL,
  'payment_mode' => NULL,
  'payment_status' => NULL,
  'pinCode' => NULL,
  'referral_code' => NULL,
  'role_type' => 0,
  'state' => NULL,
  'team_id' => 0,
  'team_name' => NULL,
  'token' => NULL,
  'totalPaidAmount' => '35.1',
  'transaction_id' => NULL,
  'user_id' => '392',
  'user_type' => NULL,
  'username' => NULL,
  'version_code' => 0,
)  
[2020-06-13 12:42:46] local.INFO: array (
  'action_type' => NULL,
  'city' => NULL,
  'contest_id' => '4199',
  'created_team_id' => 
  array (
    0 => 546,
  ),
  'current_password' => NULL,
  'dateOfBirth' => NULL,
  'deposit_amount' => NULL,
  'device_id' => NULL,
  'discountOnBonusAmount' => '5.1',
  'documents_type' => NULL,
  'email' => NULL,
  'entryFees' => '51.0',
  'gender' => NULL,
  'image_bytes' => NULL,
  'image_url' => NULL,
  'match_id' => '44596',
  'mobile_number' => NULL,
  'name' => NULL,
  'new_password' => NULL,
  'otp' => NULL,
  'password' => NULL,
  'payment_mode' => NULL,
  'payment_status' => NULL,
  'pinCode' => NULL,
  'referral_code' => NULL,
  'role_type' => 0,
  'state' => NULL,
  'team_id' => 0,
  'token' => NULL,
  'totalPaidAmount' => '45.9',
  'transaction_id' => NULL,
  'user_id' => '362',
  'user_type' => NULL,
  'username' => NULL,
  'version_code' => 0,
)  
[2020-06-13 12:42:46] local.INFO: array (
  'action_type' => NULL,
  'city' => NULL,
  'contest_id' => '8614',
  'created_team_id' => 
  array (
    0 => 542,
  ),
  'current_password' => NULL,
  'dateOfBirth' => NULL,
  'deposit_amount' => NULL,
  'device_id' => NULL,
  'discountOnBonusAmount' => '3.9',
  'documents_type' => NULL,
  'email' => NULL,
  'entryFees' => '39.0',
  'gender' => NULL,
  'image_bytes' => NULL,
  'image_url' => NULL,
  'match_id' => '44596',
  'mobile_number' => NULL,
  'name' => NULL,
  'new_password' => NULL,
  'otp' => NULL,
  'password' => NULL,
  'payment_mode' => NULL,
  'payment_status' => NULL,
  'pinCode' => NULL,
  'referral_code' => NULL,
  'role_type' => 0,
  'state' => NULL,
  'team_id' => 0,
  'team_name' => NULL,
  'token' => NULL,
  'totalPaidAmount' => '35.1',
  'transaction_id' => NULL,
  'user_id' => '392',
  'user_type' => NULL,
  'username' => NULL,
  'version_code' => 0,
)  
[2020-06-13 12:42:55] local.INFO: array (
  'action_type' => NULL,
  'city' => NULL,
  'contest_id' => '4199',
  'created_team_id' => 
  array (
    0 => 546,
  ),
  'current_password' => NULL,
  'dateOfBirth' => NULL,
  'deposit_amount' => NULL,
  'device_id' => NULL,
  'discountOnBonusAmount' => '5.1',
  'documents_type' => NULL,
  'email' => NULL,
  'entryFees' => '51.0',
  'gender' => NULL,
  'image_bytes' => NULL,
  'image_url' => NULL,
  'match_id' => '44596',
  'mobile_number' => NULL,
  'name' => NULL,
  'new_password' => NULL,
  'otp' => NULL,
  'password' => NULL,
  'payment_mode' => NULL,
  'payment_status' => NULL,
  'pinCode' => NULL,
  'referral_code' => NULL,
  'role_type' => 0,
  'state' => NULL,
  'team_id' => 0,
  'token' => NULL,
  'totalPaidAmount' => '45.9',
  'transaction_id' => NULL,
  'user_id' => '362',
  'user_type' => NULL,
  'username' => NULL,
  'version_code' => 0,
)  
[2020-06-13 12:43:19] local.INFO: array (
  'action_type' => NULL,
  'city' => NULL,
  'contest_id' => '4199',
  'created_team_id' => 
  array (
    0 => 546,
  ),
  'current_password' => NULL,
  'dateOfBirth' => NULL,
  'deposit_amount' => NULL,
  'device_id' => NULL,
  'discountOnBonusAmount' => '5.1',
  'documents_type' => NULL,
  'email' => NULL,
  'entryFees' => '51.0',
  'gender' => NULL,
  'image_bytes' => NULL,
  'image_url' => NULL,
  'match_id' => '44596',
  'mobile_number' => NULL,
  'name' => NULL,
  'new_password' => NULL,
  'otp' => NULL,
  'password' => NULL,
  'payment_mode' => NULL,
  'payment_status' => NULL,
  'pinCode' => NULL,
  'referral_code' => NULL,
  'role_type' => 0,
  'state' => NULL,
  'team_id' => 0,
  'token' => NULL,
  'totalPaidAmount' => '45.9',
  'transaction_id' => NULL,
  'user_id' => '362',
  'user_type' => NULL,
  'username' => NULL,
  'version_code' => 0,
)  
[2020-06-13 12:44:53] local.INFO: array (
  'action_type' => NULL,
  'city' => NULL,
  'contest_id' => '9362',
  'created_team_id' => 
  array (
    0 => 546,
  ),
  'current_password' => NULL,
  'dateOfBirth' => NULL,
  'deposit_amount' => NULL,
  'device_id' => NULL,
  'discountOnBonusAmount' => '5.1',
  'documents_type' => NULL,
  'email' => NULL,
  'entryFees' => '51.0',
  'gender' => NULL,
  'image_bytes' => NULL,
  'image_url' => NULL,
  'match_id' => '44596',
  'mobile_number' => NULL,
  'name' => NULL,
  'new_password' => NULL,
  'otp' => NULL,
  'password' => NULL,
  'payment_mode' => NULL,
  'payment_status' => NULL,
  'pinCode' => NULL,
  'referral_code' => NULL,
  'role_type' => 0,
  'state' => NULL,
  'team_id' => 0,
  'token' => NULL,
  'totalPaidAmount' => '45.9',
  'transaction_id' => NULL,
  'user_id' => '362',
  'user_type' => NULL,
  'username' => NULL,
  'version_code' => 0,
)  
[2020-06-13 12:47:37] local.INFO: array (
  'action_type' => NULL,
  'city' => NULL,
  'contest_id' => '9362',
  'created_team_id' => 
  array (
    0 => 546,
  ),
  'current_password' => NULL,
  'dateOfBirth' => NULL,
  'deposit_amount' => NULL,
  'device_id' => NULL,
  'discountOnBonusAmount' => '5.1',
  'documents_type' => NULL,
  'email' => NULL,
  'entryFees' => '51.0',
  'gender' => NULL,
  'image_bytes' => NULL,
  'image_url' => NULL,
  'match_id' => '44596',
  'mobile_number' => NULL,
  'name' => NULL,
  'new_password' => NULL,
  'otp' => NULL,
  'password' => NULL,
  'payment_mode' => NULL,
  'payment_status' => NULL,
  'pinCode' => NULL,
  'referral_code' => NULL,
  'role_type' => 0,
  'state' => NULL,
  'team_id' => 0,
  'token' => NULL,
  'totalPaidAmount' => '45.9',
  'transaction_id' => NULL,
  'user_id' => '362',
  'user_type' => NULL,
  'username' => NULL,
  'version_code' => 0,
)  
[2020-06-13 12:48:51] local.INFO: array (
  'action_type' => NULL,
  'city' => NULL,
  'contest_id' => '9362',
  'created_team_id' => 
  array (
    0 => 546,
  ),
  'current_password' => NULL,
  'dateOfBirth' => NULL,
  'deposit_amount' => NULL,
  'device_id' => NULL,
  'discountOnBonusAmount' => '5.1',
  'documents_type' => NULL,
  'email' => NULL,
  'entryFees' => '51.0',
  'gender' => NULL,
  'image_bytes' => NULL,
  'image_url' => NULL,
  'match_id' => '44596',
  'mobile_number' => NULL,
  'name' => NULL,
  'new_password' => NULL,
  'otp' => NULL,
  'password' => NULL,
  'payment_mode' => NULL,
  'payment_status' => NULL,
  'pinCode' => NULL,
  'referral_code' => NULL,
  'role_type' => 0,
  'state' => NULL,
  'team_id' => 0,
  'token' => NULL,
  'totalPaidAmount' => '45.9',
  'transaction_id' => NULL,
  'user_id' => '362',
  'user_type' => NULL,
  'username' => NULL,
  'version_code' => 0,
)  
[2020-06-13 12:51:07] local.INFO: array (
  'action_type' => NULL,
  'city' => NULL,
  'contest_id' => '3884',
  'created_team_id' => 
  array (
    0 => 547,
  ),
  'current_password' => NULL,
  'dateOfBirth' => NULL,
  'deposit_amount' => NULL,
  'device_id' => NULL,
  'discountOnBonusAmount' => '0.0',
  'documents_type' => NULL,
  'email' => NULL,
  'entryFees' => '0.0',
  'gender' => NULL,
  'image_bytes' => NULL,
  'image_url' => NULL,
  'match_id' => '44596',
  'mobile_number' => NULL,
  'name' => NULL,
  'new_password' => NULL,
  'otp' => NULL,
  'password' => NULL,
  'payment_mode' => NULL,
  'payment_status' => NULL,
  'pinCode' => NULL,
  'referral_code' => NULL,
  'role_type' => 0,
  'state' => NULL,
  'team_id' => 0,
  'token' => NULL,
  'totalPaidAmount' => '0.0',
  'transaction_id' => NULL,
  'user_id' => '371',
  'user_type' => NULL,
  'username' => NULL,
  'version_code' => 0,
)  
[2020-06-13 12:52:02] local.INFO: array (
  'action_type' => NULL,
  'city' => NULL,
  'contest_id' => '3884',
  'created_team_id' => 
  array (
    0 => 548,
  ),
  'current_password' => NULL,
  'dateOfBirth' => NULL,
  'deposit_amount' => NULL,
  'device_id' => NULL,
  'discountOnBonusAmount' => '0.0',
  'documents_type' => NULL,
  'email' => NULL,
  'entryFees' => '0.0',
  'gender' => NULL,
  'image_bytes' => NULL,
  'image_url' => NULL,
  'match_id' => '44596',
  'mobile_number' => NULL,
  'name' => NULL,
  'new_password' => NULL,
  'otp' => NULL,
  'password' => NULL,
  'payment_mode' => NULL,
  'payment_status' => NULL,
  'pinCode' => NULL,
  'referral_code' => NULL,
  'role_type' => 0,
  'state' => NULL,
  'team_id' => 0,
  'token' => NULL,
  'totalPaidAmount' => '0.0',
  'transaction_id' => NULL,
  'user_id' => '371',
  'user_type' => NULL,
  'username' => NULL,
  'version_code' => 0,
)  
[2020-06-13 12:52:19] local.INFO: array (
  'action_type' => NULL,
  'city' => NULL,
  'contest_id' => '3884',
  'created_team_id' => 
  array (
    0 => 544,
  ),
  'current_password' => NULL,
  'dateOfBirth' => NULL,
  'deposit_amount' => NULL,
  'device_id' => NULL,
  'discountOnBonusAmount' => '0.0',
  'documents_type' => NULL,
  'email' => NULL,
  'entryFees' => '0.0',
  'gender' => NULL,
  'image_bytes' => NULL,
  'image_url' => NULL,
  'match_id' => '44596',
  'mobile_number' => NULL,
  'name' => NULL,
  'new_password' => NULL,
  'otp' => NULL,
  'password' => NULL,
  'payment_mode' => NULL,
  'payment_status' => NULL,
  'pinCode' => NULL,
  'referral_code' => NULL,
  'role_type' => 0,
  'state' => NULL,
  'team_id' => 0,
  'team_name' => NULL,
  'token' => NULL,
  'totalPaidAmount' => '0.0',
  'transaction_id' => NULL,
  'user_id' => '379',
  'user_type' => NULL,
  'username' => NULL,
  'version_code' => 0,
)  
[2020-06-13 12:52:43] local.INFO: array (
  'action_type' => NULL,
  'city' => NULL,
  'contest_id' => '3884',
  'created_team_id' => 
  array (
    0 => 549,
  ),
  'current_password' => NULL,
  'dateOfBirth' => NULL,
  'deposit_amount' => NULL,
  'device_id' => NULL,
  'discountOnBonusAmount' => '0.0',
  'documents_type' => NULL,
  'email' => NULL,
  'entryFees' => '0.0',
  'gender' => NULL,
  'image_bytes' => NULL,
  'image_url' => NULL,
  'match_id' => '44596',
  'mobile_number' => NULL,
  'name' => NULL,
  'new_password' => NULL,
  'otp' => NULL,
  'password' => NULL,
  'payment_mode' => NULL,
  'payment_status' => NULL,
  'pinCode' => NULL,
  'referral_code' => NULL,
  'role_type' => 0,
  'state' => NULL,
  'team_id' => 0,
  'token' => NULL,
  'totalPaidAmount' => '0.0',
  'transaction_id' => NULL,
  'user_id' => '371',
  'user_type' => NULL,
  'username' => NULL,
  'version_code' => 0,
)  
[2020-06-13 12:52:49] local.INFO: array (
  'action_type' => NULL,
  'city' => NULL,
  'contest_id' => '3884',
  'created_team_id' => 
  array (
    0 => 549,
  ),
  'current_password' => NULL,
  'dateOfBirth' => NULL,
  'deposit_amount' => NULL,
  'device_id' => NULL,
  'discountOnBonusAmount' => '0.0',
  'documents_type' => NULL,
  'email' => NULL,
  'entryFees' => '0.0',
  'gender' => NULL,
  'image_bytes' => NULL,
  'image_url' => NULL,
  'match_id' => '44596',
  'mobile_number' => NULL,
  'name' => NULL,
  'new_password' => NULL,
  'otp' => NULL,
  'password' => NULL,
  'payment_mode' => NULL,
  'payment_status' => NULL,
  'pinCode' => NULL,
  'referral_code' => NULL,
  'role_type' => 0,
  'state' => NULL,
  'team_id' => 0,
  'token' => NULL,
  'totalPaidAmount' => '0.0',
  'transaction_id' => NULL,
  'user_id' => '371',
  'user_type' => NULL,
  'username' => NULL,
  'version_code' => 0,
)  
[2020-06-13 12:52:56] local.INFO: array (
  'action_type' => NULL,
  'city' => NULL,
  'contest_id' => '3884',
  'created_team_id' => 
  array (
    0 => 549,
  ),
  'current_password' => NULL,
  'dateOfBirth' => NULL,
  'deposit_amount' => NULL,
  'device_id' => NULL,
  'discountOnBonusAmount' => '0.0',
  'documents_type' => NULL,
  'email' => NULL,
  'entryFees' => '0.0',
  'gender' => NULL,
  'image_bytes' => NULL,
  'image_url' => NULL,
  'match_id' => '44596',
  'mobile_number' => NULL,
  'name' => NULL,
  'new_password' => NULL,
  'otp' => NULL,
  'password' => NULL,
  'payment_mode' => NULL,
  'payment_status' => NULL,
  'pinCode' => NULL,
  'referral_code' => NULL,
  'role_type' => 0,
  'state' => NULL,
  'team_id' => 0,
  'token' => NULL,
  'totalPaidAmount' => '0.0',
  'transaction_id' => NULL,
  'user_id' => '371',
  'user_type' => NULL,
  'username' => NULL,
  'version_code' => 0,
)  
[2020-06-13 12:53:05] local.INFO: array (
  'action_type' => NULL,
  'city' => NULL,
  'contest_id' => '3884',
  'created_team_id' => 
  array (
    0 => 549,
  ),
  'current_password' => NULL,
  'dateOfBirth' => NULL,
  'deposit_amount' => NULL,
  'device_id' => NULL,
  'discountOnBonusAmount' => '0.0',
  'documents_type' => NULL,
  'email' => NULL,
  'entryFees' => '0.0',
  'gender' => NULL,
  'image_bytes' => NULL,
  'image_url' => NULL,
  'match_id' => '44596',
  'mobile_number' => NULL,
  'name' => NULL,
  'new_password' => NULL,
  'otp' => NULL,
  'password' => NULL,
  'payment_mode' => NULL,
  'payment_status' => NULL,
  'pinCode' => NULL,
  'referral_code' => NULL,
  'role_type' => 0,
  'state' => NULL,
  'team_id' => 0,
  'token' => NULL,
  'totalPaidAmount' => '0.0',
  'transaction_id' => NULL,
  'user_id' => '371',
  'user_type' => NULL,
  'username' => NULL,
  'version_code' => 0,
)  
[2020-06-13 12:53:19] local.INFO: array (
  'action_type' => NULL,
  'city' => NULL,
  'contest_id' => '3884',
  'created_team_id' => 
  array (
    0 => 549,
  ),
  'current_password' => NULL,
  'dateOfBirth' => NULL,
  'deposit_amount' => NULL,
  'device_id' => NULL,
  'discountOnBonusAmount' => '0.0',
  'documents_type' => NULL,
  'email' => NULL,
  'entryFees' => '0.0',
  'gender' => NULL,
  'image_bytes' => NULL,
  'image_url' => NULL,
  'match_id' => '44596',
  'mobile_number' => NULL,
  'name' => NULL,
  'new_password' => NULL,
  'otp' => NULL,
  'password' => NULL,
  'payment_mode' => NULL,
  'payment_status' => NULL,
  'pinCode' => NULL,
  'referral_code' => NULL,
  'role_type' => 0,
  'state' => NULL,
  'team_id' => 0,
  'token' => NULL,
  'totalPaidAmount' => '0.0',
  'transaction_id' => NULL,
  'user_id' => '371',
  'user_type' => NULL,
  'username' => NULL,
  'version_code' => 0,
)  
[2020-06-13 12:53:25] local.INFO: array (
  'action_type' => NULL,
  'city' => NULL,
  'contest_id' => '3884',
  'created_team_id' => 
  array (
    0 => 549,
  ),
  'current_password' => NULL,
  'dateOfBirth' => NULL,
  'deposit_amount' => NULL,
  'device_id' => NULL,
  'discountOnBonusAmount' => '0.0',
  'documents_type' => NULL,
  'email' => NULL,
  'entryFees' => '0.0',
  'gender' => NULL,
  'image_bytes' => NULL,
  'image_url' => NULL,
  'match_id' => '44596',
  'mobile_number' => NULL,
  'name' => NULL,
  'new_password' => NULL,
  'otp' => NULL,
  'password' => NULL,
  'payment_mode' => NULL,
  'payment_status' => NULL,
  'pinCode' => NULL,
  'referral_code' => NULL,
  'role_type' => 0,
  'state' => NULL,
  'team_id' => 0,
  'token' => NULL,
  'totalPaidAmount' => '0.0',
  'transaction_id' => NULL,
  'user_id' => '371',
  'user_type' => NULL,
  'username' => NULL,
  'version_code' => 0,
)  
[2020-06-13 12:54:07] local.INFO: array (
  'action_type' => NULL,
  'city' => NULL,
  'contest_id' => '3884',
  'created_team_id' => 
  array (
    0 => 549,
  ),
  'current_password' => NULL,
  'dateOfBirth' => NULL,
  'deposit_amount' => NULL,
  'device_id' => NULL,
  'discountOnBonusAmount' => '0.0',
  'documents_type' => NULL,
  'email' => NULL,
  'entryFees' => '0.0',
  'gender' => NULL,
  'image_bytes' => NULL,
  'image_url' => NULL,
  'match_id' => '44596',
  'mobile_number' => NULL,
  'name' => NULL,
  'new_password' => NULL,
  'otp' => NULL,
  'password' => NULL,
  'payment_mode' => NULL,
  'payment_status' => NULL,
  'pinCode' => NULL,
  'referral_code' => NULL,
  'role_type' => 0,
  'state' => NULL,
  'team_id' => 0,
  'token' => NULL,
  'totalPaidAmount' => '0.0',
  'transaction_id' => NULL,
  'user_id' => '371',
  'user_type' => NULL,
  'username' => NULL,
  'version_code' => 0,
)  
[2020-06-13 12:54:53] local.INFO: array (
  'action_type' => NULL,
  'city' => NULL,
  'contest_id' => '9362',
  'created_team_id' => 
  array (
    0 => 501,
  ),
  'current_password' => NULL,
  'dateOfBirth' => NULL,
  'deposit_amount' => NULL,
  'device_id' => NULL,
  'discountOnBonusAmount' => '5.1',
  'documents_type' => NULL,
  'email' => NULL,
  'entryFees' => '51.0',
  'gender' => NULL,
  'image_bytes' => NULL,
  'image_url' => NULL,
  'match_id' => '44596',
  'mobile_number' => NULL,
  'name' => NULL,
  'new_password' => NULL,
  'otp' => NULL,
  'password' => NULL,
  'payment_mode' => NULL,
  'payment_status' => NULL,
  'pinCode' => NULL,
  'referral_code' => NULL,
  'role_type' => 0,
  'state' => NULL,
  'team_id' => 0,
  'team_name' => NULL,
  'token' => NULL,
  'totalPaidAmount' => '0.0',
  'transaction_id' => NULL,
  'user_id' => '351',
  'user_type' => NULL,
  'username' => NULL,
  'version_code' => 0,
)  
[2020-06-13 12:55:15] local.INFO: array (
  'action_type' => NULL,
  'city' => NULL,
  'contest_id' => '3884',
  'created_team_id' => 
  array (
    0 => 550,
  ),
  'current_password' => NULL,
  'dateOfBirth' => NULL,
  'deposit_amount' => NULL,
  'device_id' => NULL,
  'discountOnBonusAmount' => '0.0',
  'documents_type' => NULL,
  'email' => NULL,
  'entryFees' => '0.0',
  'gender' => NULL,
  'image_bytes' => NULL,
  'image_url' => NULL,
  'match_id' => '44596',
  'mobile_number' => NULL,
  'name' => NULL,
  'new_password' => NULL,
  'otp' => NULL,
  'password' => NULL,
  'payment_mode' => NULL,
  'payment_status' => NULL,
  'pinCode' => NULL,
  'referral_code' => NULL,
  'role_type' => 0,
  'state' => NULL,
  'team_id' => 0,
  'token' => NULL,
  'totalPaidAmount' => '0.0',
  'transaction_id' => NULL,
  'user_id' => '371',
  'user_type' => NULL,
  'username' => NULL,
  'version_code' => 0,
)  
[2020-06-13 12:55:25] local.INFO: array (
  'action_type' => NULL,
  'city' => NULL,
  'contest_id' => '3884',
  'created_team_id' => 
  array (
    0 => 549,
    1 => 550,
  ),
  'current_password' => NULL,
  'dateOfBirth' => NULL,
  'deposit_amount' => NULL,
  'device_id' => NULL,
  'discountOnBonusAmount' => '0.0',
  'documents_type' => NULL,
  'email' => NULL,
  'entryFees' => '0.0',
  'gender' => NULL,
  'image_bytes' => NULL,
  'image_url' => NULL,
  'match_id' => '44596',
  'mobile_number' => NULL,
  'name' => NULL,
  'new_password' => NULL,
  'otp' => NULL,
  'password' => NULL,
  'payment_mode' => NULL,
  'payment_status' => NULL,
  'pinCode' => NULL,
  'referral_code' => NULL,
  'role_type' => 0,
  'state' => NULL,
  'team_id' => 0,
  'token' => NULL,
  'totalPaidAmount' => '0.0',
  'transaction_id' => NULL,
  'user_id' => '371',
  'user_type' => NULL,
  'username' => NULL,
  'version_code' => 0,
)  
[2020-06-13 12:55:34] local.INFO: array (
  'action_type' => NULL,
  'city' => NULL,
  'contest_id' => '3884',
  'created_team_id' => 
  array (
    0 => 549,
    1 => 550,
  ),
  'current_password' => NULL,
  'dateOfBirth' => NULL,
  'deposit_amount' => NULL,
  'device_id' => NULL,
  'discountOnBonusAmount' => '0.0',
  'documents_type' => NULL,
  'email' => NULL,
  'entryFees' => '0.0',
  'gender' => NULL,
  'image_bytes' => NULL,
  'image_url' => NULL,
  'match_id' => '44596',
  'mobile_number' => NULL,
  'name' => NULL,
  'new_password' => NULL,
  'otp' => NULL,
  'password' => NULL,
  'payment_mode' => NULL,
  'payment_status' => NULL,
  'pinCode' => NULL,
  'referral_code' => NULL,
  'role_type' => 0,
  'state' => NULL,
  'team_id' => 0,
  'token' => NULL,
  'totalPaidAmount' => '0.0',
  'transaction_id' => NULL,
  'user_id' => '371',
  'user_type' => NULL,
  'username' => NULL,
  'version_code' => 0,
)  
[2020-06-13 12:55:50] local.INFO: array (
  'action_type' => NULL,
  'city' => NULL,
  'contest_id' => '9362',
  'created_team_id' => 
  array (
    0 => 553,
  ),
  'current_password' => NULL,
  'dateOfBirth' => NULL,
  'deposit_amount' => NULL,
  'device_id' => NULL,
  'discountOnBonusAmount' => '5.1',
  'documents_type' => NULL,
  'email' => NULL,
  'entryFees' => '51.0',
  'gender' => NULL,
  'image_bytes' => NULL,
  'image_url' => NULL,
  'match_id' => '44596',
  'mobile_number' => NULL,
  'name' => NULL,
  'new_password' => NULL,
  'otp' => NULL,
  'password' => NULL,
  'payment_mode' => NULL,
  'payment_status' => NULL,
  'pinCode' => NULL,
  'referral_code' => NULL,
  'role_type' => 0,
  'state' => NULL,
  'team_id' => 0,
  'team_name' => NULL,
  'token' => NULL,
  'totalPaidAmount' => '0.0',
  'transaction_id' => NULL,
  'user_id' => '285',
  'user_type' => NULL,
  'username' => NULL,
  'version_code' => 0,
)  
[2020-06-13 12:55:56] local.INFO: array (
  'action_type' => NULL,
  'city' => NULL,
  'contest_id' => '3884',
  'created_team_id' => 
  array (
    0 => 554,
  ),
  'current_password' => NULL,
  'dateOfBirth' => NULL,
  'deposit_amount' => NULL,
  'device_id' => NULL,
  'discountOnBonusAmount' => '0.0',
  'documents_type' => NULL,
  'email' => NULL,
  'entryFees' => '0.0',
  'gender' => NULL,
  'image_bytes' => NULL,
  'image_url' => NULL,
  'match_id' => '44596',
  'mobile_number' => NULL,
  'name' => NULL,
  'new_password' => NULL,
  'otp' => NULL,
  'password' => NULL,
  'payment_mode' => NULL,
  'payment_status' => NULL,
  'pinCode' => NULL,
  'referral_code' => NULL,
  'role_type' => 0,
  'state' => NULL,
  'team_id' => 0,
  'token' => NULL,
  'totalPaidAmount' => '0.0',
  'transaction_id' => NULL,
  'user_id' => '390',
  'user_type' => NULL,
  'username' => NULL,
  'version_code' => 0,
)  
[2020-06-13 13:04:36] local.INFO: array (
  'action_type' => NULL,
  'city' => NULL,
  'contest_id' => '8614',
  'created_team_id' => 
  array (
    0 => 561,
  ),
  'current_password' => NULL,
  'dateOfBirth' => NULL,
  'deposit_amount' => NULL,
  'device_id' => NULL,
  'discountOnBonusAmount' => '3.9',
  'documents_type' => NULL,
  'email' => NULL,
  'entryFees' => '39.0',
  'gender' => NULL,
  'image_bytes' => NULL,
  'image_url' => NULL,
  'match_id' => '44596',
  'mobile_number' => NULL,
  'name' => NULL,
  'new_password' => NULL,
  'otp' => NULL,
  'password' => NULL,
  'payment_mode' => NULL,
  'payment_status' => NULL,
  'pinCode' => NULL,
  'referral_code' => NULL,
  'role_type' => 0,
  'state' => NULL,
  'team_id' => 0,
  'team_name' => NULL,
  'token' => NULL,
  'totalPaidAmount' => '35.1',
  'transaction_id' => NULL,
  'user_id' => '391',
  'user_type' => NULL,
  'username' => NULL,
  'version_code' => 0,
)  
[2020-06-13 13:05:21] local.INFO: array (
  'action_type' => NULL,
  'city' => NULL,
  'contest_id' => '3884',
  'created_team_id' => 
  array (
    0 => 561,
  ),
  'current_password' => NULL,
  'dateOfBirth' => NULL,
  'deposit_amount' => NULL,
  'device_id' => NULL,
  'discountOnBonusAmount' => '0.0',
  'documents_type' => NULL,
  'email' => NULL,
  'entryFees' => '0.0',
  'gender' => NULL,
  'image_bytes' => NULL,
  'image_url' => NULL,
  'match_id' => '44596',
  'mobile_number' => NULL,
  'name' => NULL,
  'new_password' => NULL,
  'otp' => NULL,
  'password' => NULL,
  'payment_mode' => NULL,
  'payment_status' => NULL,
  'pinCode' => NULL,
  'referral_code' => NULL,
  'role_type' => 0,
  'state' => NULL,
  'team_id' => 0,
  'team_name' => NULL,
  'token' => NULL,
  'totalPaidAmount' => '0.0',
  'transaction_id' => NULL,
  'user_id' => '391',
  'user_type' => NULL,
  'username' => NULL,
  'version_code' => 0,
)  
[2020-06-13 13:12:08] local.INFO: array (
  'action_type' => NULL,
  'city' => NULL,
  'contest_id' => '3884',
  'created_team_id' => 
  array (
    0 => 534,
  ),
  'current_password' => NULL,
  'dateOfBirth' => NULL,
  'deposit_amount' => NULL,
  'device_id' => NULL,
  'discountOnBonusAmount' => '0.0',
  'documents_type' => NULL,
  'email' => NULL,
  'entryFees' => '0.0',
  'gender' => NULL,
  'image_bytes' => NULL,
  'image_url' => NULL,
  'match_id' => '44596',
  'mobile_number' => NULL,
  'name' => NULL,
  'new_password' => NULL,
  'otp' => NULL,
  'password' => NULL,
  'payment_mode' => NULL,
  'payment_status' => NULL,
  'pinCode' => NULL,
  'referral_code' => NULL,
  'role_type' => 0,
  'state' => NULL,
  'team_id' => 0,
  'team_name' => NULL,
  'token' => NULL,
  'totalPaidAmount' => '0.0',
  'transaction_id' => NULL,
  'user_id' => '262',
  'user_type' => NULL,
  'username' => NULL,
  'version_code' => 0,
)  
[2020-06-13 13:12:24] local.INFO: array (
  'action_type' => NULL,
  'city' => NULL,
  'contest_id' => '3884',
  'created_team_id' => 
  array (
    0 => 553,
  ),
  'current_password' => NULL,
  'dateOfBirth' => NULL,
  'deposit_amount' => NULL,
  'device_id' => NULL,
  'discountOnBonusAmount' => '0.0',
  'documents_type' => NULL,
  'email' => NULL,
  'entryFees' => '0.0',
  'gender' => NULL,
  'image_bytes' => NULL,
  'image_url' => NULL,
  'match_id' => '44596',
  'mobile_number' => NULL,
  'name' => NULL,
  'new_password' => NULL,
  'otp' => NULL,
  'password' => NULL,
  'payment_mode' => NULL,
  'payment_status' => NULL,
  'pinCode' => NULL,
  'referral_code' => NULL,
  'role_type' => 0,
  'state' => NULL,
  'team_id' => 0,
  'team_name' => NULL,
  'token' => NULL,
  'totalPaidAmount' => '0.0',
  'transaction_id' => NULL,
  'user_id' => '285',
  'user_type' => NULL,
  'username' => NULL,
  'version_code' => 0,
)  
[2020-06-13 13:12:45] local.INFO: array (
  'action_type' => NULL,
  'city' => NULL,
  'contest_id' => '3884',
  'created_team_id' => 
  array (
    0 => 544,
  ),
  'current_password' => NULL,
  'dateOfBirth' => NULL,
  'deposit_amount' => NULL,
  'device_id' => NULL,
  'discountOnBonusAmount' => '0.0',
  'documents_type' => NULL,
  'email' => NULL,
  'entryFees' => '0.0',
  'gender' => NULL,
  'image_bytes' => NULL,
  'image_url' => NULL,
  'match_id' => '44596',
  'mobile_number' => NULL,
  'name' => NULL,
  'new_password' => NULL,
  'otp' => NULL,
  'password' => NULL,
  'payment_mode' => NULL,
  'payment_status' => NULL,
  'pinCode' => NULL,
  'referral_code' => NULL,
  'role_type' => 0,
  'state' => NULL,
  'team_id' => 0,
  'team_name' => NULL,
  'token' => NULL,
  'totalPaidAmount' => '0.0',
  'transaction_id' => NULL,
  'user_id' => '379',
  'user_type' => NULL,
  'username' => NULL,
  'version_code' => 0,
)  
[2020-06-13 13:13:47] local.INFO: array (
  'action_type' => NULL,
  'city' => NULL,
  'contest_id' => '3884',
  'created_team_id' => 
  array (
    0 => 563,
  ),
  'current_password' => NULL,
  'dateOfBirth' => NULL,
  'deposit_amount' => NULL,
  'device_id' => NULL,
  'discountOnBonusAmount' => '0.0',
  'documents_type' => NULL,
  'email' => NULL,
  'entryFees' => '0.0',
  'gender' => NULL,
  'image_bytes' => NULL,
  'image_url' => NULL,
  'match_id' => '44596',
  'mobile_number' => NULL,
  'name' => NULL,
  'new_password' => NULL,
  'otp' => NULL,
  'password' => NULL,
  'payment_mode' => NULL,
  'payment_status' => NULL,
  'pinCode' => NULL,
  'referral_code' => NULL,
  'role_type' => 0,
  'state' => NULL,
  'team_id' => 0,
  'team_name' => NULL,
  'token' => NULL,
  'totalPaidAmount' => '0.0',
  'transaction_id' => NULL,
  'user_id' => '379',
  'user_type' => NULL,
  'username' => NULL,
  'version_code' => 0,
)  
[2020-06-13 13:13:47] local.INFO: array (
  'action_type' => NULL,
  'city' => NULL,
  'contest_id' => '3884',
  'created_team_id' => 
  array (
    0 => 563,
  ),
  'current_password' => NULL,
  'dateOfBirth' => NULL,
  'deposit_amount' => NULL,
  'device_id' => NULL,
  'discountOnBonusAmount' => '0.0',
  'documents_type' => NULL,
  'email' => NULL,
  'entryFees' => '0.0',
  'gender' => NULL,
  'image_bytes' => NULL,
  'image_url' => NULL,
  'match_id' => '44596',
  'mobile_number' => NULL,
  'name' => NULL,
  'new_password' => NULL,
  'otp' => NULL,
  'password' => NULL,
  'payment_mode' => NULL,
  'payment_status' => NULL,
  'pinCode' => NULL,
  'referral_code' => NULL,
  'role_type' => 0,
  'state' => NULL,
  'team_id' => 0,
  'team_name' => NULL,
  'token' => NULL,
  'totalPaidAmount' => '0.0',
  'transaction_id' => NULL,
  'user_id' => '379',
  'user_type' => NULL,
  'username' => NULL,
  'version_code' => 0,
)  
[2020-06-13 13:13:48] local.INFO: array (
  'action_type' => NULL,
  'city' => NULL,
  'contest_id' => '3884',
  'created_team_id' => 
  array (
    0 => 563,
  ),
  'current_password' => NULL,
  'dateOfBirth' => NULL,
  'deposit_amount' => NULL,
  'device_id' => NULL,
  'discountOnBonusAmount' => '0.0',
  'documents_type' => NULL,
  'email' => NULL,
  'entryFees' => '0.0',
  'gender' => NULL,
  'image_bytes' => NULL,
  'image_url' => NULL,
  'match_id' => '44596',
  'mobile_number' => NULL,
  'name' => NULL,
  'new_password' => NULL,
  'otp' => NULL,
  'password' => NULL,
  'payment_mode' => NULL,
  'payment_status' => NULL,
  'pinCode' => NULL,
  'referral_code' => NULL,
  'role_type' => 0,
  'state' => NULL,
  'team_id' => 0,
  'team_name' => NULL,
  'token' => NULL,
  'totalPaidAmount' => '0.0',
  'transaction_id' => NULL,
  'user_id' => '379',
  'user_type' => NULL,
  'username' => NULL,
  'version_code' => 0,
)  
[2020-06-13 13:14:05] local.INFO: array (
  'action_type' => NULL,
  'city' => NULL,
  'contest_id' => '3884',
  'created_team_id' => 
  array (
    0 => 564,
  ),
  'current_password' => NULL,
  'dateOfBirth' => NULL,
  'deposit_amount' => NULL,
  'device_id' => NULL,
  'discountOnBonusAmount' => '0.0',
  'documents_type' => NULL,
  'email' => NULL,
  'entryFees' => '0.0',
  'gender' => NULL,
  'image_bytes' => NULL,
  'image_url' => NULL,
  'match_id' => '44596',
  'mobile_number' => NULL,
  'name' => NULL,
  'new_password' => NULL,
  'otp' => NULL,
  'password' => NULL,
  'payment_mode' => NULL,
  'payment_status' => NULL,
  'pinCode' => NULL,
  'referral_code' => NULL,
  'role_type' => 0,
  'state' => NULL,
  'team_id' => 0,
  'team_name' => NULL,
  'token' => NULL,
  'totalPaidAmount' => '0.0',
  'transaction_id' => NULL,
  'user_id' => '285',
  'user_type' => NULL,
  'username' => NULL,
  'version_code' => 0,
)  
[2020-06-13 13:26:55] local.INFO: array (
  'action_type' => NULL,
  'city' => NULL,
  'contest_id' => '9363',
  'created_team_id' => 
  array (
    0 => 565,
  ),
  'current_password' => NULL,
  'dateOfBirth' => NULL,
  'deposit_amount' => NULL,
  'device_id' => NULL,
  'discountOnBonusAmount' => '5.1',
  'documents_type' => NULL,
  'email' => NULL,
  'entryFees' => '51.0',
  'gender' => NULL,
  'image_bytes' => NULL,
  'image_url' => NULL,
  'match_id' => '44597',
  'mobile_number' => NULL,
  'name' => NULL,
  'new_password' => NULL,
  'otp' => NULL,
  'password' => NULL,
  'payment_mode' => NULL,
  'payment_status' => NULL,
  'pinCode' => NULL,
  'referral_code' => NULL,
  'role_type' => 0,
  'state' => NULL,
  'team_id' => 0,
  'team_name' => NULL,
  'token' => NULL,
  'totalPaidAmount' => '0.0',
  'transaction_id' => NULL,
  'user_id' => '285',
  'user_type' => NULL,
  'username' => NULL,
  'version_code' => 0,
)  
[2020-06-13 13:33:01] local.INFO: array (
  'action_type' => NULL,
  'city' => NULL,
  'contest_id' => '8630',
  'created_team_id' => 
  array (
    0 => 566,
  ),
  'current_password' => NULL,
  'dateOfBirth' => NULL,
  'deposit_amount' => NULL,
  'device_id' => NULL,
  'discountOnBonusAmount' => '3.9',
  'documents_type' => NULL,
  'email' => NULL,
  'entryFees' => '39.0',
  'gender' => NULL,
  'image_bytes' => NULL,
  'image_url' => NULL,
  'match_id' => '44597',
  'mobile_number' => NULL,
  'name' => NULL,
  'new_password' => NULL,
  'otp' => NULL,
  'password' => NULL,
  'payment_mode' => NULL,
  'payment_status' => NULL,
  'pinCode' => NULL,
  'referral_code' => NULL,
  'role_type' => 0,
  'state' => NULL,
  'team_id' => 0,
  'team_name' => NULL,
  'token' => NULL,
  'totalPaidAmount' => '35.1',
  'transaction_id' => NULL,
  'user_id' => '367',
  'user_type' => NULL,
  'username' => NULL,
  'version_code' => 0,
)  
[2020-06-13 13:37:14] local.INFO: array (
  'action_type' => NULL,
  'city' => NULL,
  'contest_id' => '9398',
  'created_team_id' => 
  array (
    0 => 565,
  ),
  'current_password' => NULL,
  'dateOfBirth' => NULL,
  'deposit_amount' => NULL,
  'device_id' => NULL,
  'discountOnBonusAmount' => '0.0',
  'documents_type' => NULL,
  'email' => NULL,
  'entryFees' => '0.0',
  'gender' => NULL,
  'image_bytes' => NULL,
  'image_url' => NULL,
  'match_id' => '44597',
  'mobile_number' => NULL,
  'name' => NULL,
  'new_password' => NULL,
  'otp' => NULL,
  'password' => NULL,
  'payment_mode' => NULL,
  'payment_status' => NULL,
  'pinCode' => NULL,
  'referral_code' => NULL,
  'role_type' => 0,
  'state' => NULL,
  'team_id' => 0,
  'team_name' => NULL,
  'token' => NULL,
  'totalPaidAmount' => '0.0',
  'transaction_id' => NULL,
  'user_id' => '285',
  'user_type' => NULL,
  'username' => NULL,
  'version_code' => 0,
)  
[2020-06-13 13:37:51] local.INFO: array (
  'action_type' => NULL,
  'city' => NULL,
  'contest_id' => '9398',
  'created_team_id' => 
  array (
    0 => 567,
  ),
  'current_password' => NULL,
  'dateOfBirth' => NULL,
  'deposit_amount' => NULL,
  'device_id' => NULL,
  'discountOnBonusAmount' => '0.0',
  'documents_type' => NULL,
  'email' => NULL,
  'entryFees' => '0.0',
  'gender' => NULL,
  'image_bytes' => NULL,
  'image_url' => NULL,
  'match_id' => '44597',
  'mobile_number' => NULL,
  'name' => NULL,
  'new_password' => NULL,
  'otp' => NULL,
  'password' => NULL,
  'payment_mode' => NULL,
  'payment_status' => NULL,
  'pinCode' => NULL,
  'referral_code' => NULL,
  'role_type' => 0,
  'state' => NULL,
  'team_id' => 0,
  'team_name' => NULL,
  'token' => NULL,
  'totalPaidAmount' => '0.0',
  'transaction_id' => NULL,
  'user_id' => '285',
  'user_type' => NULL,
  'username' => NULL,
  'version_code' => 0,
)  
[2020-06-13 13:45:34] local.INFO: array (
  'action_type' => NULL,
  'city' => NULL,
  'contest_id' => '9398',
  'created_team_id' => 
  array (
    0 => 568,
  ),
  'current_password' => NULL,
  'dateOfBirth' => NULL,
  'deposit_amount' => NULL,
  'device_id' => NULL,
  'discountOnBonusAmount' => '0.0',
  'documents_type' => NULL,
  'email' => NULL,
  'entryFees' => '0.0',
  'gender' => NULL,
  'image_bytes' => NULL,
  'image_url' => NULL,
  'match_id' => '44597',
  'mobile_number' => NULL,
  'name' => NULL,
  'new_password' => NULL,
  'otp' => NULL,
  'password' => NULL,
  'payment_mode' => NULL,
  'payment_status' => NULL,
  'pinCode' => NULL,
  'referral_code' => NULL,
  'role_type' => 0,
  'state' => NULL,
  'team_id' => 0,
  'team_name' => NULL,
  'token' => NULL,
  'totalPaidAmount' => '0.0',
  'transaction_id' => NULL,
  'user_id' => '358',
  'user_type' => NULL,
  'username' => NULL,
  'version_code' => 0,
)  
[2020-06-13 13:46:02] local.INFO: array (
  'action_type' => NULL,
  'city' => NULL,
  'contest_id' => '9398',
  'created_team_id' => 
  array (
    0 => 569,
  ),
  'current_password' => NULL,
  'dateOfBirth' => NULL,
  'deposit_amount' => NULL,
  'device_id' => NULL,
  'discountOnBonusAmount' => '0.0',
  'documents_type' => NULL,
  'email' => NULL,
  'entryFees' => '0.0',
  'gender' => NULL,
  'image_bytes' => NULL,
  'image_url' => NULL,
  'match_id' => '44597',
  'mobile_number' => NULL,
  'name' => NULL,
  'new_password' => NULL,
  'otp' => NULL,
  'password' => NULL,
  'payment_mode' => NULL,
  'payment_status' => NULL,
  'pinCode' => NULL,
  'referral_code' => NULL,
  'role_type' => 0,
  'state' => NULL,
  'team_id' => 0,
  'team_name' => NULL,
  'token' => NULL,
  'totalPaidAmount' => '0.0',
  'transaction_id' => NULL,
  'user_id' => '358',
  'user_type' => NULL,
  'username' => NULL,
  'version_code' => 0,
)  
[2020-06-13 13:46:34] local.INFO: array (
  'action_type' => NULL,
  'city' => NULL,
  'contest_id' => '9398',
  'created_team_id' => 
  array (
    0 => 570,
  ),
  'current_password' => NULL,
  'dateOfBirth' => NULL,
  'deposit_amount' => NULL,
  'device_id' => NULL,
  'discountOnBonusAmount' => '0.0',
  'documents_type' => NULL,
  'email' => NULL,
  'entryFees' => '0.0',
  'gender' => NULL,
  'image_bytes' => NULL,
  'image_url' => NULL,
  'match_id' => '44597',
  'mobile_number' => NULL,
  'name' => NULL,
  'new_password' => NULL,
  'otp' => NULL,
  'password' => NULL,
  'payment_mode' => NULL,
  'payment_status' => NULL,
  'pinCode' => NULL,
  'referral_code' => NULL,
  'role_type' => 0,
  'state' => NULL,
  'team_id' => 0,
  'team_name' => NULL,
  'token' => NULL,
  'totalPaidAmount' => '0.0',
  'transaction_id' => NULL,
  'user_id' => '358',
  'user_type' => NULL,
  'username' => NULL,
  'version_code' => 0,
)  
