[2020-06-10 16:15:20] local.INFO: array (
  'action_type' => NULL,
  'city' => NULL,
  'contest_id' => '3791',
  'created_team_id' => 
  array (
    0 => 421,
  ),
  'current_password' => NULL,
  'dateOfBirth' => NULL,
  'deposit_amount' => NULL,
  'device_id' => NULL,
  'discountOnBonusAmount' => '0.0',
  'documents_type' => NULL,
  'email' => NULL,
  'entryFees' => '0.0',
  'gender' => NULL,
  'image_bytes' => NULL,
  'image_url' => NULL,
  'match_id' => '44589',
  'mobile_number' => NULL,
  'name' => NULL,
  'new_password' => NULL,
  'otp' => NULL,
  'password' => NULL,
  'payment_mode' => NULL,
  'payment_status' => NULL,
  'pinCode' => NULL,
  'referral_code' => NULL,
  'role_type' => 0,
  'state' => NULL,
  'team_id' => 0,
  'team_name' => NULL,
  'token' => NULL,
  'totalPaidAmount' => '0.0',
  'transaction_id' => NULL,
  'user_id' => '285',
  'user_type' => NULL,
  'username' => NULL,
  'version_code' => 0,
)  
[2020-06-10 16:31:32] local.INFO: array (
  'action_type' => NULL,
  'city' => NULL,
  'contest_id' => '3791',
  'created_team_id' => 
  array (
    0 => 420,
  ),
  'current_password' => NULL,
  'dateOfBirth' => NULL,
  'deposit_amount' => NULL,
  'device_id' => NULL,
  'discountOnBonusAmount' => '0.0',
  'documents_type' => NULL,
  'email' => NULL,
  'entryFees' => '0.0',
  'gender' => NULL,
  'image_bytes' => NULL,
  'image_url' => NULL,
  'match_id' => '44589',
  'mobile_number' => NULL,
  'name' => NULL,
  'new_password' => NULL,
  'otp' => NULL,
  'password' => NULL,
  'payment_mode' => NULL,
  'payment_status' => NULL,
  'pinCode' => NULL,
  'referral_code' => NULL,
  'role_type' => 0,
  'state' => NULL,
  'team_id' => 0,
  'team_name' => NULL,
  'token' => NULL,
  'totalPaidAmount' => '0.0',
  'transaction_id' => NULL,
  'user_id' => '262',
  'user_type' => NULL,
  'username' => NULL,
  'version_code' => 0,
)  
[2020-06-10 16:31:49] local.INFO: array (
  'action_type' => NULL,
  'city' => NULL,
  'contest_id' => '4042',
  'created_team_id' => 
  array (
    0 => 421,
    1 => 422,
  ),
  'current_password' => NULL,
  'dateOfBirth' => NULL,
  'deposit_amount' => NULL,
  'device_id' => NULL,
  'discountOnBonusAmount' => '0.0',
  'documents_type' => NULL,
  'email' => NULL,
  'entryFees' => '0.0',
  'gender' => NULL,
  'image_bytes' => NULL,
  'image_url' => NULL,
  'match_id' => '44589',
  'mobile_number' => NULL,
  'name' => NULL,
  'new_password' => NULL,
  'otp' => NULL,
  'password' => NULL,
  'payment_mode' => NULL,
  'payment_status' => NULL,
  'pinCode' => NULL,
  'referral_code' => NULL,
  'role_type' => 0,
  'state' => NULL,
  'team_id' => 0,
  'team_name' => NULL,
  'token' => NULL,
  'totalPaidAmount' => '0.0',
  'transaction_id' => NULL,
  'user_id' => '285',
  'user_type' => NULL,
  'username' => NULL,
  'version_code' => 0,
)  
[2020-06-10 16:32:48] local.INFO: array (
  'action_type' => NULL,
  'city' => NULL,
  'contest_id' => '4042',
  'created_team_id' => 
  array (
    0 => 497,
  ),
  'current_password' => NULL,
  'dateOfBirth' => NULL,
  'deposit_amount' => NULL,
  'device_id' => NULL,
  'discountOnBonusAmount' => '0.0',
  'documents_type' => NULL,
  'email' => NULL,
  'entryFees' => '0.0',
  'gender' => NULL,
  'image_bytes' => NULL,
  'image_url' => NULL,
  'match_id' => '44589',
  'mobile_number' => NULL,
  'name' => NULL,
  'new_password' => NULL,
  'otp' => NULL,
  'password' => NULL,
  'payment_mode' => NULL,
  'payment_status' => NULL,
  'pinCode' => NULL,
  'referral_code' => NULL,
  'role_type' => 0,
  'state' => NULL,
  'team_id' => 0,
  'team_name' => NULL,
  'token' => NULL,
  'totalPaidAmount' => '0.0',
  'transaction_id' => NULL,
  'user_id' => '285',
  'user_type' => NULL,
  'username' => NULL,
  'version_code' => 0,
)  
[2020-06-10 16:32:54] local.INFO: array (
  'action_type' => NULL,
  'city' => NULL,
  'contest_id' => '4042',
  'created_team_id' => 
  array (
    0 => 497,
  ),
  'current_password' => NULL,
  'dateOfBirth' => NULL,
  'deposit_amount' => NULL,
  'device_id' => NULL,
  'discountOnBonusAmount' => '0.0',
  'documents_type' => NULL,
  'email' => NULL,
  'entryFees' => '0.0',
  'gender' => NULL,
  'image_bytes' => NULL,
  'image_url' => NULL,
  'match_id' => '44589',
  'mobile_number' => NULL,
  'name' => NULL,
  'new_password' => NULL,
  'otp' => NULL,
  'password' => NULL,
  'payment_mode' => NULL,
  'payment_status' => NULL,
  'pinCode' => NULL,
  'referral_code' => NULL,
  'role_type' => 0,
  'state' => NULL,
  'team_id' => 0,
  'team_name' => NULL,
  'token' => NULL,
  'totalPaidAmount' => '0.0',
  'transaction_id' => NULL,
  'user_id' => '285',
  'user_type' => NULL,
  'username' => NULL,
  'version_code' => 0,
)  
[2020-06-10 16:36:00] local.INFO: array (
  'action_type' => NULL,
  'city' => NULL,
  'contest_id' => '4042',
  'created_team_id' => 
  array (
    0 => 497,
  ),
  'current_password' => NULL,
  'dateOfBirth' => NULL,
  'deposit_amount' => NULL,
  'device_id' => NULL,
  'discountOnBonusAmount' => '0.0',
  'documents_type' => NULL,
  'email' => NULL,
  'entryFees' => '0.0',
  'gender' => NULL,
  'image_bytes' => NULL,
  'image_url' => NULL,
  'match_id' => '44589',
  'mobile_number' => NULL,
  'name' => NULL,
  'new_password' => NULL,
  'otp' => NULL,
  'password' => NULL,
  'payment_mode' => NULL,
  'payment_status' => NULL,
  'pinCode' => NULL,
  'referral_code' => NULL,
  'role_type' => 0,
  'state' => NULL,
  'team_id' => 0,
  'team_name' => NULL,
  'token' => NULL,
  'totalPaidAmount' => '0.0',
  'transaction_id' => NULL,
  'user_id' => '285',
  'user_type' => NULL,
  'username' => NULL,
  'version_code' => 0,
)  
[2020-06-10 16:40:29] local.INFO: array (
  'action_type' => NULL,
  'city' => NULL,
  'contest_id' => '4042',
  'created_team_id' => 
  array (
    0 => 498,
    1 => 499,
  ),
  'current_password' => NULL,
  'dateOfBirth' => NULL,
  'deposit_amount' => NULL,
  'device_id' => NULL,
  'discountOnBonusAmount' => '0.0',
  'documents_type' => NULL,
  'email' => NULL,
  'entryFees' => '0.0',
  'gender' => NULL,
  'image_bytes' => NULL,
  'image_url' => NULL,
  'match_id' => '44589',
  'mobile_number' => NULL,
  'name' => NULL,
  'new_password' => NULL,
  'otp' => NULL,
  'password' => NULL,
  'payment_mode' => NULL,
  'payment_status' => NULL,
  'pinCode' => NULL,
  'referral_code' => NULL,
  'role_type' => 0,
  'state' => NULL,
  'team_id' => 0,
  'team_name' => NULL,
  'token' => NULL,
  'totalPaidAmount' => '0.0',
  'transaction_id' => NULL,
  'user_id' => '262',
  'user_type' => NULL,
  'username' => NULL,
  'version_code' => 0,
)  
[2020-06-10 17:17:53] local.INFO: array (
  'action_type' => NULL,
  'city' => NULL,
  'contest_id' => '3785',
  'created_team_id' => 
  array (
    0 => 480,
  ),
  'current_password' => NULL,
  'dateOfBirth' => NULL,
  'deposit_amount' => NULL,
  'device_id' => NULL,
  'discountOnBonusAmount' => '2.7',
  'documents_type' => NULL,
  'email' => NULL,
  'entryFees' => '27.0',
  'gender' => NULL,
  'image_bytes' => NULL,
  'image_url' => NULL,
  'match_id' => '44589',
  'mobile_number' => NULL,
  'name' => NULL,
  'new_password' => NULL,
  'otp' => NULL,
  'password' => NULL,
  'payment_mode' => NULL,
  'payment_status' => NULL,
  'pinCode' => NULL,
  'referral_code' => NULL,
  'role_type' => 0,
  'state' => NULL,
  'team_id' => 0,
  'team_name' => NULL,
  'token' => NULL,
  'totalPaidAmount' => '24.3',
  'transaction_id' => NULL,
  'user_id' => '357',
  'user_type' => NULL,
  'username' => NULL,
  'version_code' => 0,
)  
[2020-06-10 17:19:44] local.INFO: array (
  'action_type' => NULL,
  'city' => NULL,
  'contest_id' => '3785',
  'created_team_id' => 
  array (
    0 => 500,
  ),
  'current_password' => NULL,
  'dateOfBirth' => NULL,
  'deposit_amount' => NULL,
  'device_id' => NULL,
  'discountOnBonusAmount' => '2.7',
  'documents_type' => NULL,
  'email' => NULL,
  'entryFees' => '27.0',
  'gender' => NULL,
  'image_bytes' => NULL,
  'image_url' => NULL,
  'match_id' => '44589',
  'mobile_number' => NULL,
  'name' => NULL,
  'new_password' => NULL,
  'otp' => NULL,
  'password' => NULL,
  'payment_mode' => NULL,
  'payment_status' => NULL,
  'pinCode' => NULL,
  'referral_code' => NULL,
  'role_type' => 0,
  'state' => NULL,
  'team_id' => 0,
  'team_name' => NULL,
  'token' => NULL,
  'totalPaidAmount' => '24.3',
  'transaction_id' => NULL,
  'user_id' => '262',
  'user_type' => NULL,
  'username' => NULL,
  'version_code' => 0,
)  
[2020-06-10 18:00:57] local.INFO: array (
  'action_type' => NULL,
  'city' => NULL,
  'contest_id' => '4042',
  'created_team_id' => 
  array (
    0 => 491,
  ),
  'current_password' => NULL,
  'dateOfBirth' => NULL,
  'deposit_amount' => NULL,
  'device_id' => NULL,
  'discountOnBonusAmount' => '0.0',
  'documents_type' => NULL,
  'email' => NULL,
  'entryFees' => '0.0',
  'gender' => NULL,
  'image_bytes' => NULL,
  'image_url' => NULL,
  'match_id' => '44589',
  'mobile_number' => NULL,
  'name' => NULL,
  'new_password' => NULL,
  'otp' => NULL,
  'password' => NULL,
  'payment_mode' => NULL,
  'payment_status' => NULL,
  'pinCode' => NULL,
  'referral_code' => NULL,
  'role_type' => 0,
  'state' => NULL,
  'team_id' => 0,
  'token' => NULL,
  'totalPaidAmount' => '0.0',
  'transaction_id' => NULL,
  'user_id' => '338',
  'user_type' => NULL,
  'username' => NULL,
  'version_code' => 0,
)  
[2020-06-10 18:32:26] local.INFO: array (
  'action_type' => NULL,
  'city' => NULL,
  'contest_id' => '3884',
  'created_team_id' => 
  array (
    0 => 501,
  ),
  'current_password' => NULL,
  'dateOfBirth' => NULL,
  'deposit_amount' => NULL,
  'device_id' => NULL,
  'discountOnBonusAmount' => '0.0',
  'documents_type' => NULL,
  'email' => NULL,
  'entryFees' => '0.0',
  'gender' => NULL,
  'image_bytes' => NULL,
  'image_url' => NULL,
  'match_id' => '44596',
  'mobile_number' => NULL,
  'name' => NULL,
  'new_password' => NULL,
  'otp' => NULL,
  'password' => NULL,
  'payment_mode' => NULL,
  'payment_status' => NULL,
  'pinCode' => NULL,
  'referral_code' => NULL,
  'role_type' => 0,
  'state' => NULL,
  'team_id' => 0,
  'team_name' => NULL,
  'token' => NULL,
  'totalPaidAmount' => '0.0',
  'transaction_id' => NULL,
  'user_id' => '351',
  'user_type' => NULL,
  'username' => NULL,
  'version_code' => 0,
)  
[2020-06-10 19:11:07] local.INFO: array (
  'action_type' => NULL,
  'city' => NULL,
  'contest_id' => '4042',
  'created_team_id' => 
  array (
    0 => 502,
  ),
  'current_password' => NULL,
  'dateOfBirth' => NULL,
  'deposit_amount' => NULL,
  'device_id' => NULL,
  'discountOnBonusAmount' => '0.0',
  'documents_type' => NULL,
  'email' => NULL,
  'entryFees' => '0.0',
  'gender' => NULL,
  'image_bytes' => NULL,
  'image_url' => NULL,
  'match_id' => '44589',
  'mobile_number' => NULL,
  'name' => NULL,
  'new_password' => NULL,
  'otp' => NULL,
  'password' => NULL,
  'payment_mode' => NULL,
  'payment_status' => NULL,
  'pinCode' => NULL,
  'referral_code' => NULL,
  'role_type' => 0,
  'state' => NULL,
  'team_id' => 0,
  'token' => NULL,
  'totalPaidAmount' => '0.0',
  'transaction_id' => NULL,
  'user_id' => '367',
  'user_type' => NULL,
  'username' => NULL,
  'version_code' => 0,
)  
[2020-06-10 19:19:41] local.INFO: array (
  'action_type' => NULL,
  'city' => NULL,
  'contest_id' => '4042',
  'created_team_id' => 
  array (
    0 => 476,
    1 => 503,
    2 => 504,
  ),
  'current_password' => NULL,
  'dateOfBirth' => NULL,
  'deposit_amount' => NULL,
  'device_id' => NULL,
  'discountOnBonusAmount' => '0.0',
  'documents_type' => NULL,
  'email' => NULL,
  'entryFees' => '0.0',
  'gender' => NULL,
  'image_bytes' => NULL,
  'image_url' => NULL,
  'match_id' => '44589',
  'mobile_number' => NULL,
  'name' => NULL,
  'new_password' => NULL,
  'otp' => NULL,
  'password' => NULL,
  'payment_mode' => NULL,
  'payment_status' => NULL,
  'pinCode' => NULL,
  'referral_code' => NULL,
  'role_type' => 0,
  'state' => NULL,
  'team_id' => 0,
  'team_name' => NULL,
  'token' => NULL,
  'totalPaidAmount' => '0.0',
  'transaction_id' => NULL,
  'user_id' => '379',
  'user_type' => NULL,
  'username' => NULL,
  'version_code' => 0,
)  
[2020-06-10 19:19:41] local.INFO: array (
  'action_type' => NULL,
  'city' => NULL,
  'contest_id' => '4042',
  'created_team_id' => 
  array (
    0 => 476,
    1 => 503,
    2 => 504,
  ),
  'current_password' => NULL,
  'dateOfBirth' => NULL,
  'deposit_amount' => NULL,
  'device_id' => NULL,
  'discountOnBonusAmount' => '0.0',
  'documents_type' => NULL,
  'email' => NULL,
  'entryFees' => '0.0',
  'gender' => NULL,
  'image_bytes' => NULL,
  'image_url' => NULL,
  'match_id' => '44589',
  'mobile_number' => NULL,
  'name' => NULL,
  'new_password' => NULL,
  'otp' => NULL,
  'password' => NULL,
  'payment_mode' => NULL,
  'payment_status' => NULL,
  'pinCode' => NULL,
  'referral_code' => NULL,
  'role_type' => 0,
  'state' => NULL,
  'team_id' => 0,
  'team_name' => NULL,
  'token' => NULL,
  'totalPaidAmount' => '0.0',
  'transaction_id' => NULL,
  'user_id' => '379',
  'user_type' => NULL,
  'username' => NULL,
  'version_code' => 0,
)  
[2020-06-10 19:26:01] local.INFO: array (
  'action_type' => NULL,
  'city' => NULL,
  'contest_id' => '4042',
  'created_team_id' => 
  array (
    0 => 504,
  ),
  'current_password' => NULL,
  'dateOfBirth' => NULL,
  'deposit_amount' => NULL,
  'device_id' => NULL,
  'discountOnBonusAmount' => '0.0',
  'documents_type' => NULL,
  'email' => NULL,
  'entryFees' => '0.0',
  'gender' => NULL,
  'image_bytes' => NULL,
  'image_url' => NULL,
  'match_id' => '44589',
  'mobile_number' => NULL,
  'name' => NULL,
  'new_password' => NULL,
  'otp' => NULL,
  'password' => NULL,
  'payment_mode' => NULL,
  'payment_status' => NULL,
  'pinCode' => NULL,
  'referral_code' => NULL,
  'role_type' => 0,
  'state' => NULL,
  'team_id' => 0,
  'team_name' => NULL,
  'token' => NULL,
  'totalPaidAmount' => '0.0',
  'transaction_id' => NULL,
  'user_id' => '379',
  'user_type' => NULL,
  'username' => NULL,
  'version_code' => 0,
)  
[2020-06-10 19:37:01] local.INFO: array (
  'action_type' => NULL,
  'city' => NULL,
  'contest_id' => '4042',
  'created_team_id' => 
  array (
    0 => 497,
  ),
  'current_password' => NULL,
  'dateOfBirth' => NULL,
  'deposit_amount' => NULL,
  'device_id' => NULL,
  'discountOnBonusAmount' => '0.0',
  'documents_type' => NULL,
  'email' => NULL,
  'entryFees' => '0.0',
  'gender' => NULL,
  'image_bytes' => NULL,
  'image_url' => NULL,
  'match_id' => '44589',
  'mobile_number' => NULL,
  'name' => NULL,
  'new_password' => NULL,
  'otp' => NULL,
  'password' => NULL,
  'payment_mode' => NULL,
  'payment_status' => NULL,
  'pinCode' => NULL,
  'referral_code' => NULL,
  'role_type' => 0,
  'state' => NULL,
  'team_id' => 0,
  'team_name' => NULL,
  'token' => NULL,
  'totalPaidAmount' => '0.0',
  'transaction_id' => NULL,
  'user_id' => '285',
  'user_type' => NULL,
  'username' => NULL,
  'version_code' => 0,
)  
[2020-06-10 19:47:14] local.INFO: array (
  'action_type' => NULL,
  'city' => NULL,
  'contest_id' => '4042',
  'created_team_id' => 
  array (
    0 => 505,
  ),
  'current_password' => NULL,
  'dateOfBirth' => NULL,
  'deposit_amount' => NULL,
  'device_id' => NULL,
  'discountOnBonusAmount' => '0.0',
  'documents_type' => NULL,
  'email' => NULL,
  'entryFees' => '0.0',
  'gender' => NULL,
  'image_bytes' => NULL,
  'image_url' => NULL,
  'match_id' => '44589',
  'mobile_number' => NULL,
  'name' => NULL,
  'new_password' => NULL,
  'otp' => NULL,
  'password' => NULL,
  'payment_mode' => NULL,
  'payment_status' => NULL,
  'pinCode' => NULL,
  'referral_code' => NULL,
  'role_type' => 0,
  'state' => NULL,
  'team_id' => 0,
  'team_name' => NULL,
  'token' => NULL,
  'totalPaidAmount' => '0.0',
  'transaction_id' => NULL,
  'user_id' => '358',
  'user_type' => NULL,
  'username' => NULL,
  'version_code' => 0,
)  
[2020-06-10 19:47:19] local.INFO: array (
  'action_type' => NULL,
  'city' => NULL,
  'contest_id' => '4042',
  'created_team_id' => 
  array (
    0 => 505,
  ),
  'current_password' => NULL,
  'dateOfBirth' => NULL,
  'deposit_amount' => NULL,
  'device_id' => NULL,
  'discountOnBonusAmount' => '0.0',
  'documents_type' => NULL,
  'email' => NULL,
  'entryFees' => '0.0',
  'gender' => NULL,
  'image_bytes' => NULL,
  'image_url' => NULL,
  'match_id' => '44589',
  'mobile_number' => NULL,
  'name' => NULL,
  'new_password' => NULL,
  'otp' => NULL,
  'password' => NULL,
  'payment_mode' => NULL,
  'payment_status' => NULL,
  'pinCode' => NULL,
  'referral_code' => NULL,
  'role_type' => 0,
  'state' => NULL,
  'team_id' => 0,
  'team_name' => NULL,
  'token' => NULL,
  'totalPaidAmount' => '0.0',
  'transaction_id' => NULL,
  'user_id' => '358',
  'user_type' => NULL,
  'username' => NULL,
  'version_code' => 0,
)  
[2020-06-10 19:49:37] local.INFO: array (
  'action_type' => NULL,
  'city' => NULL,
  'contest_id' => '4042',
  'created_team_id' => 
  array (
    0 => 507,
  ),
  'current_password' => NULL,
  'dateOfBirth' => NULL,
  'deposit_amount' => NULL,
  'device_id' => NULL,
  'discountOnBonusAmount' => '0.0',
  'documents_type' => NULL,
  'email' => NULL,
  'entryFees' => '0.0',
  'gender' => NULL,
  'image_bytes' => NULL,
  'image_url' => NULL,
  'match_id' => '44589',
  'mobile_number' => NULL,
  'name' => NULL,
  'new_password' => NULL,
  'otp' => NULL,
  'password' => NULL,
  'payment_mode' => NULL,
  'payment_status' => NULL,
  'pinCode' => NULL,
  'referral_code' => NULL,
  'role_type' => 0,
  'state' => NULL,
  'team_id' => 0,
  'team_name' => NULL,
  'token' => NULL,
  'totalPaidAmount' => '0.0',
  'transaction_id' => NULL,
  'user_id' => '358',
  'user_type' => NULL,
  'username' => NULL,
  'version_code' => 0,
)  
[2020-06-10 19:50:42] local.INFO: array (
  'action_type' => NULL,
  'city' => NULL,
  'contest_id' => '4042',
  'created_team_id' => 
  array (
    0 => 508,
  ),
  'current_password' => NULL,
  'dateOfBirth' => NULL,
  'deposit_amount' => NULL,
  'device_id' => NULL,
  'discountOnBonusAmount' => '0.0',
  'documents_type' => NULL,
  'email' => NULL,
  'entryFees' => '0.0',
  'gender' => NULL,
  'image_bytes' => NULL,
  'image_url' => NULL,
  'match_id' => '44589',
  'mobile_number' => NULL,
  'name' => NULL,
  'new_password' => NULL,
  'otp' => NULL,
  'password' => NULL,
  'payment_mode' => NULL,
  'payment_status' => NULL,
  'pinCode' => NULL,
  'referral_code' => NULL,
  'role_type' => 0,
  'state' => NULL,
  'team_id' => 0,
  'team_name' => NULL,
  'token' => NULL,
  'totalPaidAmount' => '0.0',
  'transaction_id' => NULL,
  'user_id' => '358',
  'user_type' => NULL,
  'username' => NULL,
  'version_code' => 0,
)  
[2020-06-10 19:50:49] local.INFO: array (
  'action_type' => NULL,
  'city' => NULL,
  'contest_id' => '4042',
  'created_team_id' => 
  array (
    0 => 508,
  ),
  'current_password' => NULL,
  'dateOfBirth' => NULL,
  'deposit_amount' => NULL,
  'device_id' => NULL,
  'discountOnBonusAmount' => '0.0',
  'documents_type' => NULL,
  'email' => NULL,
  'entryFees' => '0.0',
  'gender' => NULL,
  'image_bytes' => NULL,
  'image_url' => NULL,
  'match_id' => '44589',
  'mobile_number' => NULL,
  'name' => NULL,
  'new_password' => NULL,
  'otp' => NULL,
  'password' => NULL,
  'payment_mode' => NULL,
  'payment_status' => NULL,
  'pinCode' => NULL,
  'referral_code' => NULL,
  'role_type' => 0,
  'state' => NULL,
  'team_id' => 0,
  'team_name' => NULL,
  'token' => NULL,
  'totalPaidAmount' => '0.0',
  'transaction_id' => NULL,
  'user_id' => '358',
  'user_type' => NULL,
  'username' => NULL,
  'version_code' => 0,
)  
[2020-06-10 19:51:09] local.INFO: array (
  'action_type' => NULL,
  'city' => NULL,
  'contest_id' => '4042',
  'created_team_id' => 
  array (
    0 => 508,
  ),
  'current_password' => NULL,
  'dateOfBirth' => NULL,
  'deposit_amount' => NULL,
  'device_id' => NULL,
  'discountOnBonusAmount' => '0.0',
  'documents_type' => NULL,
  'email' => NULL,
  'entryFees' => '0.0',
  'gender' => NULL,
  'image_bytes' => NULL,
  'image_url' => NULL,
  'match_id' => '44589',
  'mobile_number' => NULL,
  'name' => NULL,
  'new_password' => NULL,
  'otp' => NULL,
  'password' => NULL,
  'payment_mode' => NULL,
  'payment_status' => NULL,
  'pinCode' => NULL,
  'referral_code' => NULL,
  'role_type' => 0,
  'state' => NULL,
  'team_id' => 0,
  'team_name' => NULL,
  'token' => NULL,
  'totalPaidAmount' => '0.0',
  'transaction_id' => NULL,
  'user_id' => '358',
  'user_type' => NULL,
  'username' => NULL,
  'version_code' => 0,
)  
[2020-06-10 19:51:18] local.INFO: array (
  'action_type' => NULL,
  'city' => NULL,
  'contest_id' => '4042',
  'created_team_id' => 
  array (
    0 => 508,
  ),
  'current_password' => NULL,
  'dateOfBirth' => NULL,
  'deposit_amount' => NULL,
  'device_id' => NULL,
  'discountOnBonusAmount' => '0.0',
  'documents_type' => NULL,
  'email' => NULL,
  'entryFees' => '0.0',
  'gender' => NULL,
  'image_bytes' => NULL,
  'image_url' => NULL,
  'match_id' => '44589',
  'mobile_number' => NULL,
  'name' => NULL,
  'new_password' => NULL,
  'otp' => NULL,
  'password' => NULL,
  'payment_mode' => NULL,
  'payment_status' => NULL,
  'pinCode' => NULL,
  'referral_code' => NULL,
  'role_type' => 0,
  'state' => NULL,
  'team_id' => 0,
  'team_name' => NULL,
  'token' => NULL,
  'totalPaidAmount' => '0.0',
  'transaction_id' => NULL,
  'user_id' => '358',
  'user_type' => NULL,
  'username' => NULL,
  'version_code' => 0,
)  
[2020-06-10 19:52:47] local.INFO: array (
  'action_type' => NULL,
  'city' => NULL,
  'contest_id' => '3769',
  'created_team_id' => 
  array (
    0 => 508,
  ),
  'current_password' => NULL,
  'dateOfBirth' => NULL,
  'deposit_amount' => NULL,
  'device_id' => NULL,
  'discountOnBonusAmount' => '3.9',
  'documents_type' => NULL,
  'email' => NULL,
  'entryFees' => '39.0',
  'gender' => NULL,
  'image_bytes' => NULL,
  'image_url' => NULL,
  'match_id' => '44589',
  'mobile_number' => NULL,
  'name' => NULL,
  'new_password' => NULL,
  'otp' => NULL,
  'password' => NULL,
  'payment_mode' => NULL,
  'payment_status' => NULL,
  'pinCode' => NULL,
  'referral_code' => NULL,
  'role_type' => 0,
  'state' => NULL,
  'team_id' => 0,
  'team_name' => NULL,
  'token' => NULL,
  'totalPaidAmount' => '39.0',
  'transaction_id' => NULL,
  'user_id' => '358',
  'user_type' => NULL,
  'username' => NULL,
  'version_code' => 0,
)  
[2020-06-10 19:58:55] local.INFO: array (
  'action_type' => NULL,
  'city' => NULL,
  'contest_id' => '4042',
  'created_team_id' => 
  array (
    0 => 508,
  ),
  'current_password' => NULL,
  'dateOfBirth' => NULL,
  'deposit_amount' => NULL,
  'device_id' => NULL,
  'discountOnBonusAmount' => '0.0',
  'documents_type' => NULL,
  'email' => NULL,
  'entryFees' => '0.0',
  'gender' => NULL,
  'image_bytes' => NULL,
  'image_url' => NULL,
  'match_id' => '44589',
  'mobile_number' => NULL,
  'name' => NULL,
  'new_password' => NULL,
  'otp' => NULL,
  'password' => NULL,
  'payment_mode' => NULL,
  'payment_status' => NULL,
  'pinCode' => NULL,
  'referral_code' => NULL,
  'role_type' => 0,
  'state' => NULL,
  'team_id' => 0,
  'team_name' => NULL,
  'token' => NULL,
  'totalPaidAmount' => '0.0',
  'transaction_id' => NULL,
  'user_id' => '358',
  'user_type' => NULL,
  'username' => NULL,
  'version_code' => 0,
)  
[2020-06-10 20:02:08] local.INFO: array (
  'action_type' => NULL,
  'city' => NULL,
  'contest_id' => '4042',
  'created_team_id' => 
  array (
    0 => 509,
    1 => 510,
  ),
  'current_password' => NULL,
  'dateOfBirth' => NULL,
  'deposit_amount' => NULL,
  'device_id' => NULL,
  'discountOnBonusAmount' => '0.0',
  'documents_type' => NULL,
  'email' => NULL,
  'entryFees' => '0.0',
  'gender' => NULL,
  'image_bytes' => NULL,
  'image_url' => NULL,
  'match_id' => '44589',
  'mobile_number' => NULL,
  'name' => NULL,
  'new_password' => NULL,
  'otp' => NULL,
  'password' => NULL,
  'payment_mode' => NULL,
  'payment_status' => NULL,
  'pinCode' => NULL,
  'referral_code' => NULL,
  'role_type' => 0,
  'state' => NULL,
  'team_id' => 0,
  'token' => NULL,
  'totalPaidAmount' => '0.0',
  'transaction_id' => NULL,
  'user_id' => '377',
  'user_type' => NULL,
  'username' => NULL,
  'version_code' => 0,
)  
[2020-06-10 20:25:14] local.INFO: array (
  'action_type' => NULL,
  'city' => NULL,
  'contest_id' => '4042',
  'created_team_id' => 
  array (
    0 => 512,
  ),
  'current_password' => NULL,
  'dateOfBirth' => NULL,
  'deposit_amount' => NULL,
  'device_id' => NULL,
  'discountOnBonusAmount' => '0.0',
  'documents_type' => NULL,
  'email' => NULL,
  'entryFees' => '0.0',
  'gender' => NULL,
  'image_bytes' => NULL,
  'image_url' => NULL,
  'match_id' => '44589',
  'mobile_number' => NULL,
  'name' => NULL,
  'new_password' => NULL,
  'otp' => NULL,
  'password' => NULL,
  'payment_mode' => NULL,
  'payment_status' => NULL,
  'pinCode' => NULL,
  'referral_code' => NULL,
  'role_type' => 0,
  'state' => NULL,
  'team_id' => 0,
  'team_name' => NULL,
  'token' => NULL,
  'totalPaidAmount' => '0.0',
  'transaction_id' => NULL,
  'user_id' => '262',
  'user_type' => NULL,
  'username' => NULL,
  'version_code' => 0,
)  
[2020-06-10 20:25:20] local.INFO: array (
  'action_type' => NULL,
  'city' => NULL,
  'contest_id' => '4042',
  'created_team_id' => 
  array (
    0 => 512,
  ),
  'current_password' => NULL,
  'dateOfBirth' => NULL,
  'deposit_amount' => NULL,
  'device_id' => NULL,
  'discountOnBonusAmount' => '0.0',
  'documents_type' => NULL,
  'email' => NULL,
  'entryFees' => '0.0',
  'gender' => NULL,
  'image_bytes' => NULL,
  'image_url' => NULL,
  'match_id' => '44589',
  'mobile_number' => NULL,
  'name' => NULL,
  'new_password' => NULL,
  'otp' => NULL,
  'password' => NULL,
  'payment_mode' => NULL,
  'payment_status' => NULL,
  'pinCode' => NULL,
  'referral_code' => NULL,
  'role_type' => 0,
  'state' => NULL,
  'team_id' => 0,
  'team_name' => NULL,
  'token' => NULL,
  'totalPaidAmount' => '0.0',
  'transaction_id' => NULL,
  'user_id' => '262',
  'user_type' => NULL,
  'username' => NULL,
  'version_code' => 0,
)  
[2020-06-10 20:25:56] local.INFO: array (
  'action_type' => NULL,
  'city' => NULL,
  'contest_id' => '4042',
  'created_team_id' => 
  array (
    0 => 512,
  ),
  'current_password' => NULL,
  'dateOfBirth' => NULL,
  'deposit_amount' => NULL,
  'device_id' => NULL,
  'discountOnBonusAmount' => '0.0',
  'documents_type' => NULL,
  'email' => NULL,
  'entryFees' => '0.0',
  'gender' => NULL,
  'image_bytes' => NULL,
  'image_url' => NULL,
  'match_id' => '44589',
  'mobile_number' => NULL,
  'name' => NULL,
  'new_password' => NULL,
  'otp' => NULL,
  'password' => NULL,
  'payment_mode' => NULL,
  'payment_status' => NULL,
  'pinCode' => NULL,
  'referral_code' => NULL,
  'role_type' => 0,
  'state' => NULL,
  'team_id' => 0,
  'team_name' => NULL,
  'token' => NULL,
  'totalPaidAmount' => '0.0',
  'transaction_id' => NULL,
  'user_id' => '262',
  'user_type' => NULL,
  'username' => NULL,
  'version_code' => 0,
)  
[2020-06-10 20:30:00] local.INFO: array (
  'action_type' => NULL,
  'city' => NULL,
  'contest_id' => '4042',
  'created_team_id' => 
  array (
    0 => 479,
  ),
  'current_password' => NULL,
  'dateOfBirth' => NULL,
  'deposit_amount' => NULL,
  'device_id' => NULL,
  'discountOnBonusAmount' => '0.0',
  'documents_type' => NULL,
  'email' => NULL,
  'entryFees' => '0.0',
  'gender' => NULL,
  'image_bytes' => NULL,
  'image_url' => NULL,
  'match_id' => '44589',
  'mobile_number' => NULL,
  'name' => NULL,
  'new_password' => NULL,
  'otp' => NULL,
  'password' => NULL,
  'payment_mode' => NULL,
  'payment_status' => NULL,
  'pinCode' => NULL,
  'referral_code' => NULL,
  'role_type' => 0,
  'state' => NULL,
  'team_id' => 0,
  'token' => NULL,
  'totalPaidAmount' => '0.0',
  'transaction_id' => NULL,
  'user_id' => '390',
  'user_type' => NULL,
  'username' => NULL,
  'version_code' => 0,
)  
