[2020-06-10 20:18:31] local.INFO: array (
)  
[2020-06-10 20:18:33] local.INFO: array (
)  
[2020-06-10 20:18:34] local.INFO: array (
)  
[2020-06-10 20:18:35] local.INFO: array (
)  
[2020-06-10 20:18:39] local.INFO: array (
)  
[2020-06-10 20:18:40] local.INFO: array (
)  
[2020-06-10 20:18:41] local.INFO: array (
)  
[2020-06-10 20:20:36] local.INFO: array (
  'action_type' => NULL,
  'city' => NULL,
  'contest_id' => NULL,
  'current_password' => NULL,
  'dateOfBirth' => NULL,
  'deposit_amount' => NULL,
  'device_id' => NULL,
  'discountOnBonusAmount' => NULL,
  'documents_type' => NULL,
  'email' => NULL,
  'entryFees' => NULL,
  'gender' => NULL,
  'image_bytes' => NULL,
  'image_url' => NULL,
  'match_id' => NULL,
  'mobile_number' => NULL,
  'name' => NULL,
  'new_password' => NULL,
  'otp' => NULL,
  'password' => NULL,
  'payment_mode' => NULL,
  'payment_status' => NULL,
  'pinCode' => NULL,
  'referral_code' => NULL,
  'role_type' => 0,
  'state' => NULL,
  'team_id' => 0,
  'team_name' => NULL,
  'token' => NULL,
  'totalPaidAmount' => NULL,
  'transaction_id' => NULL,
  'user_id' => '285',
  'user_type' => NULL,
  'username' => NULL,
  'version_code' => 0,
)  
[2020-06-10 20:20:43] local.INFO: array (
  'action_type' => NULL,
  'city' => NULL,
  'contest_id' => NULL,
  'current_password' => NULL,
  'dateOfBirth' => NULL,
  'deposit_amount' => NULL,
  'device_id' => NULL,
  'discountOnBonusAmount' => NULL,
  'documents_type' => NULL,
  'email' => NULL,
  'entryFees' => NULL,
  'gender' => NULL,
  'image_bytes' => NULL,
  'image_url' => NULL,
  'match_id' => NULL,
  'mobile_number' => NULL,
  'name' => NULL,
  'new_password' => NULL,
  'otp' => NULL,
  'password' => NULL,
  'payment_mode' => NULL,
  'payment_status' => NULL,
  'pinCode' => NULL,
  'referral_code' => NULL,
  'role_type' => 0,
  'state' => NULL,
  'team_id' => 0,
  'team_name' => NULL,
  'token' => NULL,
  'totalPaidAmount' => NULL,
  'transaction_id' => NULL,
  'user_id' => '263',
  'user_type' => NULL,
  'username' => NULL,
  'version_code' => 0,
)  
[2020-06-10 20:21:05] local.INFO: array (
  'action_type' => NULL,
  'city' => NULL,
  'contest_id' => NULL,
  'current_password' => NULL,
  'dateOfBirth' => NULL,
  'deposit_amount' => NULL,
  'device_id' => NULL,
  'discountOnBonusAmount' => NULL,
  'documents_type' => NULL,
  'email' => NULL,
  'entryFees' => NULL,
  'gender' => NULL,
  'image_bytes' => NULL,
  'image_url' => NULL,
  'match_id' => NULL,
  'mobile_number' => NULL,
  'name' => NULL,
  'new_password' => NULL,
  'otp' => NULL,
  'password' => NULL,
  'payment_mode' => NULL,
  'payment_status' => NULL,
  'pinCode' => NULL,
  'referral_code' => NULL,
  'role_type' => 0,
  'state' => NULL,
  'team_id' => 0,
  'team_name' => NULL,
  'token' => NULL,
  'totalPaidAmount' => NULL,
  'transaction_id' => NULL,
  'user_id' => '263',
  'user_type' => NULL,
  'username' => NULL,
  'version_code' => 0,
)  
[2020-06-10 20:22:10] local.INFO: array (
  'action_type' => NULL,
  'city' => NULL,
  'contest_id' => NULL,
  'current_password' => NULL,
  'dateOfBirth' => NULL,
  'deposit_amount' => NULL,
  'device_id' => NULL,
  'discountOnBonusAmount' => NULL,
  'documents_type' => NULL,
  'email' => NULL,
  'entryFees' => NULL,
  'gender' => NULL,
  'image_bytes' => NULL,
  'image_url' => NULL,
  'match_id' => NULL,
  'mobile_number' => NULL,
  'name' => NULL,
  'new_password' => NULL,
  'otp' => NULL,
  'password' => NULL,
  'payment_mode' => NULL,
  'payment_status' => NULL,
  'pinCode' => NULL,
  'referral_code' => NULL,
  'role_type' => 0,
  'state' => NULL,
  'team_id' => 0,
  'team_name' => NULL,
  'token' => NULL,
  'totalPaidAmount' => NULL,
  'transaction_id' => NULL,
  'user_id' => '262',
  'user_type' => NULL,
  'username' => NULL,
  'version_code' => 0,
)  
[2020-06-10 20:29:22] local.INFO: array (
  'action_type' => NULL,
  'city' => NULL,
  'contest_id' => NULL,
  'current_password' => NULL,
  'dateOfBirth' => NULL,
  'deposit_amount' => NULL,
  'device_id' => NULL,
  'discountOnBonusAmount' => NULL,
  'documents_type' => NULL,
  'email' => NULL,
  'entryFees' => NULL,
  'gender' => NULL,
  'image_bytes' => NULL,
  'image_url' => NULL,
  'match_id' => NULL,
  'mobile_number' => NULL,
  'name' => NULL,
  'new_password' => NULL,
  'otp' => NULL,
  'password' => NULL,
  'payment_mode' => NULL,
  'payment_status' => NULL,
  'pinCode' => NULL,
  'referral_code' => NULL,
  'role_type' => 0,
  'state' => NULL,
  'team_id' => 0,
  'token' => NULL,
  'totalPaidAmount' => NULL,
  'transaction_id' => NULL,
  'user_id' => '390',
  'user_type' => NULL,
  'username' => NULL,
  'version_code' => 0,
)  
[2020-06-10 20:29:51] local.INFO: array (
  'action_type' => NULL,
  'city' => NULL,
  'contest_id' => NULL,
  'current_password' => NULL,
  'dateOfBirth' => NULL,
  'deposit_amount' => NULL,
  'device_id' => NULL,
  'discountOnBonusAmount' => NULL,
  'documents_type' => NULL,
  'email' => NULL,
  'entryFees' => NULL,
  'gender' => NULL,
  'image_bytes' => NULL,
  'image_url' => NULL,
  'match_id' => NULL,
  'mobile_number' => NULL,
  'name' => NULL,
  'new_password' => NULL,
  'otp' => NULL,
  'password' => NULL,
  'payment_mode' => NULL,
  'payment_status' => NULL,
  'pinCode' => NULL,
  'referral_code' => NULL,
  'role_type' => 0,
  'state' => NULL,
  'team_id' => 0,
  'team_name' => NULL,
  'token' => NULL,
  'totalPaidAmount' => NULL,
  'transaction_id' => NULL,
  'user_id' => '263',
  'user_type' => NULL,
  'username' => NULL,
  'version_code' => 0,
)  
[2020-06-10 20:30:03] local.INFO: array (
  'action_type' => NULL,
  'city' => NULL,
  'contest_id' => NULL,
  'current_password' => NULL,
  'dateOfBirth' => NULL,
  'deposit_amount' => NULL,
  'device_id' => NULL,
  'discountOnBonusAmount' => NULL,
  'documents_type' => NULL,
  'email' => NULL,
  'entryFees' => NULL,
  'gender' => NULL,
  'image_bytes' => NULL,
  'image_url' => NULL,
  'match_id' => NULL,
  'mobile_number' => NULL,
  'name' => NULL,
  'new_password' => NULL,
  'otp' => NULL,
  'password' => NULL,
  'payment_mode' => NULL,
  'payment_status' => NULL,
  'pinCode' => NULL,
  'referral_code' => NULL,
  'role_type' => 0,
  'state' => NULL,
  'team_id' => 0,
  'token' => NULL,
  'totalPaidAmount' => NULL,
  'transaction_id' => NULL,
  'user_id' => '390',
  'user_type' => NULL,
  'username' => NULL,
  'version_code' => 0,
)  
[2020-06-10 20:30:04] local.INFO: array (
  'action_type' => NULL,
  'city' => NULL,
  'contest_id' => NULL,
  'current_password' => NULL,
  'dateOfBirth' => NULL,
  'deposit_amount' => NULL,
  'device_id' => NULL,
  'discountOnBonusAmount' => NULL,
  'documents_type' => NULL,
  'email' => NULL,
  'entryFees' => NULL,
  'gender' => NULL,
  'image_bytes' => NULL,
  'image_url' => NULL,
  'match_id' => NULL,
  'mobile_number' => NULL,
  'name' => NULL,
  'new_password' => NULL,
  'otp' => NULL,
  'password' => NULL,
  'payment_mode' => NULL,
  'payment_status' => NULL,
  'pinCode' => NULL,
  'referral_code' => NULL,
  'role_type' => 0,
  'state' => NULL,
  'team_id' => 0,
  'token' => NULL,
  'totalPaidAmount' => NULL,
  'transaction_id' => NULL,
  'user_id' => '390',
  'user_type' => NULL,
  'username' => NULL,
  'version_code' => 0,
)  
[2020-06-10 20:30:05] local.INFO: array (
  'action_type' => NULL,
  'city' => NULL,
  'contest_id' => NULL,
  'current_password' => NULL,
  'dateOfBirth' => NULL,
  'deposit_amount' => NULL,
  'device_id' => NULL,
  'discountOnBonusAmount' => NULL,
  'documents_type' => NULL,
  'email' => NULL,
  'entryFees' => NULL,
  'gender' => NULL,
  'image_bytes' => NULL,
  'image_url' => NULL,
  'match_id' => NULL,
  'mobile_number' => NULL,
  'name' => NULL,
  'new_password' => NULL,
  'otp' => NULL,
  'password' => NULL,
  'payment_mode' => NULL,
  'payment_status' => NULL,
  'pinCode' => NULL,
  'referral_code' => NULL,
  'role_type' => 0,
  'state' => NULL,
  'team_id' => 0,
  'token' => NULL,
  'totalPaidAmount' => NULL,
  'transaction_id' => NULL,
  'user_id' => '390',
  'user_type' => NULL,
  'username' => NULL,
  'version_code' => 0,
)  
[2020-06-10 20:31:04] local.INFO: array (
  'action_type' => NULL,
  'city' => NULL,
  'contest_id' => NULL,
  'current_password' => NULL,
  'dateOfBirth' => NULL,
  'deposit_amount' => NULL,
  'device_id' => NULL,
  'discountOnBonusAmount' => NULL,
  'documents_type' => NULL,
  'email' => NULL,
  'entryFees' => NULL,
  'gender' => NULL,
  'image_bytes' => NULL,
  'image_url' => NULL,
  'match_id' => NULL,
  'mobile_number' => NULL,
  'name' => NULL,
  'new_password' => NULL,
  'otp' => NULL,
  'password' => NULL,
  'payment_mode' => NULL,
  'payment_status' => NULL,
  'pinCode' => NULL,
  'referral_code' => NULL,
  'role_type' => 0,
  'state' => NULL,
  'team_id' => 0,
  'team_name' => NULL,
  'token' => NULL,
  'totalPaidAmount' => NULL,
  'transaction_id' => NULL,
  'user_id' => '263',
  'user_type' => NULL,
  'username' => NULL,
  'version_code' => 0,
)  
[2020-06-10 20:32:26] local.INFO: array (
  'action_type' => NULL,
  'city' => NULL,
  'contest_id' => NULL,
  'current_password' => NULL,
  'dateOfBirth' => NULL,
  'deposit_amount' => NULL,
  'device_id' => NULL,
  'discountOnBonusAmount' => NULL,
  'documents_type' => NULL,
  'email' => NULL,
  'entryFees' => NULL,
  'gender' => NULL,
  'image_bytes' => NULL,
  'image_url' => NULL,
  'match_id' => NULL,
  'mobile_number' => NULL,
  'name' => NULL,
  'new_password' => NULL,
  'otp' => NULL,
  'password' => NULL,
  'payment_mode' => NULL,
  'payment_status' => NULL,
  'pinCode' => NULL,
  'referral_code' => NULL,
  'role_type' => 0,
  'state' => NULL,
  'team_id' => 0,
  'team_name' => NULL,
  'token' => NULL,
  'totalPaidAmount' => NULL,
  'transaction_id' => NULL,
  'user_id' => '285',
  'user_type' => NULL,
  'username' => NULL,
  'version_code' => 0,
)  
[2020-06-10 20:32:37] local.INFO: array (
  'action_type' => NULL,
  'city' => NULL,
  'contest_id' => NULL,
  'current_password' => NULL,
  'dateOfBirth' => NULL,
  'deposit_amount' => NULL,
  'device_id' => NULL,
  'discountOnBonusAmount' => NULL,
  'documents_type' => NULL,
  'email' => NULL,
  'entryFees' => NULL,
  'gender' => NULL,
  'image_bytes' => NULL,
  'image_url' => NULL,
  'match_id' => NULL,
  'mobile_number' => NULL,
  'name' => NULL,
  'new_password' => NULL,
  'otp' => NULL,
  'password' => NULL,
  'payment_mode' => NULL,
  'payment_status' => NULL,
  'pinCode' => NULL,
  'referral_code' => NULL,
  'role_type' => 0,
  'state' => NULL,
  'team_id' => 0,
  'team_name' => NULL,
  'token' => NULL,
  'totalPaidAmount' => NULL,
  'transaction_id' => NULL,
  'user_id' => '285',
  'user_type' => NULL,
  'username' => NULL,
  'version_code' => 0,
)  
[2020-06-10 20:34:59] local.INFO: array (
  'action_type' => NULL,
  'city' => NULL,
  'contest_id' => NULL,
  'current_password' => NULL,
  'dateOfBirth' => NULL,
  'deposit_amount' => NULL,
  'device_id' => NULL,
  'discountOnBonusAmount' => NULL,
  'documents_type' => NULL,
  'email' => NULL,
  'entryFees' => NULL,
  'gender' => NULL,
  'image_bytes' => NULL,
  'image_url' => NULL,
  'match_id' => NULL,
  'mobile_number' => NULL,
  'name' => NULL,
  'new_password' => NULL,
  'otp' => NULL,
  'password' => NULL,
  'payment_mode' => NULL,
  'payment_status' => NULL,
  'pinCode' => NULL,
  'referral_code' => NULL,
  'role_type' => 0,
  'state' => NULL,
  'team_id' => 0,
  'team_name' => NULL,
  'token' => NULL,
  'totalPaidAmount' => NULL,
  'transaction_id' => NULL,
  'user_id' => '357',
  'user_type' => NULL,
  'username' => NULL,
  'version_code' => 0,
)  
[2020-06-10 20:39:31] local.INFO: array (
  'action_type' => NULL,
  'city' => NULL,
  'contest_id' => NULL,
  'current_password' => NULL,
  'dateOfBirth' => NULL,
  'deposit_amount' => NULL,
  'device_id' => NULL,
  'discountOnBonusAmount' => NULL,
  'documents_type' => NULL,
  'email' => NULL,
  'entryFees' => NULL,
  'gender' => NULL,
  'image_bytes' => NULL,
  'image_url' => NULL,
  'match_id' => NULL,
  'mobile_number' => NULL,
  'name' => NULL,
  'new_password' => NULL,
  'otp' => NULL,
  'password' => NULL,
  'payment_mode' => NULL,
  'payment_status' => NULL,
  'pinCode' => NULL,
  'referral_code' => NULL,
  'role_type' => 0,
  'state' => NULL,
  'team_id' => 0,
  'token' => NULL,
  'totalPaidAmount' => NULL,
  'transaction_id' => NULL,
  'user_id' => '371',
  'user_type' => NULL,
  'username' => NULL,
  'version_code' => 0,
)  
[2020-06-10 20:39:31] local.INFO: array (
  'action_type' => NULL,
  'city' => NULL,
  'contest_id' => NULL,
  'current_password' => NULL,
  'dateOfBirth' => NULL,
  'deposit_amount' => NULL,
  'device_id' => NULL,
  'discountOnBonusAmount' => NULL,
  'documents_type' => NULL,
  'email' => NULL,
  'entryFees' => NULL,
  'gender' => NULL,
  'image_bytes' => NULL,
  'image_url' => NULL,
  'match_id' => NULL,
  'mobile_number' => NULL,
  'name' => NULL,
  'new_password' => NULL,
  'otp' => NULL,
  'password' => NULL,
  'payment_mode' => NULL,
  'payment_status' => NULL,
  'pinCode' => NULL,
  'referral_code' => NULL,
  'role_type' => 0,
  'state' => NULL,
  'team_id' => 0,
  'token' => NULL,
  'totalPaidAmount' => NULL,
  'transaction_id' => NULL,
  'user_id' => '371',
  'user_type' => NULL,
  'username' => NULL,
  'version_code' => 0,
)  
[2020-06-10 20:39:32] local.INFO: array (
  'action_type' => NULL,
  'city' => NULL,
  'contest_id' => NULL,
  'current_password' => NULL,
  'dateOfBirth' => NULL,
  'deposit_amount' => NULL,
  'device_id' => NULL,
  'discountOnBonusAmount' => NULL,
  'documents_type' => NULL,
  'email' => NULL,
  'entryFees' => NULL,
  'gender' => NULL,
  'image_bytes' => NULL,
  'image_url' => NULL,
  'match_id' => NULL,
  'mobile_number' => NULL,
  'name' => NULL,
  'new_password' => NULL,
  'otp' => NULL,
  'password' => NULL,
  'payment_mode' => NULL,
  'payment_status' => NULL,
  'pinCode' => NULL,
  'referral_code' => NULL,
  'role_type' => 0,
  'state' => NULL,
  'team_id' => 0,
  'token' => NULL,
  'totalPaidAmount' => NULL,
  'transaction_id' => NULL,
  'user_id' => '371',
  'user_type' => NULL,
  'username' => NULL,
  'version_code' => 0,
)  
[2020-06-10 20:40:02] local.INFO: array (
  'action_type' => NULL,
  'city' => NULL,
  'contest_id' => NULL,
  'current_password' => NULL,
  'dateOfBirth' => NULL,
  'deposit_amount' => NULL,
  'device_id' => NULL,
  'discountOnBonusAmount' => NULL,
  'documents_type' => NULL,
  'email' => NULL,
  'entryFees' => NULL,
  'gender' => NULL,
  'image_bytes' => NULL,
  'image_url' => NULL,
  'match_id' => NULL,
  'mobile_number' => NULL,
  'name' => NULL,
  'new_password' => NULL,
  'otp' => NULL,
  'password' => NULL,
  'payment_mode' => NULL,
  'payment_status' => NULL,
  'pinCode' => NULL,
  'referral_code' => NULL,
  'role_type' => 0,
  'state' => NULL,
  'team_id' => 0,
  'team_name' => NULL,
  'token' => NULL,
  'totalPaidAmount' => NULL,
  'transaction_id' => NULL,
  'user_id' => '357',
  'user_type' => NULL,
  'username' => NULL,
  'version_code' => 0,
)  
[2020-06-10 20:48:42] local.INFO: array (
  'action_type' => NULL,
  'city' => NULL,
  'contest_id' => NULL,
  'current_password' => NULL,
  'dateOfBirth' => NULL,
  'deposit_amount' => NULL,
  'device_id' => NULL,
  'discountOnBonusAmount' => NULL,
  'documents_type' => NULL,
  'email' => NULL,
  'entryFees' => NULL,
  'gender' => NULL,
  'image_bytes' => NULL,
  'image_url' => NULL,
  'match_id' => NULL,
  'mobile_number' => NULL,
  'name' => NULL,
  'new_password' => NULL,
  'otp' => NULL,
  'password' => NULL,
  'payment_mode' => NULL,
  'payment_status' => NULL,
  'pinCode' => NULL,
  'referral_code' => NULL,
  'role_type' => 0,
  'state' => NULL,
  'team_id' => 0,
  'team_name' => NULL,
  'token' => NULL,
  'totalPaidAmount' => NULL,
  'transaction_id' => NULL,
  'user_id' => '357',
  'user_type' => NULL,
  'username' => NULL,
  'version_code' => 0,
)  
[2020-06-10 20:50:45] local.INFO: array (
  'action_type' => NULL,
  'city' => NULL,
  'contest_id' => NULL,
  'current_password' => NULL,
  'dateOfBirth' => NULL,
  'deposit_amount' => NULL,
  'device_id' => NULL,
  'discountOnBonusAmount' => NULL,
  'documents_type' => NULL,
  'email' => NULL,
  'entryFees' => NULL,
  'gender' => NULL,
  'image_bytes' => NULL,
  'image_url' => NULL,
  'match_id' => NULL,
  'mobile_number' => NULL,
  'name' => NULL,
  'new_password' => NULL,
  'otp' => NULL,
  'password' => NULL,
  'payment_mode' => NULL,
  'payment_status' => NULL,
  'pinCode' => NULL,
  'referral_code' => NULL,
  'role_type' => 0,
  'state' => NULL,
  'team_id' => 0,
  'team_name' => NULL,
  'token' => NULL,
  'totalPaidAmount' => NULL,
  'transaction_id' => NULL,
  'user_id' => '263',
  'user_type' => NULL,
  'username' => NULL,
  'version_code' => 0,
)  
[2020-06-10 20:51:52] local.INFO: array (
  'action_type' => NULL,
  'city' => NULL,
  'contest_id' => NULL,
  'current_password' => NULL,
  'dateOfBirth' => NULL,
  'deposit_amount' => NULL,
  'device_id' => NULL,
  'discountOnBonusAmount' => NULL,
  'documents_type' => NULL,
  'email' => NULL,
  'entryFees' => NULL,
  'gender' => NULL,
  'image_bytes' => NULL,
  'image_url' => NULL,
  'match_id' => NULL,
  'mobile_number' => NULL,
  'name' => NULL,
  'new_password' => NULL,
  'otp' => NULL,
  'password' => NULL,
  'payment_mode' => NULL,
  'payment_status' => NULL,
  'pinCode' => NULL,
  'referral_code' => NULL,
  'role_type' => 0,
  'state' => NULL,
  'team_id' => 0,
  'team_name' => NULL,
  'token' => NULL,
  'totalPaidAmount' => NULL,
  'transaction_id' => NULL,
  'user_id' => '263',
  'user_type' => NULL,
  'username' => NULL,
  'version_code' => 0,
)  
[2020-06-10 20:55:57] local.INFO: array (
  'contest_id' => '323',
  'created_team_id' => 
  array (
    0 => 223,
    1 => 111,
  ),
  'match_id' => '44513',
  'user_id' => '285',
)  
[2020-06-10 20:56:09] local.INFO: array (
  'contest_id' => '323',
  'created_team_id' => 
  array (
    0 => 223,
    1 => 111,
  ),
  'match_id' => '44513',
  'user_id' => '285',
)  
[2020-06-10 20:56:14] local.INFO: array (
  'contest_id' => '323',
  'created_team_id' => 
  array (
    0 => 223,
    1 => 111,
  ),
  'match_id' => '44513',
  'user_id' => '285',
)  
[2020-06-10 20:56:15] local.INFO: array (
  'contest_id' => '323',
  'created_team_id' => 
  array (
    0 => 223,
    1 => 111,
  ),
  'match_id' => '44513',
  'user_id' => '285',
)  
[2020-06-10 20:56:16] local.INFO: array (
  'contest_id' => '323',
  'created_team_id' => 
  array (
    0 => 223,
    1 => 111,
  ),
  'match_id' => '44513',
  'user_id' => '285',
)  
[2020-06-10 20:56:18] local.INFO: array (
  'contest_id' => '323',
  'created_team_id' => 
  array (
    0 => 223,
    1 => 111,
  ),
  'match_id' => '44513',
  'user_id' => '285',
)  
[2020-06-10 20:56:19] local.INFO: array (
  'contest_id' => '323',
  'created_team_id' => 
  array (
    0 => 223,
    1 => 111,
  ),
  'match_id' => '44513',
  'user_id' => '285',
)  
[2020-06-10 20:56:25] local.INFO: array (
  'contest_id' => '323',
  'created_team_id' => 
  array (
    0 => 223,
    1 => 111,
  ),
  'match_id' => '44513',
  'user_id' => '285',
)  
[2020-06-10 20:56:26] local.INFO: array (
  'contest_id' => '323',
  'created_team_id' => 
  array (
    0 => 223,
    1 => 111,
  ),
  'match_id' => '44513',
  'user_id' => '285',
)  
[2020-06-10 20:56:36] local.INFO: array (
  'contest_id' => '323',
  'created_team_id' => 
  array (
    0 => 223,
    1 => 111,
  ),
  'match_id' => '44513',
  'user_id' => '285',
)  
[2020-06-10 20:56:38] local.INFO: array (
  'contest_id' => '323',
  'created_team_id' => 
  array (
    0 => 223,
    1 => 111,
  ),
  'match_id' => '44513',
  'user_id' => '285',
)  
[2020-06-10 20:58:47] local.INFO: array (
  'action_type' => NULL,
  'city' => NULL,
  'contest_id' => NULL,
  'current_password' => NULL,
  'dateOfBirth' => NULL,
  'deposit_amount' => NULL,
  'device_id' => NULL,
  'discountOnBonusAmount' => NULL,
  'documents_type' => NULL,
  'email' => NULL,
  'entryFees' => NULL,
  'gender' => NULL,
  'image_bytes' => NULL,
  'image_url' => NULL,
  'match_id' => NULL,
  'mobile_number' => NULL,
  'name' => NULL,
  'new_password' => NULL,
  'otp' => NULL,
  'password' => NULL,
  'payment_mode' => NULL,
  'payment_status' => NULL,
  'pinCode' => NULL,
  'referral_code' => NULL,
  'role_type' => 0,
  'state' => NULL,
  'team_id' => 0,
  'team_name' => NULL,
  'token' => NULL,
  'totalPaidAmount' => NULL,
  'transaction_id' => NULL,
  'user_id' => '357',
  'user_type' => NULL,
  'username' => NULL,
  'version_code' => 0,
)  
[2020-06-10 20:59:16] local.INFO: array (
  'action_type' => NULL,
  'city' => NULL,
  'contest_id' => NULL,
  'current_password' => NULL,
  'dateOfBirth' => NULL,
  'deposit_amount' => NULL,
  'device_id' => NULL,
  'discountOnBonusAmount' => NULL,
  'documents_type' => NULL,
  'email' => NULL,
  'entryFees' => NULL,
  'gender' => NULL,
  'image_bytes' => NULL,
  'image_url' => NULL,
  'match_id' => NULL,
  'mobile_number' => NULL,
  'name' => NULL,
  'new_password' => NULL,
  'otp' => NULL,
  'password' => NULL,
  'payment_mode' => NULL,
  'payment_status' => NULL,
  'pinCode' => NULL,
  'referral_code' => NULL,
  'role_type' => 0,
  'state' => NULL,
  'team_id' => 0,
  'team_name' => NULL,
  'token' => NULL,
  'totalPaidAmount' => NULL,
  'transaction_id' => NULL,
  'user_id' => '263',
  'user_type' => NULL,
  'username' => NULL,
  'version_code' => 0,
)  
[2020-06-10 20:59:28] local.INFO: array (
  'action_type' => NULL,
  'city' => NULL,
  'contest_id' => NULL,
  'current_password' => NULL,
  'dateOfBirth' => NULL,
  'deposit_amount' => NULL,
  'device_id' => NULL,
  'discountOnBonusAmount' => NULL,
  'documents_type' => NULL,
  'email' => NULL,
  'entryFees' => NULL,
  'gender' => NULL,
  'image_bytes' => NULL,
  'image_url' => NULL,
  'match_id' => NULL,
  'mobile_number' => NULL,
  'name' => NULL,
  'new_password' => NULL,
  'otp' => NULL,
  'password' => NULL,
  'payment_mode' => NULL,
  'payment_status' => NULL,
  'pinCode' => NULL,
  'referral_code' => NULL,
  'role_type' => 0,
  'state' => NULL,
  'team_id' => 0,
  'team_name' => NULL,
  'token' => NULL,
  'totalPaidAmount' => NULL,
  'transaction_id' => NULL,
  'user_id' => '263',
  'user_type' => NULL,
  'username' => NULL,
  'version_code' => 0,
)  
[2020-06-10 20:59:34] local.INFO: array (
  'action_type' => NULL,
  'city' => NULL,
  'contest_id' => NULL,
  'current_password' => NULL,
  'dateOfBirth' => NULL,
  'deposit_amount' => NULL,
  'device_id' => NULL,
  'discountOnBonusAmount' => NULL,
  'documents_type' => NULL,
  'email' => NULL,
  'entryFees' => NULL,
  'gender' => NULL,
  'image_bytes' => NULL,
  'image_url' => NULL,
  'match_id' => NULL,
  'mobile_number' => NULL,
  'name' => NULL,
  'new_password' => NULL,
  'otp' => NULL,
  'password' => NULL,
  'payment_mode' => NULL,
  'payment_status' => NULL,
  'pinCode' => NULL,
  'referral_code' => NULL,
  'role_type' => 0,
  'state' => NULL,
  'team_id' => 0,
  'team_name' => NULL,
  'token' => NULL,
  'totalPaidAmount' => NULL,
  'transaction_id' => NULL,
  'user_id' => '263',
  'user_type' => NULL,
  'username' => NULL,
  'version_code' => 0,
)  
[2020-06-10 21:03:17] local.INFO: array (
  'action_type' => NULL,
  'city' => NULL,
  'contest_id' => NULL,
  'current_password' => NULL,
  'dateOfBirth' => NULL,
  'deposit_amount' => NULL,
  'device_id' => NULL,
  'discountOnBonusAmount' => NULL,
  'documents_type' => NULL,
  'email' => NULL,
  'entryFees' => NULL,
  'gender' => NULL,
  'image_bytes' => NULL,
  'image_url' => NULL,
  'match_id' => NULL,
  'mobile_number' => NULL,
  'name' => NULL,
  'new_password' => NULL,
  'otp' => NULL,
  'password' => NULL,
  'payment_mode' => NULL,
  'payment_status' => NULL,
  'pinCode' => NULL,
  'referral_code' => NULL,
  'role_type' => 0,
  'state' => NULL,
  'team_id' => 0,
  'team_name' => NULL,
  'token' => NULL,
  'totalPaidAmount' => NULL,
  'transaction_id' => NULL,
  'user_id' => '285',
  'user_type' => NULL,
  'username' => NULL,
  'version_code' => 0,
)  
[2020-06-10 21:03:20] local.INFO: array (
  'action_type' => NULL,
  'city' => NULL,
  'contest_id' => NULL,
  'current_password' => NULL,
  'dateOfBirth' => NULL,
  'deposit_amount' => NULL,
  'device_id' => NULL,
  'discountOnBonusAmount' => NULL,
  'documents_type' => NULL,
  'email' => NULL,
  'entryFees' => NULL,
  'gender' => NULL,
  'image_bytes' => NULL,
  'image_url' => NULL,
  'match_id' => NULL,
  'mobile_number' => NULL,
  'name' => NULL,
  'new_password' => NULL,
  'otp' => NULL,
  'password' => NULL,
  'payment_mode' => NULL,
  'payment_status' => NULL,
  'pinCode' => NULL,
  'referral_code' => NULL,
  'role_type' => 0,
  'state' => NULL,
  'team_id' => 0,
  'team_name' => NULL,
  'token' => NULL,
  'totalPaidAmount' => NULL,
  'transaction_id' => NULL,
  'user_id' => '285',
  'user_type' => NULL,
  'username' => NULL,
  'version_code' => 0,
)  
[2020-06-10 21:03:24] local.INFO: array (
  'action_type' => NULL,
  'city' => NULL,
  'contest_id' => NULL,
  'current_password' => NULL,
  'dateOfBirth' => NULL,
  'deposit_amount' => NULL,
  'device_id' => NULL,
  'discountOnBonusAmount' => NULL,
  'documents_type' => NULL,
  'email' => NULL,
  'entryFees' => NULL,
  'gender' => NULL,
  'image_bytes' => NULL,
  'image_url' => NULL,
  'match_id' => NULL,
  'mobile_number' => NULL,
  'name' => NULL,
  'new_password' => NULL,
  'otp' => NULL,
  'password' => NULL,
  'payment_mode' => NULL,
  'payment_status' => NULL,
  'pinCode' => NULL,
  'referral_code' => NULL,
  'role_type' => 0,
  'state' => NULL,
  'team_id' => 0,
  'team_name' => NULL,
  'token' => NULL,
  'totalPaidAmount' => NULL,
  'transaction_id' => NULL,
  'user_id' => '285',
  'user_type' => NULL,
  'username' => NULL,
  'version_code' => 0,
)  
[2020-06-10 21:03:36] local.INFO: array (
  'action_type' => NULL,
  'city' => NULL,
  'contest_id' => NULL,
  'current_password' => NULL,
  'dateOfBirth' => NULL,
  'deposit_amount' => NULL,
  'device_id' => NULL,
  'discountOnBonusAmount' => NULL,
  'documents_type' => NULL,
  'email' => NULL,
  'entryFees' => NULL,
  'gender' => NULL,
  'image_bytes' => NULL,
  'image_url' => NULL,
  'match_id' => NULL,
  'mobile_number' => NULL,
  'name' => NULL,
  'new_password' => NULL,
  'otp' => NULL,
  'password' => NULL,
  'payment_mode' => NULL,
  'payment_status' => NULL,
  'pinCode' => NULL,
  'referral_code' => NULL,
  'role_type' => 0,
  'state' => NULL,
  'team_id' => 0,
  'team_name' => NULL,
  'token' => NULL,
  'totalPaidAmount' => NULL,
  'transaction_id' => NULL,
  'user_id' => '285',
  'user_type' => NULL,
  'username' => NULL,
  'version_code' => 0,
)  
[2020-06-10 21:03:40] local.INFO: array (
  'action_type' => NULL,
  'city' => NULL,
  'contest_id' => NULL,
  'current_password' => NULL,
  'dateOfBirth' => NULL,
  'deposit_amount' => NULL,
  'device_id' => NULL,
  'discountOnBonusAmount' => NULL,
  'documents_type' => NULL,
  'email' => NULL,
  'entryFees' => NULL,
  'gender' => NULL,
  'image_bytes' => NULL,
  'image_url' => NULL,
  'match_id' => NULL,
  'mobile_number' => NULL,
  'name' => NULL,
  'new_password' => NULL,
  'otp' => NULL,
  'password' => NULL,
  'payment_mode' => NULL,
  'payment_status' => NULL,
  'pinCode' => NULL,
  'referral_code' => NULL,
  'role_type' => 0,
  'state' => NULL,
  'team_id' => 0,
  'team_name' => NULL,
  'token' => NULL,
  'totalPaidAmount' => NULL,
  'transaction_id' => NULL,
  'user_id' => '285',
  'user_type' => NULL,
  'username' => NULL,
  'version_code' => 0,
)  
[2020-06-10 21:03:44] local.INFO: array (
  'action_type' => NULL,
  'city' => NULL,
  'contest_id' => NULL,
  'current_password' => NULL,
  'dateOfBirth' => NULL,
  'deposit_amount' => NULL,
  'device_id' => NULL,
  'discountOnBonusAmount' => NULL,
  'documents_type' => NULL,
  'email' => NULL,
  'entryFees' => NULL,
  'gender' => NULL,
  'image_bytes' => NULL,
  'image_url' => NULL,
  'match_id' => NULL,
  'mobile_number' => NULL,
  'name' => NULL,
  'new_password' => NULL,
  'otp' => NULL,
  'password' => NULL,
  'payment_mode' => NULL,
  'payment_status' => NULL,
  'pinCode' => NULL,
  'referral_code' => NULL,
  'role_type' => 0,
  'state' => NULL,
  'team_id' => 0,
  'team_name' => NULL,
  'token' => NULL,
  'totalPaidAmount' => NULL,
  'transaction_id' => NULL,
  'user_id' => '285',
  'user_type' => NULL,
  'username' => NULL,
  'version_code' => 0,
)  
[2020-06-10 21:07:43] local.INFO: array (
  'action_type' => NULL,
  'city' => NULL,
  'contest_id' => NULL,
  'current_password' => NULL,
  'dateOfBirth' => NULL,
  'deposit_amount' => NULL,
  'device_id' => NULL,
  'discountOnBonusAmount' => NULL,
  'documents_type' => NULL,
  'email' => NULL,
  'entryFees' => NULL,
  'gender' => NULL,
  'image_bytes' => NULL,
  'image_url' => NULL,
  'match_id' => NULL,
  'mobile_number' => NULL,
  'name' => NULL,
  'new_password' => NULL,
  'otp' => NULL,
  'password' => NULL,
  'payment_mode' => NULL,
  'payment_status' => NULL,
  'pinCode' => NULL,
  'referral_code' => NULL,
  'role_type' => 0,
  'state' => NULL,
  'team_id' => 0,
  'team_name' => NULL,
  'token' => NULL,
  'totalPaidAmount' => NULL,
  'transaction_id' => NULL,
  'user_id' => '263',
  'user_type' => NULL,
  'username' => NULL,
  'version_code' => 0,
)  
[2020-06-10 21:08:07] local.INFO: array (
  'action_type' => NULL,
  'city' => NULL,
  'contest_id' => NULL,
  'current_password' => NULL,
  'dateOfBirth' => NULL,
  'deposit_amount' => NULL,
  'device_id' => NULL,
  'discountOnBonusAmount' => NULL,
  'documents_type' => NULL,
  'email' => NULL,
  'entryFees' => NULL,
  'gender' => NULL,
  'image_bytes' => NULL,
  'image_url' => NULL,
  'match_id' => NULL,
  'mobile_number' => NULL,
  'name' => NULL,
  'new_password' => NULL,
  'otp' => NULL,
  'password' => NULL,
  'payment_mode' => NULL,
  'payment_status' => NULL,
  'pinCode' => NULL,
  'referral_code' => NULL,
  'role_type' => 0,
  'state' => NULL,
  'team_id' => 0,
  'team_name' => NULL,
  'token' => NULL,
  'totalPaidAmount' => NULL,
  'transaction_id' => NULL,
  'user_id' => '263',
  'user_type' => NULL,
  'username' => NULL,
  'version_code' => 0,
)  
[2020-06-10 21:09:48] local.INFO: array (
  'action_type' => NULL,
  'city' => NULL,
  'contest_id' => NULL,
  'current_password' => NULL,
  'dateOfBirth' => NULL,
  'deposit_amount' => NULL,
  'device_id' => NULL,
  'discountOnBonusAmount' => NULL,
  'documents_type' => NULL,
  'email' => NULL,
  'entryFees' => NULL,
  'gender' => NULL,
  'image_bytes' => NULL,
  'image_url' => NULL,
  'match_id' => NULL,
  'mobile_number' => NULL,
  'name' => NULL,
  'new_password' => NULL,
  'otp' => NULL,
  'password' => NULL,
  'payment_mode' => NULL,
  'payment_status' => NULL,
  'pinCode' => NULL,
  'referral_code' => NULL,
  'role_type' => 0,
  'state' => NULL,
  'team_id' => 0,
  'team_name' => NULL,
  'token' => NULL,
  'totalPaidAmount' => NULL,
  'transaction_id' => NULL,
  'user_id' => '263',
  'user_type' => NULL,
  'username' => NULL,
  'version_code' => 0,
)  
[2020-06-10 21:10:11] local.INFO: array (
  'contest_id' => '323',
  'created_team_id' => 
  array (
    0 => 223,
    1 => 111,
  ),
  'match_id' => '44513',
  'user_id' => '285',
)  
[2020-06-10 21:10:13] local.INFO: array (
  'contest_id' => '323',
  'created_team_id' => 
  array (
    0 => 223,
    1 => 111,
  ),
  'match_id' => '44513',
  'user_id' => '285',
)  
[2020-06-10 21:10:14] local.INFO: array (
  'contest_id' => '323',
  'created_team_id' => 
  array (
    0 => 223,
    1 => 111,
  ),
  'match_id' => '44513',
  'user_id' => '285',
)  
[2020-06-10 21:10:15] local.INFO: array (
  'contest_id' => '323',
  'created_team_id' => 
  array (
    0 => 223,
    1 => 111,
  ),
  'match_id' => '44513',
  'user_id' => '285',
)  
[2020-06-10 21:10:16] local.INFO: array (
  'contest_id' => '323',
  'created_team_id' => 
  array (
    0 => 223,
    1 => 111,
  ),
  'match_id' => '44513',
  'user_id' => '285',
)  
[2020-06-10 21:10:16] local.INFO: array (
  'contest_id' => '323',
  'created_team_id' => 
  array (
    0 => 223,
    1 => 111,
  ),
  'match_id' => '44513',
  'user_id' => '285',
)  
[2020-06-10 21:11:06] local.INFO: array (
  'action_type' => NULL,
  'city' => NULL,
  'contest_id' => NULL,
  'current_password' => NULL,
  'dateOfBirth' => NULL,
  'deposit_amount' => NULL,
  'device_id' => NULL,
  'discountOnBonusAmount' => NULL,
  'documents_type' => NULL,
  'email' => NULL,
  'entryFees' => NULL,
  'gender' => NULL,
  'image_bytes' => NULL,
  'image_url' => NULL,
  'match_id' => NULL,
  'mobile_number' => NULL,
  'name' => NULL,
  'new_password' => NULL,
  'otp' => NULL,
  'password' => NULL,
  'payment_mode' => NULL,
  'payment_status' => NULL,
  'pinCode' => NULL,
  'referral_code' => NULL,
  'role_type' => 0,
  'state' => NULL,
  'team_id' => 0,
  'token' => NULL,
  'totalPaidAmount' => NULL,
  'transaction_id' => NULL,
  'user_id' => '390',
  'user_type' => NULL,
  'username' => NULL,
  'version_code' => 0,
)  
[2020-06-10 21:12:11] local.INFO: array (
  'action_type' => NULL,
  'city' => NULL,
  'contest_id' => NULL,
  'current_password' => NULL,
  'dateOfBirth' => NULL,
  'deposit_amount' => NULL,
  'device_id' => NULL,
  'discountOnBonusAmount' => NULL,
  'documents_type' => NULL,
  'email' => NULL,
  'entryFees' => NULL,
  'gender' => NULL,
  'image_bytes' => NULL,
  'image_url' => NULL,
  'match_id' => NULL,
  'mobile_number' => NULL,
  'name' => NULL,
  'new_password' => NULL,
  'otp' => NULL,
  'password' => NULL,
  'payment_mode' => NULL,
  'payment_status' => NULL,
  'pinCode' => NULL,
  'referral_code' => NULL,
  'role_type' => 0,
  'state' => NULL,
  'team_id' => 0,
  'token' => NULL,
  'totalPaidAmount' => NULL,
  'transaction_id' => NULL,
  'user_id' => '390',
  'user_type' => NULL,
  'username' => NULL,
  'version_code' => 0,
)  
[2020-06-10 21:14:29] local.INFO: array (
  'action_type' => NULL,
  'city' => NULL,
  'contest_id' => NULL,
  'current_password' => NULL,
  'dateOfBirth' => NULL,
  'deposit_amount' => NULL,
  'device_id' => NULL,
  'discountOnBonusAmount' => NULL,
  'documents_type' => NULL,
  'email' => NULL,
  'entryFees' => NULL,
  'gender' => NULL,
  'image_bytes' => NULL,
  'image_url' => NULL,
  'match_id' => NULL,
  'mobile_number' => NULL,
  'name' => NULL,
  'new_password' => NULL,
  'otp' => NULL,
  'password' => NULL,
  'payment_mode' => NULL,
  'payment_status' => NULL,
  'pinCode' => NULL,
  'referral_code' => NULL,
  'role_type' => 0,
  'state' => NULL,
  'team_id' => 0,
  'token' => NULL,
  'totalPaidAmount' => NULL,
  'transaction_id' => NULL,
  'user_id' => '390',
  'user_type' => NULL,
  'username' => NULL,
  'version_code' => 0,
)  
[2020-06-10 21:14:46] local.INFO: array (
  'action_type' => NULL,
  'city' => NULL,
  'contest_id' => NULL,
  'current_password' => NULL,
  'dateOfBirth' => NULL,
  'deposit_amount' => NULL,
  'device_id' => NULL,
  'discountOnBonusAmount' => NULL,
  'documents_type' => NULL,
  'email' => NULL,
  'entryFees' => NULL,
  'gender' => NULL,
  'image_bytes' => NULL,
  'image_url' => NULL,
  'match_id' => NULL,
  'mobile_number' => NULL,
  'name' => NULL,
  'new_password' => NULL,
  'otp' => NULL,
  'password' => NULL,
  'payment_mode' => NULL,
  'payment_status' => NULL,
  'pinCode' => NULL,
  'referral_code' => NULL,
  'role_type' => 0,
  'state' => NULL,
  'team_id' => 0,
  'team_name' => NULL,
  'token' => NULL,
  'totalPaidAmount' => NULL,
  'transaction_id' => NULL,
  'user_id' => '379',
  'user_type' => NULL,
  'username' => NULL,
  'version_code' => 0,
)  
[2020-06-10 21:17:59] local.INFO: array (
  'action_type' => NULL,
  'city' => NULL,
  'contest_id' => NULL,
  'current_password' => NULL,
  'dateOfBirth' => NULL,
  'deposit_amount' => NULL,
  'device_id' => NULL,
  'discountOnBonusAmount' => NULL,
  'documents_type' => NULL,
  'email' => NULL,
  'entryFees' => NULL,
  'gender' => NULL,
  'image_bytes' => NULL,
  'image_url' => NULL,
  'match_id' => NULL,
  'mobile_number' => NULL,
  'name' => NULL,
  'new_password' => NULL,
  'otp' => NULL,
  'password' => NULL,
  'payment_mode' => NULL,
  'payment_status' => NULL,
  'pinCode' => NULL,
  'referral_code' => NULL,
  'role_type' => 0,
  'state' => NULL,
  'team_id' => 0,
  'team_name' => NULL,
  'token' => NULL,
  'totalPaidAmount' => NULL,
  'transaction_id' => NULL,
  'user_id' => '262',
  'user_type' => NULL,
  'username' => NULL,
  'version_code' => 0,
)  
[2020-06-10 21:20:16] local.INFO: array (
  'action_type' => NULL,
  'city' => NULL,
  'contest_id' => NULL,
  'current_password' => NULL,
  'dateOfBirth' => NULL,
  'deposit_amount' => NULL,
  'device_id' => NULL,
  'discountOnBonusAmount' => NULL,
  'documents_type' => NULL,
  'email' => NULL,
  'entryFees' => NULL,
  'gender' => NULL,
  'image_bytes' => NULL,
  'image_url' => NULL,
  'match_id' => NULL,
  'mobile_number' => NULL,
  'name' => NULL,
  'new_password' => NULL,
  'otp' => NULL,
  'password' => NULL,
  'payment_mode' => NULL,
  'payment_status' => NULL,
  'pinCode' => NULL,
  'referral_code' => NULL,
  'role_type' => 0,
  'state' => NULL,
  'team_id' => 0,
  'team_name' => NULL,
  'token' => NULL,
  'totalPaidAmount' => NULL,
  'transaction_id' => NULL,
  'user_id' => '262',
  'user_type' => NULL,
  'username' => NULL,
  'version_code' => 0,
)  
[2020-06-10 21:20:49] local.INFO: array (
  'action_type' => NULL,
  'city' => NULL,
  'contest_id' => NULL,
  'current_password' => NULL,
  'dateOfBirth' => NULL,
  'deposit_amount' => NULL,
  'device_id' => NULL,
  'discountOnBonusAmount' => NULL,
  'documents_type' => NULL,
  'email' => NULL,
  'entryFees' => NULL,
  'gender' => NULL,
  'image_bytes' => NULL,
  'image_url' => NULL,
  'match_id' => NULL,
  'mobile_number' => NULL,
  'name' => NULL,
  'new_password' => NULL,
  'otp' => NULL,
  'password' => NULL,
  'payment_mode' => NULL,
  'payment_status' => NULL,
  'pinCode' => NULL,
  'referral_code' => NULL,
  'role_type' => 0,
  'state' => NULL,
  'team_id' => 0,
  'team_name' => NULL,
  'token' => NULL,
  'totalPaidAmount' => NULL,
  'transaction_id' => NULL,
  'user_id' => '357',
  'user_type' => NULL,
  'username' => NULL,
  'version_code' => 0,
)  
[2020-06-10 21:21:22] local.INFO: array (
  'action_type' => NULL,
  'city' => NULL,
  'contest_id' => NULL,
  'current_password' => NULL,
  'dateOfBirth' => NULL,
  'deposit_amount' => NULL,
  'device_id' => NULL,
  'discountOnBonusAmount' => NULL,
  'documents_type' => NULL,
  'email' => NULL,
  'entryFees' => NULL,
  'gender' => NULL,
  'image_bytes' => NULL,
  'image_url' => NULL,
  'match_id' => NULL,
  'mobile_number' => NULL,
  'name' => NULL,
  'new_password' => NULL,
  'otp' => NULL,
  'password' => NULL,
  'payment_mode' => NULL,
  'payment_status' => NULL,
  'pinCode' => NULL,
  'referral_code' => NULL,
  'role_type' => 0,
  'state' => NULL,
  'team_id' => 0,
  'team_name' => NULL,
  'token' => NULL,
  'totalPaidAmount' => NULL,
  'transaction_id' => NULL,
  'user_id' => '379',
  'user_type' => NULL,
  'username' => NULL,
  'version_code' => 0,
)  
[2020-06-10 21:23:20] local.INFO: array (
  'action_type' => NULL,
  'city' => NULL,
  'contest_id' => NULL,
  'current_password' => NULL,
  'dateOfBirth' => NULL,
  'deposit_amount' => NULL,
  'device_id' => NULL,
  'discountOnBonusAmount' => NULL,
  'documents_type' => NULL,
  'email' => NULL,
  'entryFees' => NULL,
  'gender' => NULL,
  'image_bytes' => NULL,
  'image_url' => NULL,
  'match_id' => NULL,
  'mobile_number' => NULL,
  'name' => NULL,
  'new_password' => NULL,
  'otp' => NULL,
  'password' => NULL,
  'payment_mode' => NULL,
  'payment_status' => NULL,
  'pinCode' => NULL,
  'referral_code' => NULL,
  'role_type' => 0,
  'state' => NULL,
  'team_id' => 0,
  'team_name' => NULL,
  'token' => NULL,
  'totalPaidAmount' => NULL,
  'transaction_id' => NULL,
  'user_id' => '379',
  'user_type' => NULL,
  'username' => NULL,
  'version_code' => 0,
)  
[2020-06-10 21:27:31] local.INFO: array (
  'action_type' => NULL,
  'city' => NULL,
  'contest_id' => NULL,
  'current_password' => NULL,
  'dateOfBirth' => NULL,
  'deposit_amount' => NULL,
  'device_id' => NULL,
  'discountOnBonusAmount' => NULL,
  'documents_type' => NULL,
  'email' => NULL,
  'entryFees' => NULL,
  'gender' => NULL,
  'image_bytes' => NULL,
  'image_url' => NULL,
  'match_id' => NULL,
  'mobile_number' => NULL,
  'name' => NULL,
  'new_password' => NULL,
  'otp' => NULL,
  'password' => NULL,
  'payment_mode' => NULL,
  'payment_status' => NULL,
  'pinCode' => NULL,
  'referral_code' => NULL,
  'role_type' => 0,
  'state' => NULL,
  'team_id' => 0,
  'token' => NULL,
  'totalPaidAmount' => NULL,
  'transaction_id' => NULL,
  'user_id' => '391',
  'user_type' => NULL,
  'username' => NULL,
  'version_code' => 0,
)  
[2020-06-10 21:27:44] local.INFO: array (
  'action_type' => NULL,
  'city' => NULL,
  'contest_id' => NULL,
  'current_password' => NULL,
  'dateOfBirth' => NULL,
  'deposit_amount' => NULL,
  'device_id' => NULL,
  'discountOnBonusAmount' => NULL,
  'documents_type' => NULL,
  'email' => NULL,
  'entryFees' => NULL,
  'gender' => NULL,
  'image_bytes' => NULL,
  'image_url' => NULL,
  'match_id' => NULL,
  'mobile_number' => NULL,
  'name' => NULL,
  'new_password' => NULL,
  'otp' => NULL,
  'password' => NULL,
  'payment_mode' => NULL,
  'payment_status' => NULL,
  'pinCode' => NULL,
  'referral_code' => NULL,
  'role_type' => 0,
  'state' => NULL,
  'team_id' => 0,
  'token' => NULL,
  'totalPaidAmount' => NULL,
  'transaction_id' => NULL,
  'user_id' => '391',
  'user_type' => NULL,
  'username' => NULL,
  'version_code' => 0,
)  
[2020-06-10 21:27:55] local.INFO: array (
  'action_type' => NULL,
  'city' => NULL,
  'contest_id' => NULL,
  'current_password' => NULL,
  'dateOfBirth' => NULL,
  'deposit_amount' => NULL,
  'device_id' => NULL,
  'discountOnBonusAmount' => NULL,
  'documents_type' => NULL,
  'email' => NULL,
  'entryFees' => NULL,
  'gender' => NULL,
  'image_bytes' => NULL,
  'image_url' => NULL,
  'match_id' => NULL,
  'mobile_number' => NULL,
  'name' => NULL,
  'new_password' => NULL,
  'otp' => NULL,
  'password' => NULL,
  'payment_mode' => NULL,
  'payment_status' => NULL,
  'pinCode' => NULL,
  'referral_code' => NULL,
  'role_type' => 0,
  'state' => NULL,
  'team_id' => 0,
  'token' => NULL,
  'totalPaidAmount' => NULL,
  'transaction_id' => NULL,
  'user_id' => '391',
  'user_type' => NULL,
  'username' => NULL,
  'version_code' => 0,
)  
[2020-06-10 21:28:27] local.INFO: array (
  'action_type' => NULL,
  'city' => NULL,
  'contest_id' => NULL,
  'current_password' => NULL,
  'dateOfBirth' => NULL,
  'deposit_amount' => NULL,
  'device_id' => NULL,
  'discountOnBonusAmount' => NULL,
  'documents_type' => NULL,
  'email' => NULL,
  'entryFees' => NULL,
  'gender' => NULL,
  'image_bytes' => NULL,
  'image_url' => NULL,
  'match_id' => NULL,
  'mobile_number' => NULL,
  'name' => NULL,
  'new_password' => NULL,
  'otp' => NULL,
  'password' => NULL,
  'payment_mode' => NULL,
  'payment_status' => NULL,
  'pinCode' => NULL,
  'referral_code' => NULL,
  'role_type' => 0,
  'state' => NULL,
  'team_id' => 0,
  'token' => NULL,
  'totalPaidAmount' => NULL,
  'transaction_id' => NULL,
  'user_id' => '391',
  'user_type' => NULL,
  'username' => NULL,
  'version_code' => 0,
)  
[2020-06-10 21:30:31] local.INFO: array (
  'action_type' => NULL,
  'city' => NULL,
  'contest_id' => NULL,
  'current_password' => NULL,
  'dateOfBirth' => NULL,
  'deposit_amount' => NULL,
  'device_id' => NULL,
  'discountOnBonusAmount' => NULL,
  'documents_type' => NULL,
  'email' => NULL,
  'entryFees' => NULL,
  'gender' => NULL,
  'image_bytes' => NULL,
  'image_url' => NULL,
  'match_id' => NULL,
  'mobile_number' => NULL,
  'name' => NULL,
  'new_password' => NULL,
  'otp' => NULL,
  'password' => NULL,
  'payment_mode' => NULL,
  'payment_status' => NULL,
  'pinCode' => NULL,
  'referral_code' => NULL,
  'role_type' => 0,
  'state' => NULL,
  'team_id' => 0,
  'team_name' => NULL,
  'token' => NULL,
  'totalPaidAmount' => NULL,
  'transaction_id' => NULL,
  'user_id' => '285',
  'user_type' => NULL,
  'username' => NULL,
  'version_code' => 0,
)  
[2020-06-10 21:30:42] local.INFO: array (
  'action_type' => NULL,
  'city' => NULL,
  'contest_id' => NULL,
  'current_password' => NULL,
  'dateOfBirth' => NULL,
  'deposit_amount' => NULL,
  'device_id' => NULL,
  'discountOnBonusAmount' => NULL,
  'documents_type' => NULL,
  'email' => NULL,
  'entryFees' => NULL,
  'gender' => NULL,
  'image_bytes' => NULL,
  'image_url' => NULL,
  'match_id' => NULL,
  'mobile_number' => NULL,
  'name' => NULL,
  'new_password' => NULL,
  'otp' => NULL,
  'password' => NULL,
  'payment_mode' => NULL,
  'payment_status' => NULL,
  'pinCode' => NULL,
  'referral_code' => NULL,
  'role_type' => 0,
  'state' => NULL,
  'team_id' => 0,
  'team_name' => NULL,
  'token' => NULL,
  'totalPaidAmount' => NULL,
  'transaction_id' => NULL,
  'user_id' => '285',
  'user_type' => NULL,
  'username' => NULL,
  'version_code' => 0,
)  
[2020-06-10 21:30:47] local.INFO: array (
  'action_type' => NULL,
  'city' => NULL,
  'contest_id' => NULL,
  'current_password' => NULL,
  'dateOfBirth' => NULL,
  'deposit_amount' => NULL,
  'device_id' => NULL,
  'discountOnBonusAmount' => NULL,
  'documents_type' => NULL,
  'email' => NULL,
  'entryFees' => NULL,
  'gender' => NULL,
  'image_bytes' => NULL,
  'image_url' => NULL,
  'match_id' => NULL,
  'mobile_number' => NULL,
  'name' => NULL,
  'new_password' => NULL,
  'otp' => NULL,
  'password' => NULL,
  'payment_mode' => NULL,
  'payment_status' => NULL,
  'pinCode' => NULL,
  'referral_code' => NULL,
  'role_type' => 0,
  'state' => NULL,
  'team_id' => 0,
  'team_name' => NULL,
  'token' => NULL,
  'totalPaidAmount' => NULL,
  'transaction_id' => NULL,
  'user_id' => '285',
  'user_type' => NULL,
  'username' => NULL,
  'version_code' => 0,
)  
[2020-06-10 21:31:43] local.INFO: array (
  'action_type' => NULL,
  'city' => NULL,
  'contest_id' => NULL,
  'current_password' => NULL,
  'dateOfBirth' => NULL,
  'deposit_amount' => NULL,
  'device_id' => NULL,
  'discountOnBonusAmount' => NULL,
  'documents_type' => NULL,
  'email' => NULL,
  'entryFees' => NULL,
  'gender' => NULL,
  'image_bytes' => NULL,
  'image_url' => NULL,
  'match_id' => NULL,
  'mobile_number' => NULL,
  'name' => NULL,
  'new_password' => NULL,
  'otp' => NULL,
  'password' => NULL,
  'payment_mode' => NULL,
  'payment_status' => NULL,
  'pinCode' => NULL,
  'referral_code' => NULL,
  'role_type' => 0,
  'state' => NULL,
  'team_id' => 0,
  'token' => NULL,
  'totalPaidAmount' => NULL,
  'transaction_id' => NULL,
  'user_id' => '390',
  'user_type' => NULL,
  'username' => NULL,
  'version_code' => 0,
)  
[2020-06-10 21:32:09] local.INFO: array (
  'action_type' => NULL,
  'city' => NULL,
  'contest_id' => NULL,
  'current_password' => NULL,
  'dateOfBirth' => NULL,
  'deposit_amount' => NULL,
  'device_id' => NULL,
  'discountOnBonusAmount' => NULL,
  'documents_type' => NULL,
  'email' => NULL,
  'entryFees' => NULL,
  'gender' => NULL,
  'image_bytes' => NULL,
  'image_url' => NULL,
  'match_id' => NULL,
  'mobile_number' => NULL,
  'name' => NULL,
  'new_password' => NULL,
  'otp' => NULL,
  'password' => NULL,
  'payment_mode' => NULL,
  'payment_status' => NULL,
  'pinCode' => NULL,
  'referral_code' => NULL,
  'role_type' => 0,
  'state' => NULL,
  'team_id' => 0,
  'team_name' => NULL,
  'token' => NULL,
  'totalPaidAmount' => NULL,
  'transaction_id' => NULL,
  'user_id' => '357',
  'user_type' => NULL,
  'username' => NULL,
  'version_code' => 0,
)  
[2020-06-10 21:33:17] local.INFO: array (
  'action_type' => NULL,
  'city' => NULL,
  'contest_id' => NULL,
  'current_password' => NULL,
  'dateOfBirth' => NULL,
  'deposit_amount' => NULL,
  'device_id' => NULL,
  'discountOnBonusAmount' => NULL,
  'documents_type' => NULL,
  'email' => NULL,
  'entryFees' => NULL,
  'gender' => NULL,
  'image_bytes' => NULL,
  'image_url' => NULL,
  'match_id' => NULL,
  'mobile_number' => NULL,
  'name' => NULL,
  'new_password' => NULL,
  'otp' => NULL,
  'password' => NULL,
  'payment_mode' => NULL,
  'payment_status' => NULL,
  'pinCode' => NULL,
  'referral_code' => NULL,
  'role_type' => 0,
  'state' => NULL,
  'team_id' => 0,
  'team_name' => NULL,
  'token' => NULL,
  'totalPaidAmount' => NULL,
  'transaction_id' => NULL,
  'user_id' => '379',
  'user_type' => NULL,
  'username' => NULL,
  'version_code' => 0,
)  
[2020-06-10 21:33:50] local.INFO: array (
  'action_type' => NULL,
  'city' => NULL,
  'contest_id' => NULL,
  'current_password' => NULL,
  'dateOfBirth' => NULL,
  'deposit_amount' => NULL,
  'device_id' => NULL,
  'discountOnBonusAmount' => NULL,
  'documents_type' => NULL,
  'email' => NULL,
  'entryFees' => NULL,
  'gender' => NULL,
  'image_bytes' => NULL,
  'image_url' => NULL,
  'match_id' => NULL,
  'mobile_number' => NULL,
  'name' => NULL,
  'new_password' => NULL,
  'otp' => NULL,
  'password' => NULL,
  'payment_mode' => NULL,
  'payment_status' => NULL,
  'pinCode' => NULL,
  'referral_code' => NULL,
  'role_type' => 0,
  'state' => NULL,
  'team_id' => 0,
  'token' => NULL,
  'totalPaidAmount' => NULL,
  'transaction_id' => NULL,
  'user_id' => '338',
  'user_type' => NULL,
  'username' => NULL,
  'version_code' => 0,
)  
[2020-06-10 21:33:57] local.INFO: array (
  'action_type' => NULL,
  'city' => NULL,
  'contest_id' => NULL,
  'current_password' => NULL,
  'dateOfBirth' => NULL,
  'deposit_amount' => NULL,
  'device_id' => NULL,
  'discountOnBonusAmount' => NULL,
  'documents_type' => NULL,
  'email' => NULL,
  'entryFees' => NULL,
  'gender' => NULL,
  'image_bytes' => NULL,
  'image_url' => NULL,
  'match_id' => NULL,
  'mobile_number' => NULL,
  'name' => NULL,
  'new_password' => NULL,
  'otp' => NULL,
  'password' => NULL,
  'payment_mode' => NULL,
  'payment_status' => NULL,
  'pinCode' => NULL,
  'referral_code' => NULL,
  'role_type' => 0,
  'state' => NULL,
  'team_id' => 0,
  'token' => NULL,
  'totalPaidAmount' => NULL,
  'transaction_id' => NULL,
  'user_id' => '338',
  'user_type' => NULL,
  'username' => NULL,
  'version_code' => 0,
)  
[2020-06-10 21:35:42] local.INFO: array (
  'action_type' => NULL,
  'city' => NULL,
  'contest_id' => NULL,
  'current_password' => NULL,
  'dateOfBirth' => NULL,
  'deposit_amount' => NULL,
  'device_id' => NULL,
  'discountOnBonusAmount' => NULL,
  'documents_type' => NULL,
  'email' => NULL,
  'entryFees' => NULL,
  'gender' => NULL,
  'image_bytes' => NULL,
  'image_url' => NULL,
  'match_id' => NULL,
  'mobile_number' => NULL,
  'name' => NULL,
  'new_password' => NULL,
  'otp' => NULL,
  'password' => NULL,
  'payment_mode' => NULL,
  'payment_status' => NULL,
  'pinCode' => NULL,
  'referral_code' => NULL,
  'role_type' => 0,
  'state' => NULL,
  'team_id' => 0,
  'token' => NULL,
  'totalPaidAmount' => NULL,
  'transaction_id' => NULL,
  'user_id' => '338',
  'user_type' => NULL,
  'username' => NULL,
  'version_code' => 0,
)  
[2020-06-10 21:35:53] local.INFO: array (
  'action_type' => NULL,
  'city' => NULL,
  'contest_id' => NULL,
  'current_password' => NULL,
  'dateOfBirth' => NULL,
  'deposit_amount' => NULL,
  'device_id' => NULL,
  'discountOnBonusAmount' => NULL,
  'documents_type' => NULL,
  'email' => NULL,
  'entryFees' => NULL,
  'gender' => NULL,
  'image_bytes' => NULL,
  'image_url' => NULL,
  'match_id' => NULL,
  'mobile_number' => NULL,
  'name' => NULL,
  'new_password' => NULL,
  'otp' => NULL,
  'password' => NULL,
  'payment_mode' => NULL,
  'payment_status' => NULL,
  'pinCode' => NULL,
  'referral_code' => NULL,
  'role_type' => 0,
  'state' => NULL,
  'team_id' => 0,
  'token' => NULL,
  'totalPaidAmount' => NULL,
  'transaction_id' => NULL,
  'user_id' => '338',
  'user_type' => NULL,
  'username' => NULL,
  'version_code' => 0,
)  
[2020-06-10 21:35:59] local.INFO: array (
  'action_type' => NULL,
  'city' => NULL,
  'contest_id' => NULL,
  'current_password' => NULL,
  'dateOfBirth' => NULL,
  'deposit_amount' => NULL,
  'device_id' => NULL,
  'discountOnBonusAmount' => NULL,
  'documents_type' => NULL,
  'email' => NULL,
  'entryFees' => NULL,
  'gender' => NULL,
  'image_bytes' => NULL,
  'image_url' => NULL,
  'match_id' => NULL,
  'mobile_number' => NULL,
  'name' => NULL,
  'new_password' => NULL,
  'otp' => NULL,
  'password' => NULL,
  'payment_mode' => NULL,
  'payment_status' => NULL,
  'pinCode' => NULL,
  'referral_code' => NULL,
  'role_type' => 0,
  'state' => NULL,
  'team_id' => 0,
  'token' => NULL,
  'totalPaidAmount' => NULL,
  'transaction_id' => NULL,
  'user_id' => '338',
  'user_type' => NULL,
  'username' => NULL,
  'version_code' => 0,
)  
[2020-06-10 21:36:07] local.INFO: array (
  'action_type' => NULL,
  'city' => NULL,
  'contest_id' => NULL,
  'current_password' => NULL,
  'dateOfBirth' => NULL,
  'deposit_amount' => NULL,
  'device_id' => NULL,
  'discountOnBonusAmount' => NULL,
  'documents_type' => NULL,
  'email' => NULL,
  'entryFees' => NULL,
  'gender' => NULL,
  'image_bytes' => NULL,
  'image_url' => NULL,
  'match_id' => NULL,
  'mobile_number' => NULL,
  'name' => NULL,
  'new_password' => NULL,
  'otp' => NULL,
  'password' => NULL,
  'payment_mode' => NULL,
  'payment_status' => NULL,
  'pinCode' => NULL,
  'referral_code' => NULL,
  'role_type' => 0,
  'state' => NULL,
  'team_id' => 0,
  'token' => NULL,
  'totalPaidAmount' => NULL,
  'transaction_id' => NULL,
  'user_id' => '338',
  'user_type' => NULL,
  'username' => NULL,
  'version_code' => 0,
)  
[2020-06-10 21:36:32] local.INFO: array (
  'action_type' => NULL,
  'city' => NULL,
  'contest_id' => NULL,
  'current_password' => NULL,
  'dateOfBirth' => NULL,
  'deposit_amount' => NULL,
  'device_id' => NULL,
  'discountOnBonusAmount' => NULL,
  'documents_type' => NULL,
  'email' => NULL,
  'entryFees' => NULL,
  'gender' => NULL,
  'image_bytes' => NULL,
  'image_url' => NULL,
  'match_id' => NULL,
  'mobile_number' => NULL,
  'name' => NULL,
  'new_password' => NULL,
  'otp' => NULL,
  'password' => NULL,
  'payment_mode' => NULL,
  'payment_status' => NULL,
  'pinCode' => NULL,
  'referral_code' => NULL,
  'role_type' => 0,
  'state' => NULL,
  'team_id' => 0,
  'token' => NULL,
  'totalPaidAmount' => NULL,
  'transaction_id' => NULL,
  'user_id' => '338',
  'user_type' => NULL,
  'username' => NULL,
  'version_code' => 0,
)  
[2020-06-10 21:36:42] local.INFO: array (
  'action_type' => NULL,
  'city' => NULL,
  'contest_id' => NULL,
  'current_password' => NULL,
  'dateOfBirth' => NULL,
  'deposit_amount' => NULL,
  'device_id' => NULL,
  'discountOnBonusAmount' => NULL,
  'documents_type' => NULL,
  'email' => NULL,
  'entryFees' => NULL,
  'gender' => NULL,
  'image_bytes' => NULL,
  'image_url' => NULL,
  'match_id' => NULL,
  'mobile_number' => NULL,
  'name' => NULL,
  'new_password' => NULL,
  'otp' => NULL,
  'password' => NULL,
  'payment_mode' => NULL,
  'payment_status' => NULL,
  'pinCode' => NULL,
  'referral_code' => NULL,
  'role_type' => 0,
  'state' => NULL,
  'team_id' => 0,
  'team_name' => NULL,
  'token' => NULL,
  'totalPaidAmount' => NULL,
  'transaction_id' => NULL,
  'user_id' => '285',
  'user_type' => NULL,
  'username' => NULL,
  'version_code' => 0,
)  
[2020-06-10 21:37:16] local.INFO: array (
  'action_type' => NULL,
  'city' => NULL,
  'contest_id' => NULL,
  'current_password' => NULL,
  'dateOfBirth' => NULL,
  'deposit_amount' => NULL,
  'device_id' => NULL,
  'discountOnBonusAmount' => NULL,
  'documents_type' => NULL,
  'email' => NULL,
  'entryFees' => NULL,
  'gender' => NULL,
  'image_bytes' => NULL,
  'image_url' => NULL,
  'match_id' => NULL,
  'mobile_number' => NULL,
  'name' => NULL,
  'new_password' => NULL,
  'otp' => NULL,
  'password' => NULL,
  'payment_mode' => NULL,
  'payment_status' => NULL,
  'pinCode' => NULL,
  'referral_code' => NULL,
  'role_type' => 0,
  'state' => NULL,
  'team_id' => 0,
  'team_name' => NULL,
  'token' => NULL,
  'totalPaidAmount' => NULL,
  'transaction_id' => NULL,
  'user_id' => '379',
  'user_type' => NULL,
  'username' => NULL,
  'version_code' => 0,
)  
[2020-06-10 21:39:39] local.INFO: array (
  'action_type' => NULL,
  'city' => NULL,
  'contest_id' => NULL,
  'current_password' => NULL,
  'dateOfBirth' => NULL,
  'deposit_amount' => NULL,
  'device_id' => NULL,
  'discountOnBonusAmount' => NULL,
  'documents_type' => NULL,
  'email' => NULL,
  'entryFees' => NULL,
  'gender' => NULL,
  'image_bytes' => NULL,
  'image_url' => NULL,
  'match_id' => NULL,
  'mobile_number' => NULL,
  'name' => NULL,
  'new_password' => NULL,
  'otp' => NULL,
  'password' => NULL,
  'payment_mode' => NULL,
  'payment_status' => NULL,
  'pinCode' => NULL,
  'referral_code' => NULL,
  'role_type' => 0,
  'state' => NULL,
  'team_id' => 0,
  'token' => NULL,
  'totalPaidAmount' => NULL,
  'transaction_id' => NULL,
  'user_id' => '367',
  'user_type' => NULL,
  'username' => NULL,
  'version_code' => 0,
)  
[2020-06-10 21:40:04] local.INFO: array (
  'action_type' => NULL,
  'city' => NULL,
  'contest_id' => NULL,
  'current_password' => NULL,
  'dateOfBirth' => NULL,
  'deposit_amount' => NULL,
  'device_id' => NULL,
  'discountOnBonusAmount' => NULL,
  'documents_type' => NULL,
  'email' => NULL,
  'entryFees' => NULL,
  'gender' => NULL,
  'image_bytes' => NULL,
  'image_url' => NULL,
  'match_id' => NULL,
  'mobile_number' => NULL,
  'name' => NULL,
  'new_password' => NULL,
  'otp' => NULL,
  'password' => NULL,
  'payment_mode' => NULL,
  'payment_status' => NULL,
  'pinCode' => NULL,
  'referral_code' => NULL,
  'role_type' => 0,
  'state' => NULL,
  'team_id' => 0,
  'token' => NULL,
  'totalPaidAmount' => NULL,
  'transaction_id' => NULL,
  'user_id' => '338',
  'user_type' => NULL,
  'username' => NULL,
  'version_code' => 0,
)  
[2020-06-10 21:40:27] local.INFO: array (
  'action_type' => NULL,
  'city' => NULL,
  'contest_id' => NULL,
  'current_password' => NULL,
  'dateOfBirth' => NULL,
  'deposit_amount' => NULL,
  'device_id' => NULL,
  'discountOnBonusAmount' => NULL,
  'documents_type' => NULL,
  'email' => NULL,
  'entryFees' => NULL,
  'gender' => NULL,
  'image_bytes' => NULL,
  'image_url' => NULL,
  'match_id' => NULL,
  'mobile_number' => NULL,
  'name' => NULL,
  'new_password' => NULL,
  'otp' => NULL,
  'password' => NULL,
  'payment_mode' => NULL,
  'payment_status' => NULL,
  'pinCode' => NULL,
  'referral_code' => NULL,
  'role_type' => 0,
  'state' => NULL,
  'team_id' => 0,
  'token' => NULL,
  'totalPaidAmount' => NULL,
  'transaction_id' => NULL,
  'user_id' => '338',
  'user_type' => NULL,
  'username' => NULL,
  'version_code' => 0,
)  
[2020-06-10 21:40:41] local.INFO: array (
  'action_type' => NULL,
  'city' => NULL,
  'contest_id' => NULL,
  'current_password' => NULL,
  'dateOfBirth' => NULL,
  'deposit_amount' => NULL,
  'device_id' => NULL,
  'discountOnBonusAmount' => NULL,
  'documents_type' => NULL,
  'email' => NULL,
  'entryFees' => NULL,
  'gender' => NULL,
  'image_bytes' => NULL,
  'image_url' => NULL,
  'match_id' => NULL,
  'mobile_number' => NULL,
  'name' => NULL,
  'new_password' => NULL,
  'otp' => NULL,
  'password' => NULL,
  'payment_mode' => NULL,
  'payment_status' => NULL,
  'pinCode' => NULL,
  'referral_code' => NULL,
  'role_type' => 0,
  'state' => NULL,
  'team_id' => 0,
  'team_name' => NULL,
  'token' => NULL,
  'totalPaidAmount' => NULL,
  'transaction_id' => NULL,
  'user_id' => '379',
  'user_type' => NULL,
  'username' => NULL,
  'version_code' => 0,
)  
[2020-06-10 21:40:54] local.INFO: array (
  'action_type' => NULL,
  'city' => NULL,
  'contest_id' => NULL,
  'current_password' => NULL,
  'dateOfBirth' => NULL,
  'deposit_amount' => NULL,
  'device_id' => NULL,
  'discountOnBonusAmount' => NULL,
  'documents_type' => NULL,
  'email' => NULL,
  'entryFees' => NULL,
  'gender' => NULL,
  'image_bytes' => NULL,
  'image_url' => NULL,
  'match_id' => NULL,
  'mobile_number' => NULL,
  'name' => NULL,
  'new_password' => NULL,
  'otp' => NULL,
  'password' => NULL,
  'payment_mode' => NULL,
  'payment_status' => NULL,
  'pinCode' => NULL,
  'referral_code' => NULL,
  'role_type' => 0,
  'state' => NULL,
  'team_id' => 0,
  'team_name' => NULL,
  'token' => NULL,
  'totalPaidAmount' => NULL,
  'transaction_id' => NULL,
  'user_id' => '379',
  'user_type' => NULL,
  'username' => NULL,
  'version_code' => 0,
)  
[2020-06-10 21:41:24] local.INFO: array (
  'action_type' => NULL,
  'city' => NULL,
  'contest_id' => NULL,
  'current_password' => NULL,
  'dateOfBirth' => NULL,
  'deposit_amount' => NULL,
  'device_id' => NULL,
  'discountOnBonusAmount' => NULL,
  'documents_type' => NULL,
  'email' => NULL,
  'entryFees' => NULL,
  'gender' => NULL,
  'image_bytes' => NULL,
  'image_url' => NULL,
  'match_id' => NULL,
  'mobile_number' => NULL,
  'name' => NULL,
  'new_password' => NULL,
  'otp' => NULL,
  'password' => NULL,
  'payment_mode' => NULL,
  'payment_status' => NULL,
  'pinCode' => NULL,
  'referral_code' => NULL,
  'role_type' => 0,
  'state' => NULL,
  'team_id' => 0,
  'team_name' => NULL,
  'token' => NULL,
  'totalPaidAmount' => NULL,
  'transaction_id' => NULL,
  'user_id' => '379',
  'user_type' => NULL,
  'username' => NULL,
  'version_code' => 0,
)  
[2020-06-10 21:41:35] local.INFO: array (
  'action_type' => NULL,
  'city' => NULL,
  'contest_id' => NULL,
  'current_password' => NULL,
  'dateOfBirth' => NULL,
  'deposit_amount' => NULL,
  'device_id' => NULL,
  'discountOnBonusAmount' => NULL,
  'documents_type' => NULL,
  'email' => NULL,
  'entryFees' => NULL,
  'gender' => NULL,
  'image_bytes' => NULL,
  'image_url' => NULL,
  'match_id' => NULL,
  'mobile_number' => NULL,
  'name' => NULL,
  'new_password' => NULL,
  'otp' => NULL,
  'password' => NULL,
  'payment_mode' => NULL,
  'payment_status' => NULL,
  'pinCode' => NULL,
  'referral_code' => NULL,
  'role_type' => 0,
  'state' => NULL,
  'team_id' => 0,
  'team_name' => NULL,
  'token' => NULL,
  'totalPaidAmount' => NULL,
  'transaction_id' => NULL,
  'user_id' => '379',
  'user_type' => NULL,
  'username' => NULL,
  'version_code' => 0,
)  
[2020-06-10 21:42:04] local.INFO: array (
  'action_type' => NULL,
  'city' => NULL,
  'contest_id' => NULL,
  'current_password' => NULL,
  'dateOfBirth' => NULL,
  'deposit_amount' => NULL,
  'device_id' => NULL,
  'discountOnBonusAmount' => NULL,
  'documents_type' => NULL,
  'email' => NULL,
  'entryFees' => NULL,
  'gender' => NULL,
  'image_bytes' => NULL,
  'image_url' => NULL,
  'match_id' => NULL,
  'mobile_number' => NULL,
  'name' => NULL,
  'new_password' => NULL,
  'otp' => NULL,
  'password' => NULL,
  'payment_mode' => NULL,
  'payment_status' => NULL,
  'pinCode' => NULL,
  'referral_code' => NULL,
  'role_type' => 0,
  'state' => NULL,
  'team_id' => 0,
  'team_name' => NULL,
  'token' => NULL,
  'totalPaidAmount' => NULL,
  'transaction_id' => NULL,
  'user_id' => '357',
  'user_type' => NULL,
  'username' => NULL,
  'version_code' => 0,
)  
[2020-06-10 21:42:05] local.INFO: array (
  'action_type' => NULL,
  'city' => NULL,
  'contest_id' => NULL,
  'current_password' => NULL,
  'dateOfBirth' => NULL,
  'deposit_amount' => NULL,
  'device_id' => NULL,
  'discountOnBonusAmount' => NULL,
  'documents_type' => NULL,
  'email' => NULL,
  'entryFees' => NULL,
  'gender' => NULL,
  'image_bytes' => NULL,
  'image_url' => NULL,
  'match_id' => NULL,
  'mobile_number' => NULL,
  'name' => NULL,
  'new_password' => NULL,
  'otp' => NULL,
  'password' => NULL,
  'payment_mode' => NULL,
  'payment_status' => NULL,
  'pinCode' => NULL,
  'referral_code' => NULL,
  'role_type' => 0,
  'state' => NULL,
  'team_id' => 0,
  'team_name' => NULL,
  'token' => NULL,
  'totalPaidAmount' => NULL,
  'transaction_id' => NULL,
  'user_id' => '357',
  'user_type' => NULL,
  'username' => NULL,
  'version_code' => 0,
)  
[2020-06-10 21:42:05] local.INFO: array (
  'action_type' => NULL,
  'city' => NULL,
  'contest_id' => NULL,
  'current_password' => NULL,
  'dateOfBirth' => NULL,
  'deposit_amount' => NULL,
  'device_id' => NULL,
  'discountOnBonusAmount' => NULL,
  'documents_type' => NULL,
  'email' => NULL,
  'entryFees' => NULL,
  'gender' => NULL,
  'image_bytes' => NULL,
  'image_url' => NULL,
  'match_id' => NULL,
  'mobile_number' => NULL,
  'name' => NULL,
  'new_password' => NULL,
  'otp' => NULL,
  'password' => NULL,
  'payment_mode' => NULL,
  'payment_status' => NULL,
  'pinCode' => NULL,
  'referral_code' => NULL,
  'role_type' => 0,
  'state' => NULL,
  'team_id' => 0,
  'team_name' => NULL,
  'token' => NULL,
  'totalPaidAmount' => NULL,
  'transaction_id' => NULL,
  'user_id' => '357',
  'user_type' => NULL,
  'username' => NULL,
  'version_code' => 0,
)  
[2020-06-10 21:42:05] local.INFO: array (
  'action_type' => NULL,
  'city' => NULL,
  'contest_id' => NULL,
  'current_password' => NULL,
  'dateOfBirth' => NULL,
  'deposit_amount' => NULL,
  'device_id' => NULL,
  'discountOnBonusAmount' => NULL,
  'documents_type' => NULL,
  'email' => NULL,
  'entryFees' => NULL,
  'gender' => NULL,
  'image_bytes' => NULL,
  'image_url' => NULL,
  'match_id' => NULL,
  'mobile_number' => NULL,
  'name' => NULL,
  'new_password' => NULL,
  'otp' => NULL,
  'password' => NULL,
  'payment_mode' => NULL,
  'payment_status' => NULL,
  'pinCode' => NULL,
  'referral_code' => NULL,
  'role_type' => 0,
  'state' => NULL,
  'team_id' => 0,
  'team_name' => NULL,
  'token' => NULL,
  'totalPaidAmount' => NULL,
  'transaction_id' => NULL,
  'user_id' => '357',
  'user_type' => NULL,
  'username' => NULL,
  'version_code' => 0,
)  
[2020-06-10 21:42:05] local.INFO: array (
  'action_type' => NULL,
  'city' => NULL,
  'contest_id' => NULL,
  'current_password' => NULL,
  'dateOfBirth' => NULL,
  'deposit_amount' => NULL,
  'device_id' => NULL,
  'discountOnBonusAmount' => NULL,
  'documents_type' => NULL,
  'email' => NULL,
  'entryFees' => NULL,
  'gender' => NULL,
  'image_bytes' => NULL,
  'image_url' => NULL,
  'match_id' => NULL,
  'mobile_number' => NULL,
  'name' => NULL,
  'new_password' => NULL,
  'otp' => NULL,
  'password' => NULL,
  'payment_mode' => NULL,
  'payment_status' => NULL,
  'pinCode' => NULL,
  'referral_code' => NULL,
  'role_type' => 0,
  'state' => NULL,
  'team_id' => 0,
  'team_name' => NULL,
  'token' => NULL,
  'totalPaidAmount' => NULL,
  'transaction_id' => NULL,
  'user_id' => '357',
  'user_type' => NULL,
  'username' => NULL,
  'version_code' => 0,
)  
[2020-06-10 21:42:45] local.INFO: array (
  'action_type' => NULL,
  'city' => NULL,
  'contest_id' => NULL,
  'current_password' => NULL,
  'dateOfBirth' => NULL,
  'deposit_amount' => NULL,
  'device_id' => NULL,
  'discountOnBonusAmount' => NULL,
  'documents_type' => NULL,
  'email' => NULL,
  'entryFees' => NULL,
  'gender' => NULL,
  'image_bytes' => NULL,
  'image_url' => NULL,
  'match_id' => NULL,
  'mobile_number' => NULL,
  'name' => NULL,
  'new_password' => NULL,
  'otp' => NULL,
  'password' => NULL,
  'payment_mode' => NULL,
  'payment_status' => NULL,
  'pinCode' => NULL,
  'referral_code' => NULL,
  'role_type' => 0,
  'state' => NULL,
  'team_id' => 0,
  'team_name' => NULL,
  'token' => NULL,
  'totalPaidAmount' => NULL,
  'transaction_id' => NULL,
  'user_id' => '262',
  'user_type' => NULL,
  'username' => NULL,
  'version_code' => 0,
)  
[2020-06-10 21:46:00] local.INFO: array (
  'action_type' => NULL,
  'city' => NULL,
  'contest_id' => NULL,
  'current_password' => NULL,
  'dateOfBirth' => NULL,
  'deposit_amount' => NULL,
  'device_id' => NULL,
  'discountOnBonusAmount' => NULL,
  'documents_type' => NULL,
  'email' => NULL,
  'entryFees' => NULL,
  'gender' => NULL,
  'image_bytes' => NULL,
  'image_url' => NULL,
  'match_id' => NULL,
  'mobile_number' => NULL,
  'name' => NULL,
  'new_password' => NULL,
  'otp' => NULL,
  'password' => NULL,
  'payment_mode' => NULL,
  'payment_status' => NULL,
  'pinCode' => NULL,
  'referral_code' => NULL,
  'role_type' => 0,
  'state' => NULL,
  'team_id' => 0,
  'team_name' => NULL,
  'token' => NULL,
  'totalPaidAmount' => NULL,
  'transaction_id' => NULL,
  'user_id' => '357',
  'user_type' => NULL,
  'username' => NULL,
  'version_code' => 0,
)  
[2020-06-10 21:51:43] local.INFO: array (
  'action_type' => NULL,
  'city' => NULL,
  'contest_id' => NULL,
  'current_password' => NULL,
  'dateOfBirth' => NULL,
  'deposit_amount' => NULL,
  'device_id' => NULL,
  'discountOnBonusAmount' => NULL,
  'documents_type' => NULL,
  'email' => NULL,
  'entryFees' => NULL,
  'gender' => NULL,
  'image_bytes' => NULL,
  'image_url' => NULL,
  'match_id' => NULL,
  'mobile_number' => NULL,
  'name' => NULL,
  'new_password' => NULL,
  'otp' => NULL,
  'password' => NULL,
  'payment_mode' => NULL,
  'payment_status' => NULL,
  'pinCode' => NULL,
  'referral_code' => NULL,
  'role_type' => 0,
  'state' => NULL,
  'team_id' => 0,
  'team_name' => NULL,
  'token' => NULL,
  'totalPaidAmount' => NULL,
  'transaction_id' => NULL,
  'user_id' => '358',
  'user_type' => NULL,
  'username' => NULL,
  'version_code' => 0,
)  
[2020-06-10 21:54:59] local.INFO: array (
  'action_type' => NULL,
  'city' => NULL,
  'contest_id' => NULL,
  'current_password' => NULL,
  'dateOfBirth' => NULL,
  'deposit_amount' => NULL,
  'device_id' => NULL,
  'discountOnBonusAmount' => NULL,
  'documents_type' => NULL,
  'email' => NULL,
  'entryFees' => NULL,
  'gender' => NULL,
  'image_bytes' => NULL,
  'image_url' => NULL,
  'match_id' => NULL,
  'mobile_number' => NULL,
  'name' => NULL,
  'new_password' => NULL,
  'otp' => NULL,
  'password' => NULL,
  'payment_mode' => NULL,
  'payment_status' => NULL,
  'pinCode' => NULL,
  'referral_code' => NULL,
  'role_type' => 0,
  'state' => NULL,
  'team_id' => 0,
  'team_name' => NULL,
  'token' => NULL,
  'totalPaidAmount' => NULL,
  'transaction_id' => NULL,
  'user_id' => '357',
  'user_type' => NULL,
  'username' => NULL,
  'version_code' => 0,
)  
[2020-06-10 21:57:59] local.INFO: array (
  'action_type' => NULL,
  'city' => NULL,
  'contest_id' => NULL,
  'current_password' => NULL,
  'dateOfBirth' => NULL,
  'deposit_amount' => NULL,
  'device_id' => NULL,
  'discountOnBonusAmount' => NULL,
  'documents_type' => NULL,
  'email' => NULL,
  'entryFees' => NULL,
  'gender' => NULL,
  'image_bytes' => NULL,
  'image_url' => NULL,
  'match_id' => NULL,
  'mobile_number' => NULL,
  'name' => NULL,
  'new_password' => NULL,
  'otp' => NULL,
  'password' => NULL,
  'payment_mode' => NULL,
  'payment_status' => NULL,
  'pinCode' => NULL,
  'referral_code' => NULL,
  'role_type' => 0,
  'state' => NULL,
  'team_id' => 0,
  'token' => NULL,
  'totalPaidAmount' => NULL,
  'transaction_id' => NULL,
  'user_id' => '390',
  'user_type' => NULL,
  'username' => NULL,
  'version_code' => 0,
)  
[2020-06-10 22:02:55] local.INFO: array (
  'action_type' => NULL,
  'city' => NULL,
  'contest_id' => NULL,
  'current_password' => NULL,
  'dateOfBirth' => NULL,
  'deposit_amount' => NULL,
  'device_id' => NULL,
  'discountOnBonusAmount' => NULL,
  'documents_type' => NULL,
  'email' => NULL,
  'entryFees' => NULL,
  'gender' => NULL,
  'image_bytes' => NULL,
  'image_url' => NULL,
  'match_id' => NULL,
  'mobile_number' => NULL,
  'name' => NULL,
  'new_password' => NULL,
  'otp' => NULL,
  'password' => NULL,
  'payment_mode' => NULL,
  'payment_status' => NULL,
  'pinCode' => NULL,
  'referral_code' => NULL,
  'role_type' => 0,
  'state' => NULL,
  'team_id' => 0,
  'token' => NULL,
  'totalPaidAmount' => NULL,
  'transaction_id' => NULL,
  'user_id' => '390',
  'user_type' => NULL,
  'username' => NULL,
  'version_code' => 0,
)  
[2020-06-10 22:04:50] local.INFO: array (
  'action_type' => NULL,
  'city' => NULL,
  'contest_id' => NULL,
  'current_password' => NULL,
  'dateOfBirth' => NULL,
  'deposit_amount' => NULL,
  'device_id' => NULL,
  'discountOnBonusAmount' => NULL,
  'documents_type' => NULL,
  'email' => NULL,
  'entryFees' => NULL,
  'gender' => NULL,
  'image_bytes' => NULL,
  'image_url' => NULL,
  'match_id' => NULL,
  'mobile_number' => NULL,
  'name' => NULL,
  'new_password' => NULL,
  'otp' => NULL,
  'password' => NULL,
  'payment_mode' => NULL,
  'payment_status' => NULL,
  'pinCode' => NULL,
  'referral_code' => NULL,
  'role_type' => 0,
  'state' => NULL,
  'team_id' => 0,
  'token' => NULL,
  'totalPaidAmount' => NULL,
  'transaction_id' => NULL,
  'user_id' => '390',
  'user_type' => NULL,
  'username' => NULL,
  'version_code' => 0,
)  
[2020-06-10 22:07:10] local.INFO: array (
  'action_type' => NULL,
  'city' => NULL,
  'contest_id' => NULL,
  'current_password' => NULL,
  'dateOfBirth' => NULL,
  'deposit_amount' => NULL,
  'device_id' => NULL,
  'discountOnBonusAmount' => NULL,
  'documents_type' => NULL,
  'email' => NULL,
  'entryFees' => NULL,
  'gender' => NULL,
  'image_bytes' => NULL,
  'image_url' => NULL,
  'match_id' => NULL,
  'mobile_number' => NULL,
  'name' => NULL,
  'new_password' => NULL,
  'otp' => NULL,
  'password' => NULL,
  'payment_mode' => NULL,
  'payment_status' => NULL,
  'pinCode' => NULL,
  'referral_code' => NULL,
  'role_type' => 0,
  'state' => NULL,
  'team_id' => 0,
  'team_name' => NULL,
  'token' => NULL,
  'totalPaidAmount' => NULL,
  'transaction_id' => NULL,
  'user_id' => '358',
  'user_type' => NULL,
  'username' => NULL,
  'version_code' => 0,
)  
[2020-06-10 22:17:04] local.INFO: array (
  'action_type' => NULL,
  'city' => NULL,
  'contest_id' => NULL,
  'current_password' => NULL,
  'dateOfBirth' => NULL,
  'deposit_amount' => NULL,
  'device_id' => NULL,
  'discountOnBonusAmount' => NULL,
  'documents_type' => NULL,
  'email' => NULL,
  'entryFees' => NULL,
  'gender' => NULL,
  'image_bytes' => NULL,
  'image_url' => NULL,
  'match_id' => NULL,
  'mobile_number' => NULL,
  'name' => NULL,
  'new_password' => NULL,
  'otp' => NULL,
  'password' => NULL,
  'payment_mode' => NULL,
  'payment_status' => NULL,
  'pinCode' => NULL,
  'referral_code' => NULL,
  'role_type' => 0,
  'state' => NULL,
  'team_id' => 0,
  'team_name' => NULL,
  'token' => NULL,
  'totalPaidAmount' => NULL,
  'transaction_id' => NULL,
  'user_id' => '262',
  'user_type' => NULL,
  'username' => NULL,
  'version_code' => 0,
)  
[2020-06-10 22:18:15] local.INFO: array (
  'action_type' => NULL,
  'city' => NULL,
  'contest_id' => NULL,
  'current_password' => NULL,
  'dateOfBirth' => NULL,
  'deposit_amount' => NULL,
  'device_id' => NULL,
  'discountOnBonusAmount' => NULL,
  'documents_type' => NULL,
  'email' => NULL,
  'entryFees' => NULL,
  'gender' => NULL,
  'image_bytes' => NULL,
  'image_url' => NULL,
  'match_id' => NULL,
  'mobile_number' => NULL,
  'name' => NULL,
  'new_password' => NULL,
  'otp' => NULL,
  'password' => NULL,
  'payment_mode' => NULL,
  'payment_status' => NULL,
  'pinCode' => NULL,
  'referral_code' => NULL,
  'role_type' => 0,
  'state' => NULL,
  'team_id' => 0,
  'team_name' => NULL,
  'token' => NULL,
  'totalPaidAmount' => NULL,
  'transaction_id' => NULL,
  'user_id' => '262',
  'user_type' => NULL,
  'username' => NULL,
  'version_code' => 0,
)  
[2020-06-10 22:19:17] local.INFO: array (
  'action_type' => NULL,
  'city' => NULL,
  'contest_id' => NULL,
  'current_password' => NULL,
  'dateOfBirth' => NULL,
  'deposit_amount' => NULL,
  'device_id' => NULL,
  'discountOnBonusAmount' => NULL,
  'documents_type' => NULL,
  'email' => NULL,
  'entryFees' => NULL,
  'gender' => NULL,
  'image_bytes' => NULL,
  'image_url' => NULL,
  'match_id' => NULL,
  'mobile_number' => NULL,
  'name' => NULL,
  'new_password' => NULL,
  'otp' => NULL,
  'password' => NULL,
  'payment_mode' => NULL,
  'payment_status' => NULL,
  'pinCode' => NULL,
  'referral_code' => NULL,
  'role_type' => 0,
  'state' => NULL,
  'team_id' => 0,
  'token' => NULL,
  'totalPaidAmount' => NULL,
  'transaction_id' => NULL,
  'user_id' => '338',
  'user_type' => NULL,
  'username' => NULL,
  'version_code' => 0,
)  
[2020-06-10 22:19:21] local.INFO: array (
  'action_type' => NULL,
  'city' => NULL,
  'contest_id' => NULL,
  'current_password' => NULL,
  'dateOfBirth' => NULL,
  'deposit_amount' => NULL,
  'device_id' => NULL,
  'discountOnBonusAmount' => NULL,
  'documents_type' => NULL,
  'email' => NULL,
  'entryFees' => NULL,
  'gender' => NULL,
  'image_bytes' => NULL,
  'image_url' => NULL,
  'match_id' => NULL,
  'mobile_number' => NULL,
  'name' => NULL,
  'new_password' => NULL,
  'otp' => NULL,
  'password' => NULL,
  'payment_mode' => NULL,
  'payment_status' => NULL,
  'pinCode' => NULL,
  'referral_code' => NULL,
  'role_type' => 0,
  'state' => NULL,
  'team_id' => 0,
  'token' => NULL,
  'totalPaidAmount' => NULL,
  'transaction_id' => NULL,
  'user_id' => '338',
  'user_type' => NULL,
  'username' => NULL,
  'version_code' => 0,
)  
[2020-06-10 22:31:33] local.INFO: array (
  'action_type' => NULL,
  'city' => NULL,
  'contest_id' => NULL,
  'current_password' => NULL,
  'dateOfBirth' => NULL,
  'deposit_amount' => NULL,
  'device_id' => NULL,
  'discountOnBonusAmount' => NULL,
  'documents_type' => NULL,
  'email' => NULL,
  'entryFees' => NULL,
  'gender' => NULL,
  'image_bytes' => NULL,
  'image_url' => NULL,
  'match_id' => NULL,
  'mobile_number' => NULL,
  'name' => NULL,
  'new_password' => NULL,
  'otp' => NULL,
  'password' => NULL,
  'payment_mode' => NULL,
  'payment_status' => NULL,
  'pinCode' => NULL,
  'referral_code' => NULL,
  'role_type' => 0,
  'state' => NULL,
  'team_id' => 0,
  'team_name' => NULL,
  'token' => NULL,
  'totalPaidAmount' => NULL,
  'transaction_id' => NULL,
  'user_id' => '262',
  'user_type' => NULL,
  'username' => NULL,
  'version_code' => 0,
)  
[2020-06-10 22:32:08] local.INFO: array (
  'action_type' => NULL,
  'city' => NULL,
  'contest_id' => NULL,
  'current_password' => NULL,
  'dateOfBirth' => NULL,
  'deposit_amount' => NULL,
  'device_id' => NULL,
  'discountOnBonusAmount' => NULL,
  'documents_type' => NULL,
  'email' => NULL,
  'entryFees' => NULL,
  'gender' => NULL,
  'image_bytes' => NULL,
  'image_url' => NULL,
  'match_id' => NULL,
  'mobile_number' => NULL,
  'name' => NULL,
  'new_password' => NULL,
  'otp' => NULL,
  'password' => NULL,
  'payment_mode' => NULL,
  'payment_status' => NULL,
  'pinCode' => NULL,
  'referral_code' => NULL,
  'role_type' => 0,
  'state' => NULL,
  'team_id' => 0,
  'team_name' => NULL,
  'token' => NULL,
  'totalPaidAmount' => NULL,
  'transaction_id' => NULL,
  'user_id' => '357',
  'user_type' => NULL,
  'username' => NULL,
  'version_code' => 0,
)  
[2020-06-10 22:32:10] local.INFO: array (
  'action_type' => NULL,
  'city' => NULL,
  'contest_id' => NULL,
  'current_password' => NULL,
  'dateOfBirth' => NULL,
  'deposit_amount' => NULL,
  'device_id' => NULL,
  'discountOnBonusAmount' => NULL,
  'documents_type' => NULL,
  'email' => NULL,
  'entryFees' => NULL,
  'gender' => NULL,
  'image_bytes' => NULL,
  'image_url' => NULL,
  'match_id' => NULL,
  'mobile_number' => NULL,
  'name' => NULL,
  'new_password' => NULL,
  'otp' => NULL,
  'password' => NULL,
  'payment_mode' => NULL,
  'payment_status' => NULL,
  'pinCode' => NULL,
  'referral_code' => NULL,
  'role_type' => 0,
  'state' => NULL,
  'team_id' => 0,
  'team_name' => NULL,
  'token' => NULL,
  'totalPaidAmount' => NULL,
  'transaction_id' => NULL,
  'user_id' => '357',
  'user_type' => NULL,
  'username' => NULL,
  'version_code' => 0,
)  
[2020-06-10 22:35:25] local.INFO: array (
  'action_type' => NULL,
  'city' => NULL,
  'contest_id' => NULL,
  'current_password' => NULL,
  'dateOfBirth' => NULL,
  'deposit_amount' => NULL,
  'device_id' => NULL,
  'discountOnBonusAmount' => NULL,
  'documents_type' => NULL,
  'email' => NULL,
  'entryFees' => NULL,
  'gender' => NULL,
  'image_bytes' => NULL,
  'image_url' => NULL,
  'match_id' => NULL,
  'mobile_number' => NULL,
  'name' => NULL,
  'new_password' => NULL,
  'otp' => NULL,
  'password' => NULL,
  'payment_mode' => NULL,
  'payment_status' => NULL,
  'pinCode' => NULL,
  'referral_code' => NULL,
  'role_type' => 0,
  'state' => NULL,
  'team_id' => 0,
  'team_name' => NULL,
  'token' => NULL,
  'totalPaidAmount' => NULL,
  'transaction_id' => NULL,
  'user_id' => '262',
  'user_type' => NULL,
  'username' => NULL,
  'version_code' => 0,
)  
[2020-06-10 22:41:29] local.INFO: array (
  'action_type' => NULL,
  'city' => NULL,
  'contest_id' => NULL,
  'current_password' => NULL,
  'dateOfBirth' => NULL,
  'deposit_amount' => NULL,
  'device_id' => NULL,
  'discountOnBonusAmount' => NULL,
  'documents_type' => NULL,
  'email' => NULL,
  'entryFees' => NULL,
  'gender' => NULL,
  'image_bytes' => NULL,
  'image_url' => NULL,
  'match_id' => NULL,
  'mobile_number' => NULL,
  'name' => NULL,
  'new_password' => NULL,
  'otp' => NULL,
  'password' => NULL,
  'payment_mode' => NULL,
  'payment_status' => NULL,
  'pinCode' => NULL,
  'referral_code' => NULL,
  'role_type' => 0,
  'state' => NULL,
  'team_id' => 0,
  'token' => NULL,
  'totalPaidAmount' => NULL,
  'transaction_id' => NULL,
  'user_id' => '390',
  'user_type' => NULL,
  'username' => NULL,
  'version_code' => 0,
)  
[2020-06-10 22:47:53] local.INFO: array (
  'action_type' => NULL,
  'city' => NULL,
  'contest_id' => NULL,
  'current_password' => NULL,
  'dateOfBirth' => NULL,
  'deposit_amount' => NULL,
  'device_id' => NULL,
  'discountOnBonusAmount' => NULL,
  'documents_type' => NULL,
  'email' => NULL,
  'entryFees' => NULL,
  'gender' => NULL,
  'image_bytes' => NULL,
  'image_url' => NULL,
  'match_id' => NULL,
  'mobile_number' => NULL,
  'name' => NULL,
  'new_password' => NULL,
  'otp' => NULL,
  'password' => NULL,
  'payment_mode' => NULL,
  'payment_status' => NULL,
  'pinCode' => NULL,
  'referral_code' => NULL,
  'role_type' => 0,
  'state' => NULL,
  'team_id' => 0,
  'team_name' => NULL,
  'token' => NULL,
  'totalPaidAmount' => NULL,
  'transaction_id' => NULL,
  'user_id' => '262',
  'user_type' => NULL,
  'username' => NULL,
  'version_code' => 0,
)  
[2020-06-10 22:52:50] local.INFO: array (
  'action_type' => NULL,
  'city' => NULL,
  'contest_id' => NULL,
  'current_password' => NULL,
  'dateOfBirth' => NULL,
  'deposit_amount' => NULL,
  'device_id' => NULL,
  'discountOnBonusAmount' => NULL,
  'documents_type' => NULL,
  'email' => NULL,
  'entryFees' => NULL,
  'gender' => NULL,
  'image_bytes' => NULL,
  'image_url' => NULL,
  'match_id' => NULL,
  'mobile_number' => NULL,
  'name' => NULL,
  'new_password' => NULL,
  'otp' => NULL,
  'password' => NULL,
  'payment_mode' => NULL,
  'payment_status' => NULL,
  'pinCode' => NULL,
  'referral_code' => NULL,
  'role_type' => 0,
  'state' => NULL,
  'team_id' => 0,
  'team_name' => NULL,
  'token' => NULL,
  'totalPaidAmount' => NULL,
  'transaction_id' => NULL,
  'user_id' => '373',
  'user_type' => NULL,
  'username' => NULL,
  'version_code' => 0,
)  
[2020-06-10 23:04:09] local.INFO: array (
  'action_type' => NULL,
  'city' => NULL,
  'contest_id' => NULL,
  'current_password' => NULL,
  'dateOfBirth' => NULL,
  'deposit_amount' => NULL,
  'device_id' => NULL,
  'discountOnBonusAmount' => NULL,
  'documents_type' => NULL,
  'email' => NULL,
  'entryFees' => NULL,
  'gender' => NULL,
  'image_bytes' => NULL,
  'image_url' => NULL,
  'match_id' => NULL,
  'mobile_number' => NULL,
  'name' => NULL,
  'new_password' => NULL,
  'otp' => NULL,
  'password' => NULL,
  'payment_mode' => NULL,
  'payment_status' => NULL,
  'pinCode' => NULL,
  'referral_code' => NULL,
  'role_type' => 0,
  'state' => NULL,
  'team_id' => 0,
  'team_name' => NULL,
  'token' => NULL,
  'totalPaidAmount' => NULL,
  'transaction_id' => NULL,
  'user_id' => '262',
  'user_type' => NULL,
  'username' => NULL,
  'version_code' => 0,
)  
[2020-06-10 23:06:16] local.INFO: array (
  'action_type' => NULL,
  'city' => NULL,
  'contest_id' => NULL,
  'current_password' => NULL,
  'dateOfBirth' => NULL,
  'deposit_amount' => NULL,
  'device_id' => NULL,
  'discountOnBonusAmount' => NULL,
  'documents_type' => NULL,
  'email' => NULL,
  'entryFees' => NULL,
  'gender' => NULL,
  'image_bytes' => NULL,
  'image_url' => NULL,
  'match_id' => NULL,
  'mobile_number' => NULL,
  'name' => NULL,
  'new_password' => NULL,
  'otp' => NULL,
  'password' => NULL,
  'payment_mode' => NULL,
  'payment_status' => NULL,
  'pinCode' => NULL,
  'referral_code' => NULL,
  'role_type' => 0,
  'state' => NULL,
  'team_id' => 0,
  'team_name' => NULL,
  'token' => NULL,
  'totalPaidAmount' => NULL,
  'transaction_id' => NULL,
  'user_id' => '262',
  'user_type' => NULL,
  'username' => NULL,
  'version_code' => 0,
)  
[2020-06-10 23:06:27] local.INFO: array (
  'action_type' => NULL,
  'city' => NULL,
  'contest_id' => NULL,
  'current_password' => NULL,
  'dateOfBirth' => NULL,
  'deposit_amount' => NULL,
  'device_id' => NULL,
  'discountOnBonusAmount' => NULL,
  'documents_type' => NULL,
  'email' => NULL,
  'entryFees' => NULL,
  'gender' => NULL,
  'image_bytes' => NULL,
  'image_url' => NULL,
  'match_id' => NULL,
  'mobile_number' => NULL,
  'name' => NULL,
  'new_password' => NULL,
  'otp' => NULL,
  'password' => NULL,
  'payment_mode' => NULL,
  'payment_status' => NULL,
  'pinCode' => NULL,
  'referral_code' => NULL,
  'role_type' => 0,
  'state' => NULL,
  'team_id' => 0,
  'team_name' => NULL,
  'token' => NULL,
  'totalPaidAmount' => NULL,
  'transaction_id' => NULL,
  'user_id' => '262',
  'user_type' => NULL,
  'username' => NULL,
  'version_code' => 0,
)  
[2020-06-10 23:06:42] local.INFO: array (
  'action_type' => NULL,
  'city' => NULL,
  'contest_id' => NULL,
  'current_password' => NULL,
  'dateOfBirth' => NULL,
  'deposit_amount' => NULL,
  'device_id' => NULL,
  'discountOnBonusAmount' => NULL,
  'documents_type' => NULL,
  'email' => NULL,
  'entryFees' => NULL,
  'gender' => NULL,
  'image_bytes' => NULL,
  'image_url' => NULL,
  'match_id' => NULL,
  'mobile_number' => NULL,
  'name' => NULL,
  'new_password' => NULL,
  'otp' => NULL,
  'password' => NULL,
  'payment_mode' => NULL,
  'payment_status' => NULL,
  'pinCode' => NULL,
  'referral_code' => NULL,
  'role_type' => 0,
  'state' => NULL,
  'team_id' => 0,
  'team_name' => NULL,
  'token' => NULL,
  'totalPaidAmount' => NULL,
  'transaction_id' => NULL,
  'user_id' => '262',
  'user_type' => NULL,
  'username' => NULL,
  'version_code' => 0,
)  
[2020-06-10 23:16:35] local.INFO: array (
  'action_type' => NULL,
  'city' => NULL,
  'contest_id' => NULL,
  'current_password' => NULL,
  'dateOfBirth' => NULL,
  'deposit_amount' => NULL,
  'device_id' => NULL,
  'discountOnBonusAmount' => NULL,
  'documents_type' => NULL,
  'email' => NULL,
  'entryFees' => NULL,
  'gender' => NULL,
  'image_bytes' => NULL,
  'image_url' => NULL,
  'match_id' => NULL,
  'mobile_number' => NULL,
  'name' => NULL,
  'new_password' => NULL,
  'otp' => NULL,
  'password' => NULL,
  'payment_mode' => NULL,
  'payment_status' => NULL,
  'pinCode' => NULL,
  'referral_code' => NULL,
  'role_type' => 0,
  'state' => NULL,
  'team_id' => 0,
  'team_name' => NULL,
  'token' => NULL,
  'totalPaidAmount' => NULL,
  'transaction_id' => NULL,
  'user_id' => '262',
  'user_type' => NULL,
  'username' => NULL,
  'version_code' => 0,
)  
[2020-06-10 23:16:57] local.INFO: array (
  'action_type' => NULL,
  'city' => NULL,
  'contest_id' => NULL,
  'current_password' => NULL,
  'dateOfBirth' => NULL,
  'deposit_amount' => NULL,
  'device_id' => NULL,
  'discountOnBonusAmount' => NULL,
  'documents_type' => NULL,
  'email' => NULL,
  'entryFees' => NULL,
  'gender' => NULL,
  'image_bytes' => NULL,
  'image_url' => NULL,
  'match_id' => NULL,
  'mobile_number' => NULL,
  'name' => NULL,
  'new_password' => NULL,
  'otp' => NULL,
  'password' => NULL,
  'payment_mode' => NULL,
  'payment_status' => NULL,
  'pinCode' => NULL,
  'referral_code' => NULL,
  'role_type' => 0,
  'state' => NULL,
  'team_id' => 0,
  'team_name' => NULL,
  'token' => NULL,
  'totalPaidAmount' => NULL,
  'transaction_id' => NULL,
  'user_id' => '262',
  'user_type' => NULL,
  'username' => NULL,
  'version_code' => 0,
)  
[2020-06-10 23:22:41] local.INFO: array (
  'action_type' => NULL,
  'city' => NULL,
  'contest_id' => NULL,
  'current_password' => NULL,
  'dateOfBirth' => NULL,
  'deposit_amount' => NULL,
  'device_id' => NULL,
  'discountOnBonusAmount' => NULL,
  'documents_type' => NULL,
  'email' => NULL,
  'entryFees' => NULL,
  'gender' => NULL,
  'image_bytes' => NULL,
  'image_url' => NULL,
  'match_id' => NULL,
  'mobile_number' => NULL,
  'name' => NULL,
  'new_password' => NULL,
  'otp' => NULL,
  'password' => NULL,
  'payment_mode' => NULL,
  'payment_status' => NULL,
  'pinCode' => NULL,
  'referral_code' => NULL,
  'role_type' => 0,
  'state' => NULL,
  'team_id' => 0,
  'team_name' => NULL,
  'token' => NULL,
  'totalPaidAmount' => NULL,
  'transaction_id' => NULL,
  'user_id' => '357',
  'user_type' => NULL,
  'username' => NULL,
  'version_code' => 0,
)  
[2020-06-10 23:24:02] local.INFO: array (
  'action_type' => NULL,
  'city' => NULL,
  'contest_id' => NULL,
  'current_password' => NULL,
  'dateOfBirth' => NULL,
  'deposit_amount' => NULL,
  'device_id' => NULL,
  'discountOnBonusAmount' => NULL,
  'documents_type' => NULL,
  'email' => NULL,
  'entryFees' => NULL,
  'gender' => NULL,
  'image_bytes' => NULL,
  'image_url' => NULL,
  'match_id' => NULL,
  'mobile_number' => NULL,
  'name' => NULL,
  'new_password' => NULL,
  'otp' => NULL,
  'password' => NULL,
  'payment_mode' => NULL,
  'payment_status' => NULL,
  'pinCode' => NULL,
  'referral_code' => NULL,
  'role_type' => 0,
  'state' => NULL,
  'team_id' => 0,
  'team_name' => NULL,
  'token' => NULL,
  'totalPaidAmount' => NULL,
  'transaction_id' => NULL,
  'user_id' => '357',
  'user_type' => NULL,
  'username' => NULL,
  'version_code' => 0,
)  
[2020-06-10 23:25:16] local.INFO: array (
  'action_type' => NULL,
  'city' => NULL,
  'contest_id' => NULL,
  'current_password' => NULL,
  'dateOfBirth' => NULL,
  'deposit_amount' => NULL,
  'device_id' => NULL,
  'discountOnBonusAmount' => NULL,
  'documents_type' => NULL,
  'email' => NULL,
  'entryFees' => NULL,
  'gender' => NULL,
  'image_bytes' => NULL,
  'image_url' => NULL,
  'match_id' => NULL,
  'mobile_number' => NULL,
  'name' => NULL,
  'new_password' => NULL,
  'otp' => NULL,
  'password' => NULL,
  'payment_mode' => NULL,
  'payment_status' => NULL,
  'pinCode' => NULL,
  'referral_code' => NULL,
  'role_type' => 0,
  'state' => NULL,
  'team_id' => 0,
  'team_name' => NULL,
  'token' => NULL,
  'totalPaidAmount' => NULL,
  'transaction_id' => NULL,
  'user_id' => '262',
  'user_type' => NULL,
  'username' => NULL,
  'version_code' => 0,
)  
[2020-06-10 23:37:39] local.INFO: array (
  'action_type' => NULL,
  'city' => NULL,
  'contest_id' => NULL,
  'current_password' => NULL,
  'dateOfBirth' => NULL,
  'deposit_amount' => NULL,
  'device_id' => NULL,
  'discountOnBonusAmount' => NULL,
  'documents_type' => NULL,
  'email' => NULL,
  'entryFees' => NULL,
  'gender' => NULL,
  'image_bytes' => NULL,
  'image_url' => NULL,
  'match_id' => NULL,
  'mobile_number' => NULL,
  'name' => NULL,
  'new_password' => NULL,
  'otp' => NULL,
  'password' => NULL,
  'payment_mode' => NULL,
  'payment_status' => NULL,
  'pinCode' => NULL,
  'referral_code' => NULL,
  'role_type' => 0,
  'state' => NULL,
  'team_id' => 0,
  'team_name' => NULL,
  'token' => NULL,
  'totalPaidAmount' => NULL,
  'transaction_id' => NULL,
  'user_id' => '262',
  'user_type' => NULL,
  'username' => NULL,
  'version_code' => 0,
)  
[2020-06-10 23:40:59] local.INFO: array (
  'action_type' => NULL,
  'city' => NULL,
  'contest_id' => NULL,
  'current_password' => NULL,
  'dateOfBirth' => NULL,
  'deposit_amount' => NULL,
  'device_id' => NULL,
  'discountOnBonusAmount' => NULL,
  'documents_type' => NULL,
  'email' => NULL,
  'entryFees' => NULL,
  'gender' => NULL,
  'image_bytes' => NULL,
  'image_url' => NULL,
  'match_id' => NULL,
  'mobile_number' => NULL,
  'name' => NULL,
  'new_password' => NULL,
  'otp' => NULL,
  'password' => NULL,
  'payment_mode' => NULL,
  'payment_status' => NULL,
  'pinCode' => NULL,
  'referral_code' => NULL,
  'role_type' => 0,
  'state' => NULL,
  'team_id' => 0,
  'team_name' => NULL,
  'token' => NULL,
  'totalPaidAmount' => NULL,
  'transaction_id' => NULL,
  'user_id' => '357',
  'user_type' => NULL,
  'username' => NULL,
  'version_code' => 0,
)  
[2020-06-10 23:42:37] local.INFO: array (
  'action_type' => NULL,
  'city' => NULL,
  'contest_id' => NULL,
  'current_password' => NULL,
  'dateOfBirth' => NULL,
  'deposit_amount' => NULL,
  'device_id' => NULL,
  'discountOnBonusAmount' => NULL,
  'documents_type' => NULL,
  'email' => NULL,
  'entryFees' => NULL,
  'gender' => NULL,
  'image_bytes' => NULL,
  'image_url' => NULL,
  'match_id' => NULL,
  'mobile_number' => NULL,
  'name' => NULL,
  'new_password' => NULL,
  'otp' => NULL,
  'password' => NULL,
  'payment_mode' => NULL,
  'payment_status' => NULL,
  'pinCode' => NULL,
  'referral_code' => NULL,
  'role_type' => 0,
  'state' => NULL,
  'team_id' => 0,
  'team_name' => NULL,
  'token' => NULL,
  'totalPaidAmount' => NULL,
  'transaction_id' => NULL,
  'user_id' => '262',
  'user_type' => NULL,
  'username' => NULL,
  'version_code' => 0,
)  
[2020-06-10 23:58:07] local.INFO: array (
  'action_type' => NULL,
  'city' => NULL,
  'contest_id' => NULL,
  'current_password' => NULL,
  'dateOfBirth' => NULL,
  'deposit_amount' => NULL,
  'device_id' => NULL,
  'discountOnBonusAmount' => NULL,
  'documents_type' => NULL,
  'email' => NULL,
  'entryFees' => NULL,
  'gender' => NULL,
  'image_bytes' => NULL,
  'image_url' => NULL,
  'match_id' => NULL,
  'mobile_number' => NULL,
  'name' => NULL,
  'new_password' => NULL,
  'otp' => NULL,
  'password' => NULL,
  'payment_mode' => NULL,
  'payment_status' => NULL,
  'pinCode' => NULL,
  'referral_code' => NULL,
  'role_type' => 0,
  'state' => NULL,
  'team_id' => 0,
  'team_name' => NULL,
  'token' => NULL,
  'totalPaidAmount' => NULL,
  'transaction_id' => NULL,
  'user_id' => '262',
  'user_type' => NULL,
  'username' => NULL,
  'version_code' => 0,
)  
