[2020-06-08 05:28:41] local.INFO: array (
  'captain' => 98979,
  'create_team_id' => 0,
  'match_id' => '44587',
  'team_id' => 
  array (
    0 => 115889,
    1 => 115887,
  ),
  'teams' => 
  array (
    0 => 99031,
    1 => 99033,
    2 => 98979,
    3 => 99032,
    4 => 98980,
    5 => 99037,
    6 => 99042,
    7 => 98988,
    8 => 99041,
    9 => 98987,
    10 => 98989,
  ),
  'token' => NULL,
  'trump' => 99033,
  'user_id' => '285',
  'vice_captain' => 99032,
)  
[2020-06-08 05:29:31] local.INFO: array (
  'captain' => 98979,
  'create_team_id' => 0,
  'match_id' => '44587',
  'team_id' => 
  array (
    0 => 115889,
    1 => 115887,
  ),
  'teams' => 
  array (
    0 => 99031,
    1 => 99033,
    2 => 98979,
    3 => 99032,
    4 => 98980,
    5 => 99037,
    6 => 98988,
    7 => 99042,
    8 => 98989,
    9 => 99041,
    10 => 99043,
  ),
  'token' => NULL,
  'trump' => 99033,
  'user_id' => '285',
  'vice_captain' => 99032,
)  
[2020-06-08 05:32:25] local.INFO: array (
  'captain' => 99032,
  'create_team_id' => 367,
  'match_id' => '44587',
  'team_id' => 
  array (
    0 => 115889,
    1 => 115887,
  ),
  'teams' => 
  array (
    0 => 98978,
    1 => 98979,
    2 => 98980,
    3 => 99032,
    4 => 99033,
    5 => 99034,
    6 => 98984,
    7 => 98987,
    8 => 98988,
    9 => 99041,
    10 => 99042,
  ),
  'token' => NULL,
  'trump' => 99033,
  'user_id' => '285',
  'vice_captain' => 98978,
)  
[2020-06-08 08:07:55] local.INFO: array (
  'captain' => 99132,
  'create_team_id' => 0,
  'match_id' => '44574',
  'team_id' => 
  array (
    0 => 115867,
    1 => 115876,
  ),
  'teams' => 
  array (
    0 => 99130,
    1 => 99131,
    2 => 98879,
    3 => 99132,
    4 => 98880,
    5 => 99137,
    6 => 98883,
    7 => 99141,
    8 => 99142,
    9 => 99143,
    10 => 98886,
  ),
  'token' => NULL,
  'trump' => 99130,
  'user_id' => '367',
  'vice_captain' => 98879,
)  
[2020-06-08 10:02:05] local.INFO: array (
  'captain' => 99132,
  'create_team_id' => 0,
  'match_id' => '44574',
  'team_id' => 
  array (
    0 => 115867,
    1 => 115876,
  ),
  'teams' => 
  array (
    0 => 99130,
    1 => 99131,
    2 => 98879,
    3 => 99132,
    4 => 99137,
    5 => 98883,
    6 => 99138,
    7 => 99141,
    8 => 98886,
    9 => 99142,
    10 => 98887,
  ),
  'token' => NULL,
  'trump' => 99131,
  'user_id' => '311',
  'vice_captain' => 99138,
)  
[2020-06-08 15:10:07] local.INFO: array (
  'captain' => 98880,
  'create_team_id' => 0,
  'match_id' => '44574',
  'team_id' => 
  array (
    0 => 115867,
    1 => 115876,
  ),
  'teams' => 
  array (
    0 => 99130,
    1 => 98880,
    2 => 99132,
    3 => 98879,
    4 => 98881,
    5 => 98883,
    6 => 99137,
    7 => 98887,
    8 => 99142,
    9 => 98886,
    10 => 99141,
  ),
  'token' => NULL,
  'trump' => 99130,
  'user_id' => '285',
  'vice_captain' => 99132,
)  
[2020-06-08 15:23:27] local.INFO: array (
  'captain' => 98878,
  'create_team_id' => 0,
  'match_id' => '44574',
  'team_id' => 
  array (
    0 => 115867,
    1 => 115876,
  ),
  'teams' => 
  array (
    0 => 99130,
    1 => 98878,
    2 => 99131,
    3 => 99136,
    4 => 99135,
    5 => 99134,
    6 => 99137,
    7 => 98883,
    8 => 99142,
    9 => 98886,
    10 => 98887,
  ),
  'token' => NULL,
  'trump' => 99130,
  'user_id' => '262',
  'vice_captain' => 99131,
)  
[2020-06-08 15:23:59] local.INFO: array (
  'captain' => 98879,
  'create_team_id' => 0,
  'match_id' => '44574',
  'team_id' => 
  array (
    0 => 115867,
    1 => 115876,
  ),
  'teams' => 
  array (
    0 => 99130,
    1 => 98878,
    2 => 98879,
    3 => 99132,
    4 => 98880,
    5 => 99139,
    6 => 98884,
    7 => 99137,
    8 => 98889,
    9 => 99144,
    10 => 98888,
  ),
  'token' => NULL,
  'trump' => 99130,
  'user_id' => '262',
  'vice_captain' => 99132,
)  
[2020-06-08 15:27:17] local.INFO: array (
  'captain' => 98883,
  'create_team_id' => 0,
  'match_id' => '44574',
  'team_id' => 
  array (
    0 => 115867,
    1 => 115876,
  ),
  'teams' => 
  array (
    0 => 98878,
    1 => 98879,
    2 => 98881,
    3 => 99134,
    4 => 99137,
    5 => 98883,
    6 => 98884,
    7 => 99142,
    8 => 99143,
    9 => 98886,
    10 => 98887,
  ),
  'token' => NULL,
  'trump' => 98884,
  'user_id' => '262',
  'vice_captain' => 99137,
)  
[2020-06-08 15:28:14] local.INFO: array (
  'captain' => 98879,
  'create_team_id' => 0,
  'match_id' => '44574',
  'team_id' => 
  array (
    0 => 115867,
    1 => 115876,
  ),
  'teams' => 
  array (
    0 => 98878,
    1 => 98879,
    2 => 98881,
    3 => 99134,
    4 => 99137,
    5 => 98883,
    6 => 98884,
    7 => 98886,
    8 => 98887,
    9 => 99143,
    10 => 99144,
  ),
  'token' => NULL,
  'trump' => 98878,
  'user_id' => '262',
  'vice_captain' => 98881,
)  
[2020-06-08 15:29:09] local.INFO: array (
  'captain' => 98879,
  'create_team_id' => 0,
  'match_id' => '44574',
  'team_id' => 
  array (
    0 => 115867,
    1 => 115876,
  ),
  'teams' => 
  array (
    0 => 98878,
    1 => 99131,
    2 => 98879,
    3 => 99134,
    4 => 98881,
    5 => 99137,
    6 => 98883,
    7 => 98884,
    8 => 98886,
    9 => 98887,
    10 => 99143,
  ),
  'token' => NULL,
  'trump' => 98878,
  'user_id' => '262',
  'vice_captain' => 99134,
)  
[2020-06-08 15:30:45] local.INFO: array (
  'captain' => 99137,
  'create_team_id' => 0,
  'match_id' => '44574',
  'team_id' => 
  array (
    0 => 115867,
    1 => 115876,
  ),
  'teams' => 
  array (
    0 => 98878,
    1 => 98879,
    2 => 98881,
    3 => 99134,
    4 => 99137,
    5 => 98883,
    6 => 99139,
    7 => 98886,
    8 => 98887,
    9 => 99143,
    10 => 99142,
  ),
  'token' => NULL,
  'trump' => 99134,
  'user_id' => '262',
  'vice_captain' => 98883,
)  
[2020-06-08 15:31:46] local.INFO: array (
  'captain' => 98883,
  'create_team_id' => 0,
  'match_id' => '44574',
  'team_id' => 
  array (
    0 => 115867,
    1 => 115876,
  ),
  'teams' => 
  array (
    0 => 98878,
    1 => 99130,
    2 => 98879,
    3 => 99133,
    4 => 99135,
    5 => 99137,
    6 => 98883,
    7 => 98886,
    8 => 99142,
    9 => 98887,
    10 => 99143,
  ),
  'token' => NULL,
  'trump' => 99137,
  'user_id' => '262',
  'vice_captain' => 98887,
)  
[2020-06-08 15:32:29] local.INFO: array (
  'captain' => 98884,
  'create_team_id' => 0,
  'match_id' => '44574',
  'team_id' => 
  array (
    0 => 115867,
    1 => 115876,
  ),
  'teams' => 
  array (
    0 => 98878,
    1 => 99130,
    2 => 98879,
    3 => 99133,
    4 => 98882,
    5 => 99135,
    6 => 98884,
    7 => 98883,
    8 => 98886,
    9 => 99144,
    10 => 98888,
  ),
  'token' => NULL,
  'trump' => 98883,
  'user_id' => '262',
  'vice_captain' => 98878,
)  
[2020-06-08 15:33:21] local.INFO: array (
  'captain' => 99137,
  'create_team_id' => 0,
  'match_id' => '44574',
  'team_id' => 
  array (
    0 => 115867,
    1 => 115876,
  ),
  'teams' => 
  array (
    0 => 98878,
    1 => 98879,
    2 => 98881,
    3 => 99134,
    4 => 99137,
    5 => 98883,
    6 => 98884,
    7 => 98886,
    8 => 99142,
    9 => 98887,
    10 => 99143,
  ),
  'token' => NULL,
  'trump' => 98884,
  'user_id' => '262',
  'vice_captain' => 98883,
)  
[2020-06-08 15:33:59] local.INFO: array (
  'captain' => 99143,
  'create_team_id' => 0,
  'match_id' => '44574',
  'team_id' => 
  array (
    0 => 115867,
    1 => 115876,
  ),
  'teams' => 
  array (
    0 => 98878,
    1 => 98879,
    2 => 99134,
    3 => 98881,
    4 => 99137,
    5 => 98883,
    6 => 98884,
    7 => 98886,
    8 => 99142,
    9 => 98887,
    10 => 99143,
  ),
  'token' => NULL,
  'trump' => 98887,
  'user_id' => '262',
  'vice_captain' => 99142,
)  
[2020-06-08 15:43:04] local.INFO: array (
  'captain' => 98884,
  'create_team_id' => 0,
  'match_id' => '44574',
  'team_id' => 
  array (
    0 => 115867,
    1 => 115876,
  ),
  'teams' => 
  array (
    0 => 98878,
    1 => 98879,
    2 => 98881,
    3 => 99134,
    4 => 99137,
    5 => 98883,
    6 => 98884,
    7 => 98886,
    8 => 98887,
    9 => 99142,
    10 => 99143,
  ),
  'token' => NULL,
  'trump' => 98883,
  'user_id' => '262',
  'vice_captain' => 99137,
)  
[2020-06-08 15:43:13] local.INFO: array (
  'captain' => 98880,
  'create_team_id' => 0,
  'match_id' => '44574',
  'team_id' => 
  array (
    0 => 115867,
    1 => 115876,
  ),
  'teams' => 
  array (
    0 => 98878,
    1 => 98879,
    2 => 99131,
    3 => 98880,
    4 => 99133,
    5 => 99137,
    6 => 98883,
    7 => 98888,
    8 => 99143,
    9 => 98887,
    10 => 99142,
  ),
  'token' => NULL,
  'trump' => 99133,
  'user_id' => '285',
  'vice_captain' => 98888,
)  
[2020-06-08 15:58:49] local.INFO: array (
  'captain' => 99131,
  'create_team_id' => 0,
  'match_id' => '44574',
  'team_id' => 
  array (
    0 => 115867,
    1 => 115876,
  ),
  'teams' => 
  array (
    0 => 98878,
    1 => 99130,
    2 => 99131,
    3 => 98879,
    4 => 99132,
    5 => 99137,
    6 => 98883,
    7 => 99141,
    8 => 98886,
    9 => 99142,
    10 => 98887,
  ),
  'token' => NULL,
  'trump' => 99130,
  'user_id' => '311',
  'vice_captain' => 98879,
)  
[2020-06-08 16:01:25] local.INFO: array (
  'captain' => 99132,
  'create_team_id' => 0,
  'match_id' => '44574',
  'team_id' => 
  array (
    0 => 115867,
    1 => 115876,
  ),
  'teams' => 
  array (
    0 => 98878,
    1 => 99130,
    2 => 99131,
    3 => 99132,
    4 => 99133,
    5 => 99137,
    6 => 98883,
    7 => 99141,
    8 => 98886,
    9 => 99142,
    10 => 98887,
  ),
  'token' => NULL,
  'trump' => 98878,
  'user_id' => '311',
  'vice_captain' => 99137,
)  
[2020-06-08 16:36:30] local.INFO: array (
  'captain' => 98913,
  'create_team_id' => 0,
  'match_id' => '44575',
  'team_id' => 
  array (
    0 => 115872,
    1 => 115874,
  ),
  'teams' => 
  array (
    0 => 98910,
    1 => 98913,
    2 => 98932,
    3 => 98914,
    4 => 98933,
    5 => 98915,
    6 => 98919,
    7 => 98924,
    8 => 98941,
    9 => 98925,
    10 => 98942,
  ),
  'token' => NULL,
  'trump' => 98910,
  'user_id' => '262',
  'vice_captain' => 98932,
)  
[2020-06-08 16:36:32] local.INFO: array (
  'captain' => 98913,
  'create_team_id' => 0,
  'match_id' => '44575',
  'team_id' => 
  array (
    0 => 115872,
    1 => 115874,
  ),
  'teams' => 
  array (
    0 => 98910,
    1 => 98913,
    2 => 98932,
    3 => 98914,
    4 => 98933,
    5 => 98915,
    6 => 98919,
    7 => 98924,
    8 => 98941,
    9 => 98925,
    10 => 98942,
  ),
  'token' => NULL,
  'trump' => 98910,
  'user_id' => '262',
  'vice_captain' => 98932,
)  
[2020-06-08 16:36:52] local.INFO: array (
  'captain' => 98913,
  'create_team_id' => 0,
  'match_id' => '44575',
  'team_id' => 
  array (
    0 => 115872,
    1 => 115874,
  ),
  'teams' => 
  array (
    0 => 98910,
    1 => 98913,
    2 => 98932,
    3 => 98914,
    4 => 98933,
    5 => 98915,
    6 => 98919,
    7 => 98924,
    8 => 98941,
    9 => 98925,
    10 => 98942,
  ),
  'token' => NULL,
  'trump' => 98910,
  'user_id' => '262',
  'vice_captain' => 98932,
)  
[2020-06-08 16:38:42] local.INFO: array (
  'captain' => 98913,
  'create_team_id' => 0,
  'match_id' => '44575',
  'team_id' => 
  array (
    0 => 115872,
    1 => 115874,
  ),
  'teams' => 
  array (
    0 => 98910,
    1 => 98913,
    2 => 98932,
    3 => 98914,
    4 => 98934,
    5 => 98916,
    6 => 98919,
    7 => 98924,
    8 => 98941,
    9 => 98925,
    10 => 98942,
  ),
  'token' => NULL,
  'trump' => 98910,
  'user_id' => '262',
  'vice_captain' => 98914,
)  
[2020-06-08 16:45:09] local.INFO: array (
  'captain' => 98914,
  'create_team_id' => 0,
  'match_id' => '44575',
  'team_id' => 
  array (
    0 => 115872,
    1 => 115874,
  ),
  'teams' => 
  array (
    0 => 98910,
    1 => 98913,
    2 => 98914,
    3 => 98933,
    4 => 98915,
    5 => 98934,
    6 => 98919,
    7 => 98942,
    8 => 98925,
    9 => 98941,
    10 => 98926,
  ),
  'token' => NULL,
  'trump' => 98913,
  'user_id' => '262',
  'vice_captain' => 98933,
)  
[2020-06-08 16:45:39] local.INFO: array (
  'captain' => 98914,
  'create_team_id' => 0,
  'match_id' => '44575',
  'team_id' => 
  array (
    0 => 115872,
    1 => 115874,
  ),
  'teams' => 
  array (
    0 => 98931,
    1 => 98910,
    2 => 98932,
    3 => 98914,
    4 => 98933,
    5 => 98915,
    6 => 98919,
    7 => 98924,
    8 => 98941,
    9 => 98925,
    10 => 98942,
  ),
  'token' => NULL,
  'trump' => 98932,
  'user_id' => '262',
  'vice_captain' => 98933,
)  
[2020-06-08 16:47:07] local.INFO: array (
  'captain' => 98913,
  'create_team_id' => 0,
  'match_id' => '44575',
  'team_id' => 
  array (
    0 => 115872,
    1 => 115874,
  ),
  'teams' => 
  array (
    0 => 98910,
    1 => 98913,
    2 => 98932,
    3 => 98934,
    4 => 98915,
    5 => 98919,
    6 => 98921,
    7 => 98926,
    8 => 98942,
    9 => 98924,
    10 => 98941,
  ),
  'token' => NULL,
  'trump' => 98910,
  'user_id' => '262',
  'vice_captain' => 98932,
)  
[2020-06-08 16:47:36] local.INFO: array (
  'captain' => 98910,
  'create_team_id' => 391,
  'match_id' => '44575',
  'team_id' => 
  array (
    0 => 115872,
    1 => 115874,
  ),
  'teams' => 
  array (
    0 => 98910,
    1 => 98913,
    2 => 98915,
    3 => 98932,
    4 => 98934,
    5 => 98919,
    6 => 98921,
    7 => 98924,
    8 => 98926,
    9 => 98941,
    10 => 98942,
  ),
  'token' => NULL,
  'trump' => 98913,
  'user_id' => '262',
  'vice_captain' => 98915,
)  
[2020-06-08 16:48:07] local.INFO: array (
  'captain' => 98910,
  'create_team_id' => 0,
  'match_id' => '44575',
  'team_id' => 
  array (
    0 => 115872,
    1 => 115874,
  ),
  'teams' => 
  array (
    0 => 98910,
    1 => 98931,
    2 => 98913,
    3 => 98932,
    4 => 98914,
    5 => 98933,
    6 => 98937,
    7 => 98924,
    8 => 98941,
    9 => 98925,
    10 => 98942,
  ),
  'token' => NULL,
  'trump' => 98931,
  'user_id' => '262',
  'vice_captain' => 98913,
)  
[2020-06-08 16:55:42] local.INFO: array (
  'captain' => 98913,
  'create_team_id' => 387,
  'match_id' => '44575',
  'team_id' => 
  array (
    0 => 115872,
    1 => 115874,
  ),
  'teams' => 
  array (
    0 => 98910,
    1 => 98913,
    2 => 98914,
    3 => 98915,
    4 => 98932,
    5 => 98933,
    6 => 98919,
    7 => 98924,
    8 => 98925,
    9 => 98941,
    10 => 98942,
  ),
  'token' => NULL,
  'trump' => 98910,
  'user_id' => '262',
  'vice_captain' => 98914,
)  
[2020-06-08 16:55:43] local.INFO: array (
  'captain' => 98913,
  'create_team_id' => 387,
  'match_id' => '44575',
  'team_id' => 
  array (
    0 => 115872,
    1 => 115874,
  ),
  'teams' => 
  array (
    0 => 98910,
    1 => 98913,
    2 => 98914,
    3 => 98915,
    4 => 98932,
    5 => 98933,
    6 => 98919,
    7 => 98924,
    8 => 98925,
    9 => 98941,
    10 => 98942,
  ),
  'token' => NULL,
  'trump' => 98910,
  'user_id' => '262',
  'vice_captain' => 98932,
)  
[2020-06-08 16:55:52] local.INFO: array (
  'captain' => 98913,
  'create_team_id' => 388,
  'match_id' => '44575',
  'team_id' => 
  array (
    0 => 115872,
    1 => 115874,
  ),
  'teams' => 
  array (
    0 => 98910,
    1 => 98913,
    2 => 98914,
    3 => 98916,
    4 => 98932,
    5 => 98934,
    6 => 98919,
    7 => 98924,
    8 => 98925,
    9 => 98941,
    10 => 98942,
  ),
  'token' => NULL,
  'trump' => 98910,
  'user_id' => '262',
  'vice_captain' => 98914,
)  
[2020-06-08 16:56:01] local.INFO: array (
  'captain' => 98913,
  'create_team_id' => 389,
  'match_id' => '44575',
  'team_id' => 
  array (
    0 => 115872,
    1 => 115874,
  ),
  'teams' => 
  array (
    0 => 98910,
    1 => 98913,
    2 => 98914,
    3 => 98915,
    4 => 98933,
    5 => 98934,
    6 => 98919,
    7 => 98925,
    8 => 98926,
    9 => 98941,
    10 => 98942,
  ),
  'token' => NULL,
  'trump' => 98910,
  'user_id' => '262',
  'vice_captain' => 98914,
)  
[2020-06-08 16:56:06] local.INFO: array (
  'captain' => 98914,
  'create_team_id' => 389,
  'match_id' => '44575',
  'team_id' => 
  array (
    0 => 115872,
    1 => 115874,
  ),
  'teams' => 
  array (
    0 => 98910,
    1 => 98913,
    2 => 98914,
    3 => 98915,
    4 => 98933,
    5 => 98934,
    6 => 98919,
    7 => 98925,
    8 => 98926,
    9 => 98941,
    10 => 98942,
  ),
  'token' => NULL,
  'trump' => 98910,
  'user_id' => '262',
  'vice_captain' => 98933,
)  
[2020-06-08 16:56:12] local.INFO: array (
  'captain' => 98931,
  'create_team_id' => 390,
  'match_id' => '44575',
  'team_id' => 
  array (
    0 => 115872,
    1 => 115874,
  ),
  'teams' => 
  array (
    0 => 98910,
    1 => 98931,
    2 => 98914,
    3 => 98915,
    4 => 98932,
    5 => 98933,
    6 => 98919,
    7 => 98924,
    8 => 98925,
    9 => 98941,
    10 => 98942,
  ),
  'token' => NULL,
  'trump' => 98910,
  'user_id' => '262',
  'vice_captain' => 98914,
)  
[2020-06-08 16:56:14] local.INFO: array (
  'captain' => 98914,
  'create_team_id' => 389,
  'match_id' => '44575',
  'team_id' => 
  array (
    0 => 115872,
    1 => 115874,
  ),
  'teams' => 
  array (
    0 => 98910,
    1 => 98913,
    2 => 98914,
    3 => 98915,
    4 => 98933,
    5 => 98934,
    6 => 98919,
    7 => 98925,
    8 => 98926,
    9 => 98941,
    10 => 98942,
  ),
  'token' => NULL,
  'trump' => 98910,
  'user_id' => '262',
  'vice_captain' => 98933,
)  
[2020-06-08 16:56:22] local.INFO: array (
  'captain' => 98913,
  'create_team_id' => 391,
  'match_id' => '44575',
  'team_id' => 
  array (
    0 => 115872,
    1 => 115874,
  ),
  'teams' => 
  array (
    0 => 98910,
    1 => 98913,
    2 => 98915,
    3 => 98932,
    4 => 98934,
    5 => 98919,
    6 => 98921,
    7 => 98924,
    8 => 98926,
    9 => 98941,
    10 => 98942,
  ),
  'token' => NULL,
  'trump' => 98910,
  'user_id' => '262',
  'vice_captain' => 98915,
)  
[2020-06-08 16:56:26] local.INFO: array (
  'captain' => 98913,
  'create_team_id' => 391,
  'match_id' => '44575',
  'team_id' => 
  array (
    0 => 115872,
    1 => 115874,
  ),
  'teams' => 
  array (
    0 => 98910,
    1 => 98913,
    2 => 98915,
    3 => 98932,
    4 => 98934,
    5 => 98919,
    6 => 98921,
    7 => 98924,
    8 => 98926,
    9 => 98941,
    10 => 98942,
  ),
  'token' => NULL,
  'trump' => 98910,
  'user_id' => '262',
  'vice_captain' => 98915,
)  
[2020-06-08 16:56:34] local.INFO: array (
  'captain' => 98931,
  'create_team_id' => 392,
  'match_id' => '44575',
  'team_id' => 
  array (
    0 => 115872,
    1 => 115874,
  ),
  'teams' => 
  array (
    0 => 98910,
    1 => 98931,
    2 => 98913,
    3 => 98914,
    4 => 98932,
    5 => 98933,
    6 => 98937,
    7 => 98924,
    8 => 98925,
    9 => 98941,
    10 => 98942,
  ),
  'token' => NULL,
  'trump' => 98910,
  'user_id' => '262',
  'vice_captain' => 98913,
)  
[2020-06-08 16:56:35] local.INFO: array (
  'captain' => 98931,
  'create_team_id' => 392,
  'match_id' => '44575',
  'team_id' => 
  array (
    0 => 115872,
    1 => 115874,
  ),
  'teams' => 
  array (
    0 => 98910,
    1 => 98931,
    2 => 98913,
    3 => 98914,
    4 => 98932,
    5 => 98933,
    6 => 98937,
    7 => 98924,
    8 => 98925,
    9 => 98941,
    10 => 98942,
  ),
  'token' => NULL,
  'trump' => 98910,
  'user_id' => '262',
  'vice_captain' => 98913,
)  
[2020-06-08 17:03:59] local.INFO: array (
  'captain' => 98910,
  'create_team_id' => 0,
  'match_id' => '44575',
  'team_id' => 
  array (
    0 => 115872,
    1 => 115874,
  ),
  'teams' => 
  array (
    0 => 98910,
    1 => 98913,
    2 => 98932,
    3 => 98914,
    4 => 98933,
    5 => 98915,
    6 => 98919,
    7 => 98926,
    8 => 98942,
    9 => 98925,
    10 => 98941,
  ),
  'token' => NULL,
  'trump' => 98913,
  'user_id' => '285',
  'vice_captain' => 98932,
)  
[2020-06-08 17:08:33] local.INFO: array (
  'captain' => 99130,
  'create_team_id' => 0,
  'match_id' => '44574',
  'team_id' => 
  array (
    0 => 115867,
    1 => 115876,
  ),
  'teams' => 
  array (
    0 => 98878,
    1 => 99130,
    2 => 99131,
    3 => 98879,
    4 => 99132,
    5 => 98880,
    6 => 99137,
    7 => 99141,
    8 => 98886,
    9 => 99142,
    10 => 98887,
  ),
  'token' => NULL,
  'trump' => 98878,
  'user_id' => '311',
  'vice_captain' => 99131,
)  
[2020-06-08 18:47:54] local.INFO: array (
  'captain' => 99132,
  'create_team_id' => 0,
  'match_id' => '44574',
  'team_id' => 
  array (
    0 => 115867,
    1 => 115876,
  ),
  'teams' => 
  array (
    0 => 98878,
    1 => 99187,
    2 => 99131,
    3 => 99132,
    4 => 99133,
    5 => 99188,
    6 => 99137,
    7 => 99139,
    8 => 99141,
    9 => 98887,
    10 => 98886,
  ),
  'token' => NULL,
  'trump' => 98878,
  'user_id' => '357',
  'vice_captain' => 99131,
)  
[2020-06-08 18:49:26] local.INFO: array (
  'captain' => 98883,
  'create_team_id' => 0,
  'match_id' => '44574',
  'team_id' => 
  array (
    0 => 115867,
    1 => 115876,
  ),
  'teams' => 
  array (
    0 => 98878,
    1 => 99130,
    2 => 99131,
    3 => 99190,
    4 => 99134,
    5 => 98880,
    6 => 98883,
    7 => 99138,
    8 => 98886,
    9 => 99143,
    10 => 99144,
  ),
  'token' => NULL,
  'trump' => 98878,
  'user_id' => '357',
  'vice_captain' => 99131,
)  
[2020-06-08 18:51:07] local.INFO: array (
  'captain' => 99137,
  'create_team_id' => 0,
  'match_id' => '44574',
  'team_id' => 
  array (
    0 => 115867,
    1 => 115876,
  ),
  'teams' => 
  array (
    0 => 98878,
    1 => 99187,
    2 => 99131,
    3 => 99188,
    4 => 99133,
    5 => 98883,
    6 => 99137,
    7 => 99139,
    8 => 98887,
    9 => 99142,
    10 => 99141,
  ),
  'token' => NULL,
  'trump' => 98878,
  'user_id' => '357',
  'vice_captain' => 98883,
)  
[2020-06-08 19:22:17] local.INFO: array (
  'captain' => 98879,
  'create_team_id' => 0,
  'match_id' => '44574',
  'team_id' => 
  array (
    0 => 115867,
    1 => 115876,
  ),
  'teams' => 
  array (
    0 => 98878,
    1 => 99131,
    2 => 98879,
    3 => 99132,
    4 => 98880,
    5 => 99133,
    6 => 98883,
    7 => 99141,
    8 => 98886,
    9 => 99142,
    10 => 98887,
  ),
  'token' => NULL,
  'trump' => 99131,
  'user_id' => '338',
  'vice_captain' => 99133,
)  
[2020-06-08 19:42:26] local.INFO: array (
  'captain' => 99187,
  'create_team_id' => 0,
  'match_id' => '44574',
  'team_id' => 
  array (
    0 => 115867,
    1 => 115876,
  ),
  'teams' => 
  array (
    0 => 99187,
    1 => 98879,
    2 => 98880,
    3 => 99134,
    4 => 99190,
    5 => 99137,
    6 => 99138,
    7 => 99141,
    8 => 99143,
    9 => 98888,
    10 => 99144,
  ),
  'token' => NULL,
  'trump' => 98880,
  'user_id' => '372',
  'vice_captain' => 98879,
)  
[2020-06-08 19:55:54] local.INFO: array (
  'captain' => 98879,
  'create_team_id' => 0,
  'match_id' => '44574',
  'team_id' => 
  array (
    0 => 115867,
    1 => 115876,
  ),
  'teams' => 
  array (
    0 => 98878,
    1 => 99131,
    2 => 98879,
    3 => 98880,
    4 => 99188,
    5 => 99138,
    6 => 99139,
    7 => 98885,
    8 => 98886,
    9 => 98887,
    10 => 99143,
  ),
  'token' => NULL,
  'trump' => 98878,
  'user_id' => '357',
  'vice_captain' => 99131,
)  
[2020-06-08 20:06:12] local.INFO: array (
  'captain' => 99130,
  'create_team_id' => 0,
  'match_id' => '44574',
  'team_id' => 
  array (
    0 => 115867,
    1 => 115876,
  ),
  'teams' => 
  array (
    0 => 98878,
    1 => 99130,
    2 => 99187,
    3 => 98879,
    4 => 99131,
    5 => 98880,
    6 => 99190,
    7 => 98883,
    8 => 98886,
    9 => 98887,
    10 => 99143,
  ),
  'token' => NULL,
  'trump' => 98878,
  'user_id' => '371',
  'vice_captain' => 99187,
)  
[2020-06-08 20:07:18] local.INFO: array (
  'captain' => 99130,
  'create_team_id' => 0,
  'match_id' => '44574',
  'team_id' => 
  array (
    0 => 115867,
    1 => 115876,
  ),
  'teams' => 
  array (
    0 => 98878,
    1 => 99130,
    2 => 99187,
    3 => 99131,
    4 => 98879,
    5 => 98880,
    6 => 99188,
    7 => 99139,
    8 => 99192,
    9 => 98888,
    10 => 99143,
  ),
  'token' => NULL,
  'trump' => 99187,
  'user_id' => '371',
  'vice_captain' => 98878,
)  
[2020-06-08 20:07:23] local.INFO: array (
  'captain' => 98879,
  'create_team_id' => 0,
  'match_id' => '44574',
  'team_id' => 
  array (
    0 => 115867,
    1 => 115876,
  ),
  'teams' => 
  array (
    0 => 99130,
    1 => 99187,
    2 => 99131,
    3 => 98879,
    4 => 98880,
    5 => 98881,
    6 => 99137,
    7 => 98886,
    8 => 98887,
    9 => 99143,
    10 => 98888,
  ),
  'token' => NULL,
  'trump' => 99130,
  'user_id' => '358',
  'vice_captain' => 99131,
)  
[2020-06-08 20:07:46] local.INFO: array (
  'captain' => 98879,
  'create_team_id' => 0,
  'match_id' => '44574',
  'team_id' => 
  array (
    0 => 115867,
    1 => 115876,
  ),
  'teams' => 
  array (
    0 => 98878,
    1 => 98879,
    2 => 99131,
    3 => 99190,
    4 => 98881,
    5 => 98883,
    6 => 99139,
    7 => 99138,
    8 => 98886,
    9 => 98887,
    10 => 98888,
  ),
  'token' => NULL,
  'trump' => 98878,
  'user_id' => '357',
  'vice_captain' => 99131,
)  
[2020-06-08 20:08:33] local.INFO: array (
  'captain' => 99132,
  'create_team_id' => 395,
  'match_id' => '44574',
  'team_id' => 
  array (
    0 => 115867,
    1 => 115876,
  ),
  'teams' => 
  array (
    0 => 98878,
    1 => 99187,
    2 => 99131,
    3 => 99132,
    4 => 99188,
    5 => 99190,
    6 => 99137,
    7 => 99139,
    8 => 98886,
    9 => 98887,
    10 => 98888,
  ),
  'token' => NULL,
  'trump' => 98878,
  'user_id' => '357',
  'vice_captain' => 99131,
)  
[2020-06-08 20:09:07] local.INFO: array (
  'captain' => 98883,
  'create_team_id' => 396,
  'match_id' => '44574',
  'team_id' => 
  array (
    0 => 115867,
    1 => 115876,
  ),
  'teams' => 
  array (
    0 => 98878,
    1 => 99130,
    2 => 98880,
    3 => 99131,
    4 => 99190,
    5 => 98881,
    6 => 98883,
    7 => 99138,
    8 => 98886,
    9 => 99143,
    10 => 99192,
  ),
  'token' => NULL,
  'trump' => 98878,
  'user_id' => '357',
  'vice_captain' => 99131,
)  
[2020-06-08 20:09:38] local.INFO: array (
  'captain' => 99130,
  'create_team_id' => 0,
  'match_id' => '44574',
  'team_id' => 
  array (
    0 => 115867,
    1 => 115876,
  ),
  'teams' => 
  array (
    0 => 98878,
    1 => 99130,
    2 => 99187,
    3 => 98881,
    4 => 99190,
    5 => 99188,
    6 => 98880,
    7 => 99138,
    8 => 98887,
    9 => 98886,
    10 => 99192,
  ),
  'token' => NULL,
  'trump' => 99187,
  'user_id' => '371',
  'vice_captain' => 98878,
)  
[2020-06-08 20:09:43] local.INFO: array (
  'captain' => 99137,
  'create_team_id' => 397,
  'match_id' => '44574',
  'team_id' => 
  array (
    0 => 115867,
    1 => 115876,
  ),
  'teams' => 
  array (
    0 => 98878,
    1 => 99187,
    2 => 99131,
    3 => 99188,
    4 => 99190,
    5 => 98883,
    6 => 99137,
    7 => 99139,
    8 => 98887,
    9 => 98886,
    10 => 98888,
  ),
  'token' => NULL,
  'trump' => 98878,
  'user_id' => '357',
  'vice_captain' => 98883,
)  
[2020-06-08 20:10:22] local.INFO: array (
  'captain' => 99131,
  'create_team_id' => 0,
  'match_id' => '44574',
  'team_id' => 
  array (
    0 => 115867,
    1 => 115876,
  ),
  'teams' => 
  array (
    0 => 98878,
    1 => 99130,
    2 => 99187,
    3 => 98879,
    4 => 99131,
    5 => 98880,
    6 => 99188,
    7 => 99137,
    8 => 99192,
    9 => 98888,
    10 => 99143,
  ),
  'token' => NULL,
  'trump' => 98879,
  'user_id' => '371',
  'vice_captain' => 98880,
)  
[2020-06-08 20:10:38] local.INFO: array (
  'captain' => 98879,
  'create_team_id' => 400,
  'match_id' => '44574',
  'team_id' => 
  array (
    0 => 115867,
    1 => 115876,
  ),
  'teams' => 
  array (
    0 => 98878,
    1 => 98879,
    2 => 98880,
    3 => 99131,
    4 => 99188,
    5 => 99138,
    6 => 99139,
    7 => 99191,
    8 => 98887,
    9 => 99143,
    10 => 99192,
  ),
  'token' => NULL,
  'trump' => 98878,
  'user_id' => '357',
  'vice_captain' => 99131,
)  
[2020-06-08 20:10:53] local.INFO: array (
  'captain' => 98880,
  'create_team_id' => 372,
  'match_id' => '44574',
  'team_id' => 
  array (
    0 => 115867,
    1 => 115876,
  ),
  'teams' => 
  array (
    0 => 99130,
    1 => 98879,
    2 => 98880,
    3 => 98881,
    4 => 99188,
    5 => 98883,
    6 => 99137,
    7 => 98886,
    8 => 99143,
    9 => 99192,
    10 => 98888,
  ),
  'token' => NULL,
  'trump' => 98879,
  'user_id' => '285',
  'vice_captain' => 98883,
)  
[2020-06-08 20:11:13] local.INFO: array (
  'captain' => 98879,
  'create_team_id' => 404,
  'match_id' => '44574',
  'team_id' => 
  array (
    0 => 115867,
    1 => 115876,
  ),
  'teams' => 
  array (
    0 => 98878,
    1 => 98879,
    2 => 99131,
    3 => 99190,
    4 => 98883,
    5 => 99138,
    6 => 99139,
    7 => 99137,
    8 => 98886,
    9 => 98887,
    10 => 98888,
  ),
  'token' => NULL,
  'trump' => 98878,
  'user_id' => '357',
  'vice_captain' => 99131,
)  
[2020-06-08 20:11:30] local.INFO: array (
  'captain' => 98883,
  'create_team_id' => 373,
  'match_id' => '44574',
  'team_id' => 
  array (
    0 => 115867,
    1 => 115876,
  ),
  'teams' => 
  array (
    0 => 98878,
    1 => 99130,
    2 => 99131,
    3 => 98879,
    4 => 98881,
    5 => 98883,
    6 => 99137,
    7 => 98886,
    8 => 98887,
    9 => 99143,
    10 => 99192,
  ),
  'token' => NULL,
  'trump' => 99137,
  'user_id' => '262',
  'vice_captain' => 98887,
)  
[2020-06-08 20:11:43] local.INFO: array (
  'captain' => 99131,
  'create_team_id' => 0,
  'match_id' => '44574',
  'team_id' => 
  array (
    0 => 115867,
    1 => 115876,
  ),
  'teams' => 
  array (
    0 => 98878,
    1 => 99130,
    2 => 99187,
    3 => 98879,
    4 => 99131,
    5 => 98880,
    6 => 99188,
    7 => 98883,
    8 => 98886,
    9 => 99143,
    10 => 99192,
  ),
  'token' => NULL,
  'trump' => 98880,
  'user_id' => '371',
  'vice_captain' => 98879,
)  
[2020-06-08 20:11:54] local.INFO: array (
  'captain' => 99137,
  'create_team_id' => 384,
  'match_id' => '44574',
  'team_id' => 
  array (
    0 => 115867,
    1 => 115876,
  ),
  'teams' => 
  array (
    0 => 98878,
    1 => 98879,
    2 => 98880,
    3 => 99131,
    4 => 98881,
    5 => 99137,
    6 => 99138,
    7 => 98887,
    8 => 98888,
    9 => 99142,
    10 => 99143,
  ),
  'token' => NULL,
  'trump' => 98878,
  'user_id' => '285',
  'vice_captain' => 99131,
)  
[2020-06-08 20:12:17] local.INFO: array (
  'captain' => 98880,
  'create_team_id' => 0,
  'match_id' => '44574',
  'team_id' => 
  array (
    0 => 115867,
    1 => 115876,
  ),
  'teams' => 
  array (
    0 => 99187,
    1 => 98881,
    2 => 99190,
    3 => 99188,
    4 => 98880,
    5 => 99138,
    6 => 99189,
    7 => 98886,
    8 => 99143,
    9 => 98888,
    10 => 99192,
  ),
  'token' => NULL,
  'trump' => 99187,
  'user_id' => '357',
  'vice_captain' => 98881,
)  
[2020-06-08 20:12:41] local.INFO: array (
  'captain' => 98887,
  'create_team_id' => 0,
  'match_id' => '44574',
  'team_id' => 
  array (
    0 => 115867,
    1 => 115876,
  ),
  'teams' => 
  array (
    0 => 98878,
    1 => 99130,
    2 => 99187,
    3 => 99131,
    4 => 98879,
    5 => 98880,
    6 => 99188,
    7 => 99139,
    8 => 98886,
    9 => 98887,
    10 => 99143,
  ),
  'token' => NULL,
  'trump' => 98886,
  'user_id' => '371',
  'vice_captain' => 99143,
)  
[2020-06-08 20:13:24] local.INFO: array (
  'captain' => 98887,
  'create_team_id' => 0,
  'match_id' => '44574',
  'team_id' => 
  array (
    0 => 115867,
    1 => 115876,
  ),
  'teams' => 
  array (
    0 => 98878,
    1 => 99130,
    2 => 99187,
    3 => 99131,
    4 => 98879,
    5 => 98880,
    6 => 99188,
    7 => 99139,
    8 => 98888,
    9 => 99143,
    10 => 98887,
  ),
  'token' => NULL,
  'trump' => 98888,
  'user_id' => '371',
  'vice_captain' => 99143,
)  
[2020-06-08 20:13:27] local.INFO: array (
  'captain' => 99132,
  'create_team_id' => 0,
  'match_id' => '44574',
  'team_id' => 
  array (
    0 => 115867,
    1 => 115876,
  ),
  'teams' => 
  array (
    0 => 99130,
    1 => 99131,
    2 => 98881,
    3 => 99132,
    4 => 98883,
    5 => 99274,
    6 => 98884,
    7 => 99191,
    8 => 98886,
    9 => 99143,
    10 => 98888,
  ),
  'token' => NULL,
  'trump' => 99130,
  'user_id' => '357',
  'vice_captain' => 99131,
)  
[2020-06-08 20:13:56] local.INFO: array (
  'captain' => 98881,
  'create_team_id' => 383,
  'match_id' => '44574',
  'team_id' => 
  array (
    0 => 115867,
    1 => 115876,
  ),
  'teams' => 
  array (
    0 => 98878,
    1 => 98879,
    2 => 98881,
    3 => 99131,
    4 => 98880,
    5 => 98883,
    6 => 99137,
    7 => 98886,
    8 => 98887,
    9 => 99143,
    10 => 99192,
  ),
  'token' => NULL,
  'trump' => 98879,
  'user_id' => '262',
  'vice_captain' => 99131,
)  
[2020-06-08 20:14:05] local.INFO: array (
  'captain' => 98880,
  'create_team_id' => 0,
  'match_id' => '44574',
  'team_id' => 
  array (
    0 => 115867,
    1 => 115876,
  ),
  'teams' => 
  array (
    0 => 98878,
    1 => 99130,
    2 => 99187,
    3 => 99131,
    4 => 98879,
    5 => 98880,
    6 => 99190,
    7 => 99274,
    8 => 98887,
    9 => 99143,
    10 => 98888,
  ),
  'token' => NULL,
  'trump' => 98879,
  'user_id' => '371',
  'vice_captain' => 99190,
)  
[2020-06-08 20:14:36] local.INFO: array (
  'captain' => 98881,
  'create_team_id' => 382,
  'match_id' => '44574',
  'team_id' => 
  array (
    0 => 115867,
    1 => 115876,
  ),
  'teams' => 
  array (
    0 => 99130,
    1 => 98879,
    2 => 98881,
    3 => 99188,
    4 => 98883,
    5 => 99137,
    6 => 98884,
    7 => 98886,
    8 => 98887,
    9 => 99143,
    10 => 99192,
  ),
  'token' => NULL,
  'trump' => 98879,
  'user_id' => '262',
  'vice_captain' => 99188,
)  
[2020-06-08 20:14:38] local.INFO: array (
  'captain' => 98879,
  'create_team_id' => 0,
  'match_id' => '44574',
  'team_id' => 
  array (
    0 => 115867,
    1 => 115876,
  ),
  'teams' => 
  array (
    0 => 98878,
    1 => 99187,
    2 => 99131,
    3 => 98879,
    4 => 99190,
    5 => 99137,
    6 => 99138,
    7 => 99274,
    8 => 98887,
    9 => 98886,
    10 => 99141,
  ),
  'token' => NULL,
  'trump' => 98878,
  'user_id' => '357',
  'vice_captain' => 99131,
)  
[2020-06-08 20:14:44] local.INFO: array (
  'captain' => 99130,
  'create_team_id' => 374,
  'match_id' => '44574',
  'team_id' => 
  array (
    0 => 115867,
    1 => 115876,
  ),
  'teams' => 
  array (
    0 => 98878,
    1 => 99130,
    2 => 98879,
    3 => 99131,
    4 => 99188,
    5 => 99137,
    6 => 98883,
    7 => 98884,
    8 => 98886,
    9 => 99143,
    10 => 98887,
  ),
  'token' => NULL,
  'trump' => 98878,
  'user_id' => '262',
  'vice_captain' => 98879,
)  
[2020-06-08 20:14:56] local.INFO: array (
  'captain' => 98887,
  'create_team_id' => 0,
  'match_id' => '44574',
  'team_id' => 
  array (
    0 => 115867,
    1 => 115876,
  ),
  'teams' => 
  array (
    0 => 99187,
    1 => 99130,
    2 => 98878,
    3 => 98881,
    4 => 99190,
    5 => 99188,
    6 => 98880,
    7 => 99137,
    8 => 99143,
    9 => 98887,
    10 => 98886,
  ),
  'token' => NULL,
  'trump' => 98886,
  'user_id' => '371',
  'vice_captain' => 99143,
)  
[2020-06-08 20:15:12] local.INFO: array (
  'captain' => 99190,
  'create_team_id' => 381,
  'match_id' => '44574',
  'team_id' => 
  array (
    0 => 115867,
    1 => 115876,
  ),
  'teams' => 
  array (
    0 => 98878,
    1 => 98879,
    2 => 99131,
    3 => 99190,
    4 => 98883,
    5 => 98884,
    6 => 99137,
    7 => 98886,
    8 => 98887,
    9 => 99142,
    10 => 99143,
  ),
  'token' => NULL,
  'trump' => 99131,
  'user_id' => '262',
  'vice_captain' => 98883,
)  
[2020-06-08 20:15:38] local.INFO: array (
  'captain' => 98888,
  'create_team_id' => 0,
  'match_id' => '44574',
  'team_id' => 
  array (
    0 => 115867,
    1 => 115876,
  ),
  'teams' => 
  array (
    0 => 98878,
    1 => 99130,
    2 => 99187,
    3 => 98881,
    4 => 99190,
    5 => 99131,
    6 => 99275,
    7 => 98888,
    8 => 99143,
    9 => 98887,
    10 => 98886,
  ),
  'token' => NULL,
  'trump' => 99275,
  'user_id' => '371',
  'vice_captain' => 99143,
)  
[2020-06-08 20:15:47] local.INFO: array (
  'captain' => 98884,
  'create_team_id' => 381,
  'match_id' => '44574',
  'team_id' => 
  array (
    0 => 115867,
    1 => 115876,
  ),
  'teams' => 
  array (
    0 => 99130,
    1 => 98879,
    2 => 99131,
    3 => 99190,
    4 => 98883,
    5 => 98884,
    6 => 99137,
    7 => 98886,
    8 => 98887,
    9 => 99143,
    10 => 98888,
  ),
  'token' => NULL,
  'trump' => 98883,
  'user_id' => '262',
  'vice_captain' => 99137,
)  
[2020-06-08 20:16:43] local.INFO: array (
  'captain' => 99139,
  'create_team_id' => 0,
  'match_id' => '44574',
  'team_id' => 
  array (
    0 => 115867,
    1 => 115876,
  ),
  'teams' => 
  array (
    0 => 98878,
    1 => 99130,
    2 => 99187,
    3 => 98881,
    4 => 99131,
    5 => 98879,
    6 => 98880,
    7 => 99139,
    8 => 98887,
    9 => 98886,
    10 => 99143,
  ),
  'token' => NULL,
  'trump' => 98880,
  'user_id' => '371',
  'vice_captain' => 98887,
)  
[2020-06-08 20:17:11] local.INFO: array (
  'captain' => 98883,
  'create_team_id' => 375,
  'match_id' => '44574',
  'team_id' => 
  array (
    0 => 115867,
    1 => 115876,
  ),
  'teams' => 
  array (
    0 => 98878,
    1 => 99130,
    2 => 98879,
    3 => 98881,
    4 => 99131,
    5 => 98884,
    6 => 99137,
    7 => 98883,
    8 => 98886,
    9 => 98887,
    10 => 99143,
  ),
  'token' => NULL,
  'trump' => 98884,
  'user_id' => '262',
  'vice_captain' => 99137,
)  
[2020-06-08 20:17:12] local.INFO: array (
  'captain' => 98884,
  'create_team_id' => 380,
  'match_id' => '44574',
  'team_id' => 
  array (
    0 => 115867,
    1 => 115876,
  ),
  'teams' => 
  array (
    0 => 98878,
    1 => 99130,
    2 => 98879,
    3 => 99190,
    4 => 98881,
    5 => 99131,
    6 => 98883,
    7 => 98884,
    8 => 98886,
    9 => 98888,
    10 => 99143,
  ),
  'token' => NULL,
  'trump' => 98883,
  'user_id' => '262',
  'vice_captain' => 98878,
)  
[2020-06-08 20:18:44] local.INFO: array (
  'captain' => 99137,
  'create_team_id' => 378,
  'match_id' => '44574',
  'team_id' => 
  array (
    0 => 115867,
    1 => 115876,
  ),
  'teams' => 
  array (
    0 => 99130,
    1 => 98879,
    2 => 98881,
    3 => 99190,
    4 => 98883,
    5 => 99137,
    6 => 99139,
    7 => 98886,
    8 => 98887,
    9 => 99143,
    10 => 98888,
  ),
  'token' => NULL,
  'trump' => 98887,
  'user_id' => '262',
  'vice_captain' => 98883,
)  
[2020-06-08 20:20:14] local.INFO: array (
  'captain' => 98879,
  'create_team_id' => 376,
  'match_id' => '44574',
  'team_id' => 
  array (
    0 => 115867,
    1 => 115876,
  ),
  'teams' => 
  array (
    0 => 98878,
    1 => 99130,
    2 => 99187,
    3 => 99131,
    4 => 98879,
    5 => 99190,
    6 => 99188,
    7 => 99137,
    8 => 98886,
    9 => 98887,
    10 => 99143,
  ),
  'token' => NULL,
  'trump' => 99137,
  'user_id' => '262',
  'vice_captain' => 99188,
)  
[2020-06-08 20:21:08] local.INFO: array (
  'captain' => 98879,
  'create_team_id' => 377,
  'match_id' => '44574',
  'team_id' => 
  array (
    0 => 115867,
    1 => 115876,
  ),
  'teams' => 
  array (
    0 => 98878,
    1 => 98879,
    2 => 98881,
    3 => 99131,
    4 => 99190,
    5 => 98883,
    6 => 99137,
    7 => 99139,
    8 => 98886,
    9 => 98887,
    10 => 99143,
  ),
  'token' => NULL,
  'trump' => 98878,
  'user_id' => '262',
  'vice_captain' => 98887,
)  
[2020-06-08 20:22:56] local.INFO: array (
  'captain' => 98887,
  'create_team_id' => 0,
  'match_id' => '44574',
  'team_id' => 
  array (
    0 => 115867,
    1 => 115876,
  ),
  'teams' => 
  array (
    0 => 99187,
    1 => 98879,
    2 => 99131,
    3 => 98880,
    4 => 99188,
    5 => 99138,
    6 => 99137,
    7 => 98883,
    8 => 98886,
    9 => 98887,
    10 => 99143,
  ),
  'token' => NULL,
  'trump' => 98883,
  'user_id' => '262',
  'vice_captain' => 99138,
)  
[2020-06-08 22:57:56] local.INFO: array (
  'captain' => 98931,
  'create_team_id' => 0,
  'match_id' => '44575',
  'team_id' => 
  array (
    0 => 115872,
    1 => 115874,
  ),
  'teams' => 
  array (
    0 => 98910,
    1 => 98931,
    2 => 98911,
    3 => 98913,
    4 => 98932,
    5 => 98933,
    6 => 98919,
    7 => 98941,
    8 => 98925,
    9 => 98942,
    10 => 98924,
  ),
  'token' => NULL,
  'trump' => 98910,
  'user_id' => '262',
  'vice_captain' => 98911,
)  
[2020-06-08 23:00:21] local.INFO: array (
  'captain' => 98933,
  'create_team_id' => 0,
  'match_id' => '44575',
  'team_id' => 
  array (
    0 => 115872,
    1 => 115874,
  ),
  'teams' => 
  array (
    0 => 98910,
    1 => 98933,
    2 => 98914,
    3 => 98932,
    4 => 98913,
    5 => 98921,
    6 => 98920,
    7 => 98926,
    8 => 98925,
    9 => 98941,
    10 => 98942,
  ),
  'token' => NULL,
  'trump' => 98910,
  'user_id' => '262',
  'vice_captain' => 98914,
)  
[2020-06-08 23:03:41] local.INFO: array (
  'captain' => 98913,
  'create_team_id' => 387,
  'match_id' => '44575',
  'team_id' => 
  array (
    0 => 115872,
    1 => 115874,
  ),
  'teams' => 
  array (
    0 => 98931,
    1 => 98913,
    2 => 98914,
    3 => 98915,
    4 => 98932,
    5 => 98933,
    6 => 98919,
    7 => 98924,
    8 => 98925,
    9 => 98941,
    10 => 98942,
  ),
  'token' => NULL,
  'trump' => 98931,
  'user_id' => '262',
  'vice_captain' => 98932,
)  
[2020-06-08 23:03:54] local.INFO: array (
  'captain' => 98913,
  'create_team_id' => 388,
  'match_id' => '44575',
  'team_id' => 
  array (
    0 => 115872,
    1 => 115874,
  ),
  'teams' => 
  array (
    0 => 98931,
    1 => 98913,
    2 => 98914,
    3 => 98916,
    4 => 98932,
    5 => 98934,
    6 => 98919,
    7 => 98924,
    8 => 98925,
    9 => 98941,
    10 => 98942,
  ),
  'token' => NULL,
  'trump' => 98914,
  'user_id' => '262',
  'vice_captain' => 98916,
)  
[2020-06-08 23:03:57] local.INFO: array (
  'captain' => 98915,
  'create_team_id' => 393,
  'match_id' => '44575',
  'team_id' => 
  array (
    0 => 115872,
    1 => 115874,
  ),
  'teams' => 
  array (
    0 => 98912,
    1 => 98913,
    2 => 98914,
    3 => 98915,
    4 => 98932,
    5 => 98933,
    6 => 98919,
    7 => 98925,
    8 => 98926,
    9 => 98941,
    10 => 98942,
  ),
  'token' => NULL,
  'trump' => 98913,
  'user_id' => '285',
  'vice_captain' => 98932,
)  
[2020-06-08 23:04:14] local.INFO: array (
  'captain' => 98914,
  'create_team_id' => 389,
  'match_id' => '44575',
  'team_id' => 
  array (
    0 => 115872,
    1 => 115874,
  ),
  'teams' => 
  array (
    0 => 98931,
    1 => 98913,
    2 => 98914,
    3 => 98915,
    4 => 98933,
    5 => 98934,
    6 => 98919,
    7 => 98925,
    8 => 98926,
    9 => 98941,
    10 => 98942,
  ),
  'token' => NULL,
  'trump' => 98913,
  'user_id' => '262',
  'vice_captain' => 98933,
)  
[2020-06-08 23:12:35] local.INFO: array (
  'captain' => 98933,
  'create_team_id' => 0,
  'match_id' => '44575',
  'team_id' => 
  array (
    0 => 115872,
    1 => 115874,
  ),
  'teams' => 
  array (
    0 => 98910,
    1 => 98933,
    2 => 98914,
    3 => 98932,
    4 => 98913,
    5 => 98920,
    6 => 98937,
    7 => 98942,
    8 => 98925,
    9 => 98941,
    10 => 98926,
  ),
  'token' => NULL,
  'trump' => 98910,
  'user_id' => '285',
  'vice_captain' => 98914,
)  
[2020-06-08 23:17:06] local.INFO: array (
  'captain' => 98893,
  'create_team_id' => 0,
  'match_id' => '44589',
  'team_id' => 
  array (
    0 => 115869,
    1 => 115867,
  ),
  'teams' => 
  array (
    0 => 98890,
    1 => 98893,
    2 => 98879,
    3 => 98894,
    4 => 98880,
    5 => 98900,
    6 => 98883,
    7 => 98904,
    8 => 98886,
    9 => 98905,
    10 => 98887,
  ),
  'token' => NULL,
  'trump' => 98890,
  'user_id' => '262',
  'vice_captain' => 98879,
)  
[2020-06-08 23:18:10] local.INFO: array (
  'captain' => 98893,
  'create_team_id' => 420,
  'match_id' => '44589',
  'team_id' => 
  array (
    0 => 115869,
    1 => 115867,
  ),
  'teams' => 
  array (
    0 => 98878,
    1 => 98879,
    2 => 98880,
    3 => 98893,
    4 => 98894,
    5 => 98883,
    6 => 98900,
    7 => 98886,
    8 => 98887,
    9 => 98904,
    10 => 98905,
  ),
  'token' => NULL,
  'trump' => 98878,
  'user_id' => '262',
  'vice_captain' => 98879,
)  
[2020-06-08 23:25:51] local.INFO: array (
  'captain' => 98895,
  'create_team_id' => 0,
  'match_id' => '44589',
  'team_id' => 
  array (
    0 => 115869,
    1 => 115867,
  ),
  'teams' => 
  array (
    0 => 98890,
    1 => 98895,
    2 => 98881,
    3 => 98896,
    4 => 98882,
    5 => 98901,
    6 => 98884,
    7 => 98906,
    8 => 98888,
    9 => 99099,
    10 => 98889,
  ),
  'token' => NULL,
  'trump' => 98890,
  'user_id' => '285',
  'vice_captain' => 98881,
)  
[2020-06-08 23:30:33] local.INFO: array (
  'captain' => 98899,
  'create_team_id' => 0,
  'match_id' => '44589',
  'team_id' => 
  array (
    0 => 115869,
    1 => 115867,
  ),
  'teams' => 
  array (
    0 => 98878,
    1 => 98894,
    2 => 98899,
    3 => 98898,
    4 => 98879,
    5 => 98893,
    6 => 98901,
    7 => 98904,
    8 => 98886,
    9 => 98905,
    10 => 98887,
  ),
  'token' => NULL,
  'trump' => 98894,
  'user_id' => '285',
  'vice_captain' => 98898,
)  
[2020-06-08 23:31:16] local.INFO: array (
  'captain' => 98895,
  'create_team_id' => 421,
  'match_id' => '44589',
  'team_id' => 
  array (
    0 => 115869,
    1 => 115867,
  ),
  'teams' => 
  array (
    0 => 98878,
    1 => 98881,
    2 => 98882,
    3 => 98895,
    4 => 98896,
    5 => 98884,
    6 => 98901,
    7 => 98888,
    8 => 98889,
    9 => 98906,
    10 => 99099,
  ),
  'token' => NULL,
  'trump' => 98878,
  'user_id' => '285',
  'vice_captain' => 98881,
)  
[2020-06-08 23:31:57] local.INFO: array (
  'captain' => 98895,
  'create_team_id' => 421,
  'match_id' => '44589',
  'team_id' => 
  array (
    0 => 115869,
    1 => 115867,
  ),
  'teams' => 
  array (
    0 => 98890,
    1 => 98881,
    2 => 98882,
    3 => 98895,
    4 => 98896,
    5 => 98884,
    6 => 98901,
    7 => 98888,
    8 => 98889,
    9 => 98906,
    10 => 99099,
  ),
  'token' => NULL,
  'trump' => 98881,
  'user_id' => '285',
  'vice_captain' => 98890,
)  
[2020-06-08 23:32:53] local.INFO: array (
  'captain' => 98899,
  'create_team_id' => 422,
  'match_id' => '44589',
  'team_id' => 
  array (
    0 => 115869,
    1 => 115867,
  ),
  'teams' => 
  array (
    0 => 98890,
    1 => 98879,
    2 => 98894,
    3 => 98898,
    4 => 98899,
    5 => 98880,
    6 => 98901,
    7 => 98886,
    8 => 98887,
    9 => 98904,
    10 => 98905,
  ),
  'token' => NULL,
  'trump' => 98894,
  'user_id' => '285',
  'vice_captain' => 98898,
)  
[2020-06-08 23:34:07] local.INFO: array (
  'captain' => 98895,
  'create_team_id' => 421,
  'match_id' => '44589',
  'team_id' => 
  array (
    0 => 115869,
    1 => 115867,
  ),
  'teams' => 
  array (
    0 => 98878,
    1 => 98881,
    2 => 98882,
    3 => 98895,
    4 => 98896,
    5 => 98884,
    6 => 98901,
    7 => 98888,
    8 => 98889,
    9 => 98906,
    10 => 99099,
  ),
  'token' => NULL,
  'trump' => 98881,
  'user_id' => '285',
  'vice_captain' => 98878,
)  
[2020-06-08 23:39:18] local.INFO: array (
  'captain' => 98893,
  'create_team_id' => 420,
  'match_id' => '44589',
  'team_id' => 
  array (
    0 => 115869,
    1 => 115867,
  ),
  'teams' => 
  array (
    0 => 98892,
    1 => 98880,
    2 => 98894,
    3 => 98895,
    4 => 98879,
    5 => 98893,
    6 => 98883,
    7 => 98900,
    8 => 98886,
    9 => 98905,
    10 => 98904,
  ),
  'token' => NULL,
  'trump' => 98880,
  'user_id' => '262',
  'vice_captain' => 98879,
)  
[2020-06-08 23:40:49] local.INFO: array (
  'captain' => 98893,
  'create_team_id' => 420,
  'match_id' => '44589',
  'team_id' => 
  array (
    0 => 115869,
    1 => 115867,
  ),
  'teams' => 
  array (
    0 => 98892,
    1 => 98879,
    2 => 98880,
    3 => 98893,
    4 => 98894,
    5 => 98895,
    6 => 98883,
    7 => 98900,
    8 => 98886,
    9 => 98905,
    10 => 98887,
  ),
  'token' => NULL,
  'trump' => 98880,
  'user_id' => '262',
  'vice_captain' => 98879,
)  
[2020-06-08 23:45:47] local.INFO: array (
  'captain' => 98893,
  'create_team_id' => 420,
  'match_id' => '44589',
  'team_id' => 
  array (
    0 => 115869,
    1 => 115867,
  ),
  'teams' => 
  array (
    0 => 98890,
    1 => 98879,
    2 => 98880,
    3 => 98893,
    4 => 98894,
    5 => 98895,
    6 => 98883,
    7 => 98900,
    8 => 98886,
    9 => 98887,
    10 => 98905,
  ),
  'token' => NULL,
  'trump' => 98880,
  'user_id' => '262',
  'vice_captain' => 98879,
)  
[2020-06-08 23:46:38] local.INFO: array (
  'captain' => 98895,
  'create_team_id' => 421,
  'match_id' => '44589',
  'team_id' => 
  array (
    0 => 115869,
    1 => 115867,
  ),
  'teams' => 
  array (
    0 => 98891,
    1 => 98881,
    2 => 98882,
    3 => 98895,
    4 => 98896,
    5 => 98884,
    6 => 98901,
    7 => 98888,
    8 => 98889,
    9 => 98906,
    10 => 99099,
  ),
  'token' => NULL,
  'trump' => 98881,
  'user_id' => '285',
  'vice_captain' => 98896,
)  
[2020-06-08 23:46:55] local.INFO: array (
  'captain' => 98880,
  'create_team_id' => 422,
  'match_id' => '44589',
  'team_id' => 
  array (
    0 => 115869,
    1 => 115867,
  ),
  'teams' => 
  array (
    0 => 98891,
    1 => 98879,
    2 => 98880,
    3 => 98894,
    4 => 98898,
    5 => 98899,
    6 => 98901,
    7 => 98886,
    8 => 98887,
    9 => 98904,
    10 => 98905,
  ),
  'token' => NULL,
  'trump' => 98894,
  'user_id' => '285',
  'vice_captain' => 98879,
)  
[2020-06-08 23:47:44] local.INFO: array (
  'captain' => 98893,
  'create_team_id' => 420,
  'match_id' => '44589',
  'team_id' => 
  array (
    0 => 115869,
    1 => 115867,
  ),
  'teams' => 
  array (
    0 => 98891,
    1 => 98879,
    2 => 98880,
    3 => 98893,
    4 => 98894,
    5 => 98895,
    6 => 98883,
    7 => 98900,
    8 => 98886,
    9 => 98887,
    10 => 98905,
  ),
  'token' => NULL,
  'trump' => 98880,
  'user_id' => '262',
  'vice_captain' => 98879,
)  
[2020-06-08 23:48:12] local.INFO: array (
  'captain' => 98880,
  'create_team_id' => 422,
  'match_id' => '44589',
  'team_id' => 
  array (
    0 => 115869,
    1 => 115867,
  ),
  'teams' => 
  array (
    0 => 98890,
    1 => 98879,
    2 => 98880,
    3 => 98894,
    4 => 98898,
    5 => 98899,
    6 => 98901,
    7 => 98886,
    8 => 98887,
    9 => 98904,
    10 => 98905,
  ),
  'token' => NULL,
  'trump' => 98894,
  'user_id' => '285',
  'vice_captain' => 98879,
)  
[2020-06-08 23:48:15] local.INFO: array (
  'captain' => 98893,
  'create_team_id' => 420,
  'match_id' => '44589',
  'team_id' => 
  array (
    0 => 115869,
    1 => 115867,
  ),
  'teams' => 
  array (
    0 => 98878,
    1 => 98879,
    2 => 98880,
    3 => 98893,
    4 => 98894,
    5 => 98895,
    6 => 98883,
    7 => 98900,
    8 => 98886,
    9 => 98887,
    10 => 98905,
  ),
  'token' => NULL,
  'trump' => 98880,
  'user_id' => '262',
  'vice_captain' => 98879,
)  
[2020-06-08 23:48:22] local.INFO: array (
  'captain' => 98895,
  'create_team_id' => 421,
  'match_id' => '44589',
  'team_id' => 
  array (
    0 => 115869,
    1 => 115867,
  ),
  'teams' => 
  array (
    0 => 98878,
    1 => 98881,
    2 => 98882,
    3 => 98895,
    4 => 98896,
    5 => 98884,
    6 => 98901,
    7 => 98888,
    8 => 98889,
    9 => 98906,
    10 => 99099,
  ),
  'token' => NULL,
  'trump' => 98881,
  'user_id' => '285',
  'vice_captain' => 98896,
)  
