[2020-06-12 01:06:19] local.INFO: array (
  'captain' => 98464,
  'create_team_id' => 0,
  'match_id' => '44539',
  'team_id' => 
  array (
    0 => 115772,
    1 => 115773,
  ),
  'teams' => 
  array (
    0 => 98462,
    1 => 98428,
    2 => 98429,
    3 => 98464,
    4 => 98579,
    5 => 98436,
    6 => 98471,
    7 => 98439,
    8 => 98474,
    9 => 98440,
    10 => 98476,
  ),
  'token' => NULL,
  'trump' => 98428,
  'user_id' => '379',
  'vice_captain' => 98436,
)  
[2020-06-12 03:22:14] local.INFO: array (
  'captain' => 98471,
  'create_team_id' => 0,
  'match_id' => '44539',
  'team_id' => 
  array (
    0 => 115772,
    1 => 115773,
  ),
  'teams' => 
  array (
    0 => 98428,
    1 => 98579,
    2 => 98464,
    3 => 98465,
    4 => 98430,
    5 => 98471,
    6 => 98436,
    7 => 98440,
    8 => 98474,
    9 => 98439,
    10 => 98476,
  ),
  'token' => NULL,
  'trump' => 98579,
  'user_id' => '285',
  'vice_captain' => 98464,
)  
[2020-06-12 09:45:51] local.INFO: array (
  'captain' => 99224,
  'create_team_id' => 0,
  'match_id' => '44596',
  'team_id' => 
  array (
    0 => 115926,
    1 => 115927,
  ),
  'teams' => 
  array (
    0 => 99237,
    1 => 99222,
    2 => 99239,
    3 => 99224,
    4 => 99225,
    5 => 99241,
    6 => 99244,
    7 => 99228,
    8 => 99249,
    9 => 99231,
    10 => 99250,
  ),
  'token' => NULL,
  'trump' => 99237,
  'user_id' => '357',
  'vice_captain' => 99225,
)  
[2020-06-12 11:45:20] local.INFO: array (
  'captain' => 98437,
  'create_team_id' => 0,
  'match_id' => '44539',
  'team_id' => 
  array (
    0 => 115772,
    1 => 115773,
  ),
  'teams' => 
  array (
    0 => 98428,
    1 => 98463,
    2 => 98429,
    3 => 98579,
    4 => 98730,
    5 => 98437,
    6 => 98472,
    7 => 98439,
    8 => 98474,
    9 => 98440,
    10 => 98476,
  ),
  'token' => NULL,
  'trump' => 98579,
  'user_id' => '392',
  'vice_captain' => 98472,
)  
[2020-06-12 11:46:26] local.INFO: array (
  'captain' => 98437,
  'create_team_id' => 528,
  'match_id' => '44539',
  'team_id' => 
  array (
    0 => 115772,
    1 => 115773,
  ),
  'teams' => 
  array (
    0 => 98428,
    1 => 98463,
    2 => 98429,
    3 => 98579,
    4 => 98730,
    5 => 98437,
    6 => 98472,
    7 => 98439,
    8 => 98440,
    9 => 98474,
    10 => 98476,
  ),
  'token' => NULL,
  'trump' => 98579,
  'user_id' => '392',
  'vice_captain' => 98472,
)  
[2020-06-12 17:11:22] local.INFO: array (
  'captain' => 98434,
  'create_team_id' => 0,
  'match_id' => '44539',
  'team_id' => 
  array (
    0 => 115772,
    1 => 115773,
  ),
  'teams' => 
  array (
    0 => 98428,
    1 => 98462,
    2 => 98464,
    3 => 98579,
    4 => 98434,
    5 => 98436,
    6 => 98471,
    7 => 98437,
    8 => 98439,
    9 => 98474,
    10 => 98440,
  ),
  'token' => NULL,
  'trump' => 98464,
  'user_id' => '377',
  'vice_captain' => 98579,
)  
[2020-06-12 17:11:45] local.INFO: array (
  'captain' => 98472,
  'create_team_id' => 0,
  'match_id' => '44539',
  'team_id' => 
  array (
    0 => 115772,
    1 => 115773,
  ),
  'teams' => 
  array (
    0 => 98428,
    1 => 98429,
    2 => 98464,
    3 => 98579,
    4 => 98465,
    5 => 98436,
    6 => 98471,
    7 => 98472,
    8 => 98440,
    9 => 98474,
    10 => 98439,
  ),
  'token' => NULL,
  'trump' => 98440,
  'user_id' => '377',
  'vice_captain' => 98471,
)  
[2020-06-12 17:12:26] local.INFO: array (
  'captain' => 98579,
  'create_team_id' => 0,
  'match_id' => '44539',
  'team_id' => 
  array (
    0 => 115772,
    1 => 115773,
  ),
  'teams' => 
  array (
    0 => 98428,
    1 => 98464,
    2 => 98429,
    3 => 98579,
    4 => 98436,
    5 => 98471,
    6 => 98437,
    7 => 98472,
    8 => 98439,
    9 => 98474,
    10 => 98440,
  ),
  'token' => NULL,
  'trump' => 98429,
  'user_id' => '377',
  'vice_captain' => 98436,
)  
[2020-06-12 17:14:14] local.INFO: array (
  'captain' => 99228,
  'create_team_id' => 0,
  'match_id' => '44596',
  'team_id' => 
  array (
    0 => 115926,
    1 => 115927,
  ),
  'teams' => 
  array (
    0 => 99222,
    1 => 99237,
    2 => 99239,
    3 => 99224,
    4 => 99240,
    5 => 99244,
    6 => 99228,
    7 => 99245,
    8 => 99249,
    9 => 99231,
    10 => 99250,
  ),
  'token' => NULL,
  'trump' => 99245,
  'user_id' => '377',
  'vice_captain' => 99244,
)  
[2020-06-12 17:14:39] local.INFO: array (
  'captain' => 99245,
  'create_team_id' => 0,
  'match_id' => '44596',
  'team_id' => 
  array (
    0 => 115926,
    1 => 115927,
  ),
  'teams' => 
  array (
    0 => 99222,
    1 => 99238,
    2 => 99224,
    3 => 99239,
    4 => 99240,
    5 => 99244,
    6 => 99228,
    7 => 99245,
    8 => 99250,
    9 => 99232,
    10 => 99251,
  ),
  'token' => NULL,
  'trump' => 99250,
  'user_id' => '377',
  'vice_captain' => 99228,
)  
[2020-06-12 17:37:15] local.INFO: array (
  'captain' => 99224,
  'create_team_id' => 0,
  'match_id' => '44596',
  'team_id' => 
  array (
    0 => 115926,
    1 => 115927,
  ),
  'teams' => 
  array (
    0 => 99222,
    1 => 99238,
    2 => 99239,
    3 => 99224,
    4 => 99240,
    5 => 99225,
    6 => 99244,
    7 => 99228,
    8 => 99249,
    9 => 99231,
    10 => 99250,
  ),
  'token' => NULL,
  'trump' => 99239,
  'user_id' => '262',
  'vice_captain' => 99240,
)  
[2020-06-12 17:38:51] local.INFO: array (
  'captain' => 99225,
  'create_team_id' => 0,
  'match_id' => '44596',
  'team_id' => 
  array (
    0 => 115926,
    1 => 115927,
  ),
  'teams' => 
  array (
    0 => 99223,
    1 => 99238,
    2 => 99240,
    3 => 99225,
    4 => 99241,
    5 => 99244,
    6 => 99228,
    7 => 99245,
    8 => 99249,
    9 => 99231,
    10 => 99250,
  ),
  'token' => NULL,
  'trump' => 99241,
  'user_id' => '262',
  'vice_captain' => 99240,
)  
[2020-06-12 17:39:57] local.INFO: array (
  'captain' => 99222,
  'create_team_id' => 0,
  'match_id' => '44597',
  'team_id' => 
  array (
    0 => 115926,
    1 => 115928,
  ),
  'teams' => 
  array (
    0 => 99255,
    1 => 99222,
    2 => 99257,
    3 => 99224,
    4 => 99258,
    5 => 99263,
    6 => 99228,
    7 => 99264,
    8 => 99268,
    9 => 99231,
    10 => 99269,
  ),
  'token' => NULL,
  'trump' => 99255,
  'user_id' => '262',
  'vice_captain' => 99257,
)  
