[2020-06-09 08:22:13] local.INFO: array (
  'captain' => 98914,
  'create_team_id' => 0,
  'match_id' => '44575',
  'team_id' => 
  array (
    0 => 115872,
    1 => 115874,
  ),
  'teams' => 
  array (
    0 => 98910,
    1 => 98913,
    2 => 98932,
    3 => 98914,
    4 => 98915,
    5 => 98919,
    6 => 98937,
    7 => 98924,
    8 => 98941,
    9 => 98925,
    10 => 98942,
  ),
  'token' => NULL,
  'trump' => 98910,
  'user_id' => '311',
  'vice_captain' => 98919,
)  
[2020-06-09 08:40:23] local.INFO: array (
  'captain' => 98931,
  'create_team_id' => 0,
  'match_id' => '44575',
  'team_id' => 
  array (
    0 => 115872,
    1 => 115874,
  ),
  'teams' => 
  array (
    0 => 98910,
    1 => 98931,
    2 => 98911,
    3 => 98912,
    4 => 98913,
    5 => 98932,
    6 => 98914,
    7 => 98919,
    8 => 98942,
    9 => 98925,
    10 => 98941,
  ),
  'token' => NULL,
  'trump' => 98910,
  'user_id' => '371',
  'vice_captain' => 98911,
)  
[2020-06-09 09:18:03] local.INFO: array (
  'captain' => 98913,
  'create_team_id' => 0,
  'match_id' => '44575',
  'team_id' => 
  array (
    0 => 115872,
    1 => 115874,
  ),
  'teams' => 
  array (
    0 => 98911,
    1 => 98915,
    2 => 98933,
    3 => 98913,
    4 => 98919,
    5 => 98920,
    6 => 98938,
    7 => 98924,
    8 => 98941,
    9 => 98942,
    10 => 98926,
  ),
  'token' => NULL,
  'trump' => 98933,
  'user_id' => '367',
  'vice_captain' => 98919,
)  
[2020-06-09 12:23:41] local.INFO: array (
  'captain' => 98913,
  'create_team_id' => 0,
  'match_id' => '44575',
  'team_id' => 
  array (
    0 => 115872,
    1 => 115874,
  ),
  'teams' => 
  array (
    0 => 98910,
    1 => 98931,
    2 => 98913,
    3 => 98932,
    4 => 98914,
    5 => 98933,
    6 => 98915,
    7 => 98919,
    8 => 98924,
    9 => 98941,
    10 => 98925,
  ),
  'token' => NULL,
  'trump' => 98910,
  'user_id' => '360',
  'vice_captain' => 98914,
)  
[2020-06-09 12:27:04] local.INFO: array (
  'captain' => 98915,
  'create_team_id' => 393,
  'match_id' => '44575',
  'team_id' => 
  array (
    0 => 115872,
    1 => 115874,
  ),
  'teams' => 
  array (
    0 => 98912,
    1 => 98913,
    2 => 98914,
    3 => 98915,
    4 => 98932,
    5 => 98933,
    6 => 98919,
    7 => 98925,
    8 => 98926,
    9 => 98941,
    10 => 98942,
  ),
  'token' => NULL,
  'trump' => 98913,
  'user_id' => '285',
  'vice_captain' => 98932,
)  
[2020-06-09 12:27:58] local.INFO: array (
  'captain' => 98933,
  'create_team_id' => 419,
  'match_id' => '44575',
  'team_id' => 
  array (
    0 => 115872,
    1 => 115874,
  ),
  'teams' => 
  array (
    0 => 98931,
    1 => 98913,
    2 => 98914,
    3 => 98932,
    4 => 98933,
    5 => 98920,
    6 => 98937,
    7 => 98925,
    8 => 98926,
    9 => 98941,
    10 => 98942,
  ),
  'token' => NULL,
  'trump' => 98913,
  'user_id' => '285',
  'vice_captain' => 98914,
)  
[2020-06-09 12:35:43] local.INFO: array (
  'captain' => 98915,
  'create_team_id' => 393,
  'match_id' => '44575',
  'team_id' => 
  array (
    0 => 115872,
    1 => 115874,
  ),
  'teams' => 
  array (
    0 => 98910,
    1 => 98913,
    2 => 98914,
    3 => 98915,
    4 => 98932,
    5 => 98933,
    6 => 98919,
    7 => 98925,
    8 => 98926,
    9 => 98941,
    10 => 98942,
  ),
  'token' => NULL,
  'trump' => 98913,
  'user_id' => '285',
  'vice_captain' => 98932,
)  
[2020-06-09 15:10:41] local.INFO: array (
  'captain' => 98931,
  'create_team_id' => 0,
  'match_id' => '44575',
  'team_id' => 
  array (
    0 => 115872,
    1 => 115874,
  ),
  'teams' => 
  array (
    0 => 98910,
    1 => 98931,
    2 => 98932,
    3 => 98917,
    4 => 98934,
    5 => 98914,
    6 => 98919,
    7 => 98938,
    8 => 98924,
    9 => 98942,
    10 => 98944,
  ),
  'token' => NULL,
  'trump' => 98910,
  'user_id' => '357',
  'vice_captain' => 98914,
)  
[2020-06-09 15:12:18] local.INFO: array (
  'captain' => 98931,
  'create_team_id' => 0,
  'match_id' => '44575',
  'team_id' => 
  array (
    0 => 115872,
    1 => 115874,
  ),
  'teams' => 
  array (
    0 => 98910,
    1 => 98931,
    2 => 98913,
    3 => 98932,
    4 => 98936,
    5 => 98918,
    6 => 98919,
    7 => 98938,
    8 => 98941,
    9 => 98924,
    10 => 98943,
  ),
  'token' => NULL,
  'trump' => 98910,
  'user_id' => '357',
  'vice_captain' => 98932,
)  
[2020-06-09 15:13:44] local.INFO: array (
  'captain' => 98913,
  'create_team_id' => 0,
  'match_id' => '44575',
  'team_id' => 
  array (
    0 => 115872,
    1 => 115874,
  ),
  'teams' => 
  array (
    0 => 98912,
    1 => 98910,
    2 => 98913,
    3 => 98933,
    4 => 98916,
    5 => 98935,
    6 => 98919,
    7 => 98938,
    8 => 98924,
    9 => 98941,
    10 => 98926,
  ),
  'token' => NULL,
  'trump' => 98910,
  'user_id' => '357',
  'vice_captain' => 98919,
)  
[2020-06-09 15:15:04] local.INFO: array (
  'captain' => 98931,
  'create_team_id' => 0,
  'match_id' => '44575',
  'team_id' => 
  array (
    0 => 115872,
    1 => 115874,
  ),
  'teams' => 
  array (
    0 => 98910,
    1 => 98931,
    2 => 98913,
    3 => 98932,
    4 => 98917,
    5 => 98914,
    6 => 98919,
    7 => 98937,
    8 => 98941,
    9 => 98928,
    10 => 98944,
  ),
  'token' => NULL,
  'trump' => 98910,
  'user_id' => '357',
  'vice_captain' => 98914,
)  
[2020-06-09 15:16:23] local.INFO: array (
  'captain' => 98931,
  'create_team_id' => 0,
  'match_id' => '44575',
  'team_id' => 
  array (
    0 => 115872,
    1 => 115874,
  ),
  'teams' => 
  array (
    0 => 98910,
    1 => 98931,
    2 => 98913,
    3 => 98914,
    4 => 98916,
    5 => 98933,
    6 => 98919,
    7 => 98937,
    8 => 98924,
    9 => 98941,
    10 => 98942,
  ),
  'token' => NULL,
  'trump' => 98910,
  'user_id' => '357',
  'vice_captain' => 98914,
)  
[2020-06-09 15:17:16] local.INFO: array (
  'captain' => 98913,
  'create_team_id' => 0,
  'match_id' => '44575',
  'team_id' => 
  array (
    0 => 115872,
    1 => 115874,
  ),
  'teams' => 
  array (
    0 => 98910,
    1 => 98911,
    2 => 98913,
    3 => 98932,
    4 => 98914,
    5 => 98933,
    6 => 98919,
    7 => 98937,
    8 => 98924,
    9 => 98941,
    10 => 98942,
  ),
  'token' => NULL,
  'trump' => 98910,
  'user_id' => '357',
  'vice_captain' => 98914,
)  
[2020-06-09 15:18:39] local.INFO: array (
  'captain' => 98931,
  'create_team_id' => 0,
  'match_id' => '44575',
  'team_id' => 
  array (
    0 => 115872,
    1 => 115874,
  ),
  'teams' => 
  array (
    0 => 98931,
    1 => 98912,
    2 => 98913,
    3 => 98916,
    4 => 98932,
    5 => 98919,
    6 => 98921,
    7 => 98937,
    8 => 98924,
    9 => 98941,
    10 => 98942,
  ),
  'token' => NULL,
  'trump' => 98913,
  'user_id' => '357',
  'vice_captain' => 98919,
)  
[2020-06-09 15:19:23] local.INFO: array (
  'captain' => 98931,
  'create_team_id' => 0,
  'match_id' => '44575',
  'team_id' => 
  array (
    0 => 115872,
    1 => 115874,
  ),
  'teams' => 
  array (
    0 => 98910,
    1 => 98931,
    2 => 98913,
    3 => 98932,
    4 => 98914,
    5 => 98933,
    6 => 98919,
    7 => 98937,
    8 => 98924,
    9 => 98941,
    10 => 98942,
  ),
  'token' => NULL,
  'trump' => 98910,
  'user_id' => '357',
  'vice_captain' => 98914,
)  
[2020-06-09 15:26:51] local.INFO: array (
  'captain' => 98931,
  'create_team_id' => 0,
  'match_id' => '44575',
  'team_id' => 
  array (
    0 => 115872,
    1 => 115874,
  ),
  'teams' => 
  array (
    0 => 98910,
    1 => 98931,
    2 => 98932,
    3 => 98913,
    4 => 98914,
    5 => 98933,
    6 => 98919,
    7 => 98937,
    8 => 98924,
    9 => 98941,
    10 => 98925,
  ),
  'token' => NULL,
  'trump' => 98910,
  'user_id' => '357',
  'vice_captain' => 98914,
)  
[2020-06-09 15:43:23] local.INFO: array (
  'captain' => 98915,
  'create_team_id' => 393,
  'match_id' => '44575',
  'team_id' => 
  array (
    0 => 115872,
    1 => 115874,
  ),
  'teams' => 
  array (
    0 => 98910,
    1 => 98913,
    2 => 98914,
    3 => 98915,
    4 => 98932,
    5 => 98933,
    6 => 98937,
    7 => 98925,
    8 => 98926,
    9 => 98941,
    10 => 98942,
  ),
  'token' => NULL,
  'trump' => 98913,
  'user_id' => '285',
  'vice_captain' => 98932,
)  
[2020-06-09 15:43:44] local.INFO: array (
  'captain' => 98933,
  'create_team_id' => 419,
  'match_id' => '44575',
  'team_id' => 
  array (
    0 => 115872,
    1 => 115874,
  ),
  'teams' => 
  array (
    0 => 98931,
    1 => 98913,
    2 => 98914,
    3 => 98932,
    4 => 98933,
    5 => 98937,
    6 => 98938,
    7 => 98925,
    8 => 98926,
    9 => 98941,
    10 => 98942,
  ),
  'token' => NULL,
  'trump' => 98913,
  'user_id' => '285',
  'vice_captain' => 98914,
)  
[2020-06-09 15:46:50] local.INFO: array (
  'captain' => 98915,
  'create_team_id' => 387,
  'match_id' => '44575',
  'team_id' => 
  array (
    0 => 115872,
    1 => 115874,
  ),
  'teams' => 
  array (
    0 => 98931,
    1 => 98914,
    2 => 98915,
    3 => 98932,
    4 => 98933,
    5 => 98934,
    6 => 98919,
    7 => 98924,
    8 => 98925,
    9 => 98941,
    10 => 98942,
  ),
  'token' => NULL,
  'trump' => 98931,
  'user_id' => '262',
  'vice_captain' => 98932,
)  
[2020-06-09 15:47:02] local.INFO: array (
  'captain' => 98934,
  'create_team_id' => 388,
  'match_id' => '44575',
  'team_id' => 
  array (
    0 => 115872,
    1 => 115874,
  ),
  'teams' => 
  array (
    0 => 98931,
    1 => 98914,
    2 => 98916,
    3 => 98932,
    4 => 98934,
    5 => 98933,
    6 => 98919,
    7 => 98924,
    8 => 98925,
    9 => 98941,
    10 => 98942,
  ),
  'token' => NULL,
  'trump' => 98914,
  'user_id' => '262',
  'vice_captain' => 98916,
)  
[2020-06-09 15:47:18] local.INFO: array (
  'captain' => 98914,
  'create_team_id' => 389,
  'match_id' => '44575',
  'team_id' => 
  array (
    0 => 115872,
    1 => 115874,
  ),
  'teams' => 
  array (
    0 => 98931,
    1 => 98914,
    2 => 98915,
    3 => 98933,
    4 => 98934,
    5 => 98932,
    6 => 98919,
    7 => 98925,
    8 => 98926,
    9 => 98941,
    10 => 98942,
  ),
  'token' => NULL,
  'trump' => 98931,
  'user_id' => '262',
  'vice_captain' => 98933,
)  
[2020-06-09 15:47:47] local.INFO: array (
  'captain' => 98919,
  'create_team_id' => 391,
  'match_id' => '44575',
  'team_id' => 
  array (
    0 => 115872,
    1 => 115874,
  ),
  'teams' => 
  array (
    0 => 98910,
    1 => 98915,
    2 => 98932,
    3 => 98934,
    4 => 98933,
    5 => 98919,
    6 => 98921,
    7 => 98924,
    8 => 98926,
    9 => 98941,
    10 => 98942,
  ),
  'token' => NULL,
  'trump' => 98932,
  'user_id' => '262',
  'vice_captain' => 98934,
)  
[2020-06-09 15:48:09] local.INFO: array (
  'captain' => 98931,
  'create_team_id' => 392,
  'match_id' => '44575',
  'team_id' => 
  array (
    0 => 115872,
    1 => 115874,
  ),
  'teams' => 
  array (
    0 => 98910,
    1 => 98931,
    2 => 98914,
    3 => 98932,
    4 => 98933,
    5 => 98918,
    6 => 98937,
    7 => 98924,
    8 => 98925,
    9 => 98941,
    10 => 98942,
  ),
  'token' => NULL,
  'trump' => 98910,
  'user_id' => '262',
  'vice_captain' => 98918,
)  
[2020-06-09 15:48:30] local.INFO: array (
  'captain' => 98925,
  'create_team_id' => 417,
  'match_id' => '44575',
  'team_id' => 
  array (
    0 => 115872,
    1 => 115874,
  ),
  'teams' => 
  array (
    0 => 98910,
    1 => 98911,
    2 => 98931,
    3 => 98932,
    4 => 98933,
    5 => 98936,
    6 => 98919,
    7 => 98924,
    8 => 98925,
    9 => 98941,
    10 => 98942,
  ),
  'token' => NULL,
  'trump' => 98924,
  'user_id' => '262',
  'vice_captain' => 98941,
)  
[2020-06-09 15:48:56] local.INFO: array (
  'captain' => 98926,
  'create_team_id' => 418,
  'match_id' => '44575',
  'team_id' => 
  array (
    0 => 115872,
    1 => 115874,
  ),
  'teams' => 
  array (
    0 => 98910,
    1 => 98914,
    2 => 98932,
    3 => 98933,
    4 => 98936,
    5 => 98920,
    6 => 98921,
    7 => 98925,
    8 => 98926,
    9 => 98941,
    10 => 98942,
  ),
  'token' => NULL,
  'trump' => 98921,
  'user_id' => '262',
  'vice_captain' => 98942,
)  
[2020-06-09 16:11:33] local.INFO: array (
  'captain' => 98937,
  'create_team_id' => 0,
  'match_id' => '44575',
  'team_id' => 
  array (
    0 => 115872,
    1 => 115874,
  ),
  'teams' => 
  array (
    0 => 98912,
    1 => 98931,
    2 => 98913,
    3 => 98914,
    4 => 98933,
    5 => 98937,
    6 => 98920,
    7 => 98922,
    8 => 98925,
    9 => 98942,
    10 => 98943,
  ),
  'token' => NULL,
  'trump' => 98922,
  'user_id' => '262',
  'vice_captain' => 98933,
)  
[2020-06-09 16:12:25] local.INFO: array (
  'captain' => 98920,
  'create_team_id' => 0,
  'match_id' => '44575',
  'team_id' => 
  array (
    0 => 115872,
    1 => 115874,
  ),
  'teams' => 
  array (
    0 => 98912,
    1 => 98931,
    2 => 98913,
    3 => 98914,
    4 => 98933,
    5 => 98937,
    6 => 98920,
    7 => 98922,
    8 => 98925,
    9 => 98943,
    10 => 98942,
  ),
  'token' => NULL,
  'trump' => 98937,
  'user_id' => '262',
  'vice_captain' => 98922,
)  
[2020-06-09 16:13:19] local.INFO: array (
  'captain' => 98913,
  'create_team_id' => 0,
  'match_id' => '44575',
  'team_id' => 
  array (
    0 => 115872,
    1 => 115874,
  ),
  'teams' => 
  array (
    0 => 98912,
    1 => 98913,
    2 => 98914,
    3 => 98933,
    4 => 98932,
    5 => 98919,
    6 => 98937,
    7 => 98922,
    8 => 98925,
    9 => 98942,
    10 => 98943,
  ),
  'token' => NULL,
  'trump' => 98912,
  'user_id' => '262',
  'vice_captain' => 98914,
)  
[2020-06-09 16:13:45] local.INFO: array (
  'captain' => 98933,
  'create_team_id' => 0,
  'match_id' => '44575',
  'team_id' => 
  array (
    0 => 115872,
    1 => 115874,
  ),
  'teams' => 
  array (
    0 => 98910,
    1 => 98931,
    2 => 98913,
    3 => 98932,
    4 => 98914,
    5 => 98933,
    6 => 98919,
    7 => 98937,
    8 => 98924,
    9 => 98941,
    10 => 98925,
  ),
  'token' => NULL,
  'trump' => 98914,
  'user_id' => '262',
  'vice_captain' => 98932,
)  
[2020-06-09 16:15:06] local.INFO: array (
  'captain' => 98915,
  'create_team_id' => 387,
  'match_id' => '44575',
  'team_id' => 
  array (
    0 => 115872,
    1 => 115874,
  ),
  'teams' => 
  array (
    0 => 98931,
    1 => 98914,
    2 => 98915,
    3 => 98932,
    4 => 98933,
    5 => 98934,
    6 => 98919,
    7 => 98924,
    8 => 98925,
    9 => 98941,
    10 => 98942,
  ),
  'token' => NULL,
  'trump' => 98931,
  'user_id' => '262',
  'vice_captain' => 98932,
)  
[2020-06-09 16:15:25] local.INFO: array (
  'captain' => 98915,
  'create_team_id' => 387,
  'match_id' => '44575',
  'team_id' => 
  array (
    0 => 115872,
    1 => 115874,
  ),
  'teams' => 
  array (
    0 => 98931,
    1 => 98914,
    2 => 98915,
    3 => 98932,
    4 => 98933,
    5 => 98934,
    6 => 98919,
    7 => 98924,
    8 => 98925,
    9 => 98941,
    10 => 98942,
  ),
  'token' => NULL,
  'trump' => 98914,
  'user_id' => '262',
  'vice_captain' => 98932,
)  
[2020-06-09 16:25:30] local.INFO: array (
  'captain' => 98937,
  'create_team_id' => 0,
  'match_id' => '44575',
  'team_id' => 
  array (
    0 => 115872,
    1 => 115874,
  ),
  'teams' => 
  array (
    0 => 98912,
    1 => 98931,
    2 => 98913,
    3 => 98914,
    4 => 98933,
    5 => 98937,
    6 => 98920,
    7 => 98922,
    8 => 98925,
    9 => 98942,
    10 => 98943,
  ),
  'token' => NULL,
  'trump' => 98922,
  'user_id' => '377',
  'vice_captain' => 98912,
)  
[2020-06-09 16:26:50] local.INFO: array (
  'captain' => 98937,
  'create_team_id' => 0,
  'match_id' => '44575',
  'team_id' => 
  array (
    0 => 115872,
    1 => 115874,
  ),
  'teams' => 
  array (
    0 => 98910,
    1 => 98912,
    2 => 98913,
    3 => 98932,
    4 => 98933,
    5 => 98937,
    6 => 98920,
    7 => 98939,
    8 => 98925,
    9 => 98942,
    10 => 98943,
  ),
  'token' => NULL,
  'trump' => 98933,
  'user_id' => '377',
  'vice_captain' => 98942,
)  
[2020-06-09 16:28:04] local.INFO: array (
  'captain' => 98925,
  'create_team_id' => 0,
  'match_id' => '44575',
  'team_id' => 
  array (
    0 => 115872,
    1 => 115874,
  ),
  'teams' => 
  array (
    0 => 98912,
    1 => 98931,
    2 => 98913,
    3 => 98914,
    4 => 98933,
    5 => 98937,
    6 => 98922,
    7 => 98920,
    8 => 98925,
    9 => 98942,
    10 => 98943,
  ),
  'token' => NULL,
  'trump' => 98942,
  'user_id' => '377',
  'vice_captain' => 98920,
)  
[2020-06-09 16:29:05] local.INFO: array (
  'captain' => 98931,
  'create_team_id' => 0,
  'match_id' => '44575',
  'team_id' => 
  array (
    0 => 115872,
    1 => 115874,
  ),
  'teams' => 
  array (
    0 => 98912,
    1 => 98931,
    2 => 98913,
    3 => 98914,
    4 => 98933,
    5 => 98937,
    6 => 98920,
    7 => 98922,
    8 => 98924,
    9 => 98925,
    10 => 98942,
  ),
  'token' => NULL,
  'trump' => 98912,
  'user_id' => '377',
  'vice_captain' => 98913,
)  
[2020-06-09 16:29:43] local.INFO: array (
  'captain' => 98914,
  'create_team_id' => 0,
  'match_id' => '44575',
  'team_id' => 
  array (
    0 => 115872,
    1 => 115874,
  ),
  'teams' => 
  array (
    0 => 98912,
    1 => 98931,
    2 => 98913,
    3 => 98914,
    4 => 98933,
    5 => 98937,
    6 => 98920,
    7 => 98919,
    8 => 98943,
    9 => 98942,
    10 => 98925,
  ),
  'token' => NULL,
  'trump' => 98913,
  'user_id' => '377',
  'vice_captain' => 98933,
)  
[2020-06-09 16:39:54] local.INFO: array (
  'captain' => 98931,
  'create_team_id' => 0,
  'match_id' => '44575',
  'team_id' => 
  array (
    0 => 115872,
    1 => 115874,
  ),
  'teams' => 
  array (
    0 => 98931,
    1 => 98910,
    2 => 98913,
    3 => 98914,
    4 => 98933,
    5 => 98922,
    6 => 98937,
    7 => 98920,
    8 => 98925,
    9 => 98942,
    10 => 98943,
  ),
  'token' => NULL,
  'trump' => 98910,
  'user_id' => '377',
  'vice_captain' => 98914,
)  
[2020-06-09 16:41:40] local.INFO: array (
  'captain' => 98913,
  'create_team_id' => 0,
  'match_id' => '44575',
  'team_id' => 
  array (
    0 => 115872,
    1 => 115874,
  ),
  'teams' => 
  array (
    0 => 98931,
    1 => 98914,
    2 => 98932,
    3 => 98913,
    4 => 98933,
    5 => 98937,
    6 => 98919,
    7 => 98925,
    8 => 98941,
    9 => 98942,
    10 => 98924,
  ),
  'token' => NULL,
  'trump' => 98914,
  'user_id' => '358',
  'vice_captain' => 98932,
)  
[2020-06-09 17:10:56] local.INFO: array (
  'captain' => 98931,
  'create_team_id' => 0,
  'match_id' => '44575',
  'team_id' => 
  array (
    0 => 115872,
    1 => 115874,
  ),
  'teams' => 
  array (
    0 => 98931,
    1 => 98913,
    2 => 98914,
    3 => 98932,
    4 => 98915,
    5 => 98933,
    6 => 98919,
    7 => 98937,
    8 => 98924,
    9 => 98942,
    10 => 98925,
  ),
  'token' => NULL,
  'trump' => 98913,
  'user_id' => '359',
  'vice_captain' => 98914,
)  
[2020-06-09 19:36:17] local.INFO: array (
  'captain' => 98914,
  'create_team_id' => 393,
  'match_id' => '44575',
  'team_id' => 
  array (
    0 => 115872,
    1 => 115874,
  ),
  'teams' => 
  array (
    0 => 98931,
    1 => 98913,
    2 => 98914,
    3 => 98915,
    4 => 98933,
    5 => 98932,
    6 => 98937,
    7 => 98925,
    8 => 98941,
    9 => 98942,
    10 => 98924,
  ),
  'token' => NULL,
  'trump' => 98913,
  'user_id' => '285',
  'vice_captain' => 98932,
)  
[2020-06-09 19:37:03] local.INFO: array (
  'captain' => 98913,
  'create_team_id' => 419,
  'match_id' => '44575',
  'team_id' => 
  array (
    0 => 115872,
    1 => 115874,
  ),
  'teams' => 
  array (
    0 => 98912,
    1 => 98913,
    2 => 98914,
    3 => 98933,
    4 => 98915,
    5 => 98937,
    6 => 98921,
    7 => 98925,
    8 => 98941,
    9 => 98942,
    10 => 98924,
  ),
  'token' => NULL,
  'trump' => 98937,
  'user_id' => '285',
  'vice_captain' => 98933,
)  
[2020-06-09 19:48:26] local.INFO: array (
  'captain' => 98938,
  'create_team_id' => 0,
  'match_id' => '44575',
  'team_id' => 
  array (
    0 => 115872,
    1 => 115874,
  ),
  'teams' => 
  array (
    0 => 98931,
    1 => 98933,
    2 => 98914,
    3 => 98932,
    4 => 98913,
    5 => 98921,
    6 => 98938,
    7 => 98942,
    8 => 98925,
    9 => 98941,
    10 => 98924,
  ),
  'token' => NULL,
  'trump' => 98913,
  'user_id' => '352',
  'vice_captain' => 98942,
)  
[2020-06-09 19:49:42] local.INFO: array (
  'captain' => 98913,
  'create_team_id' => 0,
  'match_id' => '44575',
  'team_id' => 
  array (
    0 => 115872,
    1 => 115874,
  ),
  'teams' => 
  array (
    0 => 98931,
    1 => 98913,
    2 => 98914,
    3 => 98932,
    4 => 98933,
    5 => 98937,
    6 => 98919,
    7 => 98941,
    8 => 98924,
    9 => 98925,
    10 => 98942,
  ),
  'token' => NULL,
  'trump' => 98931,
  'user_id' => '352',
  'vice_captain' => 98914,
)  
[2020-06-09 19:50:34] local.INFO: array (
  'captain' => 98914,
  'create_team_id' => 0,
  'match_id' => '44575',
  'team_id' => 
  array (
    0 => 115872,
    1 => 115874,
  ),
  'teams' => 
  array (
    0 => 98912,
    1 => 98933,
    2 => 98914,
    3 => 98932,
    4 => 98913,
    5 => 98938,
    6 => 98920,
    7 => 98925,
    8 => 98926,
    9 => 98942,
    10 => 98941,
  ),
  'token' => NULL,
  'trump' => 98933,
  'user_id' => '352',
  'vice_captain' => 98932,
)  
[2020-06-09 19:51:23] local.INFO: array (
  'captain' => 98913,
  'create_team_id' => 0,
  'match_id' => '44575',
  'team_id' => 
  array (
    0 => 115872,
    1 => 115874,
  ),
  'teams' => 
  array (
    0 => 98912,
    1 => 98934,
    2 => 98914,
    3 => 98913,
    4 => 98932,
    5 => 98921,
    6 => 98920,
    7 => 98925,
    8 => 98943,
    9 => 98924,
    10 => 98942,
  ),
  'token' => NULL,
  'trump' => 98912,
  'user_id' => '352',
  'vice_captain' => 98934,
)  
[2020-06-09 19:52:53] local.INFO: array (
  'captain' => 98915,
  'create_team_id' => 0,
  'match_id' => '44575',
  'team_id' => 
  array (
    0 => 115872,
    1 => 115874,
  ),
  'teams' => 
  array (
    0 => 98912,
    1 => 98934,
    2 => 98915,
    3 => 98913,
    4 => 98914,
    5 => 98921,
    6 => 98938,
    7 => 98943,
    8 => 98924,
    9 => 98942,
    10 => 98925,
  ),
  'token' => NULL,
  'trump' => 98913,
  'user_id' => '352',
  'vice_captain' => 98912,
)  
[2020-06-09 19:53:47] local.INFO: array (
  'captain' => 98914,
  'create_team_id' => 423,
  'match_id' => '44575',
  'team_id' => 
  array (
    0 => 115872,
    1 => 115874,
  ),
  'teams' => 
  array (
    0 => 98931,
    1 => 98913,
    2 => 98914,
    3 => 98932,
    4 => 98933,
    5 => 98937,
    6 => 98921,
    7 => 98924,
    8 => 98925,
    9 => 98941,
    10 => 98942,
  ),
  'token' => NULL,
  'trump' => 98931,
  'user_id' => '311',
  'vice_captain' => 98933,
)  
[2020-06-09 19:53:57] local.INFO: array (
  'captain' => 98926,
  'create_team_id' => 0,
  'match_id' => '44575',
  'team_id' => 
  array (
    0 => 115872,
    1 => 115874,
  ),
  'teams' => 
  array (
    0 => 98911,
    1 => 98914,
    2 => 98934,
    3 => 98913,
    4 => 98915,
    5 => 98919,
    6 => 98939,
    7 => 98924,
    8 => 98926,
    9 => 98942,
    10 => 98941,
  ),
  'token' => NULL,
  'trump' => 98942,
  'user_id' => '352',
  'vice_captain' => 98941,
)  
[2020-06-09 19:55:57] local.INFO: array (
  'captain' => 98928,
  'create_team_id' => 0,
  'match_id' => '44575',
  'team_id' => 
  array (
    0 => 115872,
    1 => 115874,
  ),
  'teams' => 
  array (
    0 => 98912,
    1 => 98932,
    2 => 98915,
    3 => 98914,
    4 => 98919,
    5 => 98939,
    6 => 98930,
    7 => 98945,
    8 => 98928,
    9 => 98944,
    10 => 98929,
  ),
  'token' => NULL,
  'trump' => 98944,
  'user_id' => '352',
  'vice_captain' => 98929,
)  
[2020-06-09 19:58:08] local.INFO: array (
  'captain' => 98912,
  'create_team_id' => 0,
  'match_id' => '44575',
  'team_id' => 
  array (
    0 => 115872,
    1 => 115874,
  ),
  'teams' => 
  array (
    0 => 98931,
    1 => 98912,
    2 => 98913,
    3 => 98932,
    4 => 98914,
    5 => 98933,
    6 => 98915,
    7 => 98937,
    8 => 98924,
    9 => 98941,
    10 => 98925,
  ),
  'token' => NULL,
  'trump' => 98931,
  'user_id' => '371',
  'vice_captain' => 98913,
)  
[2020-06-09 19:58:28] local.INFO: array (
  'captain' => 98937,
  'create_team_id' => 427,
  'match_id' => '44575',
  'team_id' => 
  array (
    0 => 115872,
    1 => 115874,
  ),
  'teams' => 
  array (
    0 => 98931,
    1 => 98912,
    2 => 98914,
    3 => 98917,
    4 => 98932,
    5 => 98934,
    6 => 98921,
    7 => 98937,
    8 => 98924,
    9 => 98942,
    10 => 98944,
  ),
  'token' => NULL,
  'trump' => 98931,
  'user_id' => '357',
  'vice_captain' => 98914,
)  
[2020-06-09 19:59:08] local.INFO: array (
  'captain' => 98917,
  'create_team_id' => 0,
  'match_id' => '44575',
  'team_id' => 
  array (
    0 => 115872,
    1 => 115874,
  ),
  'teams' => 
  array (
    0 => 98931,
    1 => 98912,
    2 => 95048,
    3 => 98936,
    4 => 98917,
    5 => 98934,
    6 => 98915,
    7 => 98921,
    8 => 98924,
    9 => 98941,
    10 => 98925,
  ),
  'token' => NULL,
  'trump' => 98936,
  'user_id' => '371',
  'vice_captain' => 98934,
)  
[2020-06-09 19:59:30] local.INFO: array (
  'captain' => 98931,
  'create_team_id' => 428,
  'match_id' => '44575',
  'team_id' => 
  array (
    0 => 115872,
    1 => 115874,
  ),
  'teams' => 
  array (
    0 => 98931,
    1 => 98912,
    2 => 98913,
    3 => 98932,
    4 => 98936,
    5 => 95048,
    6 => 98937,
    7 => 98921,
    8 => 98924,
    9 => 98941,
    10 => 98943,
  ),
  'token' => NULL,
  'trump' => 98913,
  'user_id' => '357',
  'vice_captain' => 98932,
)  
[2020-06-09 19:59:48] local.INFO: array (
  'captain' => 98943,
  'create_team_id' => 0,
  'match_id' => '44575',
  'team_id' => 
  array (
    0 => 115872,
    1 => 115874,
  ),
  'teams' => 
  array (
    0 => 98931,
    1 => 98912,
    2 => 98934,
    3 => 98915,
    4 => 98933,
    5 => 98914,
    6 => 98932,
    7 => 98939,
    8 => 98943,
    9 => 98944,
    10 => 98928,
  ),
  'token' => NULL,
  'trump' => 98939,
  'user_id' => '371',
  'vice_captain' => 98944,
)  
[2020-06-09 20:00:29] local.INFO: array (
  'captain' => 98912,
  'create_team_id' => 0,
  'match_id' => '44575',
  'team_id' => 
  array (
    0 => 115872,
    1 => 115874,
  ),
  'teams' => 
  array (
    0 => 98931,
    1 => 98912,
    2 => 98913,
    3 => 98932,
    4 => 98914,
    5 => 98933,
    6 => 98915,
    7 => 98939,
    8 => 98924,
    9 => 98941,
    10 => 98925,
  ),
  'token' => NULL,
  'trump' => 98913,
  'user_id' => '371',
  'vice_captain' => 98931,
)  
[2020-06-09 20:00:29] local.INFO: array (
  'captain' => 98931,
  'create_team_id' => 429,
  'match_id' => '44575',
  'team_id' => 
  array (
    0 => 115872,
    1 => 115874,
  ),
  'teams' => 
  array (
    0 => 98912,
    1 => 98931,
    2 => 98913,
    3 => 98933,
    4 => 98917,
    5 => 98936,
    6 => 98937,
    7 => 98921,
    8 => 98924,
    9 => 98941,
    10 => 98928,
  ),
  'token' => NULL,
  'trump' => 98913,
  'user_id' => '357',
  'vice_captain' => 98933,
)  
[2020-06-09 20:01:00] local.INFO: array (
  'captain' => 98931,
  'create_team_id' => 430,
  'match_id' => '44575',
  'team_id' => 
  array (
    0 => 115872,
    1 => 115874,
  ),
  'teams' => 
  array (
    0 => 98931,
    1 => 98912,
    2 => 98913,
    3 => 98914,
    4 => 98917,
    5 => 98932,
    6 => 98937,
    7 => 98921,
    8 => 98928,
    9 => 98941,
    10 => 98944,
  ),
  'token' => NULL,
  'trump' => 98913,
  'user_id' => '357',
  'vice_captain' => 98914,
)  
[2020-06-09 20:01:17] local.INFO: array (
  'captain' => 98931,
  'create_team_id' => 0,
  'match_id' => '44575',
  'team_id' => 
  array (
    0 => 115872,
    1 => 115874,
  ),
  'teams' => 
  array (
    0 => 98931,
    1 => 98912,
    2 => 98936,
    3 => 98917,
    4 => 95048,
    5 => 98934,
    6 => 98915,
    7 => 98937,
    8 => 98924,
    9 => 98941,
    10 => 98925,
  ),
  'token' => NULL,
  'trump' => 98912,
  'user_id' => '371',
  'vice_captain' => 98936,
)  
[2020-06-09 20:01:31] local.INFO: array (
  'captain' => 98931,
  'create_team_id' => 431,
  'match_id' => '44575',
  'team_id' => 
  array (
    0 => 115872,
    1 => 115874,
  ),
  'teams' => 
  array (
    0 => 98931,
    1 => 98912,
    2 => 98913,
    3 => 98914,
    4 => 98933,
    5 => 98917,
    6 => 98937,
    7 => 98921,
    8 => 98924,
    9 => 98941,
    10 => 98942,
  ),
  'token' => NULL,
  'trump' => 98913,
  'user_id' => '357',
  'vice_captain' => 98914,
)  
[2020-06-09 20:01:55] local.INFO: array (
  'captain' => 98914,
  'create_team_id' => 0,
  'match_id' => '44575',
  'team_id' => 
  array (
    0 => 115872,
    1 => 115874,
  ),
  'teams' => 
  array (
    0 => 98931,
    1 => 98912,
    2 => 98915,
    3 => 98933,
    4 => 98914,
    5 => 98932,
    6 => 98913,
    7 => 98939,
    8 => 98942,
    9 => 98925,
    10 => 98941,
  ),
  'token' => NULL,
  'trump' => 98932,
  'user_id' => '371',
  'vice_captain' => 98933,
)  
[2020-06-09 20:02:22] local.INFO: array (
  'captain' => 98913,
  'create_team_id' => 432,
  'match_id' => '44575',
  'team_id' => 
  array (
    0 => 115872,
    1 => 115874,
  ),
  'teams' => 
  array (
    0 => 98912,
    1 => 98931,
    2 => 98913,
    3 => 98914,
    4 => 98932,
    5 => 98933,
    6 => 98937,
    7 => 98921,
    8 => 98924,
    9 => 98941,
    10 => 98942,
  ),
  'token' => NULL,
  'trump' => 98931,
  'user_id' => '357',
  'vice_captain' => 98914,
)  
[2020-06-09 20:02:42] local.INFO: array (
  'captain' => 98933,
  'create_team_id' => 0,
  'match_id' => '44575',
  'team_id' => 
  array (
    0 => 115872,
    1 => 115874,
  ),
  'teams' => 
  array (
    0 => 98931,
    1 => 98912,
    2 => 98934,
    3 => 98915,
    4 => 98933,
    5 => 98917,
    6 => 98936,
    7 => 99276,
    8 => 98928,
    9 => 98944,
    10 => 98943,
  ),
  'token' => NULL,
  'trump' => 98917,
  'user_id' => '371',
  'vice_captain' => 98915,
)  
[2020-06-09 20:02:42] local.INFO: array (
  'captain' => 98913,
  'create_team_id' => 432,
  'match_id' => '44575',
  'team_id' => 
  array (
    0 => 115872,
    1 => 115874,
  ),
  'teams' => 
  array (
    0 => 98912,
    1 => 98931,
    2 => 98913,
    3 => 98914,
    4 => 98932,
    5 => 98933,
    6 => 98921,
    7 => 98937,
    8 => 98924,
    9 => 98941,
    10 => 98942,
  ),
  'token' => NULL,
  'trump' => 98931,
  'user_id' => '357',
  'vice_captain' => 98914,
)  
[2020-06-09 20:03:01] local.INFO: array (
  'captain' => 98931,
  'create_team_id' => 431,
  'match_id' => '44575',
  'team_id' => 
  array (
    0 => 115872,
    1 => 115874,
  ),
  'teams' => 
  array (
    0 => 98912,
    1 => 98931,
    2 => 98913,
    3 => 98914,
    4 => 98917,
    5 => 98933,
    6 => 98921,
    7 => 98937,
    8 => 98924,
    9 => 98941,
    10 => 98942,
  ),
  'token' => NULL,
  'trump' => 98913,
  'user_id' => '357',
  'vice_captain' => 98914,
)  
[2020-06-09 20:03:22] local.INFO: array (
  'captain' => 98925,
  'create_team_id' => 0,
  'match_id' => '44575',
  'team_id' => 
  array (
    0 => 115872,
    1 => 115874,
  ),
  'teams' => 
  array (
    0 => 98931,
    1 => 98912,
    2 => 95048,
    3 => 98936,
    4 => 98917,
    5 => 98934,
    6 => 98915,
    7 => 98937,
    8 => 98942,
    9 => 98925,
    10 => 98941,
  ),
  'token' => NULL,
  'trump' => 98941,
  'user_id' => '371',
  'vice_captain' => 98942,
)  
[2020-06-09 20:03:41] local.INFO: array (
  'captain' => 98931,
  'create_team_id' => 433,
  'match_id' => '44575',
  'team_id' => 
  array (
    0 => 115872,
    1 => 115874,
  ),
  'teams' => 
  array (
    0 => 98912,
    1 => 98931,
    2 => 98913,
    3 => 98932,
    4 => 98917,
    5 => 98921,
    6 => 98937,
    7 => 99276,
    8 => 98924,
    9 => 98941,
    10 => 98942,
  ),
  'token' => NULL,
  'trump' => 98913,
  'user_id' => '357',
  'vice_captain' => 98932,
)  
[2020-06-09 20:04:04] local.INFO: array (
  'captain' => 99276,
  'create_team_id' => 0,
  'match_id' => '44575',
  'team_id' => 
  array (
    0 => 115872,
    1 => 115874,
  ),
  'teams' => 
  array (
    0 => 98931,
    1 => 98912,
    2 => 98934,
    3 => 98915,
    4 => 98933,
    5 => 98914,
    6 => 98932,
    7 => 99276,
    8 => 98924,
    9 => 98941,
    10 => 98925,
  ),
  'token' => NULL,
  'trump' => 98924,
  'user_id' => '371',
  'vice_captain' => 98932,
)  
[2020-06-09 20:04:07] local.INFO: array (
  'captain' => 98931,
  'create_team_id' => 433,
  'match_id' => '44575',
  'team_id' => 
  array (
    0 => 115872,
    1 => 115874,
  ),
  'teams' => 
  array (
    0 => 98912,
    1 => 98931,
    2 => 98913,
    3 => 98917,
    4 => 98932,
    5 => 98921,
    6 => 98937,
    7 => 99276,
    8 => 98924,
    9 => 98941,
    10 => 98942,
  ),
  'token' => NULL,
  'trump' => 98913,
  'user_id' => '357',
  'vice_captain' => 98932,
)  
[2020-06-09 20:04:37] local.INFO: array (
  'captain' => 98931,
  'create_team_id' => 435,
  'match_id' => '44575',
  'team_id' => 
  array (
    0 => 115872,
    1 => 115874,
  ),
  'teams' => 
  array (
    0 => 98931,
    1 => 98912,
    2 => 98913,
    3 => 98914,
    4 => 98932,
    5 => 98933,
    6 => 98937,
    7 => 98921,
    8 => 98924,
    9 => 98925,
    10 => 98941,
  ),
  'token' => NULL,
  'trump' => 98913,
  'user_id' => '357',
  'vice_captain' => 98914,
)  
[2020-06-09 20:05:11] local.INFO: array (
  'captain' => 98939,
  'create_team_id' => 0,
  'match_id' => '44575',
  'team_id' => 
  array (
    0 => 115872,
    1 => 115874,
  ),
  'teams' => 
  array (
    0 => 98931,
    1 => 98912,
    2 => 98913,
    3 => 98932,
    4 => 98914,
    5 => 98933,
    6 => 98915,
    7 => 98939,
    8 => 98924,
    9 => 98941,
    10 => 98925,
  ),
  'token' => NULL,
  'trump' => 98933,
  'user_id' => '371',
  'vice_captain' => 98915,
)  
[2020-06-09 20:05:11] local.INFO: array (
  'captain' => 98931,
  'create_team_id' => 434,
  'match_id' => '44575',
  'team_id' => 
  array (
    0 => 115872,
    1 => 115874,
  ),
  'teams' => 
  array (
    0 => 98931,
    1 => 98912,
    2 => 98913,
    3 => 98914,
    4 => 98932,
    5 => 98933,
    6 => 98937,
    7 => 98921,
    8 => 98924,
    9 => 98941,
    10 => 98942,
  ),
  'token' => NULL,
  'trump' => 98913,
  'user_id' => '357',
  'vice_captain' => 98914,
)  
[2020-06-09 20:07:07] local.INFO: array (
  'captain' => 95048,
  'create_team_id' => 0,
  'match_id' => '44575',
  'team_id' => 
  array (
    0 => 115872,
    1 => 115874,
  ),
  'teams' => 
  array (
    0 => 98931,
    1 => 98933,
    2 => 98913,
    3 => 98932,
    4 => 95048,
    5 => 98917,
    6 => 98937,
    7 => 98921,
    8 => 98942,
    9 => 98924,
    10 => 98925,
  ),
  'token' => NULL,
  'trump' => 98913,
  'user_id' => '367',
  'vice_captain' => 98932,
)  
[2020-06-09 20:14:05] local.INFO: array (
  'captain' => 98937,
  'create_team_id' => 0,
  'match_id' => '44575',
  'team_id' => 
  array (
    0 => 115872,
    1 => 115874,
  ),
  'teams' => 
  array (
    0 => 98931,
    1 => 98932,
    2 => 98913,
    3 => 98914,
    4 => 98933,
    5 => 98915,
    6 => 98934,
    7 => 98937,
    8 => 98941,
    9 => 98942,
    10 => 98924,
  ),
  'token' => NULL,
  'trump' => 98913,
  'user_id' => '338',
  'vice_captain' => 98914,
)  
[2020-06-09 20:15:30] local.INFO: array (
  'captain' => 98931,
  'create_team_id' => 0,
  'match_id' => '44575',
  'team_id' => 
  array (
    0 => 115872,
    1 => 115874,
  ),
  'teams' => 
  array (
    0 => 98912,
    1 => 98931,
    2 => 98913,
    3 => 98914,
    4 => 98915,
    5 => 98933,
    6 => 98937,
    7 => 98939,
    8 => 98941,
    9 => 98925,
    10 => 98942,
  ),
  'token' => NULL,
  'trump' => 98912,
  'user_id' => '373',
  'vice_captain' => 98913,
)  
[2020-06-09 20:16:07] local.INFO: array (
  'captain' => 98917,
  'create_team_id' => 0,
  'match_id' => '44575',
  'team_id' => 
  array (
    0 => 115872,
    1 => 115874,
  ),
  'teams' => 
  array (
    0 => 98912,
    1 => 98931,
    2 => 95048,
    3 => 98936,
    4 => 98917,
    5 => 98934,
    6 => 98933,
    7 => 98937,
    8 => 98924,
    9 => 98941,
    10 => 98925,
  ),
  'token' => NULL,
  'trump' => 98936,
  'user_id' => '373',
  'vice_captain' => 98934,
)  
[2020-06-09 20:16:48] local.INFO: array (
  'captain' => 98937,
  'create_team_id' => 0,
  'match_id' => '44575',
  'team_id' => 
  array (
    0 => 115872,
    1 => 115874,
  ),
  'teams' => 
  array (
    0 => 98931,
    1 => 98912,
    2 => 98913,
    3 => 98932,
    4 => 98914,
    5 => 98933,
    6 => 98937,
    7 => 98921,
    8 => 98925,
    9 => 98942,
    10 => 98943,
  ),
  'token' => NULL,
  'trump' => 98921,
  'user_id' => '373',
  'vice_captain' => 98933,
)  
[2020-06-09 20:17:18] local.INFO: array (
  'captain' => 98914,
  'create_team_id' => 0,
  'match_id' => '44575',
  'team_id' => 
  array (
    0 => 115872,
    1 => 115874,
  ),
  'teams' => 
  array (
    0 => 98931,
    1 => 98912,
    2 => 98913,
    3 => 98932,
    4 => 98914,
    5 => 98933,
    6 => 98937,
    7 => 98921,
    8 => 98924,
    9 => 98941,
    10 => 98925,
  ),
  'token' => NULL,
  'trump' => 98932,
  'user_id' => '373',
  'vice_captain' => 98933,
)  
[2020-06-09 20:17:51] local.INFO: array (
  'captain' => 98937,
  'create_team_id' => 0,
  'match_id' => '44575',
  'team_id' => 
  array (
    0 => 115872,
    1 => 115874,
  ),
  'teams' => 
  array (
    0 => 98931,
    1 => 98912,
    2 => 98913,
    3 => 98933,
    4 => 98915,
    5 => 98937,
    6 => 98921,
    7 => 98939,
    8 => 98924,
    9 => 98942,
    10 => 98928,
  ),
  'token' => NULL,
  'trump' => 98921,
  'user_id' => '373',
  'vice_captain' => 98915,
)  
[2020-06-09 20:18:19] local.INFO: array (
  'captain' => 98939,
  'create_team_id' => 0,
  'match_id' => '44575',
  'team_id' => 
  array (
    0 => 115872,
    1 => 115874,
  ),
  'teams' => 
  array (
    0 => 98931,
    1 => 98912,
    2 => 98913,
    3 => 98932,
    4 => 98914,
    5 => 98937,
    6 => 98939,
    7 => 98921,
    8 => 98941,
    9 => 98925,
    10 => 98942,
  ),
  'token' => NULL,
  'trump' => 98921,
  'user_id' => '373',
  'vice_captain' => 98937,
)  
[2020-06-09 20:18:43] local.INFO: array (
  'captain' => 98914,
  'create_team_id' => 0,
  'match_id' => '44575',
  'team_id' => 
  array (
    0 => 115872,
    1 => 115874,
  ),
  'teams' => 
  array (
    0 => 98931,
    1 => 98912,
    2 => 98913,
    3 => 98932,
    4 => 98914,
    5 => 98937,
    6 => 98921,
    7 => 98924,
    8 => 98941,
    9 => 98925,
    10 => 98942,
  ),
  'token' => NULL,
  'trump' => 98932,
  'user_id' => '373',
  'vice_captain' => 98921,
)  
[2020-06-09 20:19:22] local.INFO: array (
  'captain' => 98931,
  'create_team_id' => 0,
  'match_id' => '44575',
  'team_id' => 
  array (
    0 => 115872,
    1 => 115874,
  ),
  'teams' => 
  array (
    0 => 98912,
    1 => 98931,
    2 => 98913,
    3 => 98914,
    4 => 98933,
    5 => 98932,
    6 => 98921,
    7 => 98937,
    8 => 98942,
    9 => 98925,
    10 => 98941,
  ),
  'token' => NULL,
  'trump' => 98912,
  'user_id' => '373',
  'vice_captain' => 98913,
)  
[2020-06-09 20:19:53] local.INFO: array (
  'captain' => 98921,
  'create_team_id' => 0,
  'match_id' => '44575',
  'team_id' => 
  array (
    0 => 115872,
    1 => 115874,
  ),
  'teams' => 
  array (
    0 => 98931,
    1 => 98912,
    2 => 98932,
    3 => 98913,
    4 => 98914,
    5 => 98937,
    6 => 98921,
    7 => 99276,
    8 => 98924,
    9 => 98925,
    10 => 98942,
  ),
  'token' => NULL,
  'trump' => 98937,
  'user_id' => '373',
  'vice_captain' => 98914,
)  
[2020-06-09 20:20:19] local.INFO: array (
  'captain' => 98932,
  'create_team_id' => 0,
  'match_id' => '44575',
  'team_id' => 
  array (
    0 => 115872,
    1 => 115874,
  ),
  'teams' => 
  array (
    0 => 98931,
    1 => 98912,
    2 => 98913,
    3 => 98932,
    4 => 98914,
    5 => 98933,
    6 => 98937,
    7 => 98921,
    8 => 98941,
    9 => 98925,
    10 => 98942,
  ),
  'token' => NULL,
  'trump' => 98913,
  'user_id' => '373',
  'vice_captain' => 98933,
)  
