[2020-06-07 13:52:06] local.INFO: array (
  'captain' => 98894,
  'create_team_id' => 0,
  'match_id' => '44583',
  'team_id' => 
  array (
    0 => 115865,
    1 => 115869,
  ),
  'teams' => 
  array (
    0 => 98890,
    1 => 98866,
    2 => 98894,
    3 => 98895,
    4 => 98896,
    5 => 98900,
    6 => 99122,
    7 => 98904,
    8 => 99124,
    9 => 98874,
    10 => 98906,
  ),
  'token' => NULL,
  'trump' => 98900,
  'user_id' => '285',
  'vice_captain' => 98895,
)  
[2020-06-07 13:53:15] local.INFO: array (
  'captain' => 98901,
  'create_team_id' => 0,
  'match_id' => '44583',
  'team_id' => 
  array (
    0 => 115865,
    1 => 115869,
  ),
  'teams' => 
  array (
    0 => 98866,
    1 => 98890,
    2 => 98894,
    3 => 98895,
    4 => 98896,
    5 => 98901,
    6 => 98873,
    7 => 98900,
    8 => 98904,
    9 => 98874,
    10 => 98875,
  ),
  'token' => NULL,
  'trump' => 98900,
  'user_id' => '262',
  'vice_captain' => 98873,
)  
[2020-06-07 13:53:18] local.INFO: array (
  'captain' => 98895,
  'create_team_id' => 0,
  'match_id' => '44583',
  'team_id' => 
  array (
    0 => 115865,
    1 => 115869,
  ),
  'teams' => 
  array (
    0 => 98890,
    1 => 98894,
    2 => 98895,
    3 => 98896,
    4 => 98900,
    5 => 99122,
    6 => 98901,
    7 => 98904,
    8 => 99124,
    9 => 98874,
    10 => 99126,
  ),
  'token' => NULL,
  'trump' => 98900,
  'user_id' => '285',
  'vice_captain' => 98894,
)  
[2020-06-07 13:54:35] local.INFO: array (
  'captain' => 98904,
  'create_team_id' => 0,
  'match_id' => '44583',
  'team_id' => 
  array (
    0 => 115865,
    1 => 115869,
  ),
  'teams' => 
  array (
    0 => 98866,
    1 => 98890,
    2 => 98894,
    3 => 98895,
    4 => 98896,
    5 => 98903,
    6 => 98901,
    7 => 98873,
    8 => 98904,
    9 => 98874,
    10 => 98875,
  ),
  'token' => NULL,
  'trump' => 98901,
  'user_id' => '262',
  'vice_captain' => 98875,
)  
[2020-06-07 13:55:10] local.INFO: array (
  'captain' => 98900,
  'create_team_id' => 0,
  'match_id' => '44583',
  'team_id' => 
  array (
    0 => 115865,
    1 => 115869,
  ),
  'teams' => 
  array (
    0 => 98866,
    1 => 98894,
    2 => 98895,
    3 => 98896,
    4 => 98900,
    5 => 99122,
    6 => 98901,
    7 => 98872,
    8 => 98904,
    9 => 99124,
    10 => 98874,
  ),
  'token' => NULL,
  'trump' => 98895,
  'user_id' => '285',
  'vice_captain' => 98894,
)  
[2020-06-07 13:55:28] local.INFO: array (
  'captain' => 98890,
  'create_team_id' => 0,
  'match_id' => '44583',
  'team_id' => 
  array (
    0 => 115865,
    1 => 115869,
  ),
  'teams' => 
  array (
    0 => 98866,
    1 => 98890,
    2 => 98894,
    3 => 98895,
    4 => 98896,
    5 => 98900,
    6 => 99122,
    7 => 98902,
    8 => 99124,
    9 => 98906,
    10 => 98875,
  ),
  'token' => NULL,
  'trump' => 98866,
  'user_id' => '262',
  'vice_captain' => 98894,
)  
[2020-06-07 13:56:17] local.INFO: array (
  'captain' => 98873,
  'create_team_id' => 0,
  'match_id' => '44583',
  'team_id' => 
  array (
    0 => 115865,
    1 => 115869,
  ),
  'teams' => 
  array (
    0 => 98866,
    1 => 98894,
    2 => 98895,
    3 => 98896,
    4 => 98900,
    5 => 98901,
    6 => 98873,
    7 => 98903,
    8 => 98904,
    9 => 98874,
    10 => 98875,
  ),
  'token' => NULL,
  'trump' => 98903,
  'user_id' => '262',
  'vice_captain' => 98901,
)  
[2020-06-07 13:56:47] local.INFO: array (
  'captain' => 98903,
  'create_team_id' => 0,
  'match_id' => '44583',
  'team_id' => 
  array (
    0 => 115865,
    1 => 115869,
  ),
  'teams' => 
  array (
    0 => 98991,
    1 => 98896,
    2 => 98895,
    3 => 98894,
    4 => 98903,
    5 => 98902,
    6 => 98872,
    7 => 98900,
    8 => 99124,
    9 => 98875,
    10 => 98874,
  ),
  'token' => NULL,
  'trump' => 98895,
  'user_id' => '285',
  'vice_captain' => 98894,
)  
[2020-06-07 13:56:54] local.INFO: array (
  'captain' => 98894,
  'create_team_id' => 0,
  'match_id' => '44583',
  'team_id' => 
  array (
    0 => 115865,
    1 => 115869,
  ),
  'teams' => 
  array (
    0 => 98991,
    1 => 98890,
    2 => 98894,
    3 => 98895,
    4 => 98896,
    5 => 98900,
    6 => 99122,
    7 => 98872,
    8 => 99124,
    9 => 98906,
    10 => 99126,
  ),
  'token' => NULL,
  'trump' => 98895,
  'user_id' => '262',
  'vice_captain' => 98890,
)  
[2020-06-07 13:57:45] local.INFO: array (
  'captain' => 98877,
  'create_team_id' => 0,
  'match_id' => '44583',
  'team_id' => 
  array (
    0 => 115865,
    1 => 115869,
  ),
  'teams' => 
  array (
    0 => 98866,
    1 => 98890,
    2 => 98894,
    3 => 98895,
    4 => 98896,
    5 => 99122,
    6 => 98901,
    7 => 98902,
    8 => 98877,
    9 => 99126,
    10 => 98875,
  ),
  'token' => NULL,
  'trump' => 99126,
  'user_id' => '262',
  'vice_captain' => 98902,
)  
[2020-06-07 13:58:20] local.INFO: array (
  'captain' => 98904,
  'create_team_id' => 0,
  'match_id' => '44583',
  'team_id' => 
  array (
    0 => 115865,
    1 => 115869,
  ),
  'teams' => 
  array (
    0 => 98890,
    1 => 98866,
    2 => 98894,
    3 => 98895,
    4 => 98896,
    5 => 98900,
    6 => 98901,
    7 => 98873,
    8 => 98904,
    9 => 98874,
    10 => 98875,
  ),
  'token' => NULL,
  'trump' => 98874,
  'user_id' => '262',
  'vice_captain' => 98901,
)  
[2020-06-07 13:58:53] local.INFO: array (
  'captain' => 98874,
  'create_team_id' => 0,
  'match_id' => '44583',
  'team_id' => 
  array (
    0 => 115865,
    1 => 115869,
  ),
  'teams' => 
  array (
    0 => 98890,
    1 => 98866,
    2 => 98894,
    3 => 98895,
    4 => 98896,
    5 => 98900,
    6 => 98901,
    7 => 98873,
    8 => 98904,
    9 => 98874,
    10 => 98875,
  ),
  'token' => NULL,
  'trump' => 98904,
  'user_id' => '262',
  'vice_captain' => 98875,
)  
[2020-06-07 13:59:32] local.INFO: array (
  'captain' => 98866,
  'create_team_id' => 0,
  'match_id' => '44583',
  'team_id' => 
  array (
    0 => 115865,
    1 => 115869,
  ),
  'teams' => 
  array (
    0 => 98890,
    1 => 98866,
    2 => 98894,
    3 => 98895,
    4 => 98896,
    5 => 98900,
    6 => 99122,
    7 => 98901,
    8 => 98874,
    9 => 98906,
    10 => 98875,
  ),
  'token' => NULL,
  'trump' => 98890,
  'user_id' => '262',
  'vice_captain' => 98894,
)  
[2020-06-07 14:00:09] local.INFO: array (
  'captain' => 98901,
  'create_team_id' => 0,
  'match_id' => '44583',
  'team_id' => 
  array (
    0 => 115865,
    1 => 115869,
  ),
  'teams' => 
  array (
    0 => 98890,
    1 => 98866,
    2 => 98894,
    3 => 98895,
    4 => 98896,
    5 => 98900,
    6 => 98901,
    7 => 98873,
    8 => 98904,
    9 => 98874,
    10 => 98875,
  ),
  'token' => NULL,
  'trump' => 98873,
  'user_id' => '262',
  'vice_captain' => 98900,
)  
[2020-06-07 14:01:05] local.INFO: array (
  'captain' => 99127,
  'create_team_id' => 0,
  'match_id' => '44583',
  'team_id' => 
  array (
    0 => 115865,
    1 => 115869,
  ),
  'teams' => 
  array (
    0 => 98890,
    1 => 98991,
    2 => 98894,
    3 => 98895,
    4 => 98896,
    5 => 99127,
    6 => 98901,
    7 => 98873,
    8 => 98904,
    9 => 98874,
    10 => 98875,
  ),
  'token' => NULL,
  'trump' => 98901,
  'user_id' => '262',
  'vice_captain' => 98896,
)  
[2020-06-07 14:15:28] local.INFO: array (
  'captain' => 98896,
  'create_team_id' => 0,
  'match_id' => '44583',
  'team_id' => 
  array (
    0 => 115865,
    1 => 115869,
  ),
  'teams' => 
  array (
    0 => 98890,
    1 => 98894,
    2 => 98895,
    3 => 98896,
    4 => 99122,
    5 => 99127,
    6 => 98901,
    7 => 98872,
    8 => 98904,
    9 => 99124,
    10 => 98875,
  ),
  'token' => NULL,
  'trump' => 98894,
  'user_id' => '285',
  'vice_captain' => 99127,
)  
[2020-06-07 14:18:32] local.INFO: array (
  'captain' => 98896,
  'create_team_id' => 0,
  'match_id' => '44583',
  'team_id' => 
  array (
    0 => 115865,
    1 => 115869,
  ),
  'teams' => 
  array (
    0 => 98890,
    1 => 98866,
    2 => 98894,
    3 => 98896,
    4 => 98895,
    5 => 98900,
    6 => 99122,
    7 => 98904,
    8 => 99124,
    9 => 98874,
    10 => 98906,
  ),
  'token' => NULL,
  'trump' => 98890,
  'user_id' => '285',
  'vice_captain' => 98904,
)  
[2020-06-07 14:20:49] local.INFO: array (
  'captain' => 98895,
  'create_team_id' => 0,
  'match_id' => '44583',
  'team_id' => 
  array (
    0 => 115865,
    1 => 115869,
  ),
  'teams' => 
  array (
    0 => 98890,
    1 => 98894,
    2 => 98895,
    3 => 98896,
    4 => 98900,
    5 => 99122,
    6 => 98901,
    7 => 98904,
    8 => 99124,
    9 => 98874,
    10 => 98875,
  ),
  'token' => NULL,
  'trump' => 98900,
  'user_id' => '285',
  'vice_captain' => 98894,
)  
[2020-06-07 14:22:08] local.INFO: array (
  'captain' => 98896,
  'create_team_id' => 0,
  'match_id' => '44583',
  'team_id' => 
  array (
    0 => 115865,
    1 => 115869,
  ),
  'teams' => 
  array (
    0 => 99120,
    1 => 98991,
    2 => 98894,
    3 => 98896,
    4 => 98895,
    5 => 98900,
    6 => 99122,
    7 => 98904,
    8 => 98875,
    9 => 98906,
    10 => 98874,
  ),
  'token' => NULL,
  'trump' => 98991,
  'user_id' => '311',
  'vice_captain' => 98900,
)  
[2020-06-07 14:25:02] local.INFO: array (
  'captain' => 98901,
  'create_team_id' => 279,
  'match_id' => '44583',
  'team_id' => 
  array (
    0 => 115865,
    1 => 115869,
  ),
  'teams' => 
  array (
    0 => 98890,
    1 => 98866,
    2 => 98894,
    3 => 98895,
    4 => 98896,
    5 => 98900,
    6 => 98901,
    7 => 98873,
    8 => 98874,
    9 => 98875,
    10 => 98904,
  ),
  'token' => NULL,
  'trump' => 98873,
  'user_id' => '262',
  'vice_captain' => 98900,
)  
[2020-06-07 14:26:49] local.INFO: array (
  'captain' => 98896,
  'create_team_id' => 0,
  'match_id' => '44583',
  'team_id' => 
  array (
    0 => 115865,
    1 => 115869,
  ),
  'teams' => 
  array (
    0 => 98890,
    1 => 98894,
    2 => 98895,
    3 => 98896,
    4 => 98900,
    5 => 99122,
    6 => 98872,
    7 => 99127,
    8 => 98904,
    9 => 99124,
    10 => 98874,
  ),
  'token' => NULL,
  'trump' => 98894,
  'user_id' => '370',
  'vice_captain' => 98900,
)  
[2020-06-07 14:55:38] local.INFO: array (
  'captain' => 98869,
  'create_team_id' => 0,
  'match_id' => '44584',
  'team_id' => 
  array (
    0 => 115872,
    1 => 115865,
  ),
  'teams' => 
  array (
    0 => 98910,
    1 => 98991,
    2 => 98867,
    3 => 98868,
    4 => 98869,
    5 => 98870,
    6 => 98919,
    7 => 98871,
    8 => 98924,
    9 => 98874,
    10 => 98926,
  ),
  'token' => NULL,
  'trump' => 98868,
  'user_id' => '262',
  'vice_captain' => 98870,
)  
[2020-06-07 14:55:45] local.INFO: array (
  'captain' => 98911,
  'create_team_id' => 0,
  'match_id' => '44584',
  'team_id' => 
  array (
    0 => 115872,
    1 => 115865,
  ),
  'teams' => 
  array (
    0 => 98910,
    1 => 98991,
    2 => 98911,
    3 => 98913,
    4 => 98867,
    5 => 98914,
    6 => 98919,
    7 => 98924,
    8 => 98874,
    9 => 98925,
    10 => 98875,
  ),
  'token' => NULL,
  'trump' => 98991,
  'user_id' => '311',
  'vice_captain' => 98913,
)  
[2020-06-07 14:56:19] local.INFO: array (
  'captain' => 98868,
  'create_team_id' => 0,
  'match_id' => '44584',
  'team_id' => 
  array (
    0 => 115872,
    1 => 115865,
  ),
  'teams' => 
  array (
    0 => 98910,
    1 => 98915,
    2 => 98868,
    3 => 98914,
    4 => 98867,
    5 => 98913,
    6 => 98871,
    7 => 98874,
    8 => 98925,
    9 => 98924,
    10 => 98875,
  ),
  'token' => NULL,
  'trump' => 98915,
  'user_id' => '285',
  'vice_captain' => 98914,
)  
[2020-06-07 14:57:27] local.INFO: array (
  'captain' => 98913,
  'create_team_id' => 0,
  'match_id' => '44584',
  'team_id' => 
  array (
    0 => 115872,
    1 => 115865,
  ),
  'teams' => 
  array (
    0 => 98910,
    1 => 98991,
    2 => 98913,
    3 => 98867,
    4 => 98914,
    5 => 98919,
    6 => 98871,
    7 => 98924,
    8 => 98874,
    9 => 98925,
    10 => 98875,
  ),
  'token' => NULL,
  'trump' => 98910,
  'user_id' => '263',
  'vice_captain' => 98914,
)  
[2020-06-07 15:14:15] local.INFO: array (
  'captain' => 98915,
  'create_team_id' => 0,
  'match_id' => '44584',
  'team_id' => 
  array (
    0 => 115872,
    1 => 115865,
  ),
  'teams' => 
  array (
    0 => 98991,
    1 => 98869,
    2 => 98915,
    3 => 98868,
    4 => 98867,
    5 => 98916,
    6 => 98919,
    7 => 98924,
    8 => 98874,
    9 => 98925,
    10 => 98875,
  ),
  'token' => NULL,
  'trump' => 98869,
  'user_id' => '285',
  'vice_captain' => 98868,
)  
[2020-06-07 16:01:27] local.INFO: array (
  'captain' => 99114,
  'create_team_id' => 0,
  'match_id' => '44584',
  'team_id' => 
  array (
    0 => 115872,
    1 => 115865,
  ),
  'teams' => 
  array (
    0 => 98991,
    1 => 98912,
    2 => 99114,
    3 => 98918,
    4 => 95048,
    5 => 99122,
    6 => 98919,
    7 => 99115,
    8 => 99124,
    9 => 98874,
    10 => 98925,
  ),
  'token' => NULL,
  'trump' => 98912,
  'user_id' => '311',
  'vice_captain' => 98918,
)  
[2020-06-07 16:06:20] local.INFO: array (
  'captain' => 99122,
  'create_team_id' => 0,
  'match_id' => '44584',
  'team_id' => 
  array (
    0 => 115872,
    1 => 115865,
  ),
  'teams' => 
  array (
    0 => 98991,
    1 => 98913,
    2 => 98918,
    3 => 99114,
    4 => 95048,
    5 => 99122,
    6 => 99115,
    7 => 99124,
    8 => 98874,
    9 => 98925,
    10 => 98875,
  ),
  'token' => NULL,
  'trump' => 99115,
  'user_id' => '338',
  'vice_captain' => 98913,
)  
[2020-06-07 16:11:50] local.INFO: array (
  'captain' => 99122,
  'create_team_id' => 0,
  'match_id' => '44584',
  'team_id' => 
  array (
    0 => 115872,
    1 => 115865,
  ),
  'teams' => 
  array (
    0 => 98991,
    1 => 95048,
    2 => 98918,
    3 => 99114,
    4 => 98919,
    5 => 99122,
    6 => 99123,
    7 => 99124,
    8 => 99115,
    9 => 98874,
    10 => 98925,
  ),
  'token' => NULL,
  'trump' => 98919,
  'user_id' => '285',
  'vice_captain' => 99123,
)  
[2020-06-07 16:12:30] local.INFO: array (
  'captain' => 99123,
  'create_team_id' => 300,
  'match_id' => '44584',
  'team_id' => 
  array (
    0 => 115872,
    1 => 115865,
  ),
  'teams' => 
  array (
    0 => 98991,
    1 => 95048,
    2 => 98918,
    3 => 99114,
    4 => 98919,
    5 => 99123,
    6 => 99122,
    7 => 98874,
    8 => 98875,
    9 => 98925,
    10 => 99115,
  ),
  'token' => NULL,
  'trump' => 98919,
  'user_id' => '285',
  'vice_captain' => 99122,
)  
[2020-06-07 16:13:06] local.INFO: array (
  'captain' => 98925,
  'create_team_id' => 302,
  'match_id' => '44584',
  'team_id' => 
  array (
    0 => 115872,
    1 => 115865,
  ),
  'teams' => 
  array (
    0 => 98991,
    1 => 95048,
    2 => 99114,
    3 => 98918,
    4 => 98919,
    5 => 98872,
    6 => 98921,
    7 => 98874,
    8 => 98875,
    9 => 98925,
    10 => 99115,
  ),
  'token' => NULL,
  'trump' => 98921,
  'user_id' => '285',
  'vice_captain' => 98919,
)  
[2020-06-07 16:16:01] local.INFO: array (
  'captain' => 98918,
  'create_team_id' => 0,
  'match_id' => '44584',
  'team_id' => 
  array (
    0 => 115872,
    1 => 115865,
  ),
  'teams' => 
  array (
    0 => 98991,
    1 => 99114,
    2 => 98918,
    3 => 95048,
    4 => 99122,
    5 => 99123,
    6 => 98922,
    7 => 99115,
    8 => 99124,
    9 => 98874,
    10 => 98925,
  ),
  'token' => NULL,
  'trump' => 99114,
  'user_id' => '371',
  'vice_captain' => 95048,
)  
[2020-06-07 16:20:24] local.INFO: array (
  'captain' => 99124,
  'create_team_id' => 0,
  'match_id' => '44584',
  'team_id' => 
  array (
    0 => 115872,
    1 => 115865,
  ),
  'teams' => 
  array (
    0 => 98991,
    1 => 98866,
    2 => 98912,
    3 => 99114,
    4 => 98918,
    5 => 95048,
    6 => 99122,
    7 => 99115,
    8 => 99124,
    9 => 98874,
    10 => 98925,
  ),
  'token' => NULL,
  'trump' => 99115,
  'user_id' => '371',
  'vice_captain' => 98874,
)  
[2020-06-07 16:21:43] local.INFO: array (
  'captain' => 98866,
  'create_team_id' => 0,
  'match_id' => '44584',
  'team_id' => 
  array (
    0 => 115872,
    1 => 115865,
  ),
  'teams' => 
  array (
    0 => 98912,
    1 => 98866,
    2 => 98991,
    3 => 99114,
    4 => 98918,
    5 => 95048,
    6 => 99122,
    7 => 98930,
    8 => 98929,
    9 => 98877,
    10 => 99126,
  ),
  'token' => NULL,
  'trump' => 98912,
  'user_id' => '371',
  'vice_captain' => 98991,
)  
[2020-06-07 16:22:33] local.INFO: array (
  'captain' => 98912,
  'create_team_id' => 0,
  'match_id' => '44584',
  'team_id' => 
  array (
    0 => 115872,
    1 => 115865,
  ),
  'teams' => 
  array (
    0 => 98991,
    1 => 98866,
    2 => 98912,
    3 => 99114,
    4 => 98918,
    5 => 95048,
    6 => 99122,
    7 => 99115,
    8 => 99124,
    9 => 98874,
    10 => 98925,
  ),
  'token' => NULL,
  'trump' => 98866,
  'user_id' => '371',
  'vice_captain' => 99114,
)  
[2020-06-07 16:23:16] local.INFO: array (
  'captain' => 98877,
  'create_team_id' => 0,
  'match_id' => '44584',
  'team_id' => 
  array (
    0 => 115872,
    1 => 115865,
  ),
  'teams' => 
  array (
    0 => 98991,
    1 => 98866,
    2 => 98912,
    3 => 95048,
    4 => 98918,
    5 => 99114,
    6 => 99122,
    7 => 98930,
    8 => 98929,
    9 => 98877,
    10 => 99126,
  ),
  'token' => NULL,
  'trump' => 98929,
  'user_id' => '371',
  'vice_captain' => 99126,
)  
[2020-06-07 16:23:52] local.INFO: array (
  'captain' => 98922,
  'create_team_id' => 0,
  'match_id' => '44584',
  'team_id' => 
  array (
    0 => 115872,
    1 => 115865,
  ),
  'teams' => 
  array (
    0 => 98912,
    1 => 99114,
    2 => 95048,
    3 => 98918,
    4 => 98919,
    5 => 98873,
    6 => 99122,
    7 => 98922,
    8 => 98874,
    9 => 98875,
    10 => 98925,
  ),
  'token' => NULL,
  'trump' => 98873,
  'user_id' => '262',
  'vice_captain' => 98912,
)  
[2020-06-07 16:24:09] local.INFO: array (
  'captain' => 98991,
  'create_team_id' => 0,
  'match_id' => '44584',
  'team_id' => 
  array (
    0 => 115872,
    1 => 115865,
  ),
  'teams' => 
  array (
    0 => 98991,
    1 => 98866,
    2 => 98912,
    3 => 95048,
    4 => 98918,
    5 => 99114,
    6 => 99123,
    7 => 99124,
    8 => 99115,
    9 => 98874,
    10 => 98875,
  ),
  'token' => NULL,
  'trump' => 98912,
  'user_id' => '371',
  'vice_captain' => 98866,
)  
[2020-06-07 16:24:34] local.INFO: array (
  'captain' => 98875,
  'create_team_id' => 0,
  'match_id' => '44584',
  'team_id' => 
  array (
    0 => 115872,
    1 => 115865,
  ),
  'teams' => 
  array (
    0 => 98912,
    1 => 98866,
    2 => 95048,
    3 => 98918,
    4 => 99114,
    5 => 99122,
    6 => 98922,
    7 => 98873,
    8 => 98874,
    9 => 98925,
    10 => 98875,
  ),
  'token' => NULL,
  'trump' => 98925,
  'user_id' => '262',
  'vice_captain' => 98874,
)  
[2020-06-07 16:25:03] local.INFO: array (
  'captain' => 98912,
  'create_team_id' => 0,
  'match_id' => '44584',
  'team_id' => 
  array (
    0 => 115872,
    1 => 115865,
  ),
  'teams' => 
  array (
    0 => 98991,
    1 => 98912,
    2 => 98866,
    3 => 95048,
    4 => 98918,
    5 => 99114,
    6 => 99122,
    7 => 98930,
    8 => 98929,
    9 => 98877,
    10 => 99126,
  ),
  'token' => NULL,
  'trump' => 98991,
  'user_id' => '371',
  'vice_captain' => 98866,
)  
[2020-06-07 16:25:25] local.INFO: array (
  'captain' => 98873,
  'create_team_id' => 0,
  'match_id' => '44584',
  'team_id' => 
  array (
    0 => 115872,
    1 => 115865,
  ),
  'teams' => 
  array (
    0 => 98912,
    1 => 98866,
    2 => 98991,
    3 => 95048,
    4 => 98918,
    5 => 99114,
    6 => 98873,
    7 => 99122,
    8 => 98874,
    9 => 98925,
    10 => 99124,
  ),
  'token' => NULL,
  'trump' => 99122,
  'user_id' => '262',
  'vice_captain' => 99114,
)  
[2020-06-07 16:25:45] local.INFO: array (
  'captain' => 99115,
  'create_team_id' => 0,
  'match_id' => '44584',
  'team_id' => 
  array (
    0 => 115872,
    1 => 115865,
  ),
  'teams' => 
  array (
    0 => 98991,
    1 => 98866,
    2 => 98912,
    3 => 95048,
    4 => 98918,
    5 => 99114,
    6 => 99122,
    7 => 99115,
    8 => 99124,
    9 => 98874,
    10 => 98925,
  ),
  'token' => NULL,
  'trump' => 99124,
  'user_id' => '371',
  'vice_captain' => 99122,
)  
[2020-06-07 16:26:03] local.INFO: array (
  'captain' => 95048,
  'create_team_id' => 0,
  'match_id' => '44584',
  'team_id' => 
  array (
    0 => 115872,
    1 => 115865,
  ),
  'teams' => 
  array (
    0 => 98912,
    1 => 98866,
    2 => 95048,
    3 => 98918,
    4 => 99114,
    5 => 98919,
    6 => 99123,
    7 => 98921,
    8 => 99115,
    9 => 99124,
    10 => 98874,
  ),
  'token' => NULL,
  'trump' => 98919,
  'user_id' => '262',
  'vice_captain' => 98918,
)  
[2020-06-07 16:26:20] local.INFO: array (
  'captain' => 95048,
  'create_team_id' => 0,
  'match_id' => '44584',
  'team_id' => 
  array (
    0 => 115872,
    1 => 115865,
  ),
  'teams' => 
  array (
    0 => 98991,
    1 => 98866,
    2 => 98912,
    3 => 95048,
    4 => 98918,
    5 => 99114,
    6 => 98919,
    7 => 99115,
    8 => 99124,
    9 => 98874,
    10 => 98925,
  ),
  'token' => NULL,
  'trump' => 98912,
  'user_id' => '371',
  'vice_captain' => 98918,
)  
[2020-06-07 16:26:31] local.INFO: array (
  'captain' => 98919,
  'create_team_id' => 0,
  'match_id' => '44584',
  'team_id' => 
  array (
    0 => 115872,
    1 => 115865,
  ),
  'teams' => 
  array (
    0 => 98912,
    1 => 98866,
    2 => 95048,
    3 => 98918,
    4 => 99114,
    5 => 99122,
    6 => 98919,
    7 => 98873,
    8 => 98874,
    9 => 98925,
    10 => 98875,
  ),
  'token' => NULL,
  'trump' => 98873,
  'user_id' => '262',
  'vice_captain' => 99122,
)  
[2020-06-07 16:26:53] local.INFO: array (
  'captain' => 98866,
  'create_team_id' => 0,
  'match_id' => '44584',
  'team_id' => 
  array (
    0 => 115872,
    1 => 115865,
  ),
  'teams' => 
  array (
    0 => 98991,
    1 => 98866,
    2 => 98912,
    3 => 95048,
    4 => 98918,
    5 => 99114,
    6 => 98919,
    7 => 98925,
    8 => 98874,
    9 => 99124,
    10 => 99115,
  ),
  'token' => NULL,
  'trump' => 98912,
  'user_id' => '371',
  'vice_captain' => 98991,
)  
[2020-06-07 16:27:06] local.INFO: array (
  'captain' => 98919,
  'create_team_id' => 0,
  'match_id' => '44584',
  'team_id' => 
  array (
    0 => 115872,
    1 => 115865,
  ),
  'teams' => 
  array (
    0 => 98912,
    1 => 98866,
    2 => 95048,
    3 => 98918,
    4 => 99114,
    5 => 98919,
    6 => 98873,
    7 => 98922,
    8 => 98874,
    9 => 98925,
    10 => 98875,
  ),
  'token' => NULL,
  'trump' => 99114,
  'user_id' => '262',
  'vice_captain' => 98873,
)  
[2020-06-07 16:27:31] local.INFO: array (
  'captain' => 98874,
  'create_team_id' => 0,
  'match_id' => '44584',
  'team_id' => 
  array (
    0 => 115872,
    1 => 115865,
  ),
  'teams' => 
  array (
    0 => 98991,
    1 => 98866,
    2 => 98912,
    3 => 95048,
    4 => 98918,
    5 => 99114,
    6 => 99123,
    7 => 99115,
    8 => 99124,
    9 => 98874,
    10 => 98925,
  ),
  'token' => NULL,
  'trump' => 99124,
  'user_id' => '371',
  'vice_captain' => 98925,
)  
[2020-06-07 16:27:36] local.INFO: array (
  'captain' => 98912,
  'create_team_id' => 0,
  'match_id' => '44584',
  'team_id' => 
  array (
    0 => 115872,
    1 => 115865,
  ),
  'teams' => 
  array (
    0 => 98912,
    1 => 98866,
    2 => 95048,
    3 => 98918,
    4 => 99114,
    5 => 98873,
    6 => 98922,
    7 => 99122,
    8 => 98874,
    9 => 98925,
    10 => 98875,
  ),
  'token' => NULL,
  'trump' => 98866,
  'user_id' => '262',
  'vice_captain' => 95048,
)  
[2020-06-07 16:28:12] local.INFO: array (
  'captain' => 99114,
  'create_team_id' => 0,
  'match_id' => '44584',
  'team_id' => 
  array (
    0 => 115872,
    1 => 115865,
  ),
  'teams' => 
  array (
    0 => 98991,
    1 => 98912,
    2 => 95048,
    3 => 98918,
    4 => 99114,
    5 => 99122,
    6 => 98919,
    7 => 98873,
    8 => 98874,
    9 => 98925,
    10 => 98875,
  ),
  'token' => NULL,
  'trump' => 98918,
  'user_id' => '262',
  'vice_captain' => 99122,
)  
[2020-06-07 16:28:53] local.INFO: array (
  'captain' => 98925,
  'create_team_id' => 0,
  'match_id' => '44584',
  'team_id' => 
  array (
    0 => 115872,
    1 => 115865,
  ),
  'teams' => 
  array (
    0 => 98912,
    1 => 98866,
    2 => 95048,
    3 => 98918,
    4 => 99114,
    5 => 98873,
    6 => 98922,
    7 => 99122,
    8 => 98874,
    9 => 98925,
    10 => 98875,
  ),
  'token' => NULL,
  'trump' => 98875,
  'user_id' => '262',
  'vice_captain' => 98874,
)  
[2020-06-07 16:29:15] local.INFO: array (
  'captain' => 98925,
  'create_team_id' => 0,
  'match_id' => '44584',
  'team_id' => 
  array (
    0 => 115872,
    1 => 115865,
  ),
  'teams' => 
  array (
    0 => 98912,
    1 => 98866,
    2 => 95048,
    3 => 98918,
    4 => 99114,
    5 => 99122,
    6 => 98919,
    7 => 98873,
    8 => 98874,
    9 => 98925,
    10 => 98875,
  ),
  'token' => NULL,
  'trump' => 98874,
  'user_id' => '262',
  'vice_captain' => 98875,
)  
[2020-06-07 17:40:44] local.INFO: array (
  'captain' => 99108,
  'create_team_id' => 0,
  'match_id' => '44585',
  'team_id' => 
  array (
    0 => 115872,
    1 => 115898,
  ),
  'teams' => 
  array (
    0 => 98912,
    1 => 99102,
    2 => 99103,
    3 => 95048,
    4 => 98921,
    5 => 98922,
    6 => 99108,
    7 => 99107,
    8 => 99110,
    9 => 98925,
    10 => 99115,
  ),
  'token' => NULL,
  'trump' => 99107,
  'user_id' => '262',
  'vice_captain' => 98922,
)  
[2020-06-07 17:41:27] local.INFO: array (
  'captain' => 99102,
  'create_team_id' => 0,
  'match_id' => '44585',
  'team_id' => 
  array (
    0 => 115872,
    1 => 115898,
  ),
  'teams' => 
  array (
    0 => 98912,
    1 => 99100,
    2 => 99102,
    3 => 99103,
    4 => 98918,
    5 => 98919,
    6 => 99107,
    7 => 99108,
    8 => 99110,
    9 => 99115,
    10 => 99112,
  ),
  'token' => NULL,
  'trump' => 98912,
  'user_id' => '262',
  'vice_captain' => 99103,
)  
[2020-06-07 17:42:24] local.INFO: array (
  'captain' => 99105,
  'create_team_id' => 0,
  'match_id' => '44585',
  'team_id' => 
  array (
    0 => 115872,
    1 => 115898,
  ),
  'teams' => 
  array (
    0 => 98912,
    1 => 99102,
    2 => 99103,
    3 => 99105,
    4 => 95048,
    5 => 99106,
    6 => 98918,
    7 => 98921,
    8 => 99110,
    9 => 98925,
    10 => 99115,
  ),
  'token' => NULL,
  'trump' => 99103,
  'user_id' => '262',
  'vice_captain' => 99106,
)  
[2020-06-07 17:43:00] local.INFO: array (
  'captain' => 95048,
  'create_team_id' => 0,
  'match_id' => '44585',
  'team_id' => 
  array (
    0 => 115872,
    1 => 115898,
  ),
  'teams' => 
  array (
    0 => 98912,
    1 => 99100,
    2 => 99102,
    3 => 99103,
    4 => 95048,
    5 => 99107,
    6 => 99108,
    7 => 98921,
    8 => 99115,
    9 => 99110,
    10 => 99112,
  ),
  'token' => NULL,
  'trump' => 99107,
  'user_id' => '262',
  'vice_captain' => 99108,
)  
[2020-06-07 17:43:32] local.INFO: array (
  'captain' => 99114,
  'create_team_id' => 0,
  'match_id' => '44585',
  'team_id' => 
  array (
    0 => 115872,
    1 => 115898,
  ),
  'teams' => 
  array (
    0 => 99100,
    1 => 95048,
    2 => 99114,
    3 => 98918,
    4 => 99106,
    5 => 99105,
    6 => 99103,
    7 => 98919,
    8 => 99115,
    9 => 99110,
    10 => 98925,
  ),
  'token' => NULL,
  'trump' => 98918,
  'user_id' => '262',
  'vice_captain' => 95048,
)  
[2020-06-07 17:44:09] local.INFO: array (
  'captain' => 99103,
  'create_team_id' => 0,
  'match_id' => '44585',
  'team_id' => 
  array (
    0 => 115872,
    1 => 115898,
  ),
  'teams' => 
  array (
    0 => 99100,
    1 => 98912,
    2 => 99102,
    3 => 99103,
    4 => 95048,
    5 => 99107,
    6 => 98919,
    7 => 99108,
    8 => 99115,
    9 => 99111,
    10 => 99112,
  ),
  'token' => NULL,
  'trump' => 99107,
  'user_id' => '262',
  'vice_captain' => 99108,
)  
[2020-06-07 17:44:43] local.INFO: array (
  'captain' => 99100,
  'create_team_id' => 0,
  'match_id' => '44585',
  'team_id' => 
  array (
    0 => 115872,
    1 => 115898,
  ),
  'teams' => 
  array (
    0 => 98912,
    1 => 99100,
    2 => 99102,
    3 => 99103,
    4 => 95048,
    5 => 99107,
    6 => 99108,
    7 => 99109,
    8 => 99115,
    9 => 99110,
    10 => 98925,
  ),
  'token' => NULL,
  'trump' => 98912,
  'user_id' => '262',
  'vice_captain' => 99102,
)  
[2020-06-07 17:45:21] local.INFO: array (
  'captain' => 99112,
  'create_team_id' => 0,
  'match_id' => '44585',
  'team_id' => 
  array (
    0 => 115872,
    1 => 115898,
  ),
  'teams' => 
  array (
    0 => 98912,
    1 => 99100,
    2 => 99102,
    3 => 99103,
    4 => 95048,
    5 => 98922,
    6 => 98921,
    7 => 99107,
    8 => 99112,
    9 => 98925,
    10 => 99110,
  ),
  'token' => NULL,
  'trump' => 98925,
  'user_id' => '262',
  'vice_captain' => 99107,
)  
[2020-06-07 17:45:55] local.INFO: array (
  'captain' => 95048,
  'create_team_id' => 0,
  'match_id' => '44585',
  'team_id' => 
  array (
    0 => 115872,
    1 => 115898,
  ),
  'teams' => 
  array (
    0 => 98912,
    1 => 99100,
    2 => 99102,
    3 => 99103,
    4 => 99105,
    5 => 95048,
    6 => 99108,
    7 => 98922,
    8 => 99110,
    9 => 99115,
    10 => 98925,
  ),
  'token' => NULL,
  'trump' => 98912,
  'user_id' => '262',
  'vice_captain' => 98922,
)  
[2020-06-07 17:46:30] local.INFO: array (
  'captain' => 95048,
  'create_team_id' => 0,
  'match_id' => '44585',
  'team_id' => 
  array (
    0 => 115872,
    1 => 115898,
  ),
  'teams' => 
  array (
    0 => 99100,
    1 => 98912,
    2 => 99102,
    3 => 99103,
    4 => 95048,
    5 => 99107,
    6 => 98919,
    7 => 99108,
    8 => 98930,
    9 => 98929,
    10 => 99112,
  ),
  'token' => NULL,
  'trump' => 98919,
  'user_id' => '262',
  'vice_captain' => 99103,
)  
[2020-06-07 17:46:38] local.INFO: array (
  'captain' => 98912,
  'create_team_id' => 0,
  'match_id' => '44585',
  'team_id' => 
  array (
    0 => 115872,
    1 => 115898,
  ),
  'teams' => 
  array (
    0 => 99100,
    1 => 98912,
    2 => 99102,
    3 => 99103,
    4 => 99106,
    5 => 98918,
    6 => 99114,
    7 => 99107,
    8 => 99115,
    9 => 99110,
    10 => 99111,
  ),
  'token' => NULL,
  'trump' => 99100,
  'user_id' => '371',
  'vice_captain' => 99102,
)  
[2020-06-07 17:47:06] local.INFO: array (
  'captain' => 95048,
  'create_team_id' => 0,
  'match_id' => '44585',
  'team_id' => 
  array (
    0 => 115872,
    1 => 115898,
  ),
  'teams' => 
  array (
    0 => 98912,
    1 => 99102,
    2 => 99103,
    3 => 95048,
    4 => 98919,
    5 => 99107,
    6 => 99108,
    7 => 98922,
    8 => 99115,
    9 => 99110,
    10 => 98925,
  ),
  'token' => NULL,
  'trump' => 99102,
  'user_id' => '262',
  'vice_captain' => 98919,
)  
[2020-06-07 17:47:24] local.INFO: array (
  'captain' => 98912,
  'create_team_id' => 0,
  'match_id' => '44585',
  'team_id' => 
  array (
    0 => 115872,
    1 => 115898,
  ),
  'teams' => 
  array (
    0 => 99100,
    1 => 98912,
    2 => 99102,
    3 => 99103,
    4 => 99105,
    5 => 99106,
    6 => 98918,
    7 => 99107,
    8 => 99115,
    9 => 99110,
    10 => 98925,
  ),
  'token' => NULL,
  'trump' => 99100,
  'user_id' => '371',
  'vice_captain' => 99102,
)  
[2020-06-07 17:56:04] local.INFO: array (
  'captain' => 98919,
  'create_team_id' => 0,
  'match_id' => '44585',
  'team_id' => 
  array (
    0 => 115872,
    1 => 115898,
  ),
  'teams' => 
  array (
    0 => 99100,
    1 => 99102,
    2 => 99103,
    3 => 99105,
    4 => 98913,
    5 => 98919,
    6 => 99107,
    7 => 99115,
    8 => 99110,
    9 => 99111,
    10 => 98925,
  ),
  'token' => NULL,
  'trump' => 99102,
  'user_id' => '285',
  'vice_captain' => 98913,
)  
[2020-06-07 17:57:41] local.INFO: array (
  'captain' => 98919,
  'create_team_id' => 340,
  'match_id' => '44585',
  'team_id' => 
  array (
    0 => 115872,
    1 => 115898,
  ),
  'teams' => 
  array (
    0 => 99100,
    1 => 99102,
    2 => 99103,
    3 => 99105,
    4 => 98918,
    5 => 98919,
    6 => 99107,
    7 => 98925,
    8 => 99110,
    9 => 99111,
    10 => 99115,
  ),
  'token' => NULL,
  'trump' => 99102,
  'user_id' => '285',
  'vice_captain' => 99107,
)  
[2020-06-07 18:10:50] local.INFO: array (
  'captain' => 99102,
  'create_team_id' => 0,
  'match_id' => '44585',
  'team_id' => 
  array (
    0 => 115872,
    1 => 115898,
  ),
  'teams' => 
  array (
    0 => 98912,
    1 => 99102,
    2 => 99103,
    3 => 99105,
    4 => 99114,
    5 => 99106,
    6 => 98920,
    7 => 99110,
    8 => 99115,
    9 => 99112,
    10 => 98929,
  ),
  'token' => NULL,
  'trump' => 98912,
  'user_id' => '359',
  'vice_captain' => 99103,
)  
[2020-06-07 18:13:31] local.INFO: array (
  'captain' => 99103,
  'create_team_id' => 0,
  'match_id' => '44585',
  'team_id' => 
  array (
    0 => 115872,
    1 => 115898,
  ),
  'teams' => 
  array (
    0 => 99100,
    1 => 98912,
    2 => 99102,
    3 => 99103,
    4 => 95048,
    5 => 99107,
    6 => 99108,
    7 => 99115,
    8 => 99110,
    9 => 99111,
    10 => 98925,
  ),
  'token' => NULL,
  'trump' => 95048,
  'user_id' => '358',
  'vice_captain' => 99102,
)  
[2020-06-07 18:13:34] local.INFO: array (
  'captain' => 99107,
  'create_team_id' => 0,
  'match_id' => '44585',
  'team_id' => 
  array (
    0 => 115872,
    1 => 115898,
  ),
  'teams' => 
  array (
    0 => 98912,
    1 => 99102,
    2 => 99103,
    3 => 98917,
    4 => 98919,
    5 => 99107,
    6 => 98920,
    7 => 99108,
    8 => 99115,
    9 => 99110,
    10 => 98925,
  ),
  'token' => NULL,
  'trump' => 99102,
  'user_id' => '359',
  'vice_captain' => 98919,
)  
[2020-06-07 18:14:43] local.INFO: array (
  'captain' => 99102,
  'create_team_id' => 0,
  'match_id' => '44585',
  'team_id' => 
  array (
    0 => 115872,
    1 => 115898,
  ),
  'teams' => 
  array (
    0 => 99100,
    1 => 99102,
    2 => 99103,
    3 => 99105,
    4 => 98918,
    5 => 99114,
    6 => 99106,
    7 => 99107,
    8 => 99110,
    9 => 99115,
    10 => 98929,
  ),
  'token' => NULL,
  'trump' => 99100,
  'user_id' => '311',
  'vice_captain' => 98918,
)  
[2020-06-07 18:15:12] local.INFO: array (
  'captain' => 98918,
  'create_team_id' => 0,
  'match_id' => '44585',
  'team_id' => 
  array (
    0 => 115872,
    1 => 115898,
  ),
  'teams' => 
  array (
    0 => 99100,
    1 => 99102,
    2 => 99103,
    3 => 99105,
    4 => 99106,
    5 => 98918,
    6 => 99114,
    7 => 98919,
    8 => 99115,
    9 => 99110,
    10 => 99111,
  ),
  'token' => NULL,
  'trump' => 99105,
  'user_id' => '311',
  'vice_captain' => 99106,
)  
[2020-06-07 18:16:07] local.INFO: array (
  'captain' => 98929,
  'create_team_id' => 0,
  'match_id' => '44585',
  'team_id' => 
  array (
    0 => 115872,
    1 => 115898,
  ),
  'teams' => 
  array (
    0 => 98912,
    1 => 99100,
    2 => 99102,
    3 => 99103,
    4 => 99106,
    5 => 99105,
    6 => 98918,
    7 => 98921,
    8 => 98929,
    9 => 98930,
    10 => 99112,
  ),
  'token' => NULL,
  'trump' => 98921,
  'user_id' => '311',
  'vice_captain' => 98930,
)  
[2020-06-07 18:16:55] local.INFO: array (
  'captain' => 99115,
  'create_team_id' => 0,
  'match_id' => '44585',
  'team_id' => 
  array (
    0 => 115872,
    1 => 115898,
  ),
  'teams' => 
  array (
    0 => 98912,
    1 => 99102,
    2 => 99103,
    3 => 99105,
    4 => 98919,
    5 => 99107,
    6 => 99108,
    7 => 99115,
    8 => 99110,
    9 => 99111,
    10 => 98925,
  ),
  'token' => NULL,
  'trump' => 99110,
  'user_id' => '311',
  'vice_captain' => 99108,
)  
[2020-06-07 18:17:29] local.INFO: array (
  'captain' => 95048,
  'create_team_id' => 0,
  'match_id' => '44585',
  'team_id' => 
  array (
    0 => 115872,
    1 => 115898,
  ),
  'teams' => 
  array (
    0 => 98912,
    1 => 99100,
    2 => 95048,
    3 => 99114,
    4 => 98918,
    5 => 99106,
    6 => 98922,
    7 => 99115,
    8 => 99110,
    9 => 98929,
    10 => 99112,
  ),
  'token' => NULL,
  'trump' => 98912,
  'user_id' => '311',
  'vice_captain' => 99100,
)  
[2020-06-07 18:18:13] local.INFO: array (
  'captain' => 98919,
  'create_team_id' => 0,
  'match_id' => '44585',
  'team_id' => 
  array (
    0 => 115872,
    1 => 115898,
  ),
  'teams' => 
  array (
    0 => 98912,
    1 => 99100,
    2 => 99102,
    3 => 99105,
    4 => 99106,
    5 => 98919,
    6 => 99107,
    7 => 99108,
    8 => 98921,
    9 => 99115,
    10 => 99110,
  ),
  'token' => NULL,
  'trump' => 99105,
  'user_id' => '311',
  'vice_captain' => 99108,
)  
[2020-06-07 18:18:46] local.INFO: array (
  'captain' => 99110,
  'create_team_id' => 0,
  'match_id' => '44585',
  'team_id' => 
  array (
    0 => 115872,
    1 => 115898,
  ),
  'teams' => 
  array (
    0 => 98912,
    1 => 99102,
    2 => 99103,
    3 => 99105,
    4 => 98919,
    5 => 99109,
    6 => 98921,
    7 => 99110,
    8 => 99115,
    9 => 98925,
    10 => 99111,
  ),
  'token' => NULL,
  'trump' => 98921,
  'user_id' => '311',
  'vice_captain' => 99115,
)  
[2020-06-07 18:19:31] local.INFO: array (
  'captain' => 99110,
  'create_team_id' => 0,
  'match_id' => '44585',
  'team_id' => 
  array (
    0 => 115872,
    1 => 115898,
  ),
  'teams' => 
  array (
    0 => 98912,
    1 => 99102,
    2 => 99103,
    3 => 99105,
    4 => 99107,
    5 => 99115,
    6 => 99110,
    7 => 99111,
    8 => 98925,
    9 => 99112,
    10 => 98929,
  ),
  'token' => NULL,
  'trump' => 99107,
  'user_id' => '311',
  'vice_captain' => 99111,
)  
[2020-06-07 18:20:40] local.INFO: array (
  'captain' => 99103,
  'create_team_id' => 0,
  'match_id' => '44585',
  'team_id' => 
  array (
    0 => 115872,
    1 => 115898,
  ),
  'teams' => 
  array (
    0 => 98912,
    1 => 99102,
    2 => 99103,
    3 => 99106,
    4 => 98919,
    5 => 99107,
    6 => 99108,
    7 => 99110,
    8 => 99115,
    9 => 99112,
    10 => 98925,
  ),
  'token' => NULL,
  'trump' => 99107,
  'user_id' => '311',
  'vice_captain' => 98919,
)  
[2020-06-07 18:21:14] local.INFO: array (
  'captain' => 98918,
  'create_team_id' => 0,
  'match_id' => '44585',
  'team_id' => 
  array (
    0 => 115872,
    1 => 115898,
  ),
  'teams' => 
  array (
    0 => 99100,
    1 => 99102,
    2 => 99106,
    3 => 98918,
    4 => 99107,
    5 => 98921,
    6 => 98919,
    7 => 99115,
    8 => 99110,
    9 => 99111,
    10 => 98925,
  ),
  'token' => NULL,
  'trump' => 99106,
  'user_id' => '311',
  'vice_captain' => 99107,
)  
[2020-06-07 18:21:48] local.INFO: array (
  'captain' => 99102,
  'create_team_id' => 0,
  'match_id' => '44585',
  'team_id' => 
  array (
    0 => 115872,
    1 => 115898,
  ),
  'teams' => 
  array (
    0 => 99100,
    1 => 98912,
    2 => 99102,
    3 => 99103,
    4 => 99105,
    5 => 98919,
    6 => 99107,
    7 => 98925,
    8 => 99112,
    9 => 98929,
    10 => 98930,
  ),
  'token' => NULL,
  'trump' => 98919,
  'user_id' => '311',
  'vice_captain' => 99105,
)  
[2020-06-07 18:22:42] local.INFO: array (
  'captain' => 99106,
  'create_team_id' => 0,
  'match_id' => '44585',
  'team_id' => 
  array (
    0 => 115872,
    1 => 115898,
  ),
  'teams' => 
  array (
    0 => 99100,
    1 => 99102,
    2 => 99106,
    3 => 99105,
    4 => 99108,
    5 => 98919,
    6 => 99107,
    7 => 98921,
    8 => 99110,
    9 => 99115,
    10 => 98925,
  ),
  'token' => NULL,
  'trump' => 99108,
  'user_id' => '311',
  'vice_captain' => 99105,
)  
[2020-06-07 18:28:13] local.INFO: array (
  'captain' => 98922,
  'create_team_id' => 327,
  'match_id' => '44585',
  'team_id' => 
  array (
    0 => 115872,
    1 => 115898,
  ),
  'teams' => 
  array (
    0 => 98912,
    1 => 99102,
    2 => 99103,
    3 => 99105,
    4 => 99107,
    5 => 98919,
    6 => 98921,
    7 => 98922,
    8 => 98925,
    9 => 99110,
    10 => 99112,
  ),
  'token' => NULL,
  'trump' => 98912,
  'user_id' => '262',
  'vice_captain' => 99107,
)  
[2020-06-07 20:06:41] local.INFO: array (
  'captain' => 98788,
  'create_team_id' => 0,
  'match_id' => '44586',
  'team_id' => 
  array (
    0 => 115860,
    1 => 115898,
  ),
  'teams' => 
  array (
    0 => 99100,
    1 => 99102,
    2 => 99106,
    3 => 99103,
    4 => 98792,
    5 => 98791,
    6 => 98788,
    7 => 98789,
    8 => 99110,
    9 => 99111,
    10 => 99112,
  ),
  'token' => NULL,
  'trump' => 98791,
  'user_id' => '262',
  'vice_captain' => 98789,
)  
[2020-06-07 20:07:24] local.INFO: array (
  'captain' => 99103,
  'create_team_id' => 0,
  'match_id' => '44586',
  'team_id' => 
  array (
    0 => 115860,
    1 => 115898,
  ),
  'teams' => 
  array (
    0 => 99100,
    1 => 99102,
    2 => 98774,
    3 => 99103,
    4 => 99107,
    5 => 98788,
    6 => 98791,
    7 => 98789,
    8 => 99110,
    9 => 99111,
    10 => 99112,
  ),
  'token' => NULL,
  'trump' => 98774,
  'user_id' => '262',
  'vice_captain' => 99107,
)  
[2020-06-07 20:09:27] local.INFO: array (
  'captain' => 98774,
  'create_team_id' => 0,
  'match_id' => '44586',
  'team_id' => 
  array (
    0 => 115860,
    1 => 115898,
  ),
  'teams' => 
  array (
    0 => 99100,
    1 => 99102,
    2 => 98774,
    3 => 99106,
    4 => 98788,
    5 => 98791,
    6 => 98792,
    7 => 98799,
    8 => 99110,
    9 => 99111,
    10 => 98803,
  ),
  'token' => NULL,
  'trump' => 99100,
  'user_id' => '262',
  'vice_captain' => 99106,
)  
[2020-06-07 20:10:04] local.INFO: array (
  'captain' => 98792,
  'create_team_id' => 0,
  'match_id' => '44586',
  'team_id' => 
  array (
    0 => 115860,
    1 => 115898,
  ),
  'teams' => 
  array (
    0 => 99100,
    1 => 98774,
    2 => 99102,
    3 => 99106,
    4 => 98776,
    5 => 98799,
    6 => 98792,
    7 => 98791,
    8 => 99110,
    9 => 99111,
    10 => 98811,
  ),
  'token' => NULL,
  'trump' => 98799,
  'user_id' => '262',
  'vice_captain' => 98791,
)  
[2020-06-07 20:10:46] local.INFO: array (
  'captain' => 98788,
  'create_team_id' => 0,
  'match_id' => '44586',
  'team_id' => 
  array (
    0 => 115860,
    1 => 115898,
  ),
  'teams' => 
  array (
    0 => 99100,
    1 => 99102,
    2 => 98774,
    3 => 98779,
    4 => 99106,
    5 => 98787,
    6 => 98788,
    7 => 98791,
    8 => 99110,
    9 => 99112,
    10 => 99111,
  ),
  'token' => NULL,
  'trump' => 98791,
  'user_id' => '262',
  'vice_captain' => 98787,
)  
[2020-06-07 20:11:31] local.INFO: array (
  'captain' => 98787,
  'create_team_id' => 0,
  'match_id' => '44586',
  'team_id' => 
  array (
    0 => 115860,
    1 => 115898,
  ),
  'teams' => 
  array (
    0 => 99100,
    1 => 99102,
    2 => 99103,
    3 => 99106,
    4 => 98774,
    5 => 98787,
    6 => 99107,
    7 => 98789,
    8 => 99112,
    9 => 98803,
    10 => 99111,
  ),
  'token' => NULL,
  'trump' => 99106,
  'user_id' => '262',
  'vice_captain' => 99107,
)  
[2020-06-07 20:12:31] local.INFO: array (
  'captain' => 99105,
  'create_team_id' => 0,
  'match_id' => '44586',
  'team_id' => 
  array (
    0 => 115860,
    1 => 115898,
  ),
  'teams' => 
  array (
    0 => 99100,
    1 => 99102,
    2 => 99106,
    3 => 99105,
    4 => 99103,
    5 => 98787,
    6 => 99108,
    7 => 98799,
    8 => 99110,
    9 => 98803,
    10 => 98811,
  ),
  'token' => NULL,
  'trump' => 99106,
  'user_id' => '262',
  'vice_captain' => 99100,
)  
[2020-06-07 20:13:37] local.INFO: array (
  'captain' => 99100,
  'create_team_id' => 0,
  'match_id' => '44586',
  'team_id' => 
  array (
    0 => 115860,
    1 => 115898,
  ),
  'teams' => 
  array (
    0 => 99100,
    1 => 99106,
    2 => 99102,
    3 => 98774,
    4 => 99103,
    5 => 98791,
    6 => 98788,
    7 => 99107,
    8 => 99110,
    9 => 99111,
    10 => 98803,
  ),
  'token' => NULL,
  'trump' => 99106,
  'user_id' => '262',
  'vice_captain' => 99102,
)  
[2020-06-07 20:14:18] local.INFO: array (
  'captain' => 98791,
  'create_team_id' => 0,
  'match_id' => '44586',
  'team_id' => 
  array (
    0 => 115860,
    1 => 115898,
  ),
  'teams' => 
  array (
    0 => 99100,
    1 => 99106,
    2 => 99102,
    3 => 98774,
    4 => 98787,
    5 => 99107,
    6 => 98791,
    7 => 98788,
    8 => 99110,
    9 => 99111,
    10 => 99112,
  ),
  'token' => NULL,
  'trump' => 98788,
  'user_id' => '262',
  'vice_captain' => 99106,
)  
[2020-06-07 20:15:09] local.INFO: array (
  'captain' => 99107,
  'create_team_id' => 0,
  'match_id' => '44586',
  'team_id' => 
  array (
    0 => 115860,
    1 => 115898,
  ),
  'teams' => 
  array (
    0 => 99100,
    1 => 99102,
    2 => 99105,
    3 => 98779,
    4 => 99106,
    5 => 99107,
    6 => 98788,
    7 => 98791,
    8 => 99110,
    9 => 99111,
    10 => 98803,
  ),
  'token' => NULL,
  'trump' => 99106,
  'user_id' => '262',
  'vice_captain' => 98788,
)  
[2020-06-07 20:16:02] local.INFO: array (
  'captain' => 98774,
  'create_team_id' => 0,
  'match_id' => '44586',
  'team_id' => 
  array (
    0 => 115860,
    1 => 115898,
  ),
  'teams' => 
  array (
    0 => 99100,
    1 => 99102,
    2 => 98774,
    3 => 99106,
    4 => 99107,
    5 => 98788,
    6 => 98791,
    7 => 98787,
    8 => 99110,
    9 => 99111,
    10 => 99112,
  ),
  'token' => NULL,
  'trump' => 99106,
  'user_id' => '262',
  'vice_captain' => 99102,
)  
[2020-06-07 21:36:52] local.INFO: array (
  'captain' => 99031,
  'create_team_id' => 0,
  'match_id' => '44587',
  'team_id' => 
  array (
    0 => 115889,
    1 => 115887,
  ),
  'teams' => 
  array (
    0 => 98978,
    1 => 99031,
    2 => 99032,
    3 => 98979,
    4 => 99033,
    5 => 98980,
    6 => 99034,
    7 => 98984,
    8 => 98987,
    9 => 99041,
    10 => 99042,
  ),
  'token' => NULL,
  'trump' => 98978,
  'user_id' => '311',
  'vice_captain' => 99032,
)  
[2020-06-07 22:24:18] local.INFO: array (
  'captain' => 98979,
  'create_team_id' => 0,
  'match_id' => '44587',
  'team_id' => 
  array (
    0 => 115889,
    1 => 115887,
  ),
  'teams' => 
  array (
    0 => 98978,
    1 => 99032,
    2 => 98979,
    3 => 99033,
    4 => 98980,
    5 => 99034,
    6 => 98984,
    7 => 99042,
    8 => 98988,
    9 => 99041,
    10 => 98987,
  ),
  'token' => NULL,
  'trump' => 99032,
  'user_id' => '285',
  'vice_captain' => 99033,
)  
