[2020-06-07 13:58:36] local.INFO: array (
  0 => 
  array (
    'match_id' => '44583',
    'user_id' => '285',
    'created_team_id' => 278,
    'contest_id' => '3615',
    'team_count' => 'T1',
  ),
  1 => 
  array (
    'match_id' => '44583',
    'user_id' => '285',
    'created_team_id' => 280,
    'contest_id' => '3615',
    'team_count' => 'T2',
  ),
  2 => 
  array (
    'match_id' => '44583',
    'user_id' => '285',
    'created_team_id' => 282,
    'contest_id' => '3615',
    'team_count' => 'T3',
  ),
  3 => 
  array (
    'match_id' => '44583',
    'user_id' => '285',
    'created_team_id' => 285,
    'contest_id' => '3615',
    'team_count' => 'T4',
  ),
)  
[2020-06-07 14:01:35] local.INFO: array (
  0 => 
  array (
    'match_id' => '44583',
    'user_id' => '262',
    'created_team_id' => 281,
    'contest_id' => '3615',
    'team_count' => 'T2',
  ),
  1 => 
  array (
    'match_id' => '44583',
    'user_id' => '262',
    'created_team_id' => 283,
    'contest_id' => '3615',
    'team_count' => 'T3',
  ),
  2 => 
  array (
    'match_id' => '44583',
    'user_id' => '262',
    'created_team_id' => 284,
    'contest_id' => '3615',
    'team_count' => 'T4',
  ),
  3 => 
  array (
    'match_id' => '44583',
    'user_id' => '262',
    'created_team_id' => 286,
    'contest_id' => '3615',
    'team_count' => 'T5',
  ),
  4 => 
  array (
    'match_id' => '44583',
    'user_id' => '262',
    'created_team_id' => 287,
    'contest_id' => '3615',
    'team_count' => 'T6',
  ),
  5 => 
  array (
    'match_id' => '44583',
    'user_id' => '262',
    'created_team_id' => 288,
    'contest_id' => '3615',
    'team_count' => 'T7',
  ),
  6 => 
  array (
    'match_id' => '44583',
    'user_id' => '262',
    'created_team_id' => 289,
    'contest_id' => '3615',
    'team_count' => 'T8',
  ),
  7 => 
  array (
    'match_id' => '44583',
    'user_id' => '262',
    'created_team_id' => 290,
    'contest_id' => '3615',
    'team_count' => 'T9',
  ),
  8 => 
  array (
    'match_id' => '44583',
    'user_id' => '262',
    'created_team_id' => 291,
    'contest_id' => '3615',
    'team_count' => 'T10',
  ),
  9 => 
  array (
    'match_id' => '44583',
    'user_id' => '262',
    'created_team_id' => 292,
    'contest_id' => '3615',
    'team_count' => 'T11',
  ),
)  
[2020-06-07 14:14:52] local.INFO: array (
  0 => 
  array (
    'match_id' => '44583',
    'user_id' => '262',
    'created_team_id' => 279,
    'contest_id' => '3217',
    'team_count' => 'T1',
  ),
)  
[2020-06-07 14:15:41] local.INFO: array (
  0 => 
  array (
    'match_id' => '44583',
    'user_id' => '285',
    'created_team_id' => 293,
    'contest_id' => '3615',
    'team_count' => 'T5',
  ),
)  
[2020-06-07 14:17:44] local.INFO: array (
  0 => 
  array (
    'match_id' => '44583',
    'user_id' => '285',
    'created_team_id' => 278,
    'contest_id' => '3217',
    'team_count' => 'T1',
  ),
)  
[2020-06-07 14:18:38] local.INFO: array (
  0 => 
  array (
    'match_id' => '44583',
    'user_id' => '285',
    'created_team_id' => 294,
    'contest_id' => '3615',
    'team_count' => 'T6',
  ),
)  
[2020-06-07 14:20:55] local.INFO: array (
  0 => 
  array (
    'match_id' => '44583',
    'user_id' => '285',
    'created_team_id' => 295,
    'contest_id' => '3615',
    'team_count' => 'T7',
  ),
)  
[2020-06-07 14:22:14] local.INFO: array (
  0 => 
  array (
    'match_id' => '44583',
    'user_id' => '311',
    'created_team_id' => 296,
    'contest_id' => '3615',
    'team_count' => 'T1',
  ),
)  
[2020-06-07 14:27:02] local.INFO: array (
  0 => 
  array (
    'match_id' => '44583',
    'user_id' => '370',
    'created_team_id' => 297,
    'contest_id' => '3615',
    'team_count' => 'T1',
  ),
)  
[2020-06-07 14:55:44] local.INFO: array (
  0 => 
  array (
    'match_id' => '44584',
    'user_id' => '262',
    'created_team_id' => 298,
    'contest_id' => '3616',
    'team_count' => 'T1',
  ),
)  
[2020-06-07 14:55:52] local.INFO: array (
  0 => 
  array (
    'match_id' => '44584',
    'user_id' => '311',
    'created_team_id' => 299,
    'contest_id' => '3616',
    'team_count' => 'T1',
  ),
)  
[2020-06-07 14:56:26] local.INFO: array (
  0 => 
  array (
    'match_id' => '44584',
    'user_id' => '285',
    'created_team_id' => 300,
    'contest_id' => '3616',
    'team_count' => 'T1',
  ),
)  
[2020-06-07 14:57:37] local.INFO: array (
  0 => 
  array (
    'match_id' => '44584',
    'user_id' => '263',
    'created_team_id' => 301,
    'contest_id' => '3616',
    'team_count' => 'T1',
  ),
)  
[2020-06-07 15:14:20] local.INFO: array (
  0 => 
  array (
    'match_id' => '44584',
    'user_id' => '285',
    'created_team_id' => 302,
    'contest_id' => '3616',
    'team_count' => 'T2',
  ),
)  
[2020-06-07 16:00:31] local.INFO: array (
  0 => 
  array (
    'match_id' => '44584',
    'user_id' => '311',
    'created_team_id' => 299,
    'contest_id' => '3243',
    'team_count' => 'T1',
  ),
)  
[2020-06-07 16:01:33] local.INFO: array (
  0 => 
  array (
    'match_id' => '44584',
    'user_id' => '311',
    'created_team_id' => 303,
    'contest_id' => '3243',
    'team_count' => 'T2',
  ),
)  
[2020-06-07 16:13:40] local.INFO: array (
  0 => 
  array (
    'match_id' => '44584',
    'user_id' => '285',
    'created_team_id' => 305,
    'contest_id' => '3616',
    'team_count' => 'T3',
  ),
)  
[2020-06-07 16:16:35] local.INFO: array (
  0 => 
  array (
    'match_id' => '44584',
    'user_id' => '371',
    'created_team_id' => 306,
    'contest_id' => '3616',
    'team_count' => 'T1',
  ),
)  
[2020-06-07 16:20:35] local.INFO: array (
  0 => 
  array (
    'match_id' => '44584',
    'user_id' => '371',
    'created_team_id' => 307,
    'contest_id' => '3616',
    'team_count' => 'T2',
  ),
)  
[2020-06-07 16:21:54] local.INFO: array (
  0 => 
  array (
    'match_id' => '44584',
    'user_id' => '371',
    'created_team_id' => 308,
    'contest_id' => '3616',
    'team_count' => 'T3',
  ),
)  
[2020-06-07 16:22:42] local.INFO: array (
  0 => 
  array (
    'match_id' => '44584',
    'user_id' => '371',
    'created_team_id' => 309,
    'contest_id' => '3616',
    'team_count' => 'T4',
  ),
)  
[2020-06-07 16:23:29] local.INFO: array (
  0 => 
  array (
    'match_id' => '44584',
    'user_id' => '371',
    'created_team_id' => 310,
    'contest_id' => '3616',
    'team_count' => 'T5',
  ),
)  
[2020-06-07 16:24:19] local.INFO: array (
  0 => 
  array (
    'match_id' => '44584',
    'user_id' => '371',
    'created_team_id' => 312,
    'contest_id' => '3616',
    'team_count' => 'T6',
  ),
)  
[2020-06-07 16:25:15] local.INFO: array (
  0 => 
  array (
    'match_id' => '44584',
    'user_id' => '371',
    'created_team_id' => 314,
    'contest_id' => '3616',
    'team_count' => 'T7',
  ),
)  
[2020-06-07 16:25:54] local.INFO: array (
  0 => 
  array (
    'match_id' => '44584',
    'user_id' => '371',
    'created_team_id' => 316,
    'contest_id' => '3616',
    'team_count' => 'T8',
  ),
)  
[2020-06-07 16:26:26] local.INFO: array (
  0 => 
  array (
    'match_id' => '44584',
    'user_id' => '371',
    'created_team_id' => 318,
    'contest_id' => '3616',
    'team_count' => 'T9',
  ),
)  
[2020-06-07 16:26:59] local.INFO: array (
  0 => 
  array (
    'match_id' => '44584',
    'user_id' => '371',
    'created_team_id' => 320,
    'contest_id' => '3616',
    'team_count' => 'T10',
  ),
)  
[2020-06-07 16:27:38] local.INFO: array (
  0 => 
  array (
    'match_id' => '44584',
    'user_id' => '371',
    'created_team_id' => 322,
    'contest_id' => '3616',
    'team_count' => 'T11',
  ),
)  
[2020-06-07 16:29:36] local.INFO: array (
  0 => 
  array (
    'match_id' => '44584',
    'user_id' => '262',
    'created_team_id' => 311,
    'contest_id' => '3616',
    'team_count' => 'T2',
  ),
  1 => 
  array (
    'match_id' => '44584',
    'user_id' => '262',
    'created_team_id' => 313,
    'contest_id' => '3616',
    'team_count' => 'T3',
  ),
  2 => 
  array (
    'match_id' => '44584',
    'user_id' => '262',
    'created_team_id' => 315,
    'contest_id' => '3616',
    'team_count' => 'T4',
  ),
  3 => 
  array (
    'match_id' => '44584',
    'user_id' => '262',
    'created_team_id' => 317,
    'contest_id' => '3616',
    'team_count' => 'T5',
  ),
  4 => 
  array (
    'match_id' => '44584',
    'user_id' => '262',
    'created_team_id' => 319,
    'contest_id' => '3616',
    'team_count' => 'T6',
  ),
  5 => 
  array (
    'match_id' => '44584',
    'user_id' => '262',
    'created_team_id' => 321,
    'contest_id' => '3616',
    'team_count' => 'T7',
  ),
  6 => 
  array (
    'match_id' => '44584',
    'user_id' => '262',
    'created_team_id' => 323,
    'contest_id' => '3616',
    'team_count' => 'T8',
  ),
  7 => 
  array (
    'match_id' => '44584',
    'user_id' => '262',
    'created_team_id' => 324,
    'contest_id' => '3616',
    'team_count' => 'T9',
  ),
  8 => 
  array (
    'match_id' => '44584',
    'user_id' => '262',
    'created_team_id' => 325,
    'contest_id' => '3616',
    'team_count' => 'T10',
  ),
  9 => 
  array (
    'match_id' => '44584',
    'user_id' => '262',
    'created_team_id' => 326,
    'contest_id' => '3616',
    'team_count' => 'T11',
  ),
)  
[2020-06-07 17:47:38] local.INFO: array (
  0 => 
  array (
    'match_id' => '44585',
    'user_id' => '262',
    'created_team_id' => 327,
    'contest_id' => '3673',
    'team_count' => 'T1',
  ),
  1 => 
  array (
    'match_id' => '44585',
    'user_id' => '262',
    'created_team_id' => 328,
    'contest_id' => '3673',
    'team_count' => 'T2',
  ),
  2 => 
  array (
    'match_id' => '44585',
    'user_id' => '262',
    'created_team_id' => 329,
    'contest_id' => '3673',
    'team_count' => 'T3',
  ),
  3 => 
  array (
    'match_id' => '44585',
    'user_id' => '262',
    'created_team_id' => 330,
    'contest_id' => '3673',
    'team_count' => 'T4',
  ),
  4 => 
  array (
    'match_id' => '44585',
    'user_id' => '262',
    'created_team_id' => 331,
    'contest_id' => '3673',
    'team_count' => 'T5',
  ),
  5 => 
  array (
    'match_id' => '44585',
    'user_id' => '262',
    'created_team_id' => 332,
    'contest_id' => '3673',
    'team_count' => 'T6',
  ),
  6 => 
  array (
    'match_id' => '44585',
    'user_id' => '262',
    'created_team_id' => 333,
    'contest_id' => '3673',
    'team_count' => 'T7',
  ),
  7 => 
  array (
    'match_id' => '44585',
    'user_id' => '262',
    'created_team_id' => 334,
    'contest_id' => '3673',
    'team_count' => 'T8',
  ),
  8 => 
  array (
    'match_id' => '44585',
    'user_id' => '262',
    'created_team_id' => 335,
    'contest_id' => '3673',
    'team_count' => 'T9',
  ),
  9 => 
  array (
    'match_id' => '44585',
    'user_id' => '262',
    'created_team_id' => 336,
    'contest_id' => '3673',
    'team_count' => 'T10',
  ),
  10 => 
  array (
    'match_id' => '44585',
    'user_id' => '262',
    'created_team_id' => 338,
    'contest_id' => '3673',
    'team_count' => 'T11',
  ),
)  
[2020-06-07 17:56:24] local.INFO: array (
  0 => 
  array (
    'match_id' => '44585',
    'user_id' => '285',
    'created_team_id' => 340,
    'contest_id' => '3673',
    'team_count' => 'T1',
  ),
)  
[2020-06-07 18:11:00] local.INFO: array (
  0 => 
  array (
    'match_id' => '44585',
    'user_id' => '359',
    'created_team_id' => 341,
    'contest_id' => '3673',
    'team_count' => 'T1',
  ),
)  
[2020-06-07 18:13:36] local.INFO: array (
  0 => 
  array (
    'match_id' => '44585',
    'user_id' => '358',
    'created_team_id' => 342,
    'contest_id' => '3673',
    'team_count' => 'T1',
  ),
)  
[2020-06-07 18:15:48] local.INFO: array (
  0 => 
  array (
    'match_id' => '44585',
    'user_id' => '359',
    'created_team_id' => 343,
    'contest_id' => '3673',
    'team_count' => 'T2',
  ),
)  
[2020-06-07 18:22:53] local.INFO: array (
  0 => 
  array (
    'match_id' => '44585',
    'user_id' => '311',
    'created_team_id' => 344,
    'contest_id' => '3673',
    'team_count' => 'T1',
  ),
  1 => 
  array (
    'match_id' => '44585',
    'user_id' => '311',
    'created_team_id' => 345,
    'contest_id' => '3673',
    'team_count' => 'T2',
  ),
  2 => 
  array (
    'match_id' => '44585',
    'user_id' => '311',
    'created_team_id' => 346,
    'contest_id' => '3673',
    'team_count' => 'T3',
  ),
  3 => 
  array (
    'match_id' => '44585',
    'user_id' => '311',
    'created_team_id' => 347,
    'contest_id' => '3673',
    'team_count' => 'T4',
  ),
  4 => 
  array (
    'match_id' => '44585',
    'user_id' => '311',
    'created_team_id' => 348,
    'contest_id' => '3673',
    'team_count' => 'T5',
  ),
  5 => 
  array (
    'match_id' => '44585',
    'user_id' => '311',
    'created_team_id' => 349,
    'contest_id' => '3673',
    'team_count' => 'T6',
  ),
  6 => 
  array (
    'match_id' => '44585',
    'user_id' => '311',
    'created_team_id' => 350,
    'contest_id' => '3673',
    'team_count' => 'T7',
  ),
  7 => 
  array (
    'match_id' => '44585',
    'user_id' => '311',
    'created_team_id' => 351,
    'contest_id' => '3673',
    'team_count' => 'T8',
  ),
  8 => 
  array (
    'match_id' => '44585',
    'user_id' => '311',
    'created_team_id' => 352,
    'contest_id' => '3673',
    'team_count' => 'T9',
  ),
  9 => 
  array (
    'match_id' => '44585',
    'user_id' => '311',
    'created_team_id' => 353,
    'contest_id' => '3673',
    'team_count' => 'T10',
  ),
  10 => 
  array (
    'match_id' => '44585',
    'user_id' => '311',
    'created_team_id' => 354,
    'contest_id' => '3673',
    'team_count' => 'T11',
  ),
)  
[2020-06-07 18:24:37] local.INFO: array (
  0 => 
  array (
    'match_id' => '44585',
    'user_id' => '285',
    'created_team_id' => 340,
    'contest_id' => '3668',
    'team_count' => 'T1',
  ),
)  
[2020-06-07 18:28:30] local.INFO: array (
  0 => 
  array (
    'match_id' => '44585',
    'user_id' => '262',
    'created_team_id' => 327,
    'contest_id' => '3668',
    'team_count' => 'T1',
  ),
)  
[2020-06-07 20:16:22] local.INFO: array (
  0 => 
  array (
    'match_id' => '44586',
    'user_id' => '262',
    'created_team_id' => 355,
    'contest_id' => '3696',
    'team_count' => 'T1',
  ),
  1 => 
  array (
    'match_id' => '44586',
    'user_id' => '262',
    'created_team_id' => 356,
    'contest_id' => '3696',
    'team_count' => 'T2',
  ),
  2 => 
  array (
    'match_id' => '44586',
    'user_id' => '262',
    'created_team_id' => 357,
    'contest_id' => '3696',
    'team_count' => 'T3',
  ),
  3 => 
  array (
    'match_id' => '44586',
    'user_id' => '262',
    'created_team_id' => 358,
    'contest_id' => '3696',
    'team_count' => 'T4',
  ),
  4 => 
  array (
    'match_id' => '44586',
    'user_id' => '262',
    'created_team_id' => 359,
    'contest_id' => '3696',
    'team_count' => 'T5',
  ),
  5 => 
  array (
    'match_id' => '44586',
    'user_id' => '262',
    'created_team_id' => 360,
    'contest_id' => '3696',
    'team_count' => 'T6',
  ),
  6 => 
  array (
    'match_id' => '44586',
    'user_id' => '262',
    'created_team_id' => 361,
    'contest_id' => '3696',
    'team_count' => 'T7',
  ),
  7 => 
  array (
    'match_id' => '44586',
    'user_id' => '262',
    'created_team_id' => 362,
    'contest_id' => '3696',
    'team_count' => 'T8',
  ),
  8 => 
  array (
    'match_id' => '44586',
    'user_id' => '262',
    'created_team_id' => 363,
    'contest_id' => '3696',
    'team_count' => 'T9',
  ),
  9 => 
  array (
    'match_id' => '44586',
    'user_id' => '262',
    'created_team_id' => 364,
    'contest_id' => '3696',
    'team_count' => 'T10',
  ),
  10 => 
  array (
    'match_id' => '44586',
    'user_id' => '262',
    'created_team_id' => 365,
    'contest_id' => '3696',
    'team_count' => 'T11',
  ),
)  
