[2020-06-08 01:43:07] local.INFO: array (
  0 => 
  array (
    'match_id' => '44587',
    'user_id' => '311',
    'created_team_id' => 366,
    'contest_id' => '3721',
    'team_count' => 'T1',
  ),
)  
[2020-06-08 05:28:09] local.INFO: array (
  0 => 
  array (
    'match_id' => '44587',
    'user_id' => '285',
    'created_team_id' => 367,
    'contest_id' => '3721',
    'team_count' => 'T1',
  ),
)  
[2020-06-08 05:28:47] local.INFO: array (
  0 => 
  array (
    'match_id' => '44587',
    'user_id' => '285',
    'created_team_id' => 368,
    'contest_id' => '3721',
    'team_count' => 'T2',
  ),
)  
[2020-06-08 05:33:07] local.INFO: array (
  0 => 
  array (
    'match_id' => '44587',
    'user_id' => '285',
    'created_team_id' => 369,
    'contest_id' => '3721',
    'team_count' => 'T3',
  ),
)  
[2020-06-08 15:10:18] local.INFO: array (
  0 => 
  array (
    'match_id' => '44574',
    'user_id' => '285',
    'created_team_id' => 372,
    'contest_id' => '3617',
    'team_count' => 'T1',
  ),
)  
[2020-06-08 15:44:13] local.INFO: array (
  0 => 
  array (
    'match_id' => '44574',
    'user_id' => '285',
    'created_team_id' => 384,
    'contest_id' => '3617',
    'team_count' => 'T2',
  ),
)  
[2020-06-08 15:56:46] local.INFO: array (
  0 => 
  array (
    'match_id' => '44574',
    'user_id' => '262',
    'created_team_id' => 373,
    'contest_id' => '3617',
    'team_count' => 'T1',
  ),
  1 => 
  array (
    'match_id' => '44574',
    'user_id' => '262',
    'created_team_id' => 374,
    'contest_id' => '3617',
    'team_count' => 'T2',
  ),
  2 => 
  array (
    'match_id' => '44574',
    'user_id' => '262',
    'created_team_id' => 375,
    'contest_id' => '3617',
    'team_count' => 'T3',
  ),
  3 => 
  array (
    'match_id' => '44574',
    'user_id' => '262',
    'created_team_id' => 376,
    'contest_id' => '3617',
    'team_count' => 'T4',
  ),
  4 => 
  array (
    'match_id' => '44574',
    'user_id' => '262',
    'created_team_id' => 377,
    'contest_id' => '3617',
    'team_count' => 'T5',
  ),
  5 => 
  array (
    'match_id' => '44574',
    'user_id' => '262',
    'created_team_id' => 378,
    'contest_id' => '3617',
    'team_count' => 'T6',
  ),
  6 => 
  array (
    'match_id' => '44574',
    'user_id' => '262',
    'created_team_id' => 379,
    'contest_id' => '3617',
    'team_count' => 'T7',
  ),
  7 => 
  array (
    'match_id' => '44574',
    'user_id' => '262',
    'created_team_id' => 380,
    'contest_id' => '3617',
    'team_count' => 'T8',
  ),
  8 => 
  array (
    'match_id' => '44574',
    'user_id' => '262',
    'created_team_id' => 381,
    'contest_id' => '3617',
    'team_count' => 'T9',
  ),
  9 => 
  array (
    'match_id' => '44574',
    'user_id' => '262',
    'created_team_id' => 382,
    'contest_id' => '3617',
    'team_count' => 'T10',
  ),
  10 => 
  array (
    'match_id' => '44574',
    'user_id' => '262',
    'created_team_id' => 383,
    'contest_id' => '3617',
    'team_count' => 'T11',
  ),
)  
[2020-06-08 15:59:11] local.INFO: array (
  0 => 
  array (
    'match_id' => '44574',
    'user_id' => '311',
    'created_team_id' => 371,
    'contest_id' => '3617',
    'team_count' => 'T1',
  ),
  1 => 
  array (
    'match_id' => '44574',
    'user_id' => '311',
    'created_team_id' => 385,
    'contest_id' => '3617',
    'team_count' => 'T2',
  ),
)  
[2020-06-08 16:01:39] local.INFO: array (
  0 => 
  array (
    'match_id' => '44574',
    'user_id' => '311',
    'created_team_id' => 386,
    'contest_id' => '3617',
    'team_count' => 'T3',
  ),
)  
[2020-06-08 17:07:34] local.INFO: array (
  0 => 
  array (
    'match_id' => '44574',
    'user_id' => '367',
    'created_team_id' => 370,
    'contest_id' => '3617',
    'team_count' => 'T1',
  ),
)  
[2020-06-08 17:10:30] local.INFO: array (
  0 => 
  array (
    'match_id' => '44575',
    'user_id' => '285',
    'created_team_id' => 393,
    'contest_id' => '3618',
    'team_count' => 'T1',
  ),
)  
[2020-06-08 18:48:16] local.INFO: array (
  0 => 
  array (
    'match_id' => '44574',
    'user_id' => '357',
    'created_team_id' => 395,
    'contest_id' => '3617',
    'team_count' => 'T1',
  ),
)  
[2020-06-08 18:50:30] local.INFO: array (
  0 => 
  array (
    'match_id' => '44574',
    'user_id' => '357',
    'created_team_id' => 396,
    'contest_id' => '3617',
    'team_count' => 'T2',
  ),
)  
[2020-06-08 19:22:30] local.INFO: array (
  0 => 
  array (
    'match_id' => '44574',
    'user_id' => '338',
    'created_team_id' => 398,
    'contest_id' => '3617',
    'team_count' => 'T1',
  ),
)  
[2020-06-08 19:43:02] local.INFO: array (
  0 => 
  array (
    'match_id' => '44574',
    'user_id' => '372',
    'created_team_id' => 399,
    'contest_id' => '3617',
    'team_count' => 'T1',
  ),
)  
[2020-06-08 19:54:56] local.INFO: array (
  0 => 
  array (
    'match_id' => '44574',
    'user_id' => '357',
    'created_team_id' => 397,
    'contest_id' => '3617',
    'team_count' => 'T3',
  ),
)  
[2020-06-08 20:06:22] local.INFO: array (
  0 => 
  array (
    'match_id' => '44574',
    'user_id' => '371',
    'created_team_id' => 401,
    'contest_id' => '3617',
    'team_count' => 'T1',
  ),
)  
[2020-06-08 20:06:49] local.INFO: array (
  0 => 
  array (
    'match_id' => '44574',
    'user_id' => '357',
    'created_team_id' => 400,
    'contest_id' => '3617',
    'team_count' => 'T4',
  ),
)  
[2020-06-08 20:07:38] local.INFO: array (
  0 => 
  array (
    'match_id' => '44574',
    'user_id' => '371',
    'created_team_id' => 402,
    'contest_id' => '3617',
    'team_count' => 'T2',
  ),
)  
[2020-06-08 20:08:40] local.INFO: array (
  0 => 
  array (
    'match_id' => '44574',
    'user_id' => '358',
    'created_team_id' => 403,
    'contest_id' => '3617',
    'team_count' => 'T1',
  ),
)  
[2020-06-08 20:09:46] local.INFO: array (
  0 => 
  array (
    'match_id' => '44574',
    'user_id' => '371',
    'created_team_id' => 405,
    'contest_id' => '3617',
    'team_count' => 'T3',
  ),
)  
[2020-06-08 20:10:29] local.INFO: array (
  0 => 
  array (
    'match_id' => '44574',
    'user_id' => '371',
    'created_team_id' => 406,
    'contest_id' => '3617',
    'team_count' => 'T4',
  ),
)  
[2020-06-08 20:11:21] local.INFO: array (
  0 => 
  array (
    'match_id' => '44574',
    'user_id' => '357',
    'created_team_id' => 404,
    'contest_id' => '3617',
    'team_count' => 'T5',
  ),
)  
[2020-06-08 20:11:52] local.INFO: array (
  0 => 
  array (
    'match_id' => '44574',
    'user_id' => '371',
    'created_team_id' => 407,
    'contest_id' => '3617',
    'team_count' => 'T5',
  ),
)  
[2020-06-08 20:12:26] local.INFO: array (
  0 => 
  array (
    'match_id' => '44574',
    'user_id' => '357',
    'created_team_id' => 408,
    'contest_id' => '3617',
    'team_count' => 'T6',
  ),
)  
[2020-06-08 20:12:49] local.INFO: array (
  0 => 
  array (
    'match_id' => '44574',
    'user_id' => '371',
    'created_team_id' => 409,
    'contest_id' => '3617',
    'team_count' => 'T6',
  ),
)  
[2020-06-08 20:13:32] local.INFO: array (
  0 => 
  array (
    'match_id' => '44574',
    'user_id' => '371',
    'created_team_id' => 410,
    'contest_id' => '3617',
    'team_count' => 'T7',
  ),
)  
[2020-06-08 20:13:34] local.INFO: array (
  0 => 
  array (
    'match_id' => '44574',
    'user_id' => '357',
    'created_team_id' => 411,
    'contest_id' => '3617',
    'team_count' => 'T7',
  ),
)  
[2020-06-08 20:14:15] local.INFO: array (
  0 => 
  array (
    'match_id' => '44574',
    'user_id' => '371',
    'created_team_id' => 412,
    'contest_id' => '3617',
    'team_count' => 'T8',
  ),
)  
[2020-06-08 20:15:06] local.INFO: array (
  0 => 
  array (
    'match_id' => '44574',
    'user_id' => '371',
    'created_team_id' => 414,
    'contest_id' => '3617',
    'team_count' => 'T9',
  ),
)  
[2020-06-08 20:15:47] local.INFO: array (
  0 => 
  array (
    'match_id' => '44574',
    'user_id' => '371',
    'created_team_id' => 415,
    'contest_id' => '3617',
    'team_count' => 'T10',
  ),
)  
[2020-06-08 20:16:52] local.INFO: array (
  0 => 
  array (
    'match_id' => '44574',
    'user_id' => '371',
    'created_team_id' => 416,
    'contest_id' => '3617',
    'team_count' => 'T11',
  ),
)  
[2020-06-08 20:43:29] local.INFO: array (
  0 => 
  array (
    'match_id' => '44575',
    'user_id' => '262',
    'created_team_id' => 387,
    'contest_id' => '3618',
    'team_count' => 'T1',
  ),
  1 => 
  array (
    'match_id' => '44575',
    'user_id' => '262',
    'created_team_id' => 388,
    'contest_id' => '3618',
    'team_count' => 'T2',
  ),
  2 => 
  array (
    'match_id' => '44575',
    'user_id' => '262',
    'created_team_id' => 389,
    'contest_id' => '3618',
    'team_count' => 'T3',
  ),
  3 => 
  array (
    'match_id' => '44575',
    'user_id' => '262',
    'created_team_id' => 390,
    'contest_id' => '3618',
    'team_count' => 'T4',
  ),
  4 => 
  array (
    'match_id' => '44575',
    'user_id' => '262',
    'created_team_id' => 391,
    'contest_id' => '3618',
    'team_count' => 'T5',
  ),
  5 => 
  array (
    'match_id' => '44575',
    'user_id' => '262',
    'created_team_id' => 392,
    'contest_id' => '3618',
    'team_count' => 'T6',
  ),
)  
[2020-06-08 23:14:00] local.INFO: array (
  0 => 
  array (
    'match_id' => '44575',
    'user_id' => '262',
    'created_team_id' => 417,
    'contest_id' => '3618',
    'team_count' => 'T7',
  ),
  1 => 
  array (
    'match_id' => '44575',
    'user_id' => '262',
    'created_team_id' => 418,
    'contest_id' => '3618',
    'team_count' => 'T8',
  ),
)  
