[2020-06-04 18:19:42] local.INFO: array (
  'action_type' => NULL,
  'city' => NULL,
  'contest_id' => NULL,
  'current_password' => NULL,
  'dateOfBirth' => NULL,
  'deposit_amount' => '10',
  'device_id' => NULL,
  'discountOnBonusAmount' => NULL,
  'documents_type' => NULL,
  'email' => NULL,
  'entryFees' => NULL,
  'gender' => NULL,
  'image_bytes' => NULL,
  'image_url' => NULL,
  'match_id' => NULL,
  'mobile_number' => NULL,
  'name' => NULL,
  'new_password' => NULL,
  'otp' => NULL,
  'password' => NULL,
  'payment_mode' => 'gpay',
  'payment_status' => 'success',
  'pinCode' => NULL,
  'referral_code' => NULL,
  'role_type' => 0,
  'state' => NULL,
  'team_id' => 0,
  'token' => NULL,
  'totalPaidAmount' => NULL,
  'transaction_id' => 'ICIc820356ce7ad435897977f90a17e111b',
  'user_id' => '285',
  'user_type' => NULL,
  'username' => NULL,
  'version_code' => 0,
)  
[2020-06-04 18:39:20] local.INFO: array (
  'action_type' => NULL,
  'city' => NULL,
  'contest_id' => NULL,
  'current_password' => NULL,
  'dateOfBirth' => NULL,
  'deposit_amount' => '1',
  'device_id' => NULL,
  'discountOnBonusAmount' => NULL,
  'documents_type' => NULL,
  'email' => NULL,
  'entryFees' => NULL,
  'gender' => NULL,
  'image_bytes' => NULL,
  'image_url' => NULL,
  'match_id' => NULL,
  'mobile_number' => NULL,
  'name' => NULL,
  'new_password' => NULL,
  'otp' => NULL,
  'password' => NULL,
  'payment_mode' => 'gpay',
  'payment_status' => 'success',
  'pinCode' => NULL,
  'referral_code' => NULL,
  'role_type' => 0,
  'state' => NULL,
  'team_id' => 0,
  'token' => NULL,
  'totalPaidAmount' => NULL,
  'transaction_id' => 'ICI14430dc9340c4f8098cdfa292ace43d5',
  'user_id' => '285',
  'user_type' => NULL,
  'username' => NULL,
  'version_code' => 0,
)  
[2020-06-04 18:43:46] local.INFO: array (
  'action_type' => NULL,
  'city' => NULL,
  'contest_id' => NULL,
  'current_password' => NULL,
  'dateOfBirth' => NULL,
  'deposit_amount' => '1',
  'device_id' => NULL,
  'discountOnBonusAmount' => NULL,
  'documents_type' => NULL,
  'email' => NULL,
  'entryFees' => NULL,
  'gender' => NULL,
  'image_bytes' => NULL,
  'image_url' => NULL,
  'match_id' => NULL,
  'mobile_number' => NULL,
  'name' => NULL,
  'new_password' => NULL,
  'otp' => NULL,
  'password' => NULL,
  'payment_mode' => 'gpay',
  'payment_status' => 'success',
  'pinCode' => NULL,
  'referral_code' => NULL,
  'role_type' => 0,
  'state' => NULL,
  'team_id' => 0,
  'token' => NULL,
  'totalPaidAmount' => NULL,
  'transaction_id' => 'ICIcdbe3c93d6644b9ca7b75422b932566c',
  'user_id' => '285',
  'user_type' => NULL,
  'username' => NULL,
  'version_code' => 0,
)  
[2020-06-04 18:45:46] local.INFO: array (
  'action_type' => NULL,
  'city' => NULL,
  'contest_id' => NULL,
  'current_password' => NULL,
  'dateOfBirth' => NULL,
  'deposit_amount' => '1',
  'device_id' => NULL,
  'discountOnBonusAmount' => NULL,
  'documents_type' => NULL,
  'email' => NULL,
  'entryFees' => NULL,
  'gender' => NULL,
  'image_bytes' => NULL,
  'image_url' => NULL,
  'match_id' => NULL,
  'mobile_number' => NULL,
  'name' => NULL,
  'new_password' => NULL,
  'otp' => NULL,
  'password' => NULL,
  'payment_mode' => 'gpay',
  'payment_status' => 'success',
  'pinCode' => NULL,
  'referral_code' => NULL,
  'role_type' => 0,
  'state' => NULL,
  'team_id' => 0,
  'token' => NULL,
  'totalPaidAmount' => NULL,
  'transaction_id' => 'ICI118b0f4c9fab42b796892c1d8527b8cb',
  'user_id' => '285',
  'user_type' => NULL,
  'username' => NULL,
  'version_code' => 0,
)  
[2020-06-04 18:46:40] local.INFO: array (
  'action_type' => NULL,
  'city' => NULL,
  'contest_id' => NULL,
  'current_password' => NULL,
  'dateOfBirth' => NULL,
  'deposit_amount' => '1',
  'device_id' => NULL,
  'discountOnBonusAmount' => NULL,
  'documents_type' => NULL,
  'email' => NULL,
  'entryFees' => NULL,
  'gender' => NULL,
  'image_bytes' => NULL,
  'image_url' => NULL,
  'match_id' => NULL,
  'mobile_number' => NULL,
  'name' => NULL,
  'new_password' => NULL,
  'otp' => NULL,
  'password' => NULL,
  'payment_mode' => 'gpay',
  'payment_status' => 'success',
  'pinCode' => NULL,
  'referral_code' => NULL,
  'role_type' => 0,
  'state' => NULL,
  'team_id' => 0,
  'token' => NULL,
  'totalPaidAmount' => NULL,
  'transaction_id' => 'ICIe7ad191bcd034a4989f2aef3b84bc4dd',
  'user_id' => '285',
  'user_type' => NULL,
  'username' => NULL,
  'version_code' => 0,
)  
[2020-06-04 18:54:50] local.INFO: array (
  'action_type' => NULL,
  'city' => NULL,
  'contest_id' => NULL,
  'current_password' => NULL,
  'dateOfBirth' => NULL,
  'deposit_amount' => '5',
  'device_id' => NULL,
  'discountOnBonusAmount' => NULL,
  'documents_type' => NULL,
  'email' => NULL,
  'entryFees' => NULL,
  'gender' => NULL,
  'image_bytes' => NULL,
  'image_url' => NULL,
  'match_id' => NULL,
  'mobile_number' => NULL,
  'name' => NULL,
  'new_password' => NULL,
  'otp' => NULL,
  'password' => NULL,
  'payment_mode' => 'gpay',
  'payment_status' => 'success',
  'pinCode' => NULL,
  'referral_code' => NULL,
  'role_type' => 0,
  'state' => NULL,
  'team_id' => 0,
  'token' => NULL,
  'totalPaidAmount' => NULL,
  'transaction_id' => 'HDFfb427ce578de4ac487cf3a2503a51588',
  'user_id' => '262',
  'user_type' => NULL,
  'username' => NULL,
  'version_code' => 0,
)  
[2020-06-04 18:56:30] local.INFO: array (
  'action_type' => NULL,
  'city' => NULL,
  'contest_id' => NULL,
  'current_password' => NULL,
  'dateOfBirth' => NULL,
  'deposit_amount' => '1',
  'device_id' => NULL,
  'discountOnBonusAmount' => NULL,
  'documents_type' => NULL,
  'email' => NULL,
  'entryFees' => NULL,
  'gender' => NULL,
  'image_bytes' => NULL,
  'image_url' => NULL,
  'match_id' => NULL,
  'mobile_number' => NULL,
  'name' => NULL,
  'new_password' => NULL,
  'otp' => NULL,
  'password' => NULL,
  'payment_mode' => 'gpay',
  'payment_status' => 'success',
  'pinCode' => NULL,
  'referral_code' => NULL,
  'role_type' => 0,
  'state' => NULL,
  'team_id' => 0,
  'token' => NULL,
  'totalPaidAmount' => NULL,
  'transaction_id' => 'ICI4330233c377b4112966a14759acc8180',
  'user_id' => '285',
  'user_type' => NULL,
  'username' => NULL,
  'version_code' => 0,
)  
[2020-06-04 18:59:21] local.INFO: array (
  'action_type' => NULL,
  'city' => NULL,
  'contest_id' => NULL,
  'current_password' => NULL,
  'dateOfBirth' => NULL,
  'deposit_amount' => '6',
  'device_id' => NULL,
  'discountOnBonusAmount' => NULL,
  'documents_type' => NULL,
  'email' => NULL,
  'entryFees' => NULL,
  'gender' => NULL,
  'image_bytes' => NULL,
  'image_url' => NULL,
  'match_id' => NULL,
  'mobile_number' => NULL,
  'name' => NULL,
  'new_password' => NULL,
  'otp' => NULL,
  'password' => NULL,
  'payment_mode' => 'gpay',
  'payment_status' => 'success',
  'pinCode' => NULL,
  'referral_code' => NULL,
  'role_type' => 0,
  'state' => NULL,
  'team_id' => 0,
  'token' => NULL,
  'totalPaidAmount' => NULL,
  'transaction_id' => 'HDF10d5ffd8913640b8bf75c75cf19a3f1d',
  'user_id' => '262',
  'user_type' => NULL,
  'username' => NULL,
  'version_code' => 0,
)  
