[2020-06-05 20:29:20] local.INFO: array (
  'action_type' => NULL,
  'city' => NULL,
  'contest_id' => NULL,
  'current_password' => NULL,
  'dateOfBirth' => NULL,
  'deposit_amount' => '1',
  'device_id' => NULL,
  'discountOnBonusAmount' => NULL,
  'documents_type' => NULL,
  'email' => NULL,
  'entryFees' => NULL,
  'gender' => NULL,
  'image_bytes' => NULL,
  'image_url' => NULL,
  'match_id' => NULL,
  'mobile_number' => NULL,
  'name' => NULL,
  'new_password' => NULL,
  'otp' => NULL,
  'password' => NULL,
  'payment_mode' => 'gpay',
  'payment_status' => 'success',
  'pinCode' => NULL,
  'referral_code' => NULL,
  'role_type' => 0,
  'state' => NULL,
  'team_id' => 0,
  'token' => NULL,
  'totalPaidAmount' => NULL,
  'transaction_id' => 'HDFac0446f8a59f4121ab69a9b5ebb244c0',
  'user_id' => '262',
  'user_type' => NULL,
  'username' => NULL,
  'version_code' => 0,
)  
