[2020-06-13 11:09:43] local.INFO: array (
  'user_id' => '397',
  'deposit_amount' => '500',
  'payment_mode' => 'gpay',
  'transaction_id' => 'ICIcdbe3c93d6644b9ca7b75422b932566c',
  'payment_status' => 'success',
)  
[2020-06-13 12:44:31] local.INFO: array (
  'action_type' => NULL,
  'city' => NULL,
  'contest_id' => NULL,
  'current_password' => NULL,
  'dateOfBirth' => NULL,
  'deposit_amount' => '45',
  'device_id' => NULL,
  'discountOnBonusAmount' => NULL,
  'documents_type' => NULL,
  'email' => NULL,
  'entryFees' => NULL,
  'gender' => NULL,
  'image_bytes' => NULL,
  'image_url' => NULL,
  'match_id' => NULL,
  'mobile_number' => NULL,
  'name' => NULL,
  'new_password' => NULL,
  'otp' => NULL,
  'password' => NULL,
  'payment_mode' => 'paytm',
  'payment_status' => 'success',
  'pinCode' => NULL,
  'referral_code' => NULL,
  'role_type' => 0,
  'state' => NULL,
  'team_id' => 0,
  'token' => NULL,
  'totalPaidAmount' => NULL,
  'transaction_id' => '20200613111212800110168776531365537',
  'user_id' => '362',
  'user_type' => NULL,
  'username' => NULL,
  'version_code' => 0,
)  
[2020-06-13 12:48:41] local.INFO: array (
  'action_type' => NULL,
  'city' => NULL,
  'contest_id' => NULL,
  'current_password' => NULL,
  'dateOfBirth' => NULL,
  'deposit_amount' => '10',
  'device_id' => NULL,
  'discountOnBonusAmount' => NULL,
  'documents_type' => NULL,
  'email' => NULL,
  'entryFees' => NULL,
  'gender' => NULL,
  'image_bytes' => NULL,
  'image_url' => NULL,
  'match_id' => NULL,
  'mobile_number' => NULL,
  'name' => NULL,
  'new_password' => NULL,
  'otp' => NULL,
  'password' => NULL,
  'payment_mode' => 'paytm',
  'payment_status' => 'success',
  'pinCode' => NULL,
  'referral_code' => NULL,
  'role_type' => 0,
  'state' => NULL,
  'team_id' => 0,
  'token' => NULL,
  'totalPaidAmount' => NULL,
  'transaction_id' => '20200613111212800110168257131069664',
  'user_id' => '362',
  'user_type' => NULL,
  'username' => NULL,
  'version_code' => 0,
)  
