[2020-06-13 05:10:30] local.INFO: array (
  'captain' => 98471,
  'create_team_id' => 0,
  'match_id' => '44539',
  'team_id' => 
  array (
    0 => 115772,
    1 => 115773,
  ),
  'teams' => 
  array (
    0 => 98428,
    1 => 98464,
    2 => 98465,
    3 => 98430,
    4 => 98471,
    5 => 98437,
    6 => 98472,
    7 => 98438,
    8 => 98476,
    9 => 98474,
    10 => 98440,
  ),
  'token' => NULL,
  'trump' => 98440,
  'user_id' => '391',
  'vice_captain' => 98437,
  'created_team_id' => 537,
)  
[2020-06-13 06:01:49] local.INFO: array (
  'captain' => 98471,
  'create_team_id' => 0,
  'match_id' => '44539',
  'team_id' => 
  array (
    0 => 115772,
    1 => 115773,
  ),
  'teams' => 
  array (
    0 => 98428,
    1 => 98464,
    2 => 98431,
    3 => 98434,
    4 => 98471,
    5 => 98436,
    6 => 98472,
    7 => 98474,
    8 => 98443,
    9 => 98441,
    10 => 98478,
  ),
  'token' => NULL,
  'trump' => 98436,
  'user_id' => '367',
  'vice_captain' => 98441,
  'created_team_id' => 538,
)  
[2020-06-13 07:03:50] local.INFO: array (
  'captain' => 98471,
  'create_team_id' => 538,
  'match_id' => '44539',
  'team_id' => 
  array (
    0 => 115772,
    1 => 115773,
  ),
  'teams' => 
  array (
    0 => 98428,
    1 => 98431,
    2 => 98434,
    3 => 98464,
    4 => 98471,
    5 => 98438,
    6 => 98472,
    7 => 98441,
    8 => 98443,
    9 => 98474,
    10 => 98442,
  ),
  'token' => NULL,
  'trump' => 98464,
  'user_id' => '367',
  'vice_captain' => 98438,
  'created_team_id' => 538,
)  
[2020-06-13 07:09:40] local.INFO: array (
  'captain' => 98464,
  'create_team_id' => 0,
  'match_id' => '44539',
  'team_id' => 
  array (
    0 => 115772,
    1 => 115773,
  ),
  'teams' => 
  array (
    0 => 98463,
    1 => 98430,
    2 => 98579,
    3 => 98464,
    4 => 98437,
    5 => 98438,
    6 => 98472,
    7 => 98473,
    8 => 98439,
    9 => 98476,
    10 => 98441,
  ),
  'token' => NULL,
  'trump' => 98579,
  'user_id' => '391',
  'vice_captain' => 98437,
  'created_team_id' => 539,
)  
[2020-06-13 07:09:55] local.INFO: array (
  'captain' => 98437,
  'create_team_id' => 528,
  'match_id' => '44539',
  'team_id' => 
  array (
    0 => 115772,
    1 => 115773,
  ),
  'teams' => 
  array (
    0 => 98428,
    1 => 98463,
    2 => 98429,
    3 => 98579,
    4 => 98730,
    5 => 98437,
    6 => 98472,
    7 => 98439,
    8 => 98440,
    9 => 98474,
    10 => 98476,
  ),
  'token' => NULL,
  'trump' => 98579,
  'user_id' => '392',
  'vice_captain' => 98472,
  'created_team_id' => 528,
)  
[2020-06-13 07:11:51] local.INFO: array (
  'captain' => 98471,
  'create_team_id' => 538,
  'match_id' => '44539',
  'team_id' => 
  array (
    0 => 115772,
    1 => 115773,
  ),
  'teams' => 
  array (
    0 => 98428,
    1 => 98431,
    2 => 98434,
    3 => 98464,
    4 => 98471,
    5 => 98436,
    6 => 98472,
    7 => 98437,
    8 => 98442,
    9 => 98443,
    10 => 98474,
  ),
  'token' => NULL,
  'trump' => 98436,
  'user_id' => '367',
  'vice_captain' => 98472,
  'created_team_id' => 538,
)  
[2020-06-13 07:12:11] local.INFO: array (
  'captain' => 98437,
  'create_team_id' => 528,
  'match_id' => '44539',
  'team_id' => 
  array (
    0 => 115772,
    1 => 115773,
  ),
  'teams' => 
  array (
    0 => 98428,
    1 => 98462,
    2 => 98429,
    3 => 98579,
    4 => 98730,
    5 => 98437,
    6 => 98472,
    7 => 98439,
    8 => 98440,
    9 => 98474,
    10 => 98476,
  ),
  'token' => NULL,
  'trump' => 98579,
  'user_id' => '392',
  'vice_captain' => 98472,
  'created_team_id' => 528,
)  
[2020-06-13 07:25:02] local.INFO: array (
  'captain' => 98471,
  'create_team_id' => 538,
  'match_id' => '44539',
  'team_id' => 
  array (
    0 => 115772,
    1 => 115773,
  ),
  'teams' => 
  array (
    0 => 98428,
    1 => 98431,
    2 => 98434,
    3 => 98464,
    4 => 98436,
    5 => 98437,
    6 => 98471,
    7 => 98472,
    8 => 98442,
    9 => 98443,
    10 => 98474,
  ),
  'token' => NULL,
  'trump' => 98436,
  'user_id' => '367',
  'vice_captain' => 98443,
  'created_team_id' => 538,
)  
[2020-06-13 07:26:24] local.INFO: array (
  'captain' => 98437,
  'create_team_id' => 523,
  'match_id' => '44539',
  'team_id' => 
  array (
    0 => 115772,
    1 => 115773,
  ),
  'teams' => 
  array (
    0 => 98428,
    1 => 98434,
    2 => 98464,
    3 => 98730,
    4 => 98471,
    5 => 98437,
    6 => 98441,
    7 => 98443,
    8 => 98442,
    9 => 98478,
    10 => 98476,
  ),
  'token' => NULL,
  'trump' => 98471,
  'user_id' => '262',
  'vice_captain' => 98464,
  'created_team_id' => 523,
)  
[2020-06-13 07:28:37] local.INFO: array (
  'captain' => 98434,
  'create_team_id' => 513,
  'match_id' => '44539',
  'team_id' => 
  array (
    0 => 115772,
    1 => 115773,
  ),
  'teams' => 
  array (
    0 => 98428,
    1 => 98464,
    2 => 98434,
    3 => 98730,
    4 => 98437,
    5 => 98471,
    6 => 98436,
    7 => 98440,
    8 => 98441,
    9 => 98443,
    10 => 98476,
  ),
  'token' => NULL,
  'trump' => 98730,
  'user_id' => '262',
  'vice_captain' => 98464,
  'created_team_id' => 513,
)  
[2020-06-13 07:28:46] local.INFO: array (
  'captain' => 98579,
  'create_team_id' => 528,
  'match_id' => '44539',
  'team_id' => 
  array (
    0 => 115772,
    1 => 115773,
  ),
  'teams' => 
  array (
    0 => 98428,
    1 => 98462,
    2 => 98429,
    3 => 98579,
    4 => 98730,
    5 => 98472,
    6 => 98436,
    7 => 98438,
    8 => 98439,
    9 => 98474,
    10 => 98476,
  ),
  'token' => NULL,
  'trump' => 98436,
  'user_id' => '392',
  'vice_captain' => 98472,
  'created_team_id' => 528,
)  
[2020-06-13 07:29:15] local.INFO: array (
  'captain' => 98471,
  'create_team_id' => 514,
  'match_id' => '44539',
  'team_id' => 
  array (
    0 => 115772,
    1 => 115773,
  ),
  'teams' => 
  array (
    0 => 98428,
    1 => 98464,
    2 => 98730,
    3 => 98434,
    4 => 98436,
    5 => 98437,
    6 => 98471,
    7 => 98472,
    8 => 98443,
    9 => 98441,
    10 => 98476,
  ),
  'token' => NULL,
  'trump' => 98437,
  'user_id' => '262',
  'vice_captain' => 98436,
  'created_team_id' => 514,
)  
[2020-06-13 07:29:35] local.INFO: array (
  'captain' => 98579,
  'create_team_id' => 528,
  'match_id' => '44539',
  'team_id' => 
  array (
    0 => 115772,
    1 => 115773,
  ),
  'teams' => 
  array (
    0 => 98428,
    1 => 98462,
    2 => 98429,
    3 => 98579,
    4 => 98730,
    5 => 98436,
    6 => 98438,
    7 => 98472,
    8 => 98439,
    9 => 98474,
    10 => 98476,
  ),
  'token' => NULL,
  'trump' => 98436,
  'user_id' => '392',
  'vice_captain' => 98472,
  'created_team_id' => 528,
)  
[2020-06-13 07:29:45] local.INFO: array (
  'captain' => 98436,
  'create_team_id' => 515,
  'match_id' => '44539',
  'team_id' => 
  array (
    0 => 115772,
    1 => 115773,
  ),
  'teams' => 
  array (
    0 => 98428,
    1 => 98434,
    2 => 98464,
    3 => 98730,
    4 => 98436,
    5 => 98437,
    6 => 98471,
    7 => 98472,
    8 => 98441,
    9 => 98443,
    10 => 98476,
  ),
  'token' => NULL,
  'trump' => 98730,
  'user_id' => '262',
  'vice_captain' => 98437,
  'created_team_id' => 515,
)  
[2020-06-13 07:53:37] local.INFO: array (
  'captain' => 99228,
  'create_team_id' => 0,
  'match_id' => '44596',
  'team_id' => 
  array (
    0 => 115926,
    1 => 115927,
  ),
  'teams' => 
  array (
    0 => 99222,
    1 => 99239,
    2 => 99224,
    3 => 99240,
    4 => 99225,
    5 => 99244,
    6 => 99228,
    7 => 99249,
    8 => 99231,
    9 => 99250,
    10 => 99232,
  ),
  'token' => NULL,
  'trump' => 99250,
  'user_id' => '358',
  'vice_captain' => 99244,
  'created_team_id' => 540,
)  
[2020-06-13 07:54:14] local.INFO: array (
  'captain' => 99228,
  'create_team_id' => 0,
  'match_id' => '44596',
  'team_id' => 
  array (
    0 => 115926,
    1 => 115927,
  ),
  'teams' => 
  array (
    0 => 99237,
    1 => 99222,
    2 => 99239,
    3 => 99224,
    4 => 99240,
    5 => 99244,
    6 => 99228,
    7 => 99231,
    8 => 99249,
    9 => 99250,
    10 => 99232,
  ),
  'token' => NULL,
  'trump' => 99237,
  'user_id' => '358',
  'vice_captain' => 99240,
  'created_team_id' => 541,
)  
[2020-06-13 10:08:17] local.INFO: array (
  'captain' => 99224,
  'create_team_id' => 0,
  'match_id' => '44596',
  'team_id' => 
  array (
    0 => 115926,
    1 => 115927,
  ),
  'teams' => 
  array (
    0 => 99237,
    1 => 99222,
    2 => 99239,
    3 => 99240,
    4 => 99225,
    5 => 99224,
    6 => 99245,
    7 => 99249,
    8 => 99250,
    9 => 99232,
    10 => 99233,
  ),
  'token' => NULL,
  'trump' => 99245,
  'user_id' => '392',
  'vice_captain' => 99225,
  'created_team_id' => 542,
)  
[2020-06-13 10:31:39] local.INFO: array (
  'captain' => 99224,
  'create_team_id' => 0,
  'match_id' => '44596',
  'team_id' => 
  array (
    0 => 115926,
    1 => 115927,
  ),
  'teams' => 
  array (
    0 => 99237,
    1 => 99239,
    2 => 99224,
    3 => 99240,
    4 => 99228,
    5 => 99245,
    6 => 99244,
    7 => 99249,
    8 => 99231,
    9 => 99250,
    10 => 99232,
  ),
  'token' => NULL,
  'trump' => 99237,
  'user_id' => '398',
  'vice_captain' => 99228,
  'created_team_id' => 543,
)  
[2020-06-13 10:49:28] local.INFO: array (
  'captain' => 99239,
  'create_team_id' => 0,
  'match_id' => '44596',
  'team_id' => 
  array (
    0 => 115926,
    1 => 115927,
  ),
  'teams' => 
  array (
    0 => 99237,
    1 => 99222,
    2 => 99239,
    3 => 99224,
    4 => 99240,
    5 => 99244,
    6 => 99228,
    7 => 99249,
    8 => 99231,
    9 => 99250,
    10 => 99232,
  ),
  'token' => NULL,
  'trump' => 99237,
  'user_id' => '379',
  'vice_captain' => 99240,
  'created_team_id' => 544,
)  
[2020-06-13 10:51:48] local.INFO: array (
  'captain' => 99245,
  'create_team_id' => 535,
  'match_id' => '44596',
  'team_id' => 
  array (
    0 => 115926,
    1 => 115927,
  ),
  'teams' => 
  array (
    0 => 99222,
    1 => 99225,
    2 => 99239,
    3 => 99226,
    4 => 99228,
    5 => 99229,
    6 => 99245,
    7 => 99244,
    8 => 99233,
    9 => 99253,
    10 => 99249,
  ),
  'token' => NULL,
  'trump' => 99228,
  'user_id' => '262',
  'vice_captain' => 99244,
  'created_team_id' => 535,
)  
[2020-06-13 11:04:23] local.INFO: array (
  'captain' => 99224,
  'create_team_id' => 0,
  'match_id' => '44596',
  'team_id' => 
  array (
    0 => 115926,
    1 => 115927,
  ),
  'teams' => 
  array (
    0 => 99237,
    1 => 99222,
    2 => 99239,
    3 => 99224,
    4 => 99240,
    5 => 99225,
    6 => 99244,
    7 => 99228,
    8 => 99249,
    9 => 99231,
    10 => 99250,
  ),
  'token' => NULL,
  'trump' => 99237,
  'user_id' => '357',
  'vice_captain' => 99244,
  'created_team_id' => 545,
)  
[2020-06-13 12:30:07] local.INFO: array (
  'captain' => 99224,
  'create_team_id' => 542,
  'match_id' => '44596',
  'team_id' => 
  array (
    0 => 115926,
    1 => 115927,
  ),
  'teams' => 
  array (
    0 => 99222,
    1 => 99237,
    2 => 99224,
    3 => 99225,
    4 => 99239,
    5 => 99240,
    6 => 99245,
    7 => 99232,
    8 => 99233,
    9 => 99249,
    10 => 99250,
  ),
  'token' => NULL,
  'trump' => 99245,
  'user_id' => '392',
  'vice_captain' => 99225,
  'created_team_id' => 542,
)  
[2020-06-13 12:41:38] local.INFO: array (
  'captain' => 99245,
  'create_team_id' => 542,
  'match_id' => '44596',
  'team_id' => 
  array (
    0 => 115926,
    1 => 115927,
  ),
  'teams' => 
  array (
    0 => 99222,
    1 => 99237,
    2 => 99224,
    3 => 99225,
    4 => 99239,
    5 => 99240,
    6 => 99245,
    7 => 99232,
    8 => 99233,
    9 => 99250,
    10 => 99249,
  ),
  'token' => NULL,
  'trump' => 99250,
  'user_id' => '392',
  'vice_captain' => 99225,
  'created_team_id' => 542,
)  
[2020-06-13 12:42:12] local.INFO: array (
  'captain' => 99224,
  'create_team_id' => 0,
  'match_id' => '44596',
  'team_id' => 
  array (
    0 => 115926,
    1 => 115927,
  ),
  'teams' => 
  array (
    0 => 99237,
    1 => 99239,
    2 => 99224,
    3 => 99225,
    4 => 99240,
    5 => 99244,
    6 => 99228,
    7 => 99231,
    8 => 99249,
    9 => 99232,
    10 => 99251,
  ),
  'token' => NULL,
  'trump' => 99237,
  'user_id' => '362',
  'vice_captain' => 99244,
  'created_team_id' => 546,
)  
[2020-06-13 12:50:25] local.INFO: array (
  'captain' => 99224,
  'create_team_id' => 546,
  'match_id' => '44596',
  'team_id' => 
  array (
    0 => 115926,
    1 => 115927,
  ),
  'teams' => 
  array (
    0 => 99237,
    1 => 99224,
    2 => 99225,
    3 => 99239,
    4 => 99243,
    5 => 99244,
    6 => 99245,
    7 => 99231,
    8 => 99232,
    9 => 99249,
    10 => 99251,
  ),
  'token' => NULL,
  'trump' => 99237,
  'user_id' => '362',
  'vice_captain' => 99244,
  'created_team_id' => 546,
)  
[2020-06-13 12:50:57] local.INFO: array (
  'captain' => 99222,
  'create_team_id' => 0,
  'match_id' => '44596',
  'team_id' => 
  array (
    0 => 115926,
    1 => 115927,
  ),
  'teams' => 
  array (
    0 => 99237,
    1 => 99222,
    2 => 99238,
    3 => 99223,
    4 => 99239,
    5 => 99224,
    6 => 99225,
    7 => 99244,
    8 => 99249,
    9 => 99231,
    10 => 99250,
  ),
  'token' => NULL,
  'trump' => 99237,
  'user_id' => '371',
  'vice_captain' => 99238,
  'created_team_id' => 547,
)  
[2020-06-13 12:51:52] local.INFO: array (
  'captain' => 99238,
  'create_team_id' => 0,
  'match_id' => '44596',
  'team_id' => 
  array (
    0 => 115926,
    1 => 115927,
  ),
  'teams' => 
  array (
    0 => 99223,
    1 => 99238,
    2 => 99222,
    3 => 99237,
    4 => 99239,
    5 => 99224,
    6 => 99226,
    7 => 99245,
    8 => 99235,
    9 => 99234,
    10 => 99251,
  ),
  'token' => NULL,
  'trump' => 99222,
  'user_id' => '371',
  'vice_captain' => 99223,
  'created_team_id' => 548,
)  
[2020-06-13 12:52:06] local.INFO: array (
  'captain' => 99222,
  'create_team_id' => 544,
  'match_id' => '44596',
  'team_id' => 
  array (
    0 => 115926,
    1 => 115927,
  ),
  'teams' => 
  array (
    0 => 99222,
    1 => 99239,
    2 => 99226,
    3 => 99225,
    4 => 99224,
    5 => 99244,
    6 => 99245,
    7 => 99249,
    8 => 99231,
    9 => 99250,
    10 => 99251,
  ),
  'token' => NULL,
  'trump' => 99244,
  'user_id' => '379',
  'vice_captain' => 99245,
  'created_team_id' => 544,
)  
[2020-06-13 12:52:35] local.INFO: array (
  'captain' => 99239,
  'create_team_id' => 0,
  'match_id' => '44596',
  'team_id' => 
  array (
    0 => 115926,
    1 => 115927,
  ),
  'teams' => 
  array (
    0 => 99237,
    1 => 99222,
    2 => 99238,
    3 => 99223,
    4 => 99239,
    5 => 99224,
    6 => 99225,
    7 => 99246,
    8 => 99249,
    9 => 99231,
    10 => 99250,
  ),
  'token' => NULL,
  'trump' => 99223,
  'user_id' => '371',
  'vice_captain' => 99224,
  'created_team_id' => 549,
)  
[2020-06-13 12:54:01] local.INFO: array (
  'captain' => 99224,
  'create_team_id' => 0,
  'match_id' => '44596',
  'team_id' => 
  array (
    0 => 115926,
    1 => 115927,
  ),
  'teams' => 
  array (
    0 => 99237,
    1 => 99222,
    2 => 99238,
    3 => 99223,
    4 => 99239,
    5 => 99224,
    6 => 99225,
    7 => 99244,
    8 => 99249,
    9 => 99231,
    10 => 99250,
  ),
  'token' => NULL,
  'trump' => 99239,
  'user_id' => '371',
  'vice_captain' => 99225,
  'created_team_id' => 550,
)  
[2020-06-13 12:55:09] local.INFO: array (
  'captain' => 99231,
  'create_team_id' => 0,
  'match_id' => '44596',
  'team_id' => 
  array (
    0 => 115926,
    1 => 115927,
  ),
  'teams' => 
  array (
    0 => 99237,
    1 => 99222,
    2 => 99238,
    3 => 99223,
    4 => 99227,
    5 => 99242,
    6 => 99226,
    7 => 99244,
    8 => 99249,
    9 => 99231,
    10 => 99250,
  ),
  'token' => NULL,
  'trump' => 99249,
  'user_id' => '371',
  'vice_captain' => 99250,
  'created_team_id' => 551,
)  
[2020-06-13 12:55:38] local.INFO: array (
  'captain' => 99239,
  'create_team_id' => 0,
  'match_id' => '44596',
  'team_id' => 
  array (
    0 => 115926,
    1 => 115927,
  ),
  'teams' => 
  array (
    0 => 99237,
    1 => 99239,
    2 => 99224,
    3 => 99240,
    4 => 99244,
    5 => 99228,
    6 => 99245,
    7 => 99249,
    8 => 99231,
    9 => 99250,
    10 => 99232,
  ),
  'token' => NULL,
  'trump' => 99224,
  'user_id' => '337',
  'vice_captain' => 99232,
  'created_team_id' => 552,
)  
[2020-06-13 12:55:40] local.INFO: array (
  'captain' => 99239,
  'create_team_id' => 0,
  'match_id' => '44596',
  'team_id' => 
  array (
    0 => 115926,
    1 => 115927,
  ),
  'teams' => 
  array (
    0 => 99222,
    1 => 99224,
    2 => 99225,
    3 => 99239,
    4 => 99226,
    5 => 99244,
    6 => 99245,
    7 => 99231,
    8 => 99249,
    9 => 99250,
    10 => 99232,
  ),
  'token' => NULL,
  'trump' => 99224,
  'user_id' => '285',
  'vice_captain' => 99245,
  'created_team_id' => 553,
)  
[2020-06-13 12:55:51] local.INFO: array (
  'captain' => 99224,
  'create_team_id' => 0,
  'match_id' => '44596',
  'team_id' => 
  array (
    0 => 115926,
    1 => 115927,
  ),
  'teams' => 
  array (
    0 => 99222,
    1 => 99224,
    2 => 99242,
    3 => 99226,
    4 => 99244,
    5 => 99246,
    6 => 99230,
    7 => 99249,
    8 => 99231,
    9 => 99250,
    10 => 99232,
  ),
  'token' => NULL,
  'trump' => 99222,
  'user_id' => '390',
  'vice_captain' => 99244,
  'created_team_id' => 554,
)  
[2020-06-13 12:56:07] local.INFO: array (
  'captain' => 99234,
  'create_team_id' => 0,
  'match_id' => '44596',
  'team_id' => 
  array (
    0 => 115926,
    1 => 115927,
  ),
  'teams' => 
  array (
    0 => 99237,
    1 => 99222,
    2 => 99238,
    3 => 99223,
    4 => 99227,
    5 => 99242,
    6 => 99226,
    7 => 99247,
    8 => 99235,
    9 => 99234,
    10 => 99251,
  ),
  'token' => NULL,
  'trump' => 99251,
  'user_id' => '371',
  'vice_captain' => 99235,
  'created_team_id' => 555,
)  
[2020-06-13 12:56:44] local.INFO: array (
  'captain' => 99225,
  'create_team_id' => 0,
  'match_id' => '44596',
  'team_id' => 
  array (
    0 => 115926,
    1 => 115927,
  ),
  'teams' => 
  array (
    0 => 99237,
    1 => 99222,
    2 => 99238,
    3 => 99223,
    4 => 99239,
    5 => 99224,
    6 => 99225,
    7 => 99230,
    8 => 99235,
    9 => 99234,
    10 => 99250,
  ),
  'token' => NULL,
  'trump' => 99224,
  'user_id' => '371',
  'vice_captain' => 99230,
  'created_team_id' => 556,
)  
[2020-06-13 12:57:24] local.INFO: array (
  'captain' => 99246,
  'create_team_id' => 0,
  'match_id' => '44596',
  'team_id' => 
  array (
    0 => 115926,
    1 => 115927,
  ),
  'teams' => 
  array (
    0 => 99237,
    1 => 99222,
    2 => 99238,
    3 => 99223,
    4 => 99239,
    5 => 99224,
    6 => 99225,
    7 => 99246,
    8 => 99231,
    9 => 99250,
    10 => 99232,
  ),
  'token' => NULL,
  'trump' => 99225,
  'user_id' => '371',
  'vice_captain' => 99231,
  'created_team_id' => 557,
)  
[2020-06-13 12:58:09] local.INFO: array (
  'captain' => 99225,
  'create_team_id' => 0,
  'match_id' => '44596',
  'team_id' => 
  array (
    0 => 115926,
    1 => 115927,
  ),
  'teams' => 
  array (
    0 => 99237,
    1 => 99222,
    2 => 99238,
    3 => 99223,
    4 => 99239,
    5 => 99224,
    6 => 99225,
    7 => 99246,
    8 => 99232,
    9 => 99250,
    10 => 99231,
  ),
  'token' => NULL,
  'trump' => 99246,
  'user_id' => '371',
  'vice_captain' => 99224,
  'created_team_id' => 558,
)  
[2020-06-13 12:58:50] local.INFO: array (
  'captain' => 99223,
  'create_team_id' => 0,
  'match_id' => '44596',
  'team_id' => 
  array (
    0 => 115926,
    1 => 115927,
  ),
  'teams' => 
  array (
    0 => 99237,
    1 => 99222,
    2 => 99238,
    3 => 99223,
    4 => 99239,
    5 => 99224,
    6 => 99225,
    7 => 99246,
    8 => 99235,
    9 => 99234,
    10 => 99232,
  ),
  'token' => NULL,
  'trump' => 99239,
  'user_id' => '371',
  'vice_captain' => 99238,
  'created_team_id' => 559,
)  
[2020-06-13 13:00:04] local.INFO: array (
  'captain' => 99238,
  'create_team_id' => 0,
  'match_id' => '44596',
  'team_id' => 
  array (
    0 => 115926,
    1 => 115927,
  ),
  'teams' => 
  array (
    0 => 99237,
    1 => 99222,
    2 => 99238,
    3 => 99223,
    4 => 99227,
    5 => 99242,
    6 => 99226,
    7 => 99246,
    8 => 99249,
    9 => 99231,
    10 => 99250,
  ),
  'token' => NULL,
  'trump' => 99222,
  'user_id' => '371',
  'vice_captain' => 99237,
  'created_team_id' => 560,
)  
[2020-06-13 13:04:17] local.INFO: array (
  'captain' => 99245,
  'create_team_id' => 0,
  'match_id' => '44596',
  'team_id' => 
  array (
    0 => 115926,
    1 => 115927,
  ),
  'teams' => 
  array (
    0 => 99237,
    1 => 99222,
    2 => 99239,
    3 => 99225,
    4 => 99224,
    5 => 99245,
    6 => 99244,
    7 => 99247,
    8 => 99249,
    9 => 99250,
    10 => 99234,
  ),
  'token' => NULL,
  'trump' => 99237,
  'user_id' => '391',
  'vice_captain' => 99225,
  'created_team_id' => 561,
)  
[2020-06-13 13:06:21] local.INFO: array (
  'captain' => 99246,
  'create_team_id' => 0,
  'match_id' => '44596',
  'team_id' => 
  array (
    0 => 115926,
    1 => 115927,
  ),
  'teams' => 
  array (
    0 => 99222,
    1 => 99223,
    2 => 99225,
    3 => 99239,
    4 => 99226,
    5 => 99244,
    6 => 99246,
    7 => 99245,
    8 => 99231,
    9 => 99249,
    10 => 99232,
  ),
  'token' => NULL,
  'trump' => 99244,
  'user_id' => '391',
  'vice_captain' => 99222,
  'created_team_id' => 562,
)  
[2020-06-13 13:07:00] local.INFO: array (
  'captain' => 99244,
  'create_team_id' => 543,
  'match_id' => '44596',
  'team_id' => 
  array (
    0 => 115926,
    1 => 115927,
  ),
  'teams' => 
  array (
    0 => 99237,
    1 => 99224,
    2 => 99239,
    3 => 99225,
    4 => 99244,
    5 => 99245,
    6 => 99246,
    7 => 99231,
    8 => 99232,
    9 => 99249,
    10 => 99250,
  ),
  'token' => NULL,
  'trump' => 99239,
  'user_id' => '398',
  'vice_captain' => 99231,
  'created_team_id' => 543,
)  
[2020-06-13 13:07:13] local.INFO: array (
  'captain' => 99245,
  'create_team_id' => 535,
  'match_id' => '44596',
  'team_id' => 
  array (
    0 => 115926,
    1 => 115927,
  ),
  'teams' => 
  array (
    0 => 99222,
    1 => 99239,
    2 => 99225,
    3 => 99226,
    4 => 99224,
    5 => 99244,
    6 => 99245,
    7 => 99230,
    8 => 99249,
    9 => 99231,
    10 => 99250,
  ),
  'token' => NULL,
  'trump' => 99226,
  'user_id' => '262',
  'vice_captain' => 99244,
  'created_team_id' => 535,
)  
[2020-06-13 13:09:44] local.INFO: array (
  'captain' => 99245,
  'create_team_id' => 520,
  'match_id' => '44596',
  'team_id' => 
  array (
    0 => 115926,
    1 => 115927,
  ),
  'teams' => 
  array (
    0 => 99222,
    1 => 99239,
    2 => 99225,
    3 => 99224,
    4 => 99226,
    5 => 99244,
    6 => 99245,
    7 => 99235,
    8 => 99249,
    9 => 99231,
    10 => 99250,
  ),
  'token' => NULL,
  'trump' => 99244,
  'user_id' => '262',
  'vice_captain' => 99224,
  'created_team_id' => 520,
)  
[2020-06-13 13:10:57] local.INFO: array (
  'captain' => 99244,
  'create_team_id' => 543,
  'match_id' => '44596',
  'team_id' => 
  array (
    0 => 115926,
    1 => 115927,
  ),
  'teams' => 
  array (
    0 => 99237,
    1 => 99224,
    2 => 99225,
    3 => 99239,
    4 => 99244,
    5 => 99245,
    6 => 99246,
    7 => 99231,
    8 => 99249,
    9 => 99250,
    10 => 99232,
  ),
  'token' => NULL,
  'trump' => 99239,
  'user_id' => '398',
  'vice_captain' => 99231,
  'created_team_id' => 543,
)  
[2020-06-13 13:11:22] local.INFO: array (
  'captain' => 99226,
  'create_team_id' => 534,
  'match_id' => '44596',
  'team_id' => 
  array (
    0 => 115926,
    1 => 115927,
  ),
  'teams' => 
  array (
    0 => 99222,
    1 => 99237,
    2 => 99225,
    3 => 99239,
    4 => 99226,
    5 => 99244,
    6 => 99245,
    7 => 99230,
    8 => 99231,
    9 => 99249,
    10 => 99250,
  ),
  'token' => NULL,
  'trump' => 99230,
  'user_id' => '262',
  'vice_captain' => 99239,
  'created_team_id' => 534,
)  
[2020-06-13 13:13:34] local.INFO: array (
  'captain' => 99224,
  'create_team_id' => 0,
  'match_id' => '44596',
  'team_id' => 
  array (
    0 => 115926,
    1 => 115927,
  ),
  'teams' => 
  array (
    0 => 99222,
    1 => 99239,
    2 => 99224,
    3 => 99225,
    4 => 99226,
    5 => 99242,
    6 => 99244,
    7 => 99249,
    8 => 99231,
    9 => 99250,
    10 => 99232,
  ),
  'token' => NULL,
  'trump' => 99222,
  'user_id' => '379',
  'vice_captain' => 99242,
  'created_team_id' => 563,
)  
[2020-06-13 13:13:58] local.INFO: array (
  'captain' => 99245,
  'create_team_id' => 0,
  'match_id' => '44596',
  'team_id' => 
  array (
    0 => 115926,
    1 => 115927,
  ),
  'teams' => 
  array (
    0 => 99237,
    1 => 99224,
    2 => 99225,
    3 => 99239,
    4 => 99226,
    5 => 99242,
    6 => 99245,
    7 => 99246,
    8 => 99231,
    9 => 99249,
    10 => 99250,
  ),
  'token' => NULL,
  'trump' => 99237,
  'user_id' => '285',
  'vice_captain' => 99225,
  'created_team_id' => 564,
)  
[2020-06-13 13:14:31] local.INFO: array (
  'captain' => 99245,
  'create_team_id' => 542,
  'match_id' => '44596',
  'team_id' => 
  array (
    0 => 115926,
    1 => 115927,
  ),
  'teams' => 
  array (
    0 => 99222,
    1 => 99237,
    2 => 99224,
    3 => 99225,
    4 => 99239,
    5 => 99240,
    6 => 99245,
    7 => 99232,
    8 => 99233,
    9 => 99249,
    10 => 99250,
  ),
  'token' => NULL,
  'trump' => 99250,
  'user_id' => '392',
  'vice_captain' => 99225,
  'created_team_id' => 542,
)  
[2020-06-13 13:16:26] local.INFO: array (
  'captain' => 99245,
  'create_team_id' => 534,
  'match_id' => '44596',
  'team_id' => 
  array (
    0 => 115926,
    1 => 115927,
  ),
  'teams' => 
  array (
    0 => 99222,
    1 => 99239,
    2 => 99224,
    3 => 99225,
    4 => 99226,
    5 => 99244,
    6 => 99245,
    7 => 99230,
    8 => 99249,
    9 => 99231,
    10 => 99250,
  ),
  'token' => NULL,
  'trump' => 99226,
  'user_id' => '262',
  'vice_captain' => 99244,
  'created_team_id' => 534,
)  
[2020-06-13 13:16:31] local.INFO: array (
  'captain' => 99239,
  'create_team_id' => 542,
  'match_id' => '44596',
  'team_id' => 
  array (
    0 => 115926,
    1 => 115927,
  ),
  'teams' => 
  array (
    0 => 99222,
    1 => 99237,
    2 => 99224,
    3 => 99225,
    4 => 99239,
    5 => 99242,
    6 => 99245,
    7 => 99232,
    8 => 99249,
    9 => 99250,
    10 => 99234,
  ),
  'token' => NULL,
  'trump' => 99225,
  'user_id' => '392',
  'vice_captain' => 99245,
  'created_team_id' => 542,
)  
[2020-06-13 13:18:37] local.INFO: array (
  'captain' => 99245,
  'create_team_id' => 535,
  'match_id' => '44596',
  'team_id' => 
  array (
    0 => 115926,
    1 => 115927,
  ),
  'teams' => 
  array (
    0 => 99222,
    1 => 99239,
    2 => 99225,
    3 => 99226,
    4 => 99244,
    5 => 99245,
    6 => 99230,
    7 => 99249,
    8 => 99231,
    9 => 99250,
    10 => 99235,
  ),
  'token' => NULL,
  'trump' => 99226,
  'user_id' => '262',
  'vice_captain' => 99225,
  'created_team_id' => 535,
)  
[2020-06-13 13:18:53] local.INFO: array (
  'captain' => 99224,
  'create_team_id' => 546,
  'match_id' => '44596',
  'team_id' => 
  array (
    0 => 115926,
    1 => 115927,
  ),
  'teams' => 
  array (
    0 => 99222,
    1 => 99224,
    2 => 99225,
    3 => 99239,
    4 => 99226,
    5 => 99244,
    6 => 99245,
    7 => 99231,
    8 => 99249,
    9 => 99250,
    10 => 99232,
  ),
  'token' => NULL,
  'trump' => 99222,
  'user_id' => '362',
  'vice_captain' => 99225,
  'created_team_id' => 546,
)  
[2020-06-13 13:23:08] local.INFO: array (
  'captain' => 99245,
  'create_team_id' => 534,
  'match_id' => '44596',
  'team_id' => 
  array (
    0 => 115926,
    1 => 115927,
  ),
  'teams' => 
  array (
    0 => 99222,
    1 => 99224,
    2 => 99226,
    3 => 99239,
    4 => 99230,
    5 => 99244,
    6 => 99245,
    7 => 99231,
    8 => 99249,
    9 => 99250,
    10 => 99234,
  ),
  'token' => NULL,
  'trump' => 99226,
  'user_id' => '262',
  'vice_captain' => 99244,
  'created_team_id' => 534,
)  
[2020-06-13 13:24:49] local.INFO: array (
  'captain' => 99245,
  'create_team_id' => 534,
  'match_id' => '44596',
  'team_id' => 
  array (
    0 => 115926,
    1 => 115927,
  ),
  'teams' => 
  array (
    0 => 99222,
    1 => 99224,
    2 => 99226,
    3 => 99239,
    4 => 99225,
    5 => 99230,
    6 => 99244,
    7 => 99245,
    8 => 99231,
    9 => 99249,
    10 => 99250,
  ),
  'token' => NULL,
  'trump' => 99226,
  'user_id' => '262',
  'vice_captain' => 99244,
  'created_team_id' => 534,
)  
[2020-06-13 13:26:50] local.INFO: array (
  'captain' => 99224,
  'create_team_id' => 0,
  'match_id' => '44597',
  'team_id' => 
  array (
    0 => 115926,
    1 => 115928,
  ),
  'teams' => 
  array (
    0 => 99255,
    1 => 99258,
    2 => 99224,
    3 => 99257,
    4 => 99225,
    5 => 99228,
    6 => 99263,
    7 => 99232,
    8 => 99269,
    9 => 99231,
    10 => 99268,
  ),
  'token' => NULL,
  'trump' => 99258,
  'user_id' => '285',
  'vice_captain' => 99257,
  'created_team_id' => 565,
)  
[2020-06-13 13:28:36] local.INFO: array (
  'captain' => 99224,
  'create_team_id' => 546,
  'match_id' => '44596',
  'team_id' => 
  array (
    0 => 115926,
    1 => 115927,
  ),
  'teams' => 
  array (
    0 => 99222,
    1 => 99224,
    2 => 99225,
    3 => 99226,
    4 => 99239,
    5 => 99244,
    6 => 99245,
    7 => 99231,
    8 => 99232,
    9 => 99249,
    10 => 99250,
  ),
  'token' => NULL,
  'trump' => 99222,
  'user_id' => '362',
  'vice_captain' => 99225,
  'created_team_id' => 546,
)  
[2020-06-13 13:32:34] local.INFO: array (
  'captain' => 99224,
  'create_team_id' => 0,
  'match_id' => '44597',
  'team_id' => 
  array (
    0 => 115926,
    1 => 115928,
  ),
  'teams' => 
  array (
    0 => 99255,
    1 => 99257,
    2 => 99224,
    3 => 99258,
    4 => 99228,
    5 => 99263,
    6 => 99264,
    7 => 99231,
    8 => 99268,
    9 => 99269,
    10 => 99232,
  ),
  'token' => NULL,
  'trump' => 99258,
  'user_id' => '367',
  'vice_captain' => 99231,
  'created_team_id' => 566,
)  
[2020-06-13 13:37:46] local.INFO: array (
  'captain' => 99222,
  'create_team_id' => 0,
  'match_id' => '44597',
  'team_id' => 
  array (
    0 => 115926,
    1 => 115928,
  ),
  'teams' => 
  array (
    0 => 99222,
    1 => 99224,
    2 => 99258,
    3 => 99225,
    4 => 99257,
    5 => 99263,
    6 => 99232,
    7 => 99269,
    8 => 99231,
    9 => 99268,
    10 => 99270,
  ),
  'token' => NULL,
  'trump' => 99224,
  'user_id' => '285',
  'vice_captain' => 99257,
  'created_team_id' => 567,
)  
[2020-06-13 13:45:29] local.INFO: array (
  'captain' => 99224,
  'create_team_id' => 0,
  'match_id' => '44597',
  'team_id' => 
  array (
    0 => 115926,
    1 => 115928,
  ),
  'teams' => 
  array (
    0 => 99255,
    1 => 99222,
    2 => 99257,
    3 => 99224,
    4 => 99258,
    5 => 99263,
    6 => 99228,
    7 => 99268,
    8 => 99231,
    9 => 99269,
    10 => 99232,
  ),
  'token' => NULL,
  'trump' => 99258,
  'user_id' => '358',
  'vice_captain' => 99222,
  'created_team_id' => 568,
)  
[2020-06-13 13:45:56] local.INFO: array (
  'captain' => 99222,
  'create_team_id' => 0,
  'match_id' => '44597',
  'team_id' => 
  array (
    0 => 115926,
    1 => 115928,
  ),
  'teams' => 
  array (
    0 => 99255,
    1 => 99222,
    2 => 99257,
    3 => 99224,
    4 => 99258,
    5 => 99225,
    6 => 99228,
    7 => 99268,
    8 => 99231,
    9 => 99269,
    10 => 99232,
  ),
  'token' => NULL,
  'trump' => 99258,
  'user_id' => '358',
  'vice_captain' => 99231,
  'created_team_id' => 569,
)  
[2020-06-13 13:46:27] local.INFO: array (
  'captain' => 99222,
  'create_team_id' => 0,
  'match_id' => '44597',
  'team_id' => 
  array (
    0 => 115926,
    1 => 115928,
  ),
  'teams' => 
  array (
    0 => 99222,
    1 => 99255,
    2 => 99257,
    3 => 99224,
    4 => 99258,
    5 => 99263,
    6 => 99228,
    7 => 99268,
    8 => 99231,
    9 => 99269,
    10 => 99270,
  ),
  'token' => NULL,
  'trump' => 99258,
  'user_id' => '358',
  'vice_captain' => 99257,
  'created_team_id' => 570,
)  
