[2020-06-11 00:02:06] local.INFO: array (
  'captain' => 98471,
  'create_team_id' => 0,
  'match_id' => '44539',
  'team_id' => 
  array (
    0 => 115772,
    1 => 115773,
  ),
  'teams' => 
  array (
    0 => 98428,
    1 => 98463,
    2 => 98429,
    3 => 98464,
    4 => 98579,
    5 => 98436,
    6 => 98471,
    7 => 98437,
    8 => 98444,
    9 => 98443,
    10 => 98478,
  ),
  'token' => NULL,
  'trump' => 98437,
  'user_id' => '262',
  'vice_captain' => 98436,
  'created_team_id' => 514,
)  
[2020-06-11 00:11:22] local.INFO: array (
  'captain' => 98465,
  'create_team_id' => 0,
  'match_id' => '44539',
  'team_id' => 
  array (
    0 => 115772,
    1 => 115773,
  ),
  'teams' => 
  array (
    0 => 98462,
    1 => 98463,
    2 => 98429,
    3 => 98579,
    4 => 98465,
    5 => 98436,
    6 => 98471,
    7 => 98437,
    8 => 98439,
    9 => 98474,
    10 => 98440,
  ),
  'token' => NULL,
  'trump' => 98579,
  'user_id' => '262',
  'vice_captain' => 98436,
  'created_team_id' => 515,
)  
[2020-06-11 08:03:32] local.INFO: array (
  'captain' => 98462,
  'create_team_id' => 0,
  'match_id' => '44539',
  'team_id' => 
  array (
    0 => 115772,
    1 => 115773,
  ),
  'teams' => 
  array (
    0 => 98428,
    1 => 98462,
    2 => 98464,
    3 => 98429,
    4 => 98579,
    5 => 98465,
    6 => 98436,
    7 => 98439,
    8 => 98474,
    9 => 98440,
    10 => 98476,
  ),
  'token' => NULL,
  'trump' => 98428,
  'user_id' => '394',
  'vice_captain' => 98464,
  'created_team_id' => 516,
)  
[2020-06-11 08:04:55] local.INFO: array (
  'captain' => 98462,
  'create_team_id' => 516,
  'match_id' => '44539',
  'team_id' => 
  array (
    0 => 115772,
    1 => 115773,
  ),
  'teams' => 
  array (
    0 => 98428,
    1 => 98462,
    2 => 98429,
    3 => 98464,
    4 => 98465,
    5 => 98579,
    6 => 98436,
    7 => 98471,
    8 => 98439,
    9 => 98474,
    10 => 98476,
  ),
  'token' => NULL,
  'trump' => 98428,
  'user_id' => '394',
  'vice_captain' => 98464,
  'created_team_id' => 516,
)  
[2020-06-11 16:51:54] local.INFO: array (
  'captain' => 98428,
  'create_team_id' => 516,
  'match_id' => '44539',
  'team_id' => 
  array (
    0 => 115772,
    1 => 115773,
  ),
  'teams' => 
  array (
    0 => 98428,
    1 => 98462,
    2 => 98429,
    3 => 98464,
    4 => 98465,
    5 => 98579,
    6 => 98436,
    7 => 98471,
    8 => 98439,
    9 => 98474,
    10 => 98476,
  ),
  'token' => NULL,
  'trump' => 98429,
  'user_id' => '394',
  'vice_captain' => 98464,
  'created_team_id' => 516,
)  
[2020-06-11 17:02:54] local.INFO: array (
  'captain' => 98437,
  'create_team_id' => 516,
  'match_id' => '44539',
  'team_id' => 
  array (
    0 => 115772,
    1 => 115773,
  ),
  'teams' => 
  array (
    0 => 98428,
    1 => 98432,
    2 => 98434,
    3 => 98464,
    4 => 98436,
    5 => 98437,
    6 => 98472,
    7 => 98471,
    8 => 98474,
    9 => 98443,
    10 => 98476,
  ),
  'token' => NULL,
  'trump' => 98436,
  'user_id' => '394',
  'vice_captain' => 98472,
  'created_team_id' => 516,
)  
[2020-06-11 18:56:14] local.INFO: array (
  'captain' => 98464,
  'create_team_id' => 0,
  'match_id' => '44539',
  'team_id' => 
  array (
    0 => 115772,
    1 => 115773,
  ),
  'teams' => 
  array (
    0 => 98428,
    1 => 98429,
    2 => 98464,
    3 => 98579,
    4 => 98465,
    5 => 98436,
    6 => 98471,
    7 => 98437,
    8 => 98474,
    9 => 98440,
    10 => 98443,
  ),
  'token' => NULL,
  'trump' => 98579,
  'user_id' => '358',
  'vice_captain' => 98429,
  'created_team_id' => 517,
)  
[2020-06-11 18:56:38] local.INFO: array (
  'captain' => 98464,
  'create_team_id' => 0,
  'match_id' => '44539',
  'team_id' => 
  array (
    0 => 115772,
    1 => 115773,
  ),
  'teams' => 
  array (
    0 => 98462,
    1 => 98428,
    2 => 98429,
    3 => 98464,
    4 => 98579,
    5 => 98436,
    6 => 98471,
    7 => 98474,
    8 => 98439,
    9 => 98440,
    10 => 98476,
  ),
  'token' => NULL,
  'trump' => 98579,
  'user_id' => '358',
  'vice_captain' => 98429,
  'created_team_id' => 518,
)  
[2020-06-11 19:38:25] local.INFO: array (
  'captain' => 98471,
  'create_team_id' => 0,
  'match_id' => '44539',
  'team_id' => 
  array (
    0 => 115772,
    1 => 115773,
  ),
  'teams' => 
  array (
    0 => 98428,
    1 => 98431,
    2 => 98434,
    3 => 98464,
    4 => 98436,
    5 => 98437,
    6 => 98471,
    7 => 98472,
    8 => 98474,
    9 => 98441,
    10 => 98443,
  ),
  'token' => NULL,
  'trump' => 98436,
  'user_id' => '262',
  'vice_captain' => 98437,
  'created_team_id' => 519,
)  
[2020-06-11 19:41:41] local.INFO: array (
  'captain' => 98471,
  'create_team_id' => 515,
  'match_id' => '44539',
  'team_id' => 
  array (
    0 => 115772,
    1 => 115773,
  ),
  'teams' => 
  array (
    0 => 98428,
    1 => 98464,
    2 => 98431,
    3 => 98434,
    4 => 98436,
    5 => 98437,
    6 => 98471,
    7 => 98472,
    8 => 98474,
    9 => 98441,
    10 => 98443,
  ),
  'token' => NULL,
  'trump' => 98437,
  'user_id' => '262',
  'vice_captain' => 98436,
  'created_team_id' => 515,
)  
[2020-06-11 19:48:33] local.INFO: array (
  'captain' => 99245,
  'create_team_id' => 0,
  'match_id' => '44596',
  'team_id' => 
  array (
    0 => 115926,
    1 => 115927,
  ),
  'teams' => 
  array (
    0 => 99222,
    1 => 99225,
    2 => 99239,
    3 => 99226,
    4 => 99228,
    5 => 99229,
    6 => 99244,
    7 => 99245,
    8 => 99249,
    9 => 99233,
    10 => 99253,
  ),
  'token' => NULL,
  'trump' => 99228,
  'user_id' => '262',
  'vice_captain' => 99244,
  'created_team_id' => 520,
)  
[2020-06-11 20:22:53] local.INFO: array (
  'captain' => 98464,
  'create_team_id' => 0,
  'match_id' => '44539',
  'team_id' => 
  array (
    0 => 115772,
    1 => 115773,
  ),
  'teams' => 
  array (
    0 => 98428,
    1 => 98464,
    2 => 98429,
    3 => 98579,
    4 => 98471,
    5 => 98436,
    6 => 98474,
    7 => 98439,
    8 => 98440,
    9 => 98476,
    10 => 98441,
  ),
  'token' => NULL,
  'trump' => 98436,
  'user_id' => '285',
  'vice_captain' => 98579,
  'created_team_id' => 521,
)  
[2020-06-11 20:25:40] local.INFO: array (
  'captain' => 98429,
  'create_team_id' => 0,
  'match_id' => '44539',
  'team_id' => 
  array (
    0 => 115772,
    1 => 115773,
  ),
  'teams' => 
  array (
    0 => 98462,
    1 => 98429,
    2 => 98579,
    3 => 98464,
    4 => 98465,
    5 => 98471,
    6 => 98440,
    7 => 98474,
    8 => 98439,
    9 => 98476,
    10 => 62359,
  ),
  'token' => NULL,
  'trump' => 98579,
  'user_id' => '285',
  'vice_captain' => 98464,
  'created_team_id' => 522,
)  
[2020-06-11 23:14:02] local.INFO: array (
  'captain' => 98463,
  'create_team_id' => 0,
  'match_id' => '44539',
  'team_id' => 
  array (
    0 => 115772,
    1 => 115773,
  ),
  'teams' => 
  array (
    0 => 98428,
    1 => 98463,
    2 => 98464,
    3 => 98434,
    4 => 98431,
    5 => 98436,
    6 => 98471,
    7 => 98472,
    8 => 98474,
    9 => 98441,
    10 => 98443,
  ),
  'token' => NULL,
  'trump' => 98428,
  'user_id' => '262',
  'vice_captain' => 98464,
  'created_team_id' => 523,
)  
[2020-06-11 23:14:14] local.INFO: array (
  'captain' => 98471,
  'create_team_id' => 0,
  'match_id' => '44539',
  'team_id' => 
  array (
    0 => 115772,
    1 => 115773,
  ),
  'teams' => 
  array (
    0 => 98428,
    1 => 98464,
    2 => 98434,
    3 => 98431,
    4 => 98436,
    5 => 98471,
    6 => 98437,
    7 => 98474,
    8 => 98443,
    9 => 98441,
    10 => 98476,
  ),
  'token' => NULL,
  'trump' => 98436,
  'user_id' => '379',
  'vice_captain' => 98464,
  'created_team_id' => 524,
)  
