[2020-06-10 04:26:40] local.INFO: array (
  'captain' => 98897,
  'create_team_id' => 0,
  'match_id' => '44589',
  'team_id' => 
  array (
    0 => 115869,
    1 => 115867,
  ),
  'teams' => 
  array (
    0 => 99187,
    1 => 99188,
    2 => 98897,
    3 => 98879,
    4 => 99189,
    5 => 98902,
    6 => 98903,
    7 => 98907,
    8 => 98908,
    9 => 98909,
    10 => 98886,
  ),
  'token' => NULL,
  'trump' => 99187,
  'user_id' => '379',
  'vice_captain' => 99189,
  'created_team_id' => 476,
)  
[2020-06-10 12:36:19] local.INFO: array (
  'captain' => 98893,
  'create_team_id' => 0,
  'match_id' => '44589',
  'team_id' => 
  array (
    0 => 115869,
    1 => 115867,
  ),
  'teams' => 
  array (
    0 => 98878,
    1 => 98891,
    2 => 98893,
    3 => 98879,
    4 => 98894,
    5 => 98900,
    6 => 98883,
    7 => 98901,
    8 => 98904,
    9 => 98886,
    10 => 98887,
  ),
  'token' => NULL,
  'trump' => 98894,
  'user_id' => '392',
  'vice_captain' => 98879,
  'created_team_id' => 477,
)  
[2020-06-10 12:39:23] local.INFO: array (
  'captain' => 98893,
  'create_team_id' => 0,
  'match_id' => '44589',
  'team_id' => 
  array (
    0 => 115869,
    1 => 115867,
  ),
  'teams' => 
  array (
    0 => 98891,
    1 => 98890,
    2 => 98894,
    3 => 98879,
    4 => 98893,
    5 => 98883,
    6 => 99189,
    7 => 98884,
    8 => 98904,
    9 => 98886,
    10 => 98905,
  ),
  'token' => NULL,
  'trump' => 98894,
  'user_id' => '392',
  'vice_captain' => 99189,
  'created_team_id' => 478,
)  
[2020-06-10 12:40:44] local.INFO: array (
  'captain' => 98893,
  'create_team_id' => 478,
  'match_id' => '44589',
  'team_id' => 
  array (
    0 => 115869,
    1 => 115867,
  ),
  'teams' => 
  array (
    0 => 98890,
    1 => 98891,
    2 => 98879,
    3 => 98893,
    4 => 98894,
    5 => 98883,
    6 => 98884,
    7 => 99189,
    8 => 98886,
    9 => 98904,
    10 => 98905,
  ),
  'token' => NULL,
  'trump' => 98894,
  'user_id' => '392',
  'vice_captain' => 99189,
  'created_team_id' => 478,
)  
[2020-06-10 12:42:03] local.INFO: array (
  'captain' => 98895,
  'create_team_id' => 0,
  'match_id' => '44589',
  'team_id' => 
  array (
    0 => 115869,
    1 => 115867,
  ),
  'teams' => 
  array (
    0 => 98891,
    1 => 98879,
    2 => 98894,
    3 => 98895,
    4 => 99188,
    5 => 98884,
    6 => 98902,
    7 => 98889,
    8 => 98907,
    9 => 99099,
    10 => 98888,
  ),
  'token' => NULL,
  'trump' => 98884,
  'user_id' => '390',
  'vice_captain' => 98889,
  'created_team_id' => 479,
)  
[2020-06-10 14:05:25] local.INFO: array (
  'captain' => 98880,
  'create_team_id' => 0,
  'match_id' => '44589',
  'team_id' => 
  array (
    0 => 115869,
    1 => 115867,
  ),
  'teams' => 
  array (
    0 => 98878,
    1 => 98891,
    2 => 98879,
    3 => 98894,
    4 => 98893,
    5 => 98880,
    6 => 98883,
    7 => 98901,
    8 => 98886,
    9 => 98904,
    10 => 98887,
  ),
  'token' => NULL,
  'trump' => 98894,
  'user_id' => '357',
  'vice_captain' => 98879,
  'created_team_id' => 480,
)  
[2020-06-10 14:06:33] local.INFO: array (
  'captain' => 98893,
  'create_team_id' => 0,
  'match_id' => '44589',
  'team_id' => 
  array (
    0 => 115869,
    1 => 115867,
  ),
  'teams' => 
  array (
    0 => 98890,
    1 => 98891,
    2 => 98893,
    3 => 98879,
    4 => 98899,
    5 => 99188,
    6 => 98883,
    7 => 98884,
    8 => 98904,
    9 => 98887,
    10 => 99099,
  ),
  'token' => NULL,
  'trump' => 98884,
  'user_id' => '357',
  'vice_captain' => 98879,
  'created_team_id' => 481,
)  
[2020-06-10 14:07:39] local.INFO: array (
  'captain' => 98900,
  'create_team_id' => 0,
  'match_id' => '44589',
  'team_id' => 
  array (
    0 => 115869,
    1 => 115867,
  ),
  'teams' => 
  array (
    0 => 98892,
    1 => 99187,
    2 => 98898,
    3 => 98882,
    4 => 98881,
    5 => 98894,
    6 => 98900,
    7 => 99189,
    8 => 98904,
    9 => 98908,
    10 => 98889,
  ),
  'token' => NULL,
  'trump' => 98894,
  'user_id' => '357',
  'vice_captain' => 98889,
  'created_team_id' => 482,
)  
[2020-06-10 14:09:02] local.INFO: array (
  'captain' => 98893,
  'create_team_id' => 0,
  'match_id' => '44589',
  'team_id' => 
  array (
    0 => 115869,
    1 => 115867,
  ),
  'teams' => 
  array (
    0 => 98892,
    1 => 98878,
    2 => 98893,
    3 => 98880,
    4 => 98881,
    5 => 98897,
    6 => 98883,
    7 => 98901,
    8 => 98886,
    9 => 98887,
    10 => 99099,
  ),
  'token' => NULL,
  'trump' => 98881,
  'user_id' => '357',
  'vice_captain' => 98892,
  'created_team_id' => 483,
)  
[2020-06-10 14:10:34] local.INFO: array (
  'captain' => 98893,
  'create_team_id' => 0,
  'match_id' => '44589',
  'team_id' => 
  array (
    0 => 115869,
    1 => 115867,
  ),
  'teams' => 
  array (
    0 => 98890,
    1 => 99187,
    2 => 98893,
    3 => 98894,
    4 => 98895,
    5 => 99188,
    6 => 98900,
    7 => 99189,
    8 => 98904,
    9 => 98886,
    10 => 98887,
  ),
  'token' => NULL,
  'trump' => 98894,
  'user_id' => '357',
  'vice_captain' => 99189,
  'created_team_id' => 484,
)  
[2020-06-10 14:12:14] local.INFO: array (
  'captain' => 98893,
  'create_team_id' => 0,
  'match_id' => '44589',
  'team_id' => 
  array (
    0 => 115869,
    1 => 115867,
  ),
  'teams' => 
  array (
    0 => 98890,
    1 => 98892,
    2 => 98893,
    3 => 98879,
    4 => 98895,
    5 => 98882,
    6 => 98900,
    7 => 98883,
    8 => 98904,
    9 => 98886,
    10 => 98908,
  ),
  'token' => NULL,
  'trump' => 98890,
  'user_id' => '357',
  'vice_captain' => 98879,
  'created_team_id' => 485,
)  
[2020-06-10 14:13:07] local.INFO: array (
  'captain' => 98897,
  'create_team_id' => 0,
  'match_id' => '44589',
  'team_id' => 
  array (
    0 => 115869,
    1 => 115867,
  ),
  'teams' => 
  array (
    0 => 98891,
    1 => 98890,
    2 => 98879,
    3 => 98894,
    4 => 98897,
    5 => 98881,
    6 => 98900,
    7 => 98883,
    8 => 98904,
    9 => 98887,
    10 => 98886,
  ),
  'token' => NULL,
  'trump' => 98894,
  'user_id' => '357',
  'vice_captain' => 98879,
  'created_team_id' => 486,
)  
[2020-06-10 14:14:08] local.INFO: array (
  'captain' => 98893,
  'create_team_id' => 0,
  'match_id' => '44589',
  'team_id' => 
  array (
    0 => 115869,
    1 => 115867,
  ),
  'teams' => 
  array (
    0 => 99187,
    1 => 98892,
    2 => 98893,
    3 => 98879,
    4 => 98894,
    5 => 98881,
    6 => 98900,
    7 => 99189,
    8 => 98904,
    9 => 98905,
    10 => 98889,
  ),
  'token' => NULL,
  'trump' => 98894,
  'user_id' => '357',
  'vice_captain' => 98879,
  'created_team_id' => 487,
)  
[2020-06-10 14:15:04] local.INFO: array (
  'captain' => 98897,
  'create_team_id' => 0,
  'match_id' => '44589',
  'team_id' => 
  array (
    0 => 115869,
    1 => 115867,
  ),
  'teams' => 
  array (
    0 => 98891,
    1 => 98878,
    2 => 98882,
    3 => 98897,
    4 => 98898,
    5 => 98881,
    6 => 99098,
    7 => 98884,
    8 => 98907,
    9 => 98889,
    10 => 98909,
  ),
  'token' => NULL,
  'trump' => 98884,
  'user_id' => '357',
  'vice_captain' => 98889,
  'created_team_id' => 488,
)  
[2020-06-10 14:18:04] local.INFO: array (
  'captain' => 98893,
  'create_team_id' => 0,
  'match_id' => '44589',
  'team_id' => 
  array (
    0 => 115869,
    1 => 115867,
  ),
  'teams' => 
  array (
    0 => 98891,
    1 => 98878,
    2 => 98893,
    3 => 98897,
    4 => 99188,
    5 => 98880,
    6 => 98900,
    7 => 98885,
    8 => 98886,
    9 => 98889,
    10 => 98908,
  ),
  'token' => NULL,
  'trump' => 98880,
  'user_id' => '357',
  'vice_captain' => 98889,
  'created_team_id' => 489,
)  
[2020-06-10 14:19:44] local.INFO: array (
  'captain' => 98897,
  'create_team_id' => 0,
  'match_id' => '44589',
  'team_id' => 
  array (
    0 => 115869,
    1 => 115867,
  ),
  'teams' => 
  array (
    0 => 98892,
    1 => 99187,
    2 => 98893,
    3 => 98879,
    4 => 98881,
    5 => 98897,
    6 => 98883,
    7 => 98903,
    8 => 98904,
    9 => 98888,
    10 => 99099,
  ),
  'token' => NULL,
  'trump' => 98881,
  'user_id' => '357',
  'vice_captain' => 98879,
  'created_team_id' => 490,
)  
[2020-06-10 14:26:43] local.INFO: array (
  'captain' => 98880,
  'create_team_id' => 0,
  'match_id' => '44589',
  'team_id' => 
  array (
    0 => 115869,
    1 => 115867,
  ),
  'teams' => 
  array (
    0 => 98890,
    1 => 98893,
    2 => 98879,
    3 => 98894,
    4 => 98880,
    5 => 98895,
    6 => 98883,
    7 => 98900,
    8 => 98886,
    9 => 98904,
    10 => 98887,
  ),
  'token' => NULL,
  'trump' => 98894,
  'user_id' => '338',
  'vice_captain' => 98879,
  'created_team_id' => 491,
)  
[2020-06-10 15:23:41] local.INFO: array (
  'captain' => 98900,
  'create_team_id' => 0,
  'match_id' => '44589',
  'team_id' => 
  array (
    0 => 115869,
    1 => 115867,
  ),
  'teams' => 
  array (
    0 => 98892,
    1 => 98878,
    2 => 98879,
    3 => 98881,
    4 => 98895,
    5 => 98900,
    6 => 98883,
    7 => 98901,
    8 => 98904,
    9 => 98886,
    10 => 98887,
  ),
  'token' => NULL,
  'trump' => 98881,
  'user_id' => '377',
  'vice_captain' => 98901,
  'created_team_id' => 492,
)  
[2020-06-10 15:24:29] local.INFO: array (
  'captain' => 98900,
  'create_team_id' => 0,
  'match_id' => '44589',
  'team_id' => 
  array (
    0 => 115869,
    1 => 115867,
  ),
  'teams' => 
  array (
    0 => 98878,
    1 => 98890,
    2 => 98879,
    3 => 98894,
    4 => 98881,
    5 => 98893,
    6 => 98900,
    7 => 98883,
    8 => 98904,
    9 => 98886,
    10 => 98887,
  ),
  'token' => NULL,
  'trump' => 98883,
  'user_id' => '377',
  'vice_captain' => 98879,
  'created_team_id' => 493,
)  
[2020-06-10 15:25:16] local.INFO: array (
  'captain' => 98879,
  'create_team_id' => 0,
  'match_id' => '44589',
  'team_id' => 
  array (
    0 => 115869,
    1 => 115867,
  ),
  'teams' => 
  array (
    0 => 98878,
    1 => 98892,
    2 => 98879,
    3 => 98881,
    4 => 98894,
    5 => 98883,
    6 => 98900,
    7 => 98901,
    8 => 98887,
    9 => 98889,
    10 => 98909,
  ),
  'token' => NULL,
  'trump' => 98892,
  'user_id' => '377',
  'vice_captain' => 98881,
  'created_team_id' => 494,
)  
[2020-06-10 15:28:32] local.INFO: array (
  'captain' => 98900,
  'create_team_id' => 0,
  'match_id' => '44589',
  'team_id' => 
  array (
    0 => 115869,
    1 => 115867,
  ),
  'teams' => 
  array (
    0 => 98878,
    1 => 98890,
    2 => 98879,
    3 => 98894,
    4 => 98881,
    5 => 98900,
    6 => 98883,
    7 => 98901,
    8 => 98904,
    9 => 98886,
    10 => 98887,
  ),
  'token' => NULL,
  'trump' => 98894,
  'user_id' => '377',
  'vice_captain' => 98881,
  'created_team_id' => 495,
)  
[2020-06-10 15:29:25] local.INFO: array (
  'captain' => 98901,
  'create_team_id' => 0,
  'match_id' => '44589',
  'team_id' => 
  array (
    0 => 115869,
    1 => 115867,
  ),
  'teams' => 
  array (
    0 => 98892,
    1 => 98878,
    2 => 98893,
    3 => 98879,
    4 => 98894,
    5 => 98901,
    6 => 98883,
    7 => 99189,
    8 => 98887,
    9 => 98889,
    10 => 98909,
  ),
  'token' => NULL,
  'trump' => 98887,
  'user_id' => '377',
  'vice_captain' => 98879,
  'created_team_id' => 496,
)  
[2020-06-10 16:16:07] local.INFO: array (
  'captain' => 98895,
  'create_team_id' => 421,
  'match_id' => '44589',
  'team_id' => 
  array (
    0 => 115869,
    1 => 115867,
  ),
  'teams' => 
  array (
    0 => 98891,
    1 => 98881,
    2 => 98882,
    3 => 98895,
    4 => 98896,
    5 => 98884,
    6 => 98901,
    7 => 98888,
    8 => 98889,
    9 => 98906,
    10 => 99099,
  ),
  'token' => NULL,
  'trump' => 98881,
  'user_id' => '285',
  'vice_captain' => 98896,
  'created_team_id' => 421,
)  
[2020-06-10 16:32:31] local.INFO: array (
  'captain' => 98893,
  'create_team_id' => 0,
  'match_id' => '44589',
  'team_id' => 
  array (
    0 => 115869,
    1 => 115867,
  ),
  'teams' => 
  array (
    0 => 98878,
    1 => 98891,
    2 => 98879,
    3 => 98895,
    4 => 98880,
    5 => 98893,
    6 => 98902,
    7 => 98886,
    8 => 98905,
    9 => 98904,
    10 => 98887,
  ),
  'token' => NULL,
  'trump' => 98878,
  'user_id' => '285',
  'vice_captain' => 98891,
  'created_team_id' => 497,
)  
[2020-06-10 16:39:35] local.INFO: array (
  'captain' => 98883,
  'create_team_id' => 0,
  'match_id' => '44589',
  'team_id' => 
  array (
    0 => 115869,
    1 => 115867,
  ),
  'teams' => 
  array (
    0 => 98892,
    1 => 98878,
    2 => 98879,
    3 => 98894,
    4 => 98881,
    5 => 98900,
    6 => 98883,
    7 => 98901,
    8 => 98904,
    9 => 98886,
    10 => 98887,
  ),
  'token' => NULL,
  'trump' => 98900,
  'user_id' => '262',
  'vice_captain' => 98901,
  'created_team_id' => 498,
)  
[2020-06-10 16:40:17] local.INFO: array (
  'captain' => 98881,
  'create_team_id' => 0,
  'match_id' => '44589',
  'team_id' => 
  array (
    0 => 115869,
    1 => 115867,
  ),
  'teams' => 
  array (
    0 => 98892,
    1 => 98878,
    2 => 98879,
    3 => 98894,
    4 => 98881,
    5 => 98900,
    6 => 98883,
    7 => 98901,
    8 => 98904,
    9 => 98889,
    10 => 98909,
  ),
  'token' => NULL,
  'trump' => 98901,
  'user_id' => '262',
  'vice_captain' => 98879,
  'created_team_id' => 499,
)  
[2020-06-10 17:17:43] local.INFO: array (
  'captain' => 98879,
  'create_team_id' => 480,
  'match_id' => '44589',
  'team_id' => 
  array (
    0 => 115869,
    1 => 115867,
  ),
  'teams' => 
  array (
    0 => 98878,
    1 => 98892,
    2 => 98879,
    3 => 98894,
    4 => 98881,
    5 => 98900,
    6 => 98883,
    7 => 98901,
    8 => 98904,
    9 => 98886,
    10 => 98887,
  ),
  'token' => NULL,
  'trump' => 98901,
  'user_id' => '357',
  'vice_captain' => 98900,
  'created_team_id' => 480,
)  
[2020-06-10 17:19:34] local.INFO: array (
  'captain' => 98901,
  'create_team_id' => 0,
  'match_id' => '44589',
  'team_id' => 
  array (
    0 => 115869,
    1 => 115867,
  ),
  'teams' => 
  array (
    0 => 98878,
    1 => 98879,
    2 => 98894,
    3 => 98881,
    4 => 98900,
    5 => 98883,
    6 => 98901,
    7 => 98884,
    8 => 98904,
    9 => 98887,
    10 => 98886,
  ),
  'token' => NULL,
  'trump' => 98883,
  'user_id' => '262',
  'vice_captain' => 98900,
  'created_team_id' => 500,
)  
[2020-06-10 18:32:11] local.INFO: array (
  'captain' => 99224,
  'create_team_id' => 0,
  'match_id' => '44596',
  'team_id' => 
  array (
    0 => 115926,
    1 => 115927,
  ),
  'teams' => 
  array (
    0 => 99237,
    1 => 99224,
    2 => 99225,
    3 => 99240,
    4 => 99241,
    5 => 99229,
    6 => 99245,
    7 => 99228,
    8 => 99249,
    9 => 99250,
    10 => 99231,
  ),
  'token' => NULL,
  'trump' => 99237,
  'user_id' => '351',
  'vice_captain' => 99225,
  'created_team_id' => 501,
)  
[2020-06-10 19:10:45] local.INFO: array (
  'captain' => 98900,
  'create_team_id' => 0,
  'match_id' => '44589',
  'team_id' => 
  array (
    0 => 115869,
    1 => 115867,
  ),
  'teams' => 
  array (
    0 => 98878,
    1 => 98879,
    2 => 98881,
    3 => 98894,
    4 => 98901,
    5 => 98902,
    6 => 98900,
    7 => 98883,
    8 => 98904,
    9 => 98886,
    10 => 98887,
  ),
  'token' => NULL,
  'trump' => 98894,
  'user_id' => '367',
  'vice_captain' => 98881,
  'created_team_id' => 502,
)  
[2020-06-10 19:18:44] local.INFO: array (
  'captain' => 98893,
  'create_team_id' => 0,
  'match_id' => '44589',
  'team_id' => 
  array (
    0 => 115869,
    1 => 115867,
  ),
  'teams' => 
  array (
    0 => 98890,
    1 => 98878,
    2 => 98891,
    3 => 98893,
    4 => 98879,
    5 => 98894,
    6 => 98895,
    7 => 98883,
    8 => 98904,
    9 => 98905,
    10 => 98886,
  ),
  'token' => NULL,
  'trump' => 98878,
  'user_id' => '379',
  'vice_captain' => 98894,
  'created_team_id' => 503,
)  
[2020-06-10 19:19:18] local.INFO: array (
  'captain' => 98897,
  'create_team_id' => 0,
  'match_id' => '44589',
  'team_id' => 
  array (
    0 => 115869,
    1 => 115867,
  ),
  'teams' => 
  array (
    0 => 98890,
    1 => 98898,
    2 => 98897,
    3 => 98881,
    4 => 98883,
    5 => 98901,
    6 => 98904,
    7 => 98905,
    8 => 98907,
    9 => 98886,
    10 => 98887,
  ),
  'token' => NULL,
  'trump' => 98890,
  'user_id' => '379',
  'vice_captain' => 98883,
  'created_team_id' => 504,
)  
[2020-06-10 19:26:29] local.INFO: array (
  'captain' => 98894,
  'create_team_id' => 480,
  'match_id' => '44589',
  'team_id' => 
  array (
    0 => 115869,
    1 => 115867,
  ),
  'teams' => 
  array (
    0 => 98878,
    1 => 98892,
    2 => 98879,
    3 => 98881,
    4 => 98894,
    5 => 98883,
    6 => 98900,
    7 => 98901,
    8 => 98886,
    9 => 98887,
    10 => 98904,
  ),
  'token' => NULL,
  'trump' => 98879,
  'user_id' => '357',
  'vice_captain' => 98900,
  'created_team_id' => 480,
)  
[2020-06-10 19:32:22] local.INFO: array (
  'captain' => 98897,
  'create_team_id' => 476,
  'match_id' => '44589',
  'team_id' => 
  array (
    0 => 115869,
    1 => 115867,
  ),
  'teams' => 
  array (
    0 => 99187,
    1 => 98879,
    2 => 98897,
    3 => 98880,
    4 => 98902,
    5 => 98903,
    6 => 98900,
    7 => 98887,
    8 => 99099,
    9 => 98906,
    10 => 98886,
  ),
  'token' => NULL,
  'trump' => 99187,
  'user_id' => '379',
  'vice_captain' => 98880,
  'created_team_id' => 476,
)  
[2020-06-10 19:32:59] local.INFO: array (
  'captain' => 98895,
  'create_team_id' => 503,
  'match_id' => '44589',
  'team_id' => 
  array (
    0 => 115869,
    1 => 115867,
  ),
  'teams' => 
  array (
    0 => 98878,
    1 => 98890,
    2 => 98879,
    3 => 98894,
    4 => 98895,
    5 => 98897,
    6 => 98883,
    7 => 98900,
    8 => 98886,
    9 => 98887,
    10 => 98906,
  ),
  'token' => NULL,
  'trump' => 98879,
  'user_id' => '379',
  'vice_captain' => 98894,
  'created_team_id' => 503,
)  
[2020-06-10 19:33:35] local.INFO: array (
  'captain' => 98897,
  'create_team_id' => 504,
  'match_id' => '44589',
  'team_id' => 
  array (
    0 => 115869,
    1 => 115867,
  ),
  'teams' => 
  array (
    0 => 98890,
    1 => 98881,
    2 => 98897,
    3 => 98879,
    4 => 98883,
    5 => 98901,
    6 => 98886,
    7 => 98887,
    8 => 98904,
    9 => 98888,
    10 => 99303,
  ),
  'token' => NULL,
  'trump' => 98890,
  'user_id' => '379',
  'vice_captain' => 98883,
  'created_team_id' => 504,
)  
[2020-06-10 19:33:54] local.INFO: array (
  'captain' => 98881,
  'create_team_id' => 0,
  'match_id' => '44589',
  'team_id' => 
  array (
    0 => 115869,
    1 => 115867,
  ),
  'teams' => 
  array (
    0 => 98878,
    1 => 98879,
    2 => 98894,
    3 => 98895,
    4 => 98881,
    5 => 98897,
    6 => 98900,
    7 => 98883,
    8 => 98904,
    9 => 98886,
    10 => 98887,
  ),
  'token' => NULL,
  'trump' => 98894,
  'user_id' => '358',
  'vice_captain' => 98879,
  'created_team_id' => 505,
)  
[2020-06-10 19:33:55] local.INFO: array (
  'captain' => 98897,
  'create_team_id' => 504,
  'match_id' => '44589',
  'team_id' => 
  array (
    0 => 115869,
    1 => 115867,
  ),
  'teams' => 
  array (
    0 => 98890,
    1 => 98879,
    2 => 98881,
    3 => 98897,
    4 => 98883,
    5 => 98901,
    6 => 98886,
    7 => 98887,
    8 => 98888,
    9 => 98904,
    10 => 99303,
  ),
  'token' => NULL,
  'trump' => 98890,
  'user_id' => '379',
  'vice_captain' => 98883,
  'created_team_id' => 504,
)  
[2020-06-10 19:35:36] local.INFO: array (
  'captain' => 98894,
  'create_team_id' => 0,
  'match_id' => '44589',
  'team_id' => 
  array (
    0 => 115869,
    1 => 115867,
  ),
  'teams' => 
  array (
    0 => 99187,
    1 => 98878,
    2 => 98879,
    3 => 98894,
    4 => 98895,
    5 => 98883,
    6 => 98900,
    7 => 98887,
    8 => 98888,
    9 => 99099,
    10 => 98886,
  ),
  'token' => NULL,
  'trump' => 98879,
  'user_id' => '391',
  'vice_captain' => 98895,
  'created_team_id' => 506,
)  
[2020-06-10 19:35:48] local.INFO: array (
  'captain' => 98879,
  'create_team_id' => 421,
  'match_id' => '44589',
  'team_id' => 
  array (
    0 => 115869,
    1 => 115867,
  ),
  'teams' => 
  array (
    0 => 98878,
    1 => 98881,
    2 => 98895,
    3 => 98894,
    4 => 98879,
    5 => 98883,
    6 => 98900,
    7 => 98888,
    8 => 98889,
    9 => 99099,
    10 => 98904,
  ),
  'token' => NULL,
  'trump' => 98894,
  'user_id' => '285',
  'vice_captain' => 98883,
  'created_team_id' => 421,
)  
[2020-06-10 19:37:35] local.INFO: array (
  'captain' => 98883,
  'create_team_id' => 422,
  'match_id' => '44589',
  'team_id' => 
  array (
    0 => 115869,
    1 => 115867,
  ),
  'teams' => 
  array (
    0 => 98890,
    1 => 98879,
    2 => 98880,
    3 => 98894,
    4 => 98895,
    5 => 98901,
    6 => 98883,
    7 => 98886,
    8 => 98887,
    9 => 98904,
    10 => 98905,
  ),
  'token' => NULL,
  'trump' => 98894,
  'user_id' => '285',
  'vice_captain' => 98879,
  'created_team_id' => 422,
)  
[2020-06-10 19:42:43] local.INFO: array (
  'captain' => 98894,
  'create_team_id' => 480,
  'match_id' => '44589',
  'team_id' => 
  array (
    0 => 115869,
    1 => 115867,
  ),
  'teams' => 
  array (
    0 => 98878,
    1 => 99187,
    2 => 98879,
    3 => 98881,
    4 => 98894,
    5 => 98883,
    6 => 98900,
    7 => 98901,
    8 => 98886,
    9 => 98887,
    10 => 98904,
  ),
  'token' => NULL,
  'trump' => 98879,
  'user_id' => '357',
  'vice_captain' => 98900,
  'created_team_id' => 480,
)  
[2020-06-10 19:44:17] local.INFO: array (
  'captain' => 98897,
  'create_team_id' => 481,
  'match_id' => '44589',
  'team_id' => 
  array (
    0 => 115869,
    1 => 115867,
  ),
  'teams' => 
  array (
    0 => 98890,
    1 => 99187,
    2 => 98879,
    3 => 98894,
    4 => 98881,
    5 => 98897,
    6 => 98883,
    7 => 98884,
    8 => 98887,
    9 => 98904,
    10 => 99099,
  ),
  'token' => NULL,
  'trump' => 98894,
  'user_id' => '357',
  'vice_captain' => 98879,
  'created_team_id' => 481,
)  
[2020-06-10 19:45:35] local.INFO: array (
  'captain' => 98897,
  'create_team_id' => 482,
  'match_id' => '44589',
  'team_id' => 
  array (
    0 => 115869,
    1 => 115867,
  ),
  'teams' => 
  array (
    0 => 99187,
    1 => 98890,
    2 => 98881,
    3 => 98894,
    4 => 98897,
    5 => 98879,
    6 => 98900,
    7 => 98883,
    8 => 98904,
    9 => 99303,
    10 => 99099,
  ),
  'token' => NULL,
  'trump' => 98894,
  'user_id' => '357',
  'vice_captain' => 98879,
  'created_team_id' => 482,
)  
[2020-06-10 19:46:20] local.INFO: array (
  'captain' => 98897,
  'create_team_id' => 483,
  'match_id' => '44589',
  'team_id' => 
  array (
    0 => 115869,
    1 => 115867,
  ),
  'teams' => 
  array (
    0 => 98878,
    1 => 98890,
    2 => 98880,
    3 => 98881,
    4 => 98897,
    5 => 98894,
    6 => 98883,
    7 => 98901,
    8 => 98886,
    9 => 98887,
    10 => 99099,
  ),
  'token' => NULL,
  'trump' => 98894,
  'user_id' => '357',
  'vice_captain' => 98881,
  'created_team_id' => 483,
)  
[2020-06-10 19:47:13] local.INFO: array (
  'captain' => 98897,
  'create_team_id' => 484,
  'match_id' => '44589',
  'team_id' => 
  array (
    0 => 115869,
    1 => 115867,
  ),
  'teams' => 
  array (
    0 => 98890,
    1 => 99187,
    2 => 98894,
    3 => 98895,
    4 => 98897,
    5 => 98879,
    6 => 98900,
    7 => 98883,
    8 => 98886,
    9 => 98887,
    10 => 98904,
  ),
  'token' => NULL,
  'trump' => 98894,
  'user_id' => '357',
  'vice_captain' => 98879,
  'created_team_id' => 484,
)  
[2020-06-10 19:48:06] local.INFO: array (
  'captain' => 98900,
  'create_team_id' => 485,
  'match_id' => '44589',
  'team_id' => 
  array (
    0 => 115869,
    1 => 115867,
  ),
  'teams' => 
  array (
    0 => 98890,
    1 => 99187,
    2 => 98879,
    3 => 98895,
    4 => 98894,
    5 => 98881,
    6 => 98883,
    7 => 98900,
    8 => 98886,
    9 => 98904,
    10 => 99303,
  ),
  'token' => NULL,
  'trump' => 98894,
  'user_id' => '357',
  'vice_captain' => 98879,
  'created_team_id' => 485,
)  
[2020-06-10 19:48:36] local.INFO: array (
  'captain' => 98897,
  'create_team_id' => 486,
  'match_id' => '44589',
  'team_id' => 
  array (
    0 => 115869,
    1 => 115867,
  ),
  'teams' => 
  array (
    0 => 98890,
    1 => 98878,
    2 => 98879,
    3 => 98881,
    4 => 98894,
    5 => 98897,
    6 => 98883,
    7 => 98900,
    8 => 98886,
    9 => 98887,
    10 => 98904,
  ),
  'token' => NULL,
  'trump' => 98894,
  'user_id' => '357',
  'vice_captain' => 98879,
  'created_team_id' => 486,
)  
[2020-06-10 19:48:45] local.INFO: array (
  'captain' => 98881,
  'create_team_id' => 420,
  'match_id' => '44589',
  'team_id' => 
  array (
    0 => 115869,
    1 => 115867,
  ),
  'teams' => 
  array (
    0 => 98878,
    1 => 98890,
    2 => 98879,
    3 => 98880,
    4 => 98881,
    5 => 98883,
    6 => 98900,
    7 => 98901,
    8 => 98886,
    9 => 98887,
    10 => 98904,
  ),
  'token' => NULL,
  'trump' => 98879,
  'user_id' => '262',
  'vice_captain' => 98878,
  'created_team_id' => 420,
)  
[2020-06-10 19:49:17] local.INFO: array (
  'captain' => 98901,
  'create_team_id' => 0,
  'match_id' => '44589',
  'team_id' => 
  array (
    0 => 115869,
    1 => 115867,
  ),
  'teams' => 
  array (
    0 => 98890,
    1 => 98879,
    2 => 98894,
    3 => 98881,
    4 => 98900,
    5 => 98883,
    6 => 98901,
    7 => 98904,
    8 => 98886,
    9 => 98887,
    10 => 99099,
  ),
  'token' => NULL,
  'trump' => 98881,
  'user_id' => '358',
  'vice_captain' => 98894,
  'created_team_id' => 507,
)  
[2020-06-10 19:49:29] local.INFO: array (
  'captain' => 98900,
  'create_team_id' => 498,
  'match_id' => '44589',
  'team_id' => 
  array (
    0 => 115869,
    1 => 115867,
  ),
  'teams' => 
  array (
    0 => 98878,
    1 => 98879,
    2 => 98881,
    3 => 98894,
    4 => 98883,
    5 => 98900,
    6 => 98901,
    7 => 98884,
    8 => 98886,
    9 => 98887,
    10 => 98904,
  ),
  'token' => NULL,
  'trump' => 98901,
  'user_id' => '262',
  'vice_captain' => 98884,
  'created_team_id' => 498,
)  
[2020-06-10 19:49:40] local.INFO: array (
  'captain' => 98900,
  'create_team_id' => 487,
  'match_id' => '44589',
  'team_id' => 
  array (
    0 => 115869,
    1 => 115867,
  ),
  'teams' => 
  array (
    0 => 99187,
    1 => 98890,
    2 => 98879,
    3 => 98881,
    4 => 98894,
    5 => 98895,
    6 => 98900,
    7 => 98883,
    8 => 98904,
    9 => 98886,
    10 => 98906,
  ),
  'token' => NULL,
  'trump' => 98894,
  'user_id' => '357',
  'vice_captain' => 98879,
  'created_team_id' => 487,
)  
[2020-06-10 19:50:33] local.INFO: array (
  'captain' => 98881,
  'create_team_id' => 0,
  'match_id' => '44589',
  'team_id' => 
  array (
    0 => 115869,
    1 => 115867,
  ),
  'teams' => 
  array (
    0 => 98878,
    1 => 98879,
    2 => 98894,
    3 => 98881,
    4 => 98900,
    5 => 98883,
    6 => 98901,
    7 => 98904,
    8 => 98886,
    9 => 98887,
    10 => 99099,
  ),
  'token' => NULL,
  'trump' => 98894,
  'user_id' => '358',
  'vice_captain' => 98901,
  'created_team_id' => 508,
)  
[2020-06-10 19:50:35] local.INFO: array (
  'captain' => 98897,
  'create_team_id' => 488,
  'match_id' => '44589',
  'team_id' => 
  array (
    0 => 115869,
    1 => 115867,
  ),
  'teams' => 
  array (
    0 => 98878,
    1 => 98890,
    2 => 98881,
    3 => 98897,
    4 => 98879,
    5 => 98894,
    6 => 98884,
    7 => 98900,
    8 => 99099,
    9 => 98904,
    10 => 98886,
  ),
  'token' => NULL,
  'trump' => 98894,
  'user_id' => '357',
  'vice_captain' => 98879,
  'created_team_id' => 488,
)  
[2020-06-10 19:51:06] local.INFO: array (
  'captain' => 98894,
  'create_team_id' => 499,
  'match_id' => '44589',
  'team_id' => 
  array (
    0 => 115869,
    1 => 115867,
  ),
  'teams' => 
  array (
    0 => 98878,
    1 => 99187,
    2 => 98881,
    3 => 98894,
    4 => 98880,
    5 => 98883,
    6 => 98900,
    7 => 98901,
    8 => 98904,
    9 => 98886,
    10 => 98906,
  ),
  'token' => NULL,
  'trump' => 98883,
  'user_id' => '262',
  'vice_captain' => 98881,
  'created_team_id' => 499,
)  
[2020-06-10 19:51:29] local.INFO: array (
  'captain' => 98897,
  'create_team_id' => 489,
  'match_id' => '44589',
  'team_id' => 
  array (
    0 => 115869,
    1 => 115867,
  ),
  'teams' => 
  array (
    0 => 98878,
    1 => 98890,
    2 => 98880,
    3 => 98897,
    4 => 98894,
    5 => 98881,
    6 => 98900,
    7 => 98884,
    8 => 98886,
    9 => 98887,
    10 => 98904,
  ),
  'token' => NULL,
  'trump' => 98894,
  'user_id' => '357',
  'vice_captain' => 98881,
  'created_team_id' => 489,
)  
[2020-06-10 19:52:11] local.INFO: array (
  'captain' => 98897,
  'create_team_id' => 490,
  'match_id' => '44589',
  'team_id' => 
  array (
    0 => 115869,
    1 => 115867,
  ),
  'teams' => 
  array (
    0 => 99187,
    1 => 98890,
    2 => 98879,
    3 => 98881,
    4 => 98897,
    5 => 98894,
    6 => 98883,
    7 => 98900,
    8 => 98888,
    9 => 98904,
    10 => 99099,
  ),
  'token' => NULL,
  'trump' => 98894,
  'user_id' => '357',
  'vice_captain' => 98879,
  'created_team_id' => 490,
)  
[2020-06-10 19:52:56] local.INFO: array (
  'captain' => 98901,
  'create_team_id' => 500,
  'match_id' => '44589',
  'team_id' => 
  array (
    0 => 115869,
    1 => 115867,
  ),
  'teams' => 
  array (
    0 => 98878,
    1 => 98881,
    2 => 98879,
    3 => 98894,
    4 => 98883,
    5 => 98884,
    6 => 98900,
    7 => 98901,
    8 => 98887,
    9 => 98904,
    10 => 98886,
  ),
  'token' => NULL,
  'trump' => 98883,
  'user_id' => '262',
  'vice_captain' => 98900,
  'created_team_id' => 500,
)  
[2020-06-10 19:56:15] local.INFO: array (
  'captain' => 98900,
  'create_team_id' => 492,
  'match_id' => '44589',
  'team_id' => 
  array (
    0 => 115869,
    1 => 115867,
  ),
  'teams' => 
  array (
    0 => 98878,
    1 => 98890,
    2 => 98879,
    3 => 98881,
    4 => 98895,
    5 => 98883,
    6 => 98900,
    7 => 98901,
    8 => 98886,
    9 => 98887,
    10 => 98904,
  ),
  'token' => NULL,
  'trump' => 98881,
  'user_id' => '377',
  'vice_captain' => 98901,
  'created_team_id' => 492,
)  
[2020-06-10 19:56:56] local.INFO: array (
  'captain' => 98900,
  'create_team_id' => 493,
  'match_id' => '44589',
  'team_id' => 
  array (
    0 => 115869,
    1 => 115867,
  ),
  'teams' => 
  array (
    0 => 98890,
    1 => 99187,
    2 => 98879,
    3 => 98881,
    4 => 98894,
    5 => 98880,
    6 => 98883,
    7 => 98900,
    8 => 98886,
    9 => 98904,
    10 => 98906,
  ),
  'token' => NULL,
  'trump' => 98883,
  'user_id' => '377',
  'vice_captain' => 98879,
  'created_team_id' => 493,
)  
[2020-06-10 19:58:14] local.INFO: array (
  'captain' => 98879,
  'create_team_id' => 494,
  'match_id' => '44589',
  'team_id' => 
  array (
    0 => 115869,
    1 => 115867,
  ),
  'teams' => 
  array (
    0 => 98878,
    1 => 98879,
    2 => 98881,
    3 => 98894,
    4 => 98897,
    5 => 98883,
    6 => 98900,
    7 => 98901,
    8 => 98887,
    9 => 98886,
    10 => 98904,
  ),
  'token' => NULL,
  'trump' => 98901,
  'user_id' => '377',
  'vice_captain' => 98881,
  'created_team_id' => 494,
)  
[2020-06-10 19:59:46] local.INFO: array (
  'captain' => 98901,
  'create_team_id' => 496,
  'match_id' => '44589',
  'team_id' => 
  array (
    0 => 115869,
    1 => 115867,
  ),
  'teams' => 
  array (
    0 => 98878,
    1 => 98879,
    2 => 98894,
    3 => 98897,
    4 => 98883,
    5 => 98901,
    6 => 98900,
    7 => 99127,
    8 => 98887,
    9 => 98889,
    10 => 98909,
  ),
  'token' => NULL,
  'trump' => 98887,
  'user_id' => '377',
  'vice_captain' => 98879,
  'created_team_id' => 496,
)  
[2020-06-10 20:01:07] local.INFO: array (
  'captain' => 98883,
  'create_team_id' => 0,
  'match_id' => '44589',
  'team_id' => 
  array (
    0 => 115869,
    1 => 115867,
  ),
  'teams' => 
  array (
    0 => 99187,
    1 => 98890,
    2 => 98879,
    3 => 98894,
    4 => 98880,
    5 => 98900,
    6 => 98883,
    7 => 98901,
    8 => 98904,
    9 => 98886,
    10 => 98906,
  ),
  'token' => NULL,
  'trump' => 98879,
  'user_id' => '377',
  'vice_captain' => 98900,
  'created_team_id' => 509,
)  
[2020-06-10 20:01:53] local.INFO: array (
  'captain' => 98883,
  'create_team_id' => 0,
  'match_id' => '44589',
  'team_id' => 
  array (
    0 => 115869,
    1 => 115867,
  ),
  'teams' => 
  array (
    0 => 98878,
    1 => 98879,
    2 => 98894,
    3 => 98880,
    4 => 98895,
    5 => 98901,
    6 => 98883,
    7 => 98904,
    8 => 98886,
    9 => 98887,
    10 => 98906,
  ),
  'token' => NULL,
  'trump' => 98904,
  'user_id' => '377',
  'vice_captain' => 98901,
  'created_team_id' => 510,
)  
[2020-06-10 20:03:35] local.INFO: array (
  'captain' => 98894,
  'create_team_id' => 0,
  'match_id' => '44589',
  'team_id' => 
  array (
    0 => 115869,
    1 => 115867,
  ),
  'teams' => 
  array (
    0 => 98890,
    1 => 98878,
    2 => 98879,
    3 => 98894,
    4 => 98880,
    5 => 98900,
    6 => 98883,
    7 => 98901,
    8 => 98904,
    9 => 98886,
    10 => 98887,
  ),
  'token' => NULL,
  'trump' => 98879,
  'user_id' => '377',
  'vice_captain' => 98880,
  'created_team_id' => 511,
)  
[2020-06-10 20:08:29] local.INFO: array (
  'captain' => 98883,
  'create_team_id' => 422,
  'match_id' => '44589',
  'team_id' => 
  array (
    0 => 115869,
    1 => 115867,
  ),
  'teams' => 
  array (
    0 => 98890,
    1 => 98879,
    2 => 98880,
    3 => 98894,
    4 => 98895,
    5 => 98883,
    6 => 98901,
    7 => 98886,
    8 => 98887,
    9 => 98904,
    10 => 98906,
  ),
  'token' => NULL,
  'trump' => 98890,
  'user_id' => '285',
  'vice_captain' => 98879,
  'created_team_id' => 422,
)  
[2020-06-10 20:08:51] local.INFO: array (
  'captain' => 98879,
  'create_team_id' => 497,
  'match_id' => '44589',
  'team_id' => 
  array (
    0 => 115869,
    1 => 115867,
  ),
  'teams' => 
  array (
    0 => 98878,
    1 => 98879,
    2 => 98880,
    3 => 98895,
    4 => 98894,
    5 => 98902,
    6 => 98883,
    7 => 98900,
    8 => 98886,
    9 => 98887,
    10 => 98904,
  ),
  'token' => NULL,
  'trump' => 98878,
  'user_id' => '285',
  'vice_captain' => 98880,
  'created_team_id' => 497,
)  
[2020-06-10 20:24:56] local.INFO: array (
  'captain' => 98881,
  'create_team_id' => 0,
  'match_id' => '44589',
  'team_id' => 
  array (
    0 => 115869,
    1 => 115867,
  ),
  'teams' => 
  array (
    0 => 99187,
    1 => 98879,
    2 => 98881,
    3 => 98894,
    4 => 98900,
    5 => 98883,
    6 => 98901,
    7 => 98884,
    8 => 98904,
    9 => 98886,
    10 => 98887,
  ),
  'token' => NULL,
  'trump' => 98901,
  'user_id' => '262',
  'vice_captain' => 98883,
  'created_team_id' => 512,
)  
[2020-06-10 20:29:55] local.INFO: array (
  'captain' => 98895,
  'create_team_id' => 479,
  'match_id' => '44589',
  'team_id' => 
  array (
    0 => 115869,
    1 => 115867,
  ),
  'teams' => 
  array (
    0 => 98890,
    1 => 98879,
    2 => 98894,
    3 => 98895,
    4 => 98880,
    5 => 98884,
    6 => 99304,
    7 => 98888,
    8 => 99099,
    9 => 98886,
    10 => 98887,
  ),
  'token' => NULL,
  'trump' => 99304,
  'user_id' => '390',
  'vice_captain' => 98880,
  'created_team_id' => 479,
)  
[2020-06-10 23:58:59] local.INFO: array (
  'captain' => 98464,
  'create_team_id' => 0,
  'match_id' => '44539',
  'team_id' => 
  array (
    0 => 115772,
    1 => 115773,
  ),
  'teams' => 
  array (
    0 => 98462,
    1 => 98428,
    2 => 98429,
    3 => 98464,
    4 => 98579,
    5 => 98436,
    6 => 98471,
    7 => 98437,
    8 => 98439,
    9 => 98474,
    10 => 98440,
  ),
  'token' => NULL,
  'trump' => 98429,
  'user_id' => '262',
  'vice_captain' => 98579,
  'created_team_id' => 513,
)  
